[2024-07-24T10:35:12.158+0000] {processor.py:161} INFO - Started process (PID=60) to work on /home/airflow/.local/lib/python3.12/site-packages/airflow/example_dags/example_xcomargs.py
[2024-07-24T10:35:12.159+0000] {processor.py:830} INFO - Processing file /home/airflow/.local/lib/python3.12/site-packages/airflow/example_dags/example_xcomargs.py for tasks to queue
[2024-07-24T10:35:12.160+0000] {logging_mixin.py:188} INFO - [2024-07-24T10:35:12.160+0000] {dagbag.py:545} INFO - Filling up the DagBag from /home/airflow/.local/lib/python3.12/site-packages/airflow/example_dags/example_xcomargs.py
[2024-07-24T10:35:12.164+0000] {processor.py:840} INFO - DAG(s) 'example_xcom_args_with_operators', 'example_xcom_args' retrieved from /home/airflow/.local/lib/python3.12/site-packages/airflow/example_dags/example_xcomargs.py
[2024-07-24T10:35:12.169+0000] {logging_mixin.py:188} INFO - [2024-07-24T10:35:12.169+0000] {dag.py:3089} INFO - Sync 2 DAGs
[2024-07-24T10:35:12.174+0000] {logging_mixin.py:188} INFO - [2024-07-24T10:35:12.174+0000] {dag.py:3947} INFO - Setting next_dagrun for example_xcom_args to None, run_after=None
[2024-07-24T10:35:12.176+0000] {logging_mixin.py:188} INFO - [2024-07-24T10:35:12.176+0000] {dag.py:3947} INFO - Setting next_dagrun for example_xcom_args_with_operators to None, run_after=None
[2024-07-24T10:35:12.187+0000] {processor.py:183} INFO - Processing /home/airflow/.local/lib/python3.12/site-packages/airflow/example_dags/example_xcomargs.py took 0.032 seconds
[2024-07-24T10:35:43.455+0000] {processor.py:161} INFO - Started process (PID=118) to work on /home/airflow/.local/lib/python3.12/site-packages/airflow/example_dags/example_xcomargs.py
[2024-07-24T10:35:43.456+0000] {processor.py:830} INFO - Processing file /home/airflow/.local/lib/python3.12/site-packages/airflow/example_dags/example_xcomargs.py for tasks to queue
[2024-07-24T10:35:43.457+0000] {logging_mixin.py:188} INFO - [2024-07-24T10:35:43.457+0000] {dagbag.py:545} INFO - Filling up the DagBag from /home/airflow/.local/lib/python3.12/site-packages/airflow/example_dags/example_xcomargs.py
[2024-07-24T10:35:43.460+0000] {processor.py:840} INFO - DAG(s) 'example_xcom_args_with_operators', 'example_xcom_args' retrieved from /home/airflow/.local/lib/python3.12/site-packages/airflow/example_dags/example_xcomargs.py
[2024-07-24T10:35:43.513+0000] {logging_mixin.py:188} INFO - [2024-07-24T10:35:43.513+0000] {dag.py:3089} INFO - Sync 2 DAGs
[2024-07-24T10:35:43.518+0000] {logging_mixin.py:188} INFO - [2024-07-24T10:35:43.517+0000] {dag.py:3947} INFO - Setting next_dagrun for example_xcom_args to None, run_after=None
[2024-07-24T10:35:43.519+0000] {logging_mixin.py:188} INFO - [2024-07-24T10:35:43.519+0000] {dag.py:3947} INFO - Setting next_dagrun for example_xcom_args_with_operators to None, run_after=None
[2024-07-24T10:35:43.525+0000] {processor.py:183} INFO - Processing /home/airflow/.local/lib/python3.12/site-packages/airflow/example_dags/example_xcomargs.py took 0.072 seconds
[2024-07-24T10:36:14.243+0000] {processor.py:161} INFO - Started process (PID=183) to work on /home/airflow/.local/lib/python3.12/site-packages/airflow/example_dags/example_xcomargs.py
[2024-07-24T10:36:14.244+0000] {processor.py:830} INFO - Processing file /home/airflow/.local/lib/python3.12/site-packages/airflow/example_dags/example_xcomargs.py for tasks to queue
[2024-07-24T10:36:14.246+0000] {logging_mixin.py:188} INFO - [2024-07-24T10:36:14.246+0000] {dagbag.py:545} INFO - Filling up the DagBag from /home/airflow/.local/lib/python3.12/site-packages/airflow/example_dags/example_xcomargs.py
[2024-07-24T10:36:14.252+0000] {processor.py:840} INFO - DAG(s) 'example_xcom_args', 'example_xcom_args_with_operators' retrieved from /home/airflow/.local/lib/python3.12/site-packages/airflow/example_dags/example_xcomargs.py
[2024-07-24T10:36:14.268+0000] {logging_mixin.py:188} INFO - [2024-07-24T10:36:14.268+0000] {dag.py:3089} INFO - Sync 2 DAGs
[2024-07-24T10:36:14.275+0000] {logging_mixin.py:188} INFO - [2024-07-24T10:36:14.274+0000] {dag.py:3947} INFO - Setting next_dagrun for example_xcom_args to None, run_after=None
[2024-07-24T10:36:14.277+0000] {logging_mixin.py:188} INFO - [2024-07-24T10:36:14.277+0000] {dag.py:3947} INFO - Setting next_dagrun for example_xcom_args_with_operators to None, run_after=None
[2024-07-24T10:36:14.285+0000] {processor.py:183} INFO - Processing /home/airflow/.local/lib/python3.12/site-packages/airflow/example_dags/example_xcomargs.py took 0.046 seconds
