[2024-07-24T10:35:12.097+0000] {processor.py:161} INFO - Started process (PID=59) to work on /home/airflow/.local/lib/python3.12/site-packages/airflow/example_dags/example_branch_datetime_operator.py
[2024-07-24T10:35:12.102+0000] {processor.py:830} INFO - Processing file /home/airflow/.local/lib/python3.12/site-packages/airflow/example_dags/example_branch_datetime_operator.py for tasks to queue
[2024-07-24T10:35:12.103+0000] {logging_mixin.py:188} INFO - [2024-07-24T10:35:12.103+0000] {dagbag.py:545} INFO - Filling up the DagBag from /home/airflow/.local/lib/python3.12/site-packages/airflow/example_dags/example_branch_datetime_operator.py
[2024-07-24T10:35:12.112+0000] {processor.py:840} INFO - DAG(s) 'example_branch_datetime_operator', 'example_branch_datetime_operator_2', 'example_branch_datetime_operator_3' retrieved from /home/airflow/.local/lib/python3.12/site-packages/airflow/example_dags/example_branch_datetime_operator.py
[2024-07-24T10:35:12.135+0000] {logging_mixin.py:188} INFO - [2024-07-24T10:35:12.135+0000] {dag.py:3089} INFO - Sync 3 DAGs
[2024-07-24T10:35:12.149+0000] {logging_mixin.py:188} INFO - [2024-07-24T10:35:12.149+0000] {dag.py:3947} INFO - Setting next_dagrun for example_branch_datetime_operator to 2024-07-23 00:00:00+00:00, run_after=2024-07-24 00:00:00+00:00
[2024-07-24T10:35:12.151+0000] {logging_mixin.py:188} INFO - [2024-07-24T10:35:12.151+0000] {dag.py:3947} INFO - Setting next_dagrun for example_branch_datetime_operator_2 to 2024-07-23 00:00:00+00:00, run_after=2024-07-24 00:00:00+00:00
[2024-07-24T10:35:12.152+0000] {logging_mixin.py:188} INFO - [2024-07-24T10:35:12.152+0000] {dag.py:3947} INFO - Setting next_dagrun for example_branch_datetime_operator_3 to 2024-07-23 00:00:00+00:00, run_after=2024-07-24 00:00:00+00:00
[2024-07-24T10:35:12.157+0000] {processor.py:183} INFO - Processing /home/airflow/.local/lib/python3.12/site-packages/airflow/example_dags/example_branch_datetime_operator.py took 0.063 seconds
[2024-07-24T10:35:43.364+0000] {processor.py:161} INFO - Started process (PID=117) to work on /home/airflow/.local/lib/python3.12/site-packages/airflow/example_dags/example_branch_datetime_operator.py
[2024-07-24T10:35:43.365+0000] {processor.py:830} INFO - Processing file /home/airflow/.local/lib/python3.12/site-packages/airflow/example_dags/example_branch_datetime_operator.py for tasks to queue
[2024-07-24T10:35:43.366+0000] {logging_mixin.py:188} INFO - [2024-07-24T10:35:43.366+0000] {dagbag.py:545} INFO - Filling up the DagBag from /home/airflow/.local/lib/python3.12/site-packages/airflow/example_dags/example_branch_datetime_operator.py
[2024-07-24T10:35:43.371+0000] {processor.py:840} INFO - DAG(s) 'example_branch_datetime_operator_2', 'example_branch_datetime_operator_3', 'example_branch_datetime_operator' retrieved from /home/airflow/.local/lib/python3.12/site-packages/airflow/example_dags/example_branch_datetime_operator.py
[2024-07-24T10:35:43.416+0000] {logging_mixin.py:188} INFO - [2024-07-24T10:35:43.416+0000] {dag.py:3089} INFO - Sync 3 DAGs
[2024-07-24T10:35:43.427+0000] {logging_mixin.py:188} INFO - [2024-07-24T10:35:43.427+0000] {dag.py:3947} INFO - Setting next_dagrun for example_branch_datetime_operator to 2024-07-23 00:00:00+00:00, run_after=2024-07-24 00:00:00+00:00
[2024-07-24T10:35:43.430+0000] {logging_mixin.py:188} INFO - [2024-07-24T10:35:43.429+0000] {dag.py:3947} INFO - Setting next_dagrun for example_branch_datetime_operator_2 to 2024-07-23 00:00:00+00:00, run_after=2024-07-24 00:00:00+00:00
[2024-07-24T10:35:43.431+0000] {logging_mixin.py:188} INFO - [2024-07-24T10:35:43.431+0000] {dag.py:3947} INFO - Setting next_dagrun for example_branch_datetime_operator_3 to 2024-07-23 00:00:00+00:00, run_after=2024-07-24 00:00:00+00:00
[2024-07-24T10:35:43.446+0000] {processor.py:183} INFO - Processing /home/airflow/.local/lib/python3.12/site-packages/airflow/example_dags/example_branch_datetime_operator.py took 0.084 seconds
[2024-07-24T10:36:14.199+0000] {processor.py:161} INFO - Started process (PID=182) to work on /home/airflow/.local/lib/python3.12/site-packages/airflow/example_dags/example_branch_datetime_operator.py
[2024-07-24T10:36:14.199+0000] {processor.py:830} INFO - Processing file /home/airflow/.local/lib/python3.12/site-packages/airflow/example_dags/example_branch_datetime_operator.py for tasks to queue
[2024-07-24T10:36:14.200+0000] {logging_mixin.py:188} INFO - [2024-07-24T10:36:14.200+0000] {dagbag.py:545} INFO - Filling up the DagBag from /home/airflow/.local/lib/python3.12/site-packages/airflow/example_dags/example_branch_datetime_operator.py
[2024-07-24T10:36:14.207+0000] {processor.py:840} INFO - DAG(s) 'example_branch_datetime_operator_2', 'example_branch_datetime_operator_3', 'example_branch_datetime_operator' retrieved from /home/airflow/.local/lib/python3.12/site-packages/airflow/example_dags/example_branch_datetime_operator.py
[2024-07-24T10:36:14.233+0000] {logging_mixin.py:188} INFO - [2024-07-24T10:36:14.233+0000] {dag.py:3089} INFO - Sync 3 DAGs
[2024-07-24T10:36:14.247+0000] {logging_mixin.py:188} INFO - [2024-07-24T10:36:14.246+0000] {dag.py:3947} INFO - Setting next_dagrun for example_branch_datetime_operator to 2024-07-23 00:00:00+00:00, run_after=2024-07-24 00:00:00+00:00
[2024-07-24T10:36:14.251+0000] {logging_mixin.py:188} INFO - [2024-07-24T10:36:14.251+0000] {dag.py:3947} INFO - Setting next_dagrun for example_branch_datetime_operator_2 to 2024-07-23 00:00:00+00:00, run_after=2024-07-24 00:00:00+00:00
[2024-07-24T10:36:14.252+0000] {logging_mixin.py:188} INFO - [2024-07-24T10:36:14.252+0000] {dag.py:3947} INFO - Setting next_dagrun for example_branch_datetime_operator_3 to 2024-07-23 00:00:00+00:00, run_after=2024-07-24 00:00:00+00:00
[2024-07-24T10:36:14.265+0000] {processor.py:183} INFO - Processing /home/airflow/.local/lib/python3.12/site-packages/airflow/example_dags/example_branch_datetime_operator.py took 0.068 seconds
