[2024-07-24T10:35:12.041+0000] {processor.py:161} INFO - Started process (PID=57) to work on /home/airflow/.local/lib/python3.12/site-packages/airflow/example_dags/example_bash_operator.py
[2024-07-24T10:35:12.043+0000] {processor.py:830} INFO - Processing file /home/airflow/.local/lib/python3.12/site-packages/airflow/example_dags/example_bash_operator.py for tasks to queue
[2024-07-24T10:35:12.047+0000] {logging_mixin.py:188} INFO - [2024-07-24T10:35:12.046+0000] {dagbag.py:545} INFO - Filling up the DagBag from /home/airflow/.local/lib/python3.12/site-packages/airflow/example_dags/example_bash_operator.py
[2024-07-24T10:35:12.054+0000] {processor.py:840} INFO - DAG(s) 'example_bash_operator' retrieved from /home/airflow/.local/lib/python3.12/site-packages/airflow/example_dags/example_bash_operator.py
[2024-07-24T10:35:12.061+0000] {logging_mixin.py:188} INFO - [2024-07-24T10:35:12.061+0000] {dag.py:3089} INFO - Sync 1 DAGs
[2024-07-24T10:35:12.073+0000] {logging_mixin.py:188} INFO - [2024-07-24T10:35:12.073+0000] {dag.py:3947} INFO - Setting next_dagrun for example_bash_operator to 2024-07-23 00:00:00+00:00, run_after=2024-07-24 00:00:00+00:00
[2024-07-24T10:35:12.083+0000] {processor.py:183} INFO - Processing /home/airflow/.local/lib/python3.12/site-packages/airflow/example_dags/example_bash_operator.py took 0.046 seconds
[2024-07-24T10:35:43.300+0000] {processor.py:161} INFO - Started process (PID=115) to work on /home/airflow/.local/lib/python3.12/site-packages/airflow/example_dags/example_bash_operator.py
[2024-07-24T10:35:43.301+0000] {processor.py:830} INFO - Processing file /home/airflow/.local/lib/python3.12/site-packages/airflow/example_dags/example_bash_operator.py for tasks to queue
[2024-07-24T10:35:43.301+0000] {logging_mixin.py:188} INFO - [2024-07-24T10:35:43.301+0000] {dagbag.py:545} INFO - Filling up the DagBag from /home/airflow/.local/lib/python3.12/site-packages/airflow/example_dags/example_bash_operator.py
[2024-07-24T10:35:43.305+0000] {processor.py:840} INFO - DAG(s) 'example_bash_operator' retrieved from /home/airflow/.local/lib/python3.12/site-packages/airflow/example_dags/example_bash_operator.py
[2024-07-24T10:35:43.341+0000] {logging_mixin.py:188} INFO - [2024-07-24T10:35:43.341+0000] {dag.py:3089} INFO - Sync 1 DAGs
[2024-07-24T10:35:43.348+0000] {logging_mixin.py:188} INFO - [2024-07-24T10:35:43.348+0000] {dag.py:3947} INFO - Setting next_dagrun for example_bash_operator to 2024-07-23 00:00:00+00:00, run_after=2024-07-24 00:00:00+00:00
[2024-07-24T10:35:43.354+0000] {processor.py:183} INFO - Processing /home/airflow/.local/lib/python3.12/site-packages/airflow/example_dags/example_bash_operator.py took 0.056 seconds
[2024-07-24T10:36:14.146+0000] {processor.py:161} INFO - Started process (PID=180) to work on /home/airflow/.local/lib/python3.12/site-packages/airflow/example_dags/example_bash_operator.py
[2024-07-24T10:36:14.147+0000] {processor.py:830} INFO - Processing file /home/airflow/.local/lib/python3.12/site-packages/airflow/example_dags/example_bash_operator.py for tasks to queue
[2024-07-24T10:36:14.149+0000] {logging_mixin.py:188} INFO - [2024-07-24T10:36:14.149+0000] {dagbag.py:545} INFO - Filling up the DagBag from /home/airflow/.local/lib/python3.12/site-packages/airflow/example_dags/example_bash_operator.py
[2024-07-24T10:36:14.155+0000] {processor.py:840} INFO - DAG(s) 'example_bash_operator' retrieved from /home/airflow/.local/lib/python3.12/site-packages/airflow/example_dags/example_bash_operator.py
[2024-07-24T10:36:14.170+0000] {logging_mixin.py:188} INFO - [2024-07-24T10:36:14.170+0000] {dag.py:3089} INFO - Sync 1 DAGs
[2024-07-24T10:36:14.180+0000] {logging_mixin.py:188} INFO - [2024-07-24T10:36:14.180+0000] {dag.py:3947} INFO - Setting next_dagrun for example_bash_operator to 2024-07-23 00:00:00+00:00, run_after=2024-07-24 00:00:00+00:00
[2024-07-24T10:36:14.187+0000] {processor.py:183} INFO - Processing /home/airflow/.local/lib/python3.12/site-packages/airflow/example_dags/example_bash_operator.py took 0.044 seconds
