[2024-07-24T10:35:11.926+0000] {processor.py:161} INFO - Started process (PID=51) to work on /home/airflow/.local/lib/python3.12/site-packages/airflow/example_dags/example_setup_teardown.py
[2024-07-24T10:35:11.927+0000] {processor.py:830} INFO - Processing file /home/airflow/.local/lib/python3.12/site-packages/airflow/example_dags/example_setup_teardown.py for tasks to queue
[2024-07-24T10:35:11.928+0000] {logging_mixin.py:188} INFO - [2024-07-24T10:35:11.927+0000] {dagbag.py:545} INFO - Filling up the DagBag from /home/airflow/.local/lib/python3.12/site-packages/airflow/example_dags/example_setup_teardown.py
[2024-07-24T10:35:11.930+0000] {processor.py:840} INFO - DAG(s) 'example_setup_teardown' retrieved from /home/airflow/.local/lib/python3.12/site-packages/airflow/example_dags/example_setup_teardown.py
[2024-07-24T10:35:11.934+0000] {logging_mixin.py:188} INFO - [2024-07-24T10:35:11.934+0000] {dag.py:3089} INFO - Sync 1 DAGs
[2024-07-24T10:35:11.943+0000] {logging_mixin.py:188} INFO - [2024-07-24T10:35:11.943+0000] {dag.py:3947} INFO - Setting next_dagrun for example_setup_teardown to 2024-07-23 00:00:00+00:00, run_after=2024-07-24 00:00:00+00:00
[2024-07-24T10:35:11.949+0000] {processor.py:183} INFO - Processing /home/airflow/.local/lib/python3.12/site-packages/airflow/example_dags/example_setup_teardown.py took 0.025 seconds
[2024-07-24T10:35:42.991+0000] {processor.py:161} INFO - Started process (PID=109) to work on /home/airflow/.local/lib/python3.12/site-packages/airflow/example_dags/example_setup_teardown.py
[2024-07-24T10:35:42.992+0000] {processor.py:830} INFO - Processing file /home/airflow/.local/lib/python3.12/site-packages/airflow/example_dags/example_setup_teardown.py for tasks to queue
[2024-07-24T10:35:42.993+0000] {logging_mixin.py:188} INFO - [2024-07-24T10:35:42.993+0000] {dagbag.py:545} INFO - Filling up the DagBag from /home/airflow/.local/lib/python3.12/site-packages/airflow/example_dags/example_setup_teardown.py
[2024-07-24T10:35:42.997+0000] {processor.py:840} INFO - DAG(s) 'example_setup_teardown' retrieved from /home/airflow/.local/lib/python3.12/site-packages/airflow/example_dags/example_setup_teardown.py
[2024-07-24T10:35:43.064+0000] {logging_mixin.py:188} INFO - [2024-07-24T10:35:43.064+0000] {dag.py:3089} INFO - Sync 1 DAGs
[2024-07-24T10:35:43.076+0000] {logging_mixin.py:188} INFO - [2024-07-24T10:35:43.075+0000] {dag.py:3947} INFO - Setting next_dagrun for example_setup_teardown to 2024-07-23 00:00:00+00:00, run_after=2024-07-24 00:00:00+00:00
[2024-07-24T10:35:43.086+0000] {processor.py:183} INFO - Processing /home/airflow/.local/lib/python3.12/site-packages/airflow/example_dags/example_setup_teardown.py took 0.100 seconds
[2024-07-24T10:36:13.891+0000] {processor.py:161} INFO - Started process (PID=174) to work on /home/airflow/.local/lib/python3.12/site-packages/airflow/example_dags/example_setup_teardown.py
[2024-07-24T10:36:13.893+0000] {processor.py:830} INFO - Processing file /home/airflow/.local/lib/python3.12/site-packages/airflow/example_dags/example_setup_teardown.py for tasks to queue
[2024-07-24T10:36:13.897+0000] {logging_mixin.py:188} INFO - [2024-07-24T10:36:13.896+0000] {dagbag.py:545} INFO - Filling up the DagBag from /home/airflow/.local/lib/python3.12/site-packages/airflow/example_dags/example_setup_teardown.py
[2024-07-24T10:36:13.922+0000] {processor.py:840} INFO - DAG(s) 'example_setup_teardown' retrieved from /home/airflow/.local/lib/python3.12/site-packages/airflow/example_dags/example_setup_teardown.py
[2024-07-24T10:36:13.958+0000] {logging_mixin.py:188} INFO - [2024-07-24T10:36:13.958+0000] {dag.py:3089} INFO - Sync 1 DAGs
[2024-07-24T10:36:13.985+0000] {logging_mixin.py:188} INFO - [2024-07-24T10:36:13.985+0000] {dag.py:3947} INFO - Setting next_dagrun for example_setup_teardown to 2024-07-23 00:00:00+00:00, run_after=2024-07-24 00:00:00+00:00
[2024-07-24T10:36:14.002+0000] {processor.py:183} INFO - Processing /home/airflow/.local/lib/python3.12/site-packages/airflow/example_dags/example_setup_teardown.py took 0.116 seconds
