[2024-07-24T10:35:12.343+0000] {processor.py:161} INFO - Started process (PID=67) to work on /home/airflow/.local/lib/python3.12/site-packages/airflow/example_dags/example_latest_only.py
[2024-07-24T10:35:12.346+0000] {processor.py:830} INFO - Processing file /home/airflow/.local/lib/python3.12/site-packages/airflow/example_dags/example_latest_only.py for tasks to queue
[2024-07-24T10:35:12.346+0000] {logging_mixin.py:188} INFO - [2024-07-24T10:35:12.346+0000] {dagbag.py:545} INFO - Filling up the DagBag from /home/airflow/.local/lib/python3.12/site-packages/airflow/example_dags/example_latest_only.py
[2024-07-24T10:35:12.348+0000] {processor.py:840} INFO - DAG(s) 'latest_only' retrieved from /home/airflow/.local/lib/python3.12/site-packages/airflow/example_dags/example_latest_only.py
[2024-07-24T10:35:12.355+0000] {logging_mixin.py:188} INFO - [2024-07-24T10:35:12.355+0000] {dag.py:3089} INFO - Sync 1 DAGs
[2024-07-24T10:35:12.369+0000] {logging_mixin.py:188} INFO - [2024-07-24T10:35:12.369+0000] {dag.py:3947} INFO - Setting next_dagrun for latest_only to 2024-07-24 04:00:00+00:00, run_after=2024-07-24 08:00:00+00:00
[2024-07-24T10:35:12.381+0000] {processor.py:183} INFO - Processing /home/airflow/.local/lib/python3.12/site-packages/airflow/example_dags/example_latest_only.py took 0.040 seconds
[2024-07-24T10:35:43.831+0000] {processor.py:161} INFO - Started process (PID=131) to work on /home/airflow/.local/lib/python3.12/site-packages/airflow/example_dags/example_latest_only.py
[2024-07-24T10:35:43.833+0000] {processor.py:830} INFO - Processing file /home/airflow/.local/lib/python3.12/site-packages/airflow/example_dags/example_latest_only.py for tasks to queue
[2024-07-24T10:35:43.834+0000] {logging_mixin.py:188} INFO - [2024-07-24T10:35:43.834+0000] {dagbag.py:545} INFO - Filling up the DagBag from /home/airflow/.local/lib/python3.12/site-packages/airflow/example_dags/example_latest_only.py
[2024-07-24T10:35:43.836+0000] {processor.py:840} INFO - DAG(s) 'latest_only' retrieved from /home/airflow/.local/lib/python3.12/site-packages/airflow/example_dags/example_latest_only.py
[2024-07-24T10:35:43.880+0000] {logging_mixin.py:188} INFO - [2024-07-24T10:35:43.880+0000] {dag.py:3089} INFO - Sync 1 DAGs
[2024-07-24T10:35:43.886+0000] {logging_mixin.py:188} INFO - [2024-07-24T10:35:43.886+0000] {dag.py:3947} INFO - Setting next_dagrun for latest_only to 2024-07-24 04:00:00+00:00, run_after=2024-07-24 08:00:00+00:00
[2024-07-24T10:35:43.892+0000] {processor.py:183} INFO - Processing /home/airflow/.local/lib/python3.12/site-packages/airflow/example_dags/example_latest_only.py took 0.064 seconds
[2024-07-24T10:36:14.508+0000] {processor.py:161} INFO - Started process (PID=190) to work on /home/airflow/.local/lib/python3.12/site-packages/airflow/example_dags/example_latest_only.py
[2024-07-24T10:36:14.509+0000] {processor.py:830} INFO - Processing file /home/airflow/.local/lib/python3.12/site-packages/airflow/example_dags/example_latest_only.py for tasks to queue
[2024-07-24T10:36:14.510+0000] {logging_mixin.py:188} INFO - [2024-07-24T10:36:14.510+0000] {dagbag.py:545} INFO - Filling up the DagBag from /home/airflow/.local/lib/python3.12/site-packages/airflow/example_dags/example_latest_only.py
[2024-07-24T10:36:14.513+0000] {processor.py:840} INFO - DAG(s) 'latest_only' retrieved from /home/airflow/.local/lib/python3.12/site-packages/airflow/example_dags/example_latest_only.py
[2024-07-24T10:36:14.527+0000] {logging_mixin.py:188} INFO - [2024-07-24T10:36:14.527+0000] {dag.py:3089} INFO - Sync 1 DAGs
[2024-07-24T10:36:14.536+0000] {logging_mixin.py:188} INFO - [2024-07-24T10:36:14.536+0000] {dag.py:3947} INFO - Setting next_dagrun for latest_only to 2024-07-24 04:00:00+00:00, run_after=2024-07-24 08:00:00+00:00
[2024-07-24T10:36:14.550+0000] {processor.py:183} INFO - Processing /home/airflow/.local/lib/python3.12/site-packages/airflow/example_dags/example_latest_only.py took 0.045 seconds
