[2024-07-24T10:35:12.676+0000] {processor.py:161} INFO - Started process (PID=77) to work on /home/airflow/.local/lib/python3.12/site-packages/airflow/example_dags/example_python_operator.py
[2024-07-24T10:35:12.677+0000] {processor.py:830} INFO - Processing file /home/airflow/.local/lib/python3.12/site-packages/airflow/example_dags/example_python_operator.py for tasks to queue
[2024-07-24T10:35:12.679+0000] {logging_mixin.py:188} INFO - [2024-07-24T10:35:12.679+0000] {dagbag.py:545} INFO - Filling up the DagBag from /home/airflow/.local/lib/python3.12/site-packages/airflow/example_dags/example_python_operator.py
[2024-07-24T10:35:12.685+0000] {processor.py:840} INFO - DAG(s) 'example_python_operator' retrieved from /home/airflow/.local/lib/python3.12/site-packages/airflow/example_dags/example_python_operator.py
[2024-07-24T10:35:12.693+0000] {logging_mixin.py:188} INFO - [2024-07-24T10:35:12.692+0000] {dag.py:3089} INFO - Sync 1 DAGs
[2024-07-24T10:35:12.698+0000] {logging_mixin.py:188} INFO - [2024-07-24T10:35:12.698+0000] {dag.py:3947} INFO - Setting next_dagrun for example_python_operator to None, run_after=None
[2024-07-24T10:35:12.704+0000] {processor.py:183} INFO - Processing /home/airflow/.local/lib/python3.12/site-packages/airflow/example_dags/example_python_operator.py took 0.033 seconds
[2024-07-24T10:35:44.242+0000] {processor.py:161} INFO - Started process (PID=141) to work on /home/airflow/.local/lib/python3.12/site-packages/airflow/example_dags/example_python_operator.py
[2024-07-24T10:35:44.246+0000] {processor.py:830} INFO - Processing file /home/airflow/.local/lib/python3.12/site-packages/airflow/example_dags/example_python_operator.py for tasks to queue
[2024-07-24T10:35:44.246+0000] {logging_mixin.py:188} INFO - [2024-07-24T10:35:44.246+0000] {dagbag.py:545} INFO - Filling up the DagBag from /home/airflow/.local/lib/python3.12/site-packages/airflow/example_dags/example_python_operator.py
[2024-07-24T10:35:44.250+0000] {processor.py:840} INFO - DAG(s) 'example_python_operator' retrieved from /home/airflow/.local/lib/python3.12/site-packages/airflow/example_dags/example_python_operator.py
[2024-07-24T10:35:44.285+0000] {logging_mixin.py:188} INFO - [2024-07-24T10:35:44.285+0000] {dag.py:3089} INFO - Sync 1 DAGs
[2024-07-24T10:35:44.288+0000] {logging_mixin.py:188} INFO - [2024-07-24T10:35:44.288+0000] {dag.py:3947} INFO - Setting next_dagrun for example_python_operator to None, run_after=None
[2024-07-24T10:35:44.298+0000] {processor.py:183} INFO - Processing /home/airflow/.local/lib/python3.12/site-packages/airflow/example_dags/example_python_operator.py took 0.058 seconds
[2024-07-24T10:36:14.799+0000] {processor.py:161} INFO - Started process (PID=200) to work on /home/airflow/.local/lib/python3.12/site-packages/airflow/example_dags/example_python_operator.py
[2024-07-24T10:36:14.799+0000] {processor.py:830} INFO - Processing file /home/airflow/.local/lib/python3.12/site-packages/airflow/example_dags/example_python_operator.py for tasks to queue
[2024-07-24T10:36:14.800+0000] {logging_mixin.py:188} INFO - [2024-07-24T10:36:14.800+0000] {dagbag.py:545} INFO - Filling up the DagBag from /home/airflow/.local/lib/python3.12/site-packages/airflow/example_dags/example_python_operator.py
[2024-07-24T10:36:14.804+0000] {processor.py:840} INFO - DAG(s) 'example_python_operator' retrieved from /home/airflow/.local/lib/python3.12/site-packages/airflow/example_dags/example_python_operator.py
[2024-07-24T10:36:14.813+0000] {logging_mixin.py:188} INFO - [2024-07-24T10:36:14.813+0000] {dag.py:3089} INFO - Sync 1 DAGs
[2024-07-24T10:36:14.817+0000] {logging_mixin.py:188} INFO - [2024-07-24T10:36:14.817+0000] {dag.py:3947} INFO - Setting next_dagrun for example_python_operator to None, run_after=None
[2024-07-24T10:36:14.824+0000] {processor.py:183} INFO - Processing /home/airflow/.local/lib/python3.12/site-packages/airflow/example_dags/example_python_operator.py took 0.027 seconds
