[2024-07-24T10:35:11.552+0000] {processor.py:161} INFO - Started process (PID=38) to work on /home/airflow/.local/lib/python3.12/site-packages/airflow/example_dags/example_branch_python_dop_operator_3.py
[2024-07-24T10:35:11.552+0000] {processor.py:830} INFO - Processing file /home/airflow/.local/lib/python3.12/site-packages/airflow/example_dags/example_branch_python_dop_operator_3.py for tasks to queue
[2024-07-24T10:35:11.553+0000] {logging_mixin.py:188} INFO - [2024-07-24T10:35:11.552+0000] {dagbag.py:545} INFO - Filling up the DagBag from /home/airflow/.local/lib/python3.12/site-packages/airflow/example_dags/example_branch_python_dop_operator_3.py
[2024-07-24T10:35:11.557+0000] {processor.py:840} INFO - DAG(s) 'example_branch_dop_operator_v3' retrieved from /home/airflow/.local/lib/python3.12/site-packages/airflow/example_dags/example_branch_python_dop_operator_3.py
[2024-07-24T10:35:11.561+0000] {logging_mixin.py:188} INFO - [2024-07-24T10:35:11.561+0000] {dag.py:3089} INFO - Sync 1 DAGs
[2024-07-24T10:35:11.571+0000] {logging_mixin.py:188} INFO - [2024-07-24T10:35:11.571+0000] {dag.py:3947} INFO - Setting next_dagrun for example_branch_dop_operator_v3 to 2024-07-24 10:34:00+00:00, run_after=2024-07-24 10:35:00+00:00
[2024-07-24T10:35:11.580+0000] {processor.py:183} INFO - Processing /home/airflow/.local/lib/python3.12/site-packages/airflow/example_dags/example_branch_python_dop_operator_3.py took 0.031 seconds
[2024-07-24T10:35:42.384+0000] {processor.py:161} INFO - Started process (PID=96) to work on /home/airflow/.local/lib/python3.12/site-packages/airflow/example_dags/example_branch_python_dop_operator_3.py
[2024-07-24T10:35:42.385+0000] {processor.py:830} INFO - Processing file /home/airflow/.local/lib/python3.12/site-packages/airflow/example_dags/example_branch_python_dop_operator_3.py for tasks to queue
[2024-07-24T10:35:42.386+0000] {logging_mixin.py:188} INFO - [2024-07-24T10:35:42.386+0000] {dagbag.py:545} INFO - Filling up the DagBag from /home/airflow/.local/lib/python3.12/site-packages/airflow/example_dags/example_branch_python_dop_operator_3.py
[2024-07-24T10:35:42.391+0000] {processor.py:840} INFO - DAG(s) 'example_branch_dop_operator_v3' retrieved from /home/airflow/.local/lib/python3.12/site-packages/airflow/example_dags/example_branch_python_dop_operator_3.py
[2024-07-24T10:35:42.441+0000] {logging_mixin.py:188} INFO - [2024-07-24T10:35:42.441+0000] {dag.py:3089} INFO - Sync 1 DAGs
[2024-07-24T10:35:42.453+0000] {logging_mixin.py:188} INFO - [2024-07-24T10:35:42.453+0000] {dag.py:3947} INFO - Setting next_dagrun for example_branch_dop_operator_v3 to 2024-07-24 10:34:00+00:00, run_after=2024-07-24 10:35:00+00:00
[2024-07-24T10:35:42.464+0000] {processor.py:183} INFO - Processing /home/airflow/.local/lib/python3.12/site-packages/airflow/example_dags/example_branch_python_dop_operator_3.py took 0.083 seconds
[2024-07-24T10:36:13.043+0000] {processor.py:161} INFO - Started process (PID=154) to work on /home/airflow/.local/lib/python3.12/site-packages/airflow/example_dags/example_branch_python_dop_operator_3.py
[2024-07-24T10:36:13.044+0000] {processor.py:830} INFO - Processing file /home/airflow/.local/lib/python3.12/site-packages/airflow/example_dags/example_branch_python_dop_operator_3.py for tasks to queue
[2024-07-24T10:36:13.045+0000] {logging_mixin.py:188} INFO - [2024-07-24T10:36:13.045+0000] {dagbag.py:545} INFO - Filling up the DagBag from /home/airflow/.local/lib/python3.12/site-packages/airflow/example_dags/example_branch_python_dop_operator_3.py
[2024-07-24T10:36:13.091+0000] {processor.py:840} INFO - DAG(s) 'example_branch_dop_operator_v3' retrieved from /home/airflow/.local/lib/python3.12/site-packages/airflow/example_dags/example_branch_python_dop_operator_3.py
[2024-07-24T10:36:13.117+0000] {logging_mixin.py:188} INFO - [2024-07-24T10:36:13.117+0000] {dag.py:3089} INFO - Sync 1 DAGs
[2024-07-24T10:36:13.143+0000] {logging_mixin.py:188} INFO - [2024-07-24T10:36:13.142+0000] {dag.py:3947} INFO - Setting next_dagrun for example_branch_dop_operator_v3 to 2024-07-24 10:35:00+00:00, run_after=2024-07-24 10:36:00+00:00
[2024-07-24T10:36:13.171+0000] {processor.py:183} INFO - Processing /home/airflow/.local/lib/python3.12/site-packages/airflow/example_dags/example_branch_python_dop_operator_3.py took 0.134 seconds
