[2024-07-24T10:35:12.653+0000] {processor.py:161} INFO - Started process (PID=76) to work on /home/airflow/.local/lib/python3.12/site-packages/airflow/example_dags/example_display_name.py
[2024-07-24T10:35:12.654+0000] {processor.py:830} INFO - Processing file /home/airflow/.local/lib/python3.12/site-packages/airflow/example_dags/example_display_name.py for tasks to queue
[2024-07-24T10:35:12.655+0000] {logging_mixin.py:188} INFO - [2024-07-24T10:35:12.655+0000] {dagbag.py:545} INFO - Filling up the DagBag from /home/airflow/.local/lib/python3.12/site-packages/airflow/example_dags/example_display_name.py
[2024-07-24T10:35:12.657+0000] {processor.py:840} INFO - DAG(s) 'example_display_name' retrieved from /home/airflow/.local/lib/python3.12/site-packages/airflow/example_dags/example_display_name.py
[2024-07-24T10:35:12.665+0000] {logging_mixin.py:188} INFO - [2024-07-24T10:35:12.664+0000] {dag.py:3089} INFO - Sync 1 DAGs
[2024-07-24T10:35:12.673+0000] {logging_mixin.py:188} INFO - [2024-07-24T10:35:12.673+0000] {dag.py:3947} INFO - Setting next_dagrun for example_display_name to None, run_after=None
[2024-07-24T10:35:12.690+0000] {processor.py:183} INFO - Processing /home/airflow/.local/lib/python3.12/site-packages/airflow/example_dags/example_display_name.py took 0.039 seconds
[2024-07-24T10:35:44.234+0000] {processor.py:161} INFO - Started process (PID=140) to work on /home/airflow/.local/lib/python3.12/site-packages/airflow/example_dags/example_display_name.py
[2024-07-24T10:35:44.235+0000] {processor.py:830} INFO - Processing file /home/airflow/.local/lib/python3.12/site-packages/airflow/example_dags/example_display_name.py for tasks to queue
[2024-07-24T10:35:44.236+0000] {logging_mixin.py:188} INFO - [2024-07-24T10:35:44.235+0000] {dagbag.py:545} INFO - Filling up the DagBag from /home/airflow/.local/lib/python3.12/site-packages/airflow/example_dags/example_display_name.py
[2024-07-24T10:35:44.238+0000] {processor.py:840} INFO - DAG(s) 'example_display_name' retrieved from /home/airflow/.local/lib/python3.12/site-packages/airflow/example_dags/example_display_name.py
[2024-07-24T10:35:44.273+0000] {logging_mixin.py:188} INFO - [2024-07-24T10:35:44.273+0000] {dag.py:3089} INFO - Sync 1 DAGs
[2024-07-24T10:35:44.283+0000] {logging_mixin.py:188} INFO - [2024-07-24T10:35:44.283+0000] {dag.py:3947} INFO - Setting next_dagrun for example_display_name to None, run_after=None
[2024-07-24T10:35:44.293+0000] {processor.py:183} INFO - Processing /home/airflow/.local/lib/python3.12/site-packages/airflow/example_dags/example_display_name.py took 0.061 seconds
[2024-07-24T10:36:14.766+0000] {processor.py:161} INFO - Started process (PID=199) to work on /home/airflow/.local/lib/python3.12/site-packages/airflow/example_dags/example_display_name.py
[2024-07-24T10:36:14.767+0000] {processor.py:830} INFO - Processing file /home/airflow/.local/lib/python3.12/site-packages/airflow/example_dags/example_display_name.py for tasks to queue
[2024-07-24T10:36:14.767+0000] {logging_mixin.py:188} INFO - [2024-07-24T10:36:14.767+0000] {dagbag.py:545} INFO - Filling up the DagBag from /home/airflow/.local/lib/python3.12/site-packages/airflow/example_dags/example_display_name.py
[2024-07-24T10:36:14.770+0000] {processor.py:840} INFO - DAG(s) 'example_display_name' retrieved from /home/airflow/.local/lib/python3.12/site-packages/airflow/example_dags/example_display_name.py
[2024-07-24T10:36:14.778+0000] {logging_mixin.py:188} INFO - [2024-07-24T10:36:14.778+0000] {dag.py:3089} INFO - Sync 1 DAGs
[2024-07-24T10:36:14.783+0000] {logging_mixin.py:188} INFO - [2024-07-24T10:36:14.783+0000] {dag.py:3947} INFO - Setting next_dagrun for example_display_name to None, run_after=None
[2024-07-24T10:36:14.789+0000] {processor.py:183} INFO - Processing /home/airflow/.local/lib/python3.12/site-packages/airflow/example_dags/example_display_name.py took 0.026 seconds
