[2024-07-24T10:35:12.021+0000] {processor.py:161} INFO - Started process (PID=56) to work on /home/airflow/.local/lib/python3.12/site-packages/airflow/example_dags/example_latest_only_with_trigger.py
[2024-07-24T10:35:12.022+0000] {processor.py:830} INFO - Processing file /home/airflow/.local/lib/python3.12/site-packages/airflow/example_dags/example_latest_only_with_trigger.py for tasks to queue
[2024-07-24T10:35:12.022+0000] {logging_mixin.py:188} INFO - [2024-07-24T10:35:12.022+0000] {dagbag.py:545} INFO - Filling up the DagBag from /home/airflow/.local/lib/python3.12/site-packages/airflow/example_dags/example_latest_only_with_trigger.py
[2024-07-24T10:35:12.026+0000] {processor.py:840} INFO - DAG(s) 'latest_only_with_trigger' retrieved from /home/airflow/.local/lib/python3.12/site-packages/airflow/example_dags/example_latest_only_with_trigger.py
[2024-07-24T10:35:12.039+0000] {logging_mixin.py:188} INFO - [2024-07-24T10:35:12.039+0000] {dag.py:3089} INFO - Sync 1 DAGs
[2024-07-24T10:35:12.060+0000] {logging_mixin.py:188} INFO - [2024-07-24T10:35:12.060+0000] {dag.py:3947} INFO - Setting next_dagrun for latest_only_with_trigger to 2024-07-24 04:00:00+00:00, run_after=2024-07-24 08:00:00+00:00
[2024-07-24T10:35:12.072+0000] {processor.py:183} INFO - Processing /home/airflow/.local/lib/python3.12/site-packages/airflow/example_dags/example_latest_only_with_trigger.py took 0.052 seconds
[2024-07-24T10:35:43.229+0000] {processor.py:161} INFO - Started process (PID=114) to work on /home/airflow/.local/lib/python3.12/site-packages/airflow/example_dags/example_latest_only_with_trigger.py
[2024-07-24T10:35:43.230+0000] {processor.py:830} INFO - Processing file /home/airflow/.local/lib/python3.12/site-packages/airflow/example_dags/example_latest_only_with_trigger.py for tasks to queue
[2024-07-24T10:35:43.231+0000] {logging_mixin.py:188} INFO - [2024-07-24T10:35:43.231+0000] {dagbag.py:545} INFO - Filling up the DagBag from /home/airflow/.local/lib/python3.12/site-packages/airflow/example_dags/example_latest_only_with_trigger.py
[2024-07-24T10:35:43.232+0000] {processor.py:840} INFO - DAG(s) 'latest_only_with_trigger' retrieved from /home/airflow/.local/lib/python3.12/site-packages/airflow/example_dags/example_latest_only_with_trigger.py
[2024-07-24T10:35:43.277+0000] {logging_mixin.py:188} INFO - [2024-07-24T10:35:43.277+0000] {dag.py:3089} INFO - Sync 1 DAGs
[2024-07-24T10:35:43.284+0000] {logging_mixin.py:188} INFO - [2024-07-24T10:35:43.284+0000] {dag.py:3947} INFO - Setting next_dagrun for latest_only_with_trigger to 2024-07-24 04:00:00+00:00, run_after=2024-07-24 08:00:00+00:00
[2024-07-24T10:35:43.290+0000] {processor.py:183} INFO - Processing /home/airflow/.local/lib/python3.12/site-packages/airflow/example_dags/example_latest_only_with_trigger.py took 0.063 seconds
[2024-07-24T10:36:14.103+0000] {processor.py:161} INFO - Started process (PID=179) to work on /home/airflow/.local/lib/python3.12/site-packages/airflow/example_dags/example_latest_only_with_trigger.py
[2024-07-24T10:36:14.104+0000] {processor.py:830} INFO - Processing file /home/airflow/.local/lib/python3.12/site-packages/airflow/example_dags/example_latest_only_with_trigger.py for tasks to queue
[2024-07-24T10:36:14.105+0000] {logging_mixin.py:188} INFO - [2024-07-24T10:36:14.105+0000] {dagbag.py:545} INFO - Filling up the DagBag from /home/airflow/.local/lib/python3.12/site-packages/airflow/example_dags/example_latest_only_with_trigger.py
[2024-07-24T10:36:14.110+0000] {processor.py:840} INFO - DAG(s) 'latest_only_with_trigger' retrieved from /home/airflow/.local/lib/python3.12/site-packages/airflow/example_dags/example_latest_only_with_trigger.py
[2024-07-24T10:36:14.133+0000] {logging_mixin.py:188} INFO - [2024-07-24T10:36:14.131+0000] {dag.py:3089} INFO - Sync 1 DAGs
[2024-07-24T10:36:14.147+0000] {logging_mixin.py:188} INFO - [2024-07-24T10:36:14.146+0000] {dag.py:3947} INFO - Setting next_dagrun for latest_only_with_trigger to 2024-07-24 04:00:00+00:00, run_after=2024-07-24 08:00:00+00:00
[2024-07-24T10:36:14.158+0000] {processor.py:183} INFO - Processing /home/airflow/.local/lib/python3.12/site-packages/airflow/example_dags/example_latest_only_with_trigger.py took 0.058 seconds
