[2024-07-24T10:35:11.705+0000] {processor.py:161} INFO - Started process (PID=42) to work on /home/airflow/.local/lib/python3.12/site-packages/airflow/example_dags/example_bash_decorator.py
[2024-07-24T10:35:11.705+0000] {processor.py:830} INFO - Processing file /home/airflow/.local/lib/python3.12/site-packages/airflow/example_dags/example_bash_decorator.py for tasks to queue
[2024-07-24T10:35:11.706+0000] {logging_mixin.py:188} INFO - [2024-07-24T10:35:11.706+0000] {dagbag.py:545} INFO - Filling up the DagBag from /home/airflow/.local/lib/python3.12/site-packages/airflow/example_dags/example_bash_decorator.py
[2024-07-24T10:35:11.712+0000] {processor.py:840} INFO - DAG(s) 'example_bash_decorator' retrieved from /home/airflow/.local/lib/python3.12/site-packages/airflow/example_dags/example_bash_decorator.py
[2024-07-24T10:35:11.716+0000] {logging_mixin.py:188} INFO - [2024-07-24T10:35:11.716+0000] {dag.py:3089} INFO - Sync 1 DAGs
[2024-07-24T10:35:11.721+0000] {logging_mixin.py:188} INFO - [2024-07-24T10:35:11.721+0000] {dag.py:3947} INFO - Setting next_dagrun for example_bash_decorator to None, run_after=None
[2024-07-24T10:35:11.727+0000] {processor.py:183} INFO - Processing /home/airflow/.local/lib/python3.12/site-packages/airflow/example_dags/example_bash_decorator.py took 0.024 seconds
[2024-07-24T10:35:42.567+0000] {processor.py:161} INFO - Started process (PID=100) to work on /home/airflow/.local/lib/python3.12/site-packages/airflow/example_dags/example_bash_decorator.py
[2024-07-24T10:35:42.568+0000] {processor.py:830} INFO - Processing file /home/airflow/.local/lib/python3.12/site-packages/airflow/example_dags/example_bash_decorator.py for tasks to queue
[2024-07-24T10:35:42.569+0000] {logging_mixin.py:188} INFO - [2024-07-24T10:35:42.569+0000] {dagbag.py:545} INFO - Filling up the DagBag from /home/airflow/.local/lib/python3.12/site-packages/airflow/example_dags/example_bash_decorator.py
[2024-07-24T10:35:42.577+0000] {processor.py:840} INFO - DAG(s) 'example_bash_decorator' retrieved from /home/airflow/.local/lib/python3.12/site-packages/airflow/example_dags/example_bash_decorator.py
[2024-07-24T10:35:42.622+0000] {logging_mixin.py:188} INFO - [2024-07-24T10:35:42.622+0000] {dag.py:3089} INFO - Sync 1 DAGs
[2024-07-24T10:35:42.628+0000] {logging_mixin.py:188} INFO - [2024-07-24T10:35:42.628+0000] {dag.py:3947} INFO - Setting next_dagrun for example_bash_decorator to None, run_after=None
[2024-07-24T10:35:42.641+0000] {processor.py:183} INFO - Processing /home/airflow/.local/lib/python3.12/site-packages/airflow/example_dags/example_bash_decorator.py took 0.077 seconds
[2024-07-24T10:36:13.288+0000] {processor.py:161} INFO - Started process (PID=158) to work on /home/airflow/.local/lib/python3.12/site-packages/airflow/example_dags/example_bash_decorator.py
[2024-07-24T10:36:13.292+0000] {processor.py:830} INFO - Processing file /home/airflow/.local/lib/python3.12/site-packages/airflow/example_dags/example_bash_decorator.py for tasks to queue
[2024-07-24T10:36:13.295+0000] {logging_mixin.py:188} INFO - [2024-07-24T10:36:13.294+0000] {dagbag.py:545} INFO - Filling up the DagBag from /home/airflow/.local/lib/python3.12/site-packages/airflow/example_dags/example_bash_decorator.py
[2024-07-24T10:36:13.304+0000] {processor.py:840} INFO - DAG(s) 'example_bash_decorator' retrieved from /home/airflow/.local/lib/python3.12/site-packages/airflow/example_dags/example_bash_decorator.py
[2024-07-24T10:36:13.336+0000] {logging_mixin.py:188} INFO - [2024-07-24T10:36:13.336+0000] {dag.py:3089} INFO - Sync 1 DAGs
[2024-07-24T10:36:13.344+0000] {logging_mixin.py:188} INFO - [2024-07-24T10:36:13.344+0000] {dag.py:3947} INFO - Setting next_dagrun for example_bash_decorator to None, run_after=None
[2024-07-24T10:36:13.358+0000] {processor.py:183} INFO - Processing /home/airflow/.local/lib/python3.12/site-packages/airflow/example_dags/example_bash_decorator.py took 0.074 seconds
