[2024-07-24T10:35:12.392+0000] {processor.py:161} INFO - Started process (PID=68) to work on /home/airflow/.local/lib/python3.12/site-packages/airflow/example_dags/example_datasets.py
[2024-07-24T10:35:12.394+0000] {processor.py:830} INFO - Processing file /home/airflow/.local/lib/python3.12/site-packages/airflow/example_dags/example_datasets.py for tasks to queue
[2024-07-24T10:35:12.396+0000] {logging_mixin.py:188} INFO - [2024-07-24T10:35:12.395+0000] {dagbag.py:545} INFO - Filling up the DagBag from /home/airflow/.local/lib/python3.12/site-packages/airflow/example_dags/example_datasets.py
[2024-07-24T10:35:12.403+0000] {processor.py:840} INFO - DAG(s) 'dataset_produces_2', 'dataset_produces_1', 'consume_1_or_both_2_and_3_with_dataset_expressions', 'dataset_consumes_unknown_never_scheduled', 'dataset_consumes_1_never_scheduled', 'consume_1_or_2_with_dataset_expressions', 'dataset_consumes_1_and_2', 'consume_1_and_2_with_dataset_expressions', 'conditional_dataset_and_time_based_timetable', 'dataset_consumes_1' retrieved from /home/airflow/.local/lib/python3.12/site-packages/airflow/example_dags/example_datasets.py
[2024-07-24T10:35:12.414+0000] {logging_mixin.py:188} INFO - [2024-07-24T10:35:12.414+0000] {dag.py:3089} INFO - Sync 10 DAGs
[2024-07-24T10:35:12.426+0000] {logging_mixin.py:188} INFO - [2024-07-24T10:35:12.426+0000] {dag.py:3947} INFO - Setting next_dagrun for conditional_dataset_and_time_based_timetable to 2024-07-24 01:00:00+00:00, run_after=2024-07-24 01:00:00+00:00
[2024-07-24T10:35:12.429+0000] {logging_mixin.py:188} INFO - [2024-07-24T10:35:12.429+0000] {dag.py:3947} INFO - Setting next_dagrun for consume_1_and_2_with_dataset_expressions to None, run_after=None
[2024-07-24T10:35:12.432+0000] {logging_mixin.py:188} INFO - [2024-07-24T10:35:12.432+0000] {dag.py:3947} INFO - Setting next_dagrun for consume_1_or_2_with_dataset_expressions to None, run_after=None
[2024-07-24T10:35:12.434+0000] {logging_mixin.py:188} INFO - [2024-07-24T10:35:12.434+0000] {dag.py:3947} INFO - Setting next_dagrun for consume_1_or_both_2_and_3_with_dataset_expressions to None, run_after=None
[2024-07-24T10:35:12.434+0000] {logging_mixin.py:188} INFO - [2024-07-24T10:35:12.434+0000] {dag.py:3947} INFO - Setting next_dagrun for dataset_consumes_1 to None, run_after=None
[2024-07-24T10:35:12.435+0000] {logging_mixin.py:188} INFO - [2024-07-24T10:35:12.435+0000] {dag.py:3947} INFO - Setting next_dagrun for dataset_consumes_1_and_2 to None, run_after=None
[2024-07-24T10:35:12.436+0000] {logging_mixin.py:188} INFO - [2024-07-24T10:35:12.436+0000] {dag.py:3947} INFO - Setting next_dagrun for dataset_consumes_1_never_scheduled to None, run_after=None
[2024-07-24T10:35:12.436+0000] {logging_mixin.py:188} INFO - [2024-07-24T10:35:12.436+0000] {dag.py:3947} INFO - Setting next_dagrun for dataset_consumes_unknown_never_scheduled to None, run_after=None
[2024-07-24T10:35:12.438+0000] {logging_mixin.py:188} INFO - [2024-07-24T10:35:12.438+0000] {dag.py:3947} INFO - Setting next_dagrun for dataset_produces_1 to 2024-07-23 00:00:00+00:00, run_after=2024-07-24 00:00:00+00:00
[2024-07-24T10:35:12.440+0000] {logging_mixin.py:188} INFO - [2024-07-24T10:35:12.440+0000] {dag.py:3947} INFO - Setting next_dagrun for dataset_produces_2 to None, run_after=None
[2024-07-24T10:35:12.467+0000] {processor.py:183} INFO - Processing /home/airflow/.local/lib/python3.12/site-packages/airflow/example_dags/example_datasets.py took 0.077 seconds
[2024-07-24T10:35:43.832+0000] {processor.py:161} INFO - Started process (PID=132) to work on /home/airflow/.local/lib/python3.12/site-packages/airflow/example_dags/example_datasets.py
[2024-07-24T10:35:43.833+0000] {processor.py:830} INFO - Processing file /home/airflow/.local/lib/python3.12/site-packages/airflow/example_dags/example_datasets.py for tasks to queue
[2024-07-24T10:35:43.834+0000] {logging_mixin.py:188} INFO - [2024-07-24T10:35:43.834+0000] {dagbag.py:545} INFO - Filling up the DagBag from /home/airflow/.local/lib/python3.12/site-packages/airflow/example_dags/example_datasets.py
[2024-07-24T10:35:43.840+0000] {processor.py:840} INFO - DAG(s) 'dataset_produces_2', 'consume_1_or_both_2_and_3_with_dataset_expressions', 'dataset_produces_1', 'dataset_consumes_unknown_never_scheduled', 'consume_1_and_2_with_dataset_expressions', 'conditional_dataset_and_time_based_timetable', 'consume_1_or_2_with_dataset_expressions', 'dataset_consumes_1', 'dataset_consumes_1_and_2', 'dataset_consumes_1_never_scheduled' retrieved from /home/airflow/.local/lib/python3.12/site-packages/airflow/example_dags/example_datasets.py
[2024-07-24T10:35:43.921+0000] {logging_mixin.py:188} INFO - [2024-07-24T10:35:43.921+0000] {dag.py:3089} INFO - Sync 10 DAGs
[2024-07-24T10:35:43.934+0000] {logging_mixin.py:188} INFO - [2024-07-24T10:35:43.934+0000] {dag.py:3947} INFO - Setting next_dagrun for conditional_dataset_and_time_based_timetable to 2024-07-24 01:00:00+00:00, run_after=2024-07-24 01:00:00+00:00
[2024-07-24T10:35:43.938+0000] {logging_mixin.py:188} INFO - [2024-07-24T10:35:43.938+0000] {dag.py:3947} INFO - Setting next_dagrun for consume_1_and_2_with_dataset_expressions to None, run_after=None
[2024-07-24T10:35:43.939+0000] {logging_mixin.py:188} INFO - [2024-07-24T10:35:43.939+0000] {dag.py:3947} INFO - Setting next_dagrun for consume_1_or_2_with_dataset_expressions to None, run_after=None
[2024-07-24T10:35:43.940+0000] {logging_mixin.py:188} INFO - [2024-07-24T10:35:43.940+0000] {dag.py:3947} INFO - Setting next_dagrun for consume_1_or_both_2_and_3_with_dataset_expressions to None, run_after=None
[2024-07-24T10:35:43.940+0000] {logging_mixin.py:188} INFO - [2024-07-24T10:35:43.940+0000] {dag.py:3947} INFO - Setting next_dagrun for dataset_consumes_1 to None, run_after=None
[2024-07-24T10:35:43.941+0000] {logging_mixin.py:188} INFO - [2024-07-24T10:35:43.941+0000] {dag.py:3947} INFO - Setting next_dagrun for dataset_consumes_1_and_2 to None, run_after=None
[2024-07-24T10:35:43.941+0000] {logging_mixin.py:188} INFO - [2024-07-24T10:35:43.941+0000] {dag.py:3947} INFO - Setting next_dagrun for dataset_consumes_1_never_scheduled to None, run_after=None
[2024-07-24T10:35:43.941+0000] {logging_mixin.py:188} INFO - [2024-07-24T10:35:43.941+0000] {dag.py:3947} INFO - Setting next_dagrun for dataset_consumes_unknown_never_scheduled to None, run_after=None
[2024-07-24T10:35:43.942+0000] {logging_mixin.py:188} INFO - [2024-07-24T10:35:43.942+0000] {dag.py:3947} INFO - Setting next_dagrun for dataset_produces_1 to 2024-07-23 00:00:00+00:00, run_after=2024-07-24 00:00:00+00:00
[2024-07-24T10:35:43.943+0000] {logging_mixin.py:188} INFO - [2024-07-24T10:35:43.943+0000] {dag.py:3947} INFO - Setting next_dagrun for dataset_produces_2 to None, run_after=None
[2024-07-24T10:35:43.954+0000] {processor.py:183} INFO - Processing /home/airflow/.local/lib/python3.12/site-packages/airflow/example_dags/example_datasets.py took 0.124 seconds
[2024-07-24T10:36:14.538+0000] {processor.py:161} INFO - Started process (PID=191) to work on /home/airflow/.local/lib/python3.12/site-packages/airflow/example_dags/example_datasets.py
[2024-07-24T10:36:14.539+0000] {processor.py:830} INFO - Processing file /home/airflow/.local/lib/python3.12/site-packages/airflow/example_dags/example_datasets.py for tasks to queue
[2024-07-24T10:36:14.540+0000] {logging_mixin.py:188} INFO - [2024-07-24T10:36:14.540+0000] {dagbag.py:545} INFO - Filling up the DagBag from /home/airflow/.local/lib/python3.12/site-packages/airflow/example_dags/example_datasets.py
[2024-07-24T10:36:14.546+0000] {processor.py:840} INFO - DAG(s) 'dataset_consumes_1', 'dataset_consumes_unknown_never_scheduled', 'consume_1_and_2_with_dataset_expressions', 'consume_1_or_both_2_and_3_with_dataset_expressions', 'dataset_produces_1', 'conditional_dataset_and_time_based_timetable', 'dataset_consumes_1_never_scheduled', 'dataset_consumes_1_and_2', 'dataset_produces_2', 'consume_1_or_2_with_dataset_expressions' retrieved from /home/airflow/.local/lib/python3.12/site-packages/airflow/example_dags/example_datasets.py
[2024-07-24T10:36:14.565+0000] {logging_mixin.py:188} INFO - [2024-07-24T10:36:14.565+0000] {dag.py:3089} INFO - Sync 10 DAGs
[2024-07-24T10:36:14.575+0000] {logging_mixin.py:188} INFO - [2024-07-24T10:36:14.575+0000] {dag.py:3947} INFO - Setting next_dagrun for conditional_dataset_and_time_based_timetable to 2024-07-24 01:00:00+00:00, run_after=2024-07-24 01:00:00+00:00
[2024-07-24T10:36:14.579+0000] {logging_mixin.py:188} INFO - [2024-07-24T10:36:14.579+0000] {dag.py:3947} INFO - Setting next_dagrun for consume_1_and_2_with_dataset_expressions to None, run_after=None
[2024-07-24T10:36:14.581+0000] {logging_mixin.py:188} INFO - [2024-07-24T10:36:14.581+0000] {dag.py:3947} INFO - Setting next_dagrun for consume_1_or_2_with_dataset_expressions to None, run_after=None
[2024-07-24T10:36:14.582+0000] {logging_mixin.py:188} INFO - [2024-07-24T10:36:14.582+0000] {dag.py:3947} INFO - Setting next_dagrun for consume_1_or_both_2_and_3_with_dataset_expressions to None, run_after=None
[2024-07-24T10:36:14.583+0000] {logging_mixin.py:188} INFO - [2024-07-24T10:36:14.582+0000] {dag.py:3947} INFO - Setting next_dagrun for dataset_consumes_1 to None, run_after=None
[2024-07-24T10:36:14.583+0000] {logging_mixin.py:188} INFO - [2024-07-24T10:36:14.583+0000] {dag.py:3947} INFO - Setting next_dagrun for dataset_consumes_1_and_2 to None, run_after=None
[2024-07-24T10:36:14.583+0000] {logging_mixin.py:188} INFO - [2024-07-24T10:36:14.583+0000] {dag.py:3947} INFO - Setting next_dagrun for dataset_consumes_1_never_scheduled to None, run_after=None
[2024-07-24T10:36:14.584+0000] {logging_mixin.py:188} INFO - [2024-07-24T10:36:14.584+0000] {dag.py:3947} INFO - Setting next_dagrun for dataset_consumes_unknown_never_scheduled to None, run_after=None
[2024-07-24T10:36:14.585+0000] {logging_mixin.py:188} INFO - [2024-07-24T10:36:14.585+0000] {dag.py:3947} INFO - Setting next_dagrun for dataset_produces_1 to 2024-07-23 00:00:00+00:00, run_after=2024-07-24 00:00:00+00:00
[2024-07-24T10:36:14.586+0000] {logging_mixin.py:188} INFO - [2024-07-24T10:36:14.586+0000] {dag.py:3947} INFO - Setting next_dagrun for dataset_produces_2 to None, run_after=None
[2024-07-24T10:36:14.599+0000] {processor.py:183} INFO - Processing /home/airflow/.local/lib/python3.12/site-packages/airflow/example_dags/example_datasets.py took 0.062 seconds
