[2024-07-24T10:35:11.982+0000] {processor.py:161} INFO - Started process (PID=54) to work on /home/airflow/.local/lib/python3.12/site-packages/airflow/example_dags/example_complex.py
[2024-07-24T10:35:11.983+0000] {processor.py:830} INFO - Processing file /home/airflow/.local/lib/python3.12/site-packages/airflow/example_dags/example_complex.py for tasks to queue
[2024-07-24T10:35:11.984+0000] {logging_mixin.py:188} INFO - [2024-07-24T10:35:11.984+0000] {dagbag.py:545} INFO - Filling up the DagBag from /home/airflow/.local/lib/python3.12/site-packages/airflow/example_dags/example_complex.py
[2024-07-24T10:35:11.990+0000] {processor.py:840} INFO - DAG(s) 'example_complex' retrieved from /home/airflow/.local/lib/python3.12/site-packages/airflow/example_dags/example_complex.py
[2024-07-24T10:35:11.994+0000] {logging_mixin.py:188} INFO - [2024-07-24T10:35:11.994+0000] {dag.py:3089} INFO - Sync 1 DAGs
[2024-07-24T10:35:11.999+0000] {logging_mixin.py:188} INFO - [2024-07-24T10:35:11.998+0000] {dag.py:3947} INFO - Setting next_dagrun for example_complex to None, run_after=None
[2024-07-24T10:35:12.009+0000] {processor.py:183} INFO - Processing /home/airflow/.local/lib/python3.12/site-packages/airflow/example_dags/example_complex.py took 0.029 seconds
[2024-07-24T10:35:43.155+0000] {processor.py:161} INFO - Started process (PID=112) to work on /home/airflow/.local/lib/python3.12/site-packages/airflow/example_dags/example_complex.py
[2024-07-24T10:35:43.157+0000] {processor.py:830} INFO - Processing file /home/airflow/.local/lib/python3.12/site-packages/airflow/example_dags/example_complex.py for tasks to queue
[2024-07-24T10:35:43.158+0000] {logging_mixin.py:188} INFO - [2024-07-24T10:35:43.158+0000] {dagbag.py:545} INFO - Filling up the DagBag from /home/airflow/.local/lib/python3.12/site-packages/airflow/example_dags/example_complex.py
[2024-07-24T10:35:43.163+0000] {processor.py:840} INFO - DAG(s) 'example_complex' retrieved from /home/airflow/.local/lib/python3.12/site-packages/airflow/example_dags/example_complex.py
[2024-07-24T10:35:43.207+0000] {logging_mixin.py:188} INFO - [2024-07-24T10:35:43.207+0000] {dag.py:3089} INFO - Sync 1 DAGs
[2024-07-24T10:35:43.211+0000] {logging_mixin.py:188} INFO - [2024-07-24T10:35:43.210+0000] {dag.py:3947} INFO - Setting next_dagrun for example_complex to None, run_after=None
[2024-07-24T10:35:43.220+0000] {processor.py:183} INFO - Processing /home/airflow/.local/lib/python3.12/site-packages/airflow/example_dags/example_complex.py took 0.067 seconds
[2024-07-24T10:36:14.033+0000] {processor.py:161} INFO - Started process (PID=177) to work on /home/airflow/.local/lib/python3.12/site-packages/airflow/example_dags/example_complex.py
[2024-07-24T10:36:14.037+0000] {processor.py:830} INFO - Processing file /home/airflow/.local/lib/python3.12/site-packages/airflow/example_dags/example_complex.py for tasks to queue
[2024-07-24T10:36:14.038+0000] {logging_mixin.py:188} INFO - [2024-07-24T10:36:14.038+0000] {dagbag.py:545} INFO - Filling up the DagBag from /home/airflow/.local/lib/python3.12/site-packages/airflow/example_dags/example_complex.py
[2024-07-24T10:36:14.046+0000] {processor.py:840} INFO - DAG(s) 'example_complex' retrieved from /home/airflow/.local/lib/python3.12/site-packages/airflow/example_dags/example_complex.py
[2024-07-24T10:36:14.064+0000] {logging_mixin.py:188} INFO - [2024-07-24T10:36:14.064+0000] {dag.py:3089} INFO - Sync 1 DAGs
[2024-07-24T10:36:14.073+0000] {logging_mixin.py:188} INFO - [2024-07-24T10:36:14.073+0000] {dag.py:3947} INFO - Setting next_dagrun for example_complex to None, run_after=None
[2024-07-24T10:36:14.083+0000] {processor.py:183} INFO - Processing /home/airflow/.local/lib/python3.12/site-packages/airflow/example_dags/example_complex.py took 0.053 seconds
