[2024-07-24T10:35:11.736+0000] {processor.py:161} INFO - Started process (PID=43) to work on /home/airflow/.local/lib/python3.12/site-packages/airflow/example_dags/example_dynamic_task_mapping_with_no_taskflow_operators.py
[2024-07-24T10:35:11.736+0000] {processor.py:830} INFO - Processing file /home/airflow/.local/lib/python3.12/site-packages/airflow/example_dags/example_dynamic_task_mapping_with_no_taskflow_operators.py for tasks to queue
[2024-07-24T10:35:11.737+0000] {logging_mixin.py:188} INFO - [2024-07-24T10:35:11.736+0000] {dagbag.py:545} INFO - Filling up the DagBag from /home/airflow/.local/lib/python3.12/site-packages/airflow/example_dags/example_dynamic_task_mapping_with_no_taskflow_operators.py
[2024-07-24T10:35:11.740+0000] {processor.py:840} INFO - DAG(s) 'example_dynamic_task_mapping_with_no_taskflow_operators' retrieved from /home/airflow/.local/lib/python3.12/site-packages/airflow/example_dags/example_dynamic_task_mapping_with_no_taskflow_operators.py
[2024-07-24T10:35:11.744+0000] {logging_mixin.py:188} INFO - [2024-07-24T10:35:11.744+0000] {dag.py:3089} INFO - Sync 1 DAGs
[2024-07-24T10:35:11.756+0000] {logging_mixin.py:188} INFO - [2024-07-24T10:35:11.756+0000] {dag.py:3947} INFO - Setting next_dagrun for example_dynamic_task_mapping_with_no_taskflow_operators to 2024-07-23 00:00:00+00:00, run_after=2024-07-24 00:00:00+00:00
[2024-07-24T10:35:11.770+0000] {processor.py:183} INFO - Processing /home/airflow/.local/lib/python3.12/site-packages/airflow/example_dags/example_dynamic_task_mapping_with_no_taskflow_operators.py took 0.037 seconds
[2024-07-24T10:35:42.579+0000] {processor.py:161} INFO - Started process (PID=101) to work on /home/airflow/.local/lib/python3.12/site-packages/airflow/example_dags/example_dynamic_task_mapping_with_no_taskflow_operators.py
[2024-07-24T10:35:42.579+0000] {processor.py:830} INFO - Processing file /home/airflow/.local/lib/python3.12/site-packages/airflow/example_dags/example_dynamic_task_mapping_with_no_taskflow_operators.py for tasks to queue
[2024-07-24T10:35:42.580+0000] {logging_mixin.py:188} INFO - [2024-07-24T10:35:42.580+0000] {dagbag.py:545} INFO - Filling up the DagBag from /home/airflow/.local/lib/python3.12/site-packages/airflow/example_dags/example_dynamic_task_mapping_with_no_taskflow_operators.py
[2024-07-24T10:35:42.585+0000] {processor.py:840} INFO - DAG(s) 'example_dynamic_task_mapping_with_no_taskflow_operators' retrieved from /home/airflow/.local/lib/python3.12/site-packages/airflow/example_dags/example_dynamic_task_mapping_with_no_taskflow_operators.py
[2024-07-24T10:35:42.627+0000] {logging_mixin.py:188} INFO - [2024-07-24T10:35:42.627+0000] {dag.py:3089} INFO - Sync 1 DAGs
[2024-07-24T10:35:42.636+0000] {logging_mixin.py:188} INFO - [2024-07-24T10:35:42.636+0000] {dag.py:3947} INFO - Setting next_dagrun for example_dynamic_task_mapping_with_no_taskflow_operators to 2024-07-23 00:00:00+00:00, run_after=2024-07-24 00:00:00+00:00
[2024-07-24T10:35:42.646+0000] {processor.py:183} INFO - Processing /home/airflow/.local/lib/python3.12/site-packages/airflow/example_dags/example_dynamic_task_mapping_with_no_taskflow_operators.py took 0.070 seconds
[2024-07-24T10:36:13.365+0000] {processor.py:161} INFO - Started process (PID=159) to work on /home/airflow/.local/lib/python3.12/site-packages/airflow/example_dags/example_dynamic_task_mapping_with_no_taskflow_operators.py
[2024-07-24T10:36:13.365+0000] {processor.py:830} INFO - Processing file /home/airflow/.local/lib/python3.12/site-packages/airflow/example_dags/example_dynamic_task_mapping_with_no_taskflow_operators.py for tasks to queue
[2024-07-24T10:36:13.366+0000] {logging_mixin.py:188} INFO - [2024-07-24T10:36:13.366+0000] {dagbag.py:545} INFO - Filling up the DagBag from /home/airflow/.local/lib/python3.12/site-packages/airflow/example_dags/example_dynamic_task_mapping_with_no_taskflow_operators.py
[2024-07-24T10:36:13.370+0000] {processor.py:840} INFO - DAG(s) 'example_dynamic_task_mapping_with_no_taskflow_operators' retrieved from /home/airflow/.local/lib/python3.12/site-packages/airflow/example_dags/example_dynamic_task_mapping_with_no_taskflow_operators.py
[2024-07-24T10:36:13.381+0000] {logging_mixin.py:188} INFO - [2024-07-24T10:36:13.381+0000] {dag.py:3089} INFO - Sync 1 DAGs
[2024-07-24T10:36:13.397+0000] {logging_mixin.py:188} INFO - [2024-07-24T10:36:13.397+0000] {dag.py:3947} INFO - Setting next_dagrun for example_dynamic_task_mapping_with_no_taskflow_operators to 2024-07-23 00:00:00+00:00, run_after=2024-07-24 00:00:00+00:00
[2024-07-24T10:36:13.410+0000] {processor.py:183} INFO - Processing /home/airflow/.local/lib/python3.12/site-packages/airflow/example_dags/example_dynamic_task_mapping_with_no_taskflow_operators.py took 0.048 seconds
