[2024-07-24T10:35:12.003+0000] {processor.py:161} INFO - Started process (PID=55) to work on /home/airflow/.local/lib/python3.12/site-packages/airflow/example_dags/example_sensors.py
[2024-07-24T10:35:12.004+0000] {processor.py:830} INFO - Processing file /home/airflow/.local/lib/python3.12/site-packages/airflow/example_dags/example_sensors.py for tasks to queue
[2024-07-24T10:35:12.005+0000] {logging_mixin.py:188} INFO - [2024-07-24T10:35:12.005+0000] {dagbag.py:545} INFO - Filling up the DagBag from /home/airflow/.local/lib/python3.12/site-packages/airflow/example_dags/example_sensors.py
[2024-07-24T10:35:12.009+0000] {processor.py:840} INFO - DAG(s) 'example_sensors' retrieved from /home/airflow/.local/lib/python3.12/site-packages/airflow/example_dags/example_sensors.py
[2024-07-24T10:35:12.014+0000] {logging_mixin.py:188} INFO - [2024-07-24T10:35:12.014+0000] {dag.py:3089} INFO - Sync 1 DAGs
[2024-07-24T10:35:12.019+0000] {logging_mixin.py:188} INFO - [2024-07-24T10:35:12.019+0000] {dag.py:3947} INFO - Setting next_dagrun for example_sensors to None, run_after=None
[2024-07-24T10:35:12.026+0000] {processor.py:183} INFO - Processing /home/airflow/.local/lib/python3.12/site-packages/airflow/example_dags/example_sensors.py took 0.025 seconds
[2024-07-24T10:35:43.156+0000] {processor.py:161} INFO - Started process (PID=113) to work on /home/airflow/.local/lib/python3.12/site-packages/airflow/example_dags/example_sensors.py
[2024-07-24T10:35:43.157+0000] {processor.py:830} INFO - Processing file /home/airflow/.local/lib/python3.12/site-packages/airflow/example_dags/example_sensors.py for tasks to queue
[2024-07-24T10:35:43.158+0000] {logging_mixin.py:188} INFO - [2024-07-24T10:35:43.158+0000] {dagbag.py:545} INFO - Filling up the DagBag from /home/airflow/.local/lib/python3.12/site-packages/airflow/example_dags/example_sensors.py
[2024-07-24T10:35:43.162+0000] {processor.py:840} INFO - DAG(s) 'example_sensors' retrieved from /home/airflow/.local/lib/python3.12/site-packages/airflow/example_dags/example_sensors.py
[2024-07-24T10:35:43.207+0000] {logging_mixin.py:188} INFO - [2024-07-24T10:35:43.207+0000] {dag.py:3089} INFO - Sync 1 DAGs
[2024-07-24T10:35:43.212+0000] {logging_mixin.py:188} INFO - [2024-07-24T10:35:43.212+0000] {dag.py:3947} INFO - Setting next_dagrun for example_sensors to None, run_after=None
[2024-07-24T10:35:43.224+0000] {processor.py:183} INFO - Processing /home/airflow/.local/lib/python3.12/site-packages/airflow/example_dags/example_sensors.py took 0.069 seconds
[2024-07-24T10:36:14.079+0000] {processor.py:161} INFO - Started process (PID=178) to work on /home/airflow/.local/lib/python3.12/site-packages/airflow/example_dags/example_sensors.py
[2024-07-24T10:36:14.080+0000] {processor.py:830} INFO - Processing file /home/airflow/.local/lib/python3.12/site-packages/airflow/example_dags/example_sensors.py for tasks to queue
[2024-07-24T10:36:14.081+0000] {logging_mixin.py:188} INFO - [2024-07-24T10:36:14.081+0000] {dagbag.py:545} INFO - Filling up the DagBag from /home/airflow/.local/lib/python3.12/site-packages/airflow/example_dags/example_sensors.py
[2024-07-24T10:36:14.086+0000] {processor.py:840} INFO - DAG(s) 'example_sensors' retrieved from /home/airflow/.local/lib/python3.12/site-packages/airflow/example_dags/example_sensors.py
[2024-07-24T10:36:14.099+0000] {logging_mixin.py:188} INFO - [2024-07-24T10:36:14.099+0000] {dag.py:3089} INFO - Sync 1 DAGs
[2024-07-24T10:36:14.107+0000] {logging_mixin.py:188} INFO - [2024-07-24T10:36:14.107+0000] {dag.py:3947} INFO - Setting next_dagrun for example_sensors to None, run_after=None
[2024-07-24T10:36:14.131+0000] {processor.py:183} INFO - Processing /home/airflow/.local/lib/python3.12/site-packages/airflow/example_dags/example_sensors.py took 0.055 seconds
