[2024-07-24T10:35:12.245+0000] {processor.py:161} INFO - Started process (PID=64) to work on /home/airflow/.local/lib/python3.12/site-packages/airflow/example_dags/example_dag_decorator.py
[2024-07-24T10:35:12.245+0000] {processor.py:830} INFO - Processing file /home/airflow/.local/lib/python3.12/site-packages/airflow/example_dags/example_dag_decorator.py for tasks to queue
[2024-07-24T10:35:12.246+0000] {logging_mixin.py:188} INFO - [2024-07-24T10:35:12.246+0000] {dagbag.py:545} INFO - Filling up the DagBag from /home/airflow/.local/lib/python3.12/site-packages/airflow/example_dags/example_dag_decorator.py
[2024-07-24T10:35:12.463+0000] {processor.py:840} INFO - DAG(s) 'example_dag_decorator' retrieved from /home/airflow/.local/lib/python3.12/site-packages/airflow/example_dags/example_dag_decorator.py
[2024-07-24T10:35:12.472+0000] {logging_mixin.py:188} INFO - [2024-07-24T10:35:12.472+0000] {dag.py:3089} INFO - Sync 1 DAGs
[2024-07-24T10:35:12.481+0000] {logging_mixin.py:188} INFO - [2024-07-24T10:35:12.481+0000] {dag.py:3947} INFO - Setting next_dagrun for example_dag_decorator to None, run_after=None
[2024-07-24T10:35:12.503+0000] {processor.py:183} INFO - Processing /home/airflow/.local/lib/python3.12/site-packages/airflow/example_dags/example_dag_decorator.py took 0.261 seconds
[2024-07-24T10:35:43.635+0000] {processor.py:161} INFO - Started process (PID=128) to work on /home/airflow/.local/lib/python3.12/site-packages/airflow/example_dags/example_dag_decorator.py
[2024-07-24T10:35:43.640+0000] {processor.py:830} INFO - Processing file /home/airflow/.local/lib/python3.12/site-packages/airflow/example_dags/example_dag_decorator.py for tasks to queue
[2024-07-24T10:35:43.642+0000] {logging_mixin.py:188} INFO - [2024-07-24T10:35:43.642+0000] {dagbag.py:545} INFO - Filling up the DagBag from /home/airflow/.local/lib/python3.12/site-packages/airflow/example_dags/example_dag_decorator.py
[2024-07-24T10:35:43.712+0000] {processor.py:840} INFO - DAG(s) 'example_dag_decorator' retrieved from /home/airflow/.local/lib/python3.12/site-packages/airflow/example_dags/example_dag_decorator.py
[2024-07-24T10:35:43.746+0000] {logging_mixin.py:188} INFO - [2024-07-24T10:35:43.746+0000] {dag.py:3089} INFO - Sync 1 DAGs
[2024-07-24T10:35:43.752+0000] {logging_mixin.py:188} INFO - [2024-07-24T10:35:43.752+0000] {dag.py:3947} INFO - Setting next_dagrun for example_dag_decorator to None, run_after=None
[2024-07-24T10:35:43.762+0000] {processor.py:183} INFO - Processing /home/airflow/.local/lib/python3.12/site-packages/airflow/example_dags/example_dag_decorator.py took 0.130 seconds
[2024-07-24T10:36:14.359+0000] {processor.py:161} INFO - Started process (PID=187) to work on /home/airflow/.local/lib/python3.12/site-packages/airflow/example_dags/example_dag_decorator.py
[2024-07-24T10:36:14.361+0000] {processor.py:830} INFO - Processing file /home/airflow/.local/lib/python3.12/site-packages/airflow/example_dags/example_dag_decorator.py for tasks to queue
[2024-07-24T10:36:14.362+0000] {logging_mixin.py:188} INFO - [2024-07-24T10:36:14.361+0000] {dagbag.py:545} INFO - Filling up the DagBag from /home/airflow/.local/lib/python3.12/site-packages/airflow/example_dags/example_dag_decorator.py
[2024-07-24T10:36:14.418+0000] {processor.py:840} INFO - DAG(s) 'example_dag_decorator' retrieved from /home/airflow/.local/lib/python3.12/site-packages/airflow/example_dags/example_dag_decorator.py
[2024-07-24T10:36:14.477+0000] {logging_mixin.py:188} INFO - [2024-07-24T10:36:14.476+0000] {dag.py:3089} INFO - Sync 1 DAGs
[2024-07-24T10:36:14.481+0000] {logging_mixin.py:188} INFO - [2024-07-24T10:36:14.481+0000] {dag.py:3947} INFO - Setting next_dagrun for example_dag_decorator to None, run_after=None
[2024-07-24T10:36:14.491+0000] {processor.py:183} INFO - Processing /home/airflow/.local/lib/python3.12/site-packages/airflow/example_dags/example_dag_decorator.py took 0.135 seconds
