[2024-07-24T10:35:11.744+0000] {processor.py:161} INFO - Started process (PID=44) to work on /home/airflow/.local/lib/python3.12/site-packages/airflow/example_dags/example_subdag_operator.py
[2024-07-24T10:35:11.744+0000] {processor.py:830} INFO - Processing file /home/airflow/.local/lib/python3.12/site-packages/airflow/example_dags/example_subdag_operator.py for tasks to queue
[2024-07-24T10:35:11.748+0000] {logging_mixin.py:188} INFO - [2024-07-24T10:35:11.747+0000] {dagbag.py:545} INFO - Filling up the DagBag from /home/airflow/.local/lib/python3.12/site-packages/airflow/example_dags/example_subdag_operator.py
[2024-07-24T10:35:11.763+0000] {processor.py:840} INFO - DAG(s) 'example_subdag_operator.section-1', 'example_subdag_operator.section-2', 'example_subdag_operator' retrieved from /home/airflow/.local/lib/python3.12/site-packages/airflow/example_dags/example_subdag_operator.py
[2024-07-24T10:35:11.765+0000] {logging_mixin.py:188} INFO - [2024-07-24T10:35:11.765+0000] {dag.py:3089} INFO - Sync 3 DAGs
[2024-07-24T10:35:11.778+0000] {logging_mixin.py:188} INFO - [2024-07-24T10:35:11.778+0000] {dag.py:3947} INFO - Setting next_dagrun for example_subdag_operator to 2022-01-01 00:00:00+00:00, run_after=2022-01-01 00:00:00+00:00
[2024-07-24T10:35:11.780+0000] {logging_mixin.py:188} INFO - [2024-07-24T10:35:11.780+0000] {dag.py:3947} INFO - Setting next_dagrun for example_subdag_operator.section-1 to None, run_after=None
[2024-07-24T10:35:11.781+0000] {logging_mixin.py:188} INFO - [2024-07-24T10:35:11.781+0000] {dag.py:3947} INFO - Setting next_dagrun for example_subdag_operator.section-2 to None, run_after=None
[2024-07-24T10:35:11.785+0000] {logging_mixin.py:188} INFO - [2024-07-24T10:35:11.785+0000] {dag.py:3089} INFO - Sync 2 DAGs
[2024-07-24T10:35:11.787+0000] {logging_mixin.py:188} INFO - [2024-07-24T10:35:11.787+0000] {dag.py:3947} INFO - Setting next_dagrun for example_subdag_operator.section-1 to None, run_after=None
[2024-07-24T10:35:11.787+0000] {logging_mixin.py:188} INFO - [2024-07-24T10:35:11.787+0000] {dag.py:3947} INFO - Setting next_dagrun for example_subdag_operator.section-2 to None, run_after=None
[2024-07-24T10:35:11.791+0000] {processor.py:183} INFO - Processing /home/airflow/.local/lib/python3.12/site-packages/airflow/example_dags/example_subdag_operator.py took 0.049 seconds
[2024-07-24T10:35:42.651+0000] {processor.py:161} INFO - Started process (PID=102) to work on /home/airflow/.local/lib/python3.12/site-packages/airflow/example_dags/example_subdag_operator.py
[2024-07-24T10:35:42.652+0000] {processor.py:830} INFO - Processing file /home/airflow/.local/lib/python3.12/site-packages/airflow/example_dags/example_subdag_operator.py for tasks to queue
[2024-07-24T10:35:42.652+0000] {logging_mixin.py:188} INFO - [2024-07-24T10:35:42.652+0000] {dagbag.py:545} INFO - Filling up the DagBag from /home/airflow/.local/lib/python3.12/site-packages/airflow/example_dags/example_subdag_operator.py
[2024-07-24T10:35:42.666+0000] {processor.py:840} INFO - DAG(s) 'example_subdag_operator.section-1', 'example_subdag_operator.section-2', 'example_subdag_operator' retrieved from /home/airflow/.local/lib/python3.12/site-packages/airflow/example_dags/example_subdag_operator.py
[2024-07-24T10:35:42.711+0000] {logging_mixin.py:188} INFO - [2024-07-24T10:35:42.710+0000] {dag.py:3089} INFO - Sync 3 DAGs
[2024-07-24T10:35:42.721+0000] {logging_mixin.py:188} INFO - [2024-07-24T10:35:42.721+0000] {dag.py:3947} INFO - Setting next_dagrun for example_subdag_operator to 2022-01-01 00:00:00+00:00, run_after=2022-01-01 00:00:00+00:00
[2024-07-24T10:35:42.722+0000] {logging_mixin.py:188} INFO - [2024-07-24T10:35:42.722+0000] {dag.py:3947} INFO - Setting next_dagrun for example_subdag_operator.section-1 to None, run_after=None
[2024-07-24T10:35:42.723+0000] {logging_mixin.py:188} INFO - [2024-07-24T10:35:42.723+0000] {dag.py:3947} INFO - Setting next_dagrun for example_subdag_operator.section-2 to None, run_after=None
[2024-07-24T10:35:42.728+0000] {logging_mixin.py:188} INFO - [2024-07-24T10:35:42.728+0000] {dag.py:3089} INFO - Sync 2 DAGs
[2024-07-24T10:35:42.731+0000] {logging_mixin.py:188} INFO - [2024-07-24T10:35:42.731+0000] {dag.py:3947} INFO - Setting next_dagrun for example_subdag_operator.section-1 to None, run_after=None
[2024-07-24T10:35:42.731+0000] {logging_mixin.py:188} INFO - [2024-07-24T10:35:42.731+0000] {dag.py:3947} INFO - Setting next_dagrun for example_subdag_operator.section-2 to None, run_after=None
[2024-07-24T10:35:42.738+0000] {processor.py:183} INFO - Processing /home/airflow/.local/lib/python3.12/site-packages/airflow/example_dags/example_subdag_operator.py took 0.089 seconds
[2024-07-24T10:36:13.422+0000] {processor.py:161} INFO - Started process (PID=160) to work on /home/airflow/.local/lib/python3.12/site-packages/airflow/example_dags/example_subdag_operator.py
[2024-07-24T10:36:13.423+0000] {processor.py:830} INFO - Processing file /home/airflow/.local/lib/python3.12/site-packages/airflow/example_dags/example_subdag_operator.py for tasks to queue
[2024-07-24T10:36:13.424+0000] {logging_mixin.py:188} INFO - [2024-07-24T10:36:13.424+0000] {dagbag.py:545} INFO - Filling up the DagBag from /home/airflow/.local/lib/python3.12/site-packages/airflow/example_dags/example_subdag_operator.py
[2024-07-24T10:36:13.441+0000] {processor.py:840} INFO - DAG(s) 'example_subdag_operator.section-1', 'example_subdag_operator.section-2', 'example_subdag_operator' retrieved from /home/airflow/.local/lib/python3.12/site-packages/airflow/example_dags/example_subdag_operator.py
[2024-07-24T10:36:13.454+0000] {logging_mixin.py:188} INFO - [2024-07-24T10:36:13.453+0000] {dag.py:3089} INFO - Sync 3 DAGs
[2024-07-24T10:36:13.470+0000] {logging_mixin.py:188} INFO - [2024-07-24T10:36:13.469+0000] {dag.py:3947} INFO - Setting next_dagrun for example_subdag_operator to 2022-01-01 00:00:00+00:00, run_after=2022-01-01 00:00:00+00:00
[2024-07-24T10:36:13.472+0000] {logging_mixin.py:188} INFO - [2024-07-24T10:36:13.472+0000] {dag.py:3947} INFO - Setting next_dagrun for example_subdag_operator.section-1 to None, run_after=None
[2024-07-24T10:36:13.485+0000] {logging_mixin.py:188} INFO - [2024-07-24T10:36:13.484+0000] {dag.py:3947} INFO - Setting next_dagrun for example_subdag_operator.section-2 to None, run_after=None
[2024-07-24T10:36:13.504+0000] {logging_mixin.py:188} INFO - [2024-07-24T10:36:13.504+0000] {dag.py:3089} INFO - Sync 2 DAGs
[2024-07-24T10:36:13.518+0000] {logging_mixin.py:188} INFO - [2024-07-24T10:36:13.518+0000] {dag.py:3947} INFO - Setting next_dagrun for example_subdag_operator.section-1 to None, run_after=None
[2024-07-24T10:36:13.524+0000] {logging_mixin.py:188} INFO - [2024-07-24T10:36:13.523+0000] {dag.py:3947} INFO - Setting next_dagrun for example_subdag_operator.section-2 to None, run_after=None
[2024-07-24T10:36:13.556+0000] {processor.py:183} INFO - Processing /home/airflow/.local/lib/python3.12/site-packages/airflow/example_dags/example_subdag_operator.py took 0.137 seconds
