[2024-07-24T10:55:07.317+0000] {local_task_job_runner.py:120} INFO - ::group::Pre task execution logs
[2024-07-24T10:55:07.330+0000] {taskinstance.py:2076} INFO - Dependencies all met for dep_context=non-requeueable deps ti=<TaskInstance: first_dag.third_task manual__2024-07-24T10:55:05.626302+00:00 [queued]>
[2024-07-24T10:55:07.334+0000] {taskinstance.py:2076} INFO - Dependencies all met for dep_context=requeueable deps ti=<TaskInstance: first_dag.third_task manual__2024-07-24T10:55:05.626302+00:00 [queued]>
[2024-07-24T10:55:07.334+0000] {taskinstance.py:2306} INFO - Starting attempt 1 of 6
[2024-07-24T10:55:07.341+0000] {taskinstance.py:2330} INFO - Executing <Task(BashOperator): third_task> on 2024-07-24 10:55:05.626302+00:00
[2024-07-24T10:55:07.344+0000] {warnings.py:112} WARNING - /home/***/.local/lib/python3.12/site-packages/***/task/task_runner/standard_task_runner.py:62: DeprecationWarning: This process (pid=316) is multi-threaded, use of fork() may lead to deadlocks in the child.
  pid = os.fork()

[2024-07-24T10:55:07.345+0000] {standard_task_runner.py:64} INFO - Started process 318 to run task
[2024-07-24T10:55:07.345+0000] {standard_task_runner.py:90} INFO - Running: ['***', 'tasks', 'run', 'first_dag', 'third_task', 'manual__2024-07-24T10:55:05.626302+00:00', '--job-id', '13', '--raw', '--subdir', 'DAGS_FOLDER/first_dag.py', '--cfg-path', '/tmp/tmp5dzsl2j6']
[2024-07-24T10:55:07.346+0000] {standard_task_runner.py:91} INFO - Job 13: Subtask third_task
[2024-07-24T10:55:07.378+0000] {task_command.py:426} INFO - Running <TaskInstance: first_dag.third_task manual__2024-07-24T10:55:05.626302+00:00 [running]> on host 312fcc3259a2
[2024-07-24T10:55:07.468+0000] {taskinstance.py:2648} INFO - Exporting env vars: AIRFLOW_CTX_DAG_OWNER='Pattakit' AIRFLOW_CTX_DAG_ID='first_dag' AIRFLOW_CTX_TASK_ID='third_task' AIRFLOW_CTX_EXECUTION_DATE='2024-07-24T10:55:05.626302+00:00' AIRFLOW_CTX_TRY_NUMBER='1' AIRFLOW_CTX_DAG_RUN_ID='manual__2024-07-24T10:55:05.626302+00:00'
[2024-07-24T10:55:07.469+0000] {taskinstance.py:430} INFO - ::endgroup::
[2024-07-24T10:55:07.484+0000] {subprocess.py:63} INFO - Tmp dir root location: /tmp
[2024-07-24T10:55:07.486+0000] {subprocess.py:75} INFO - Running command: ['/usr/bin/bash', '-c', 'echo hey i am task three']
[2024-07-24T10:55:07.493+0000] {subprocess.py:86} INFO - Output:
[2024-07-24T10:55:07.494+0000] {subprocess.py:93} INFO - hey i am task three
[2024-07-24T10:55:07.494+0000] {subprocess.py:97} INFO - Command exited with return code 0
[2024-07-24T10:55:07.495+0000] {taskinstance.py:441} INFO - ::group::Post task execution logs
[2024-07-24T10:55:07.553+0000] {taskinstance.py:1206} INFO - Marking task as SUCCESS. dag_id=first_dag, task_id=third_task, run_id=manual__2024-07-24T10:55:05.626302+00:00, execution_date=20240724T105505, start_date=20240724T105507, end_date=20240724T105507
[2024-07-24T10:55:07.572+0000] {local_task_job_runner.py:243} INFO - Task exited with return code 0
[2024-07-24T10:55:07.582+0000] {taskinstance.py:3503} INFO - 0 downstream tasks scheduled from follow-on schedule check
[2024-07-24T10:55:07.583+0000] {local_task_job_runner.py:222} INFO - ::endgroup::
