[2024-07-25T16:37:17.755+0000] {local_task_job_runner.py:120} INFO - ::group::Pre task execution logs
[2024-07-25T16:37:17.777+0000] {taskinstance.py:2076} INFO - Dependencies all met for dep_context=non-requeueable deps ti=<TaskInstance: cron_format_dag_v3.task1 scheduled__2024-07-24T03:00:00+00:00 [queued]>
[2024-07-25T16:37:17.784+0000] {taskinstance.py:2076} INFO - Dependencies all met for dep_context=requeueable deps ti=<TaskInstance: cron_format_dag_v3.task1 scheduled__2024-07-24T03:00:00+00:00 [queued]>
[2024-07-25T16:37:17.784+0000] {taskinstance.py:2306} INFO - Starting attempt 1 of 6
[2024-07-25T16:37:17.793+0000] {taskinstance.py:2330} INFO - Executing <Task(BashOperator): task1> on 2024-07-24 03:00:00+00:00
[2024-07-25T16:37:17.795+0000] {warnings.py:112} WARNING - /home/***/.local/lib/python3.12/site-packages/***/task/task_runner/standard_task_runner.py:62: DeprecationWarning: This process (pid=163) is multi-threaded, use of fork() may lead to deadlocks in the child.
  pid = os.fork()

[2024-07-25T16:37:17.796+0000] {standard_task_runner.py:64} INFO - Started process 172 to run task
[2024-07-25T16:37:17.796+0000] {standard_task_runner.py:90} INFO - Running: ['***', 'tasks', 'run', 'cron_format_dag_v3', 'task1', 'scheduled__2024-07-24T03:00:00+00:00', '--job-id', '20', '--raw', '--subdir', 'DAGS_FOLDER/cron_dag.py', '--cfg-path', '/tmp/tmpi33qr__5']
[2024-07-25T16:37:17.796+0000] {standard_task_runner.py:91} INFO - Job 20: Subtask task1
[2024-07-25T16:37:17.813+0000] {task_command.py:426} INFO - Running <TaskInstance: cron_format_dag_v3.task1 scheduled__2024-07-24T03:00:00+00:00 [running]> on host 7c5f22b81ce4
[2024-07-25T16:37:17.840+0000] {taskinstance.py:2648} INFO - Exporting env vars: AIRFLOW_CTX_DAG_OWNER='Pattakit' AIRFLOW_CTX_DAG_ID='cron_format_dag_v3' AIRFLOW_CTX_TASK_ID='task1' AIRFLOW_CTX_EXECUTION_DATE='2024-07-24T03:00:00+00:00' AIRFLOW_CTX_TRY_NUMBER='1' AIRFLOW_CTX_DAG_RUN_ID='scheduled__2024-07-24T03:00:00+00:00'
[2024-07-25T16:37:17.840+0000] {taskinstance.py:430} INFO - ::endgroup::
[2024-07-25T16:37:17.845+0000] {subprocess.py:63} INFO - Tmp dir root location: /tmp
[2024-07-25T16:37:17.845+0000] {subprocess.py:75} INFO - Running command: ['/usr/bin/bash', '-c', 'echo dag with cron expression']
[2024-07-25T16:37:17.848+0000] {subprocess.py:86} INFO - Output:
[2024-07-25T16:37:17.848+0000] {subprocess.py:93} INFO - dag with cron expression
[2024-07-25T16:37:17.848+0000] {subprocess.py:97} INFO - Command exited with return code 0
[2024-07-25T16:37:17.849+0000] {taskinstance.py:441} INFO - ::group::Post task execution logs
[2024-07-25T16:37:17.857+0000] {taskinstance.py:1206} INFO - Marking task as SUCCESS. dag_id=cron_format_dag_v3, task_id=task1, run_id=scheduled__2024-07-24T03:00:00+00:00, execution_date=20240724T030000, start_date=20240725T163717, end_date=20240725T163717
[2024-07-25T16:37:17.902+0000] {local_task_job_runner.py:243} INFO - Task exited with return code 0
[2024-07-25T16:37:17.909+0000] {taskinstance.py:3503} INFO - 0 downstream tasks scheduled from follow-on schedule check
[2024-07-25T16:37:17.910+0000] {local_task_job_runner.py:222} INFO - ::endgroup::
