[2024-07-25T16:09:20.233+0000] {local_task_job_runner.py:120} INFO - ::group::Pre task execution logs
[2024-07-25T16:09:20.273+0000] {taskinstance.py:2076} INFO - Dependencies all met for dep_context=non-requeueable deps ti=<TaskInstance: catchup_backfill_dag.py.task1 scheduled__2024-07-23T00:00:00+00:00 [queued]>
[2024-07-25T16:09:20.285+0000] {taskinstance.py:2076} INFO - Dependencies all met for dep_context=requeueable deps ti=<TaskInstance: catchup_backfill_dag.py.task1 scheduled__2024-07-23T00:00:00+00:00 [queued]>
[2024-07-25T16:09:20.285+0000] {taskinstance.py:2306} INFO - Starting attempt 1 of 6
[2024-07-25T16:09:20.297+0000] {taskinstance.py:2330} INFO - Executing <Task(BashOperator): task1> on 2024-07-23 00:00:00+00:00
[2024-07-25T16:09:20.303+0000] {standard_task_runner.py:90} INFO - Running: ['***', 'tasks', 'run', 'catchup_backfill_dag.py', 'task1', 'scheduled__2024-07-23T00:00:00+00:00', '--job-id', '17', '--raw', '--subdir', 'DAGS_FOLDER/catchup_backfill_dag.py', '--cfg-path', '/tmp/tmpmsps07pq']
[2024-07-25T16:09:20.303+0000] {warnings.py:112} WARNING - /home/***/.local/lib/python3.12/site-packages/***/task/task_runner/standard_task_runner.py:62: DeprecationWarning: This process (pid=849) is multi-threaded, use of fork() may lead to deadlocks in the child.
  pid = os.fork()

[2024-07-25T16:09:20.305+0000] {standard_task_runner.py:91} INFO - Job 17: Subtask task1
[2024-07-25T16:09:20.305+0000] {standard_task_runner.py:64} INFO - Started process 851 to run task
[2024-07-25T16:09:20.341+0000] {task_command.py:426} INFO - Running <TaskInstance: catchup_backfill_dag.py.task1 scheduled__2024-07-23T00:00:00+00:00 [running]> on host 31e8b1faccd6
[2024-07-25T16:09:20.492+0000] {taskinstance.py:2648} INFO - Exporting env vars: AIRFLOW_CTX_DAG_OWNER='Pattakit' AIRFLOW_CTX_DAG_ID='catchup_backfill_dag.py' AIRFLOW_CTX_TASK_ID='task1' AIRFLOW_CTX_EXECUTION_DATE='2024-07-23T00:00:00+00:00' AIRFLOW_CTX_TRY_NUMBER='1' AIRFLOW_CTX_DAG_RUN_ID='scheduled__2024-07-23T00:00:00+00:00'
[2024-07-25T16:09:20.493+0000] {taskinstance.py:430} INFO - ::endgroup::
[2024-07-25T16:09:20.520+0000] {subprocess.py:63} INFO - Tmp dir root location: /tmp
[2024-07-25T16:09:20.521+0000] {subprocess.py:75} INFO - Running command: ['/usr/bin/bash', '-c', 'echo This is a simple bash command']
[2024-07-25T16:09:20.525+0000] {subprocess.py:86} INFO - Output:
[2024-07-25T16:09:20.525+0000] {subprocess.py:93} INFO - This is a simple bash command
[2024-07-25T16:09:20.525+0000] {subprocess.py:97} INFO - Command exited with return code 0
[2024-07-25T16:09:20.526+0000] {taskinstance.py:441} INFO - ::group::Post task execution logs
[2024-07-25T16:09:20.538+0000] {taskinstance.py:1206} INFO - Marking task as SUCCESS. dag_id=catchup_backfill_dag.py, task_id=task1, run_id=scheduled__2024-07-23T00:00:00+00:00, execution_date=20240723T000000, start_date=20240725T160920, end_date=20240725T160920
[2024-07-25T16:09:20.576+0000] {local_task_job_runner.py:243} INFO - Task exited with return code 0
[2024-07-25T16:09:20.603+0000] {taskinstance.py:3503} INFO - 0 downstream tasks scheduled from follow-on schedule check
[2024-07-25T16:09:20.605+0000] {local_task_job_runner.py:222} INFO - ::endgroup::
