[2024-07-24T11:02:56.540+0000] {local_task_job_runner.py:120} INFO - ::group::Pre task execution logs
[2024-07-24T11:02:56.552+0000] {taskinstance.py:2076} INFO - Dependencies all met for dep_context=non-requeueable deps ti=<TaskInstance: first_dag.second_task manual__2024-07-24T11:02:54.329074+00:00 [queued]>
[2024-07-24T11:02:56.555+0000] {taskinstance.py:2076} INFO - Dependencies all met for dep_context=requeueable deps ti=<TaskInstance: first_dag.second_task manual__2024-07-24T11:02:54.329074+00:00 [queued]>
[2024-07-24T11:02:56.556+0000] {taskinstance.py:2306} INFO - Starting attempt 1 of 6
[2024-07-24T11:02:56.564+0000] {taskinstance.py:2330} INFO - Executing <Task(BashOperator): second_task> on 2024-07-24 11:02:54.329074+00:00
[2024-07-24T11:02:56.571+0000] {warnings.py:112} WARNING - /home/***/.local/lib/python3.12/site-packages/***/task/task_runner/standard_task_runner.py:62: DeprecationWarning: This process (pid=430) is multi-threaded, use of fork() may lead to deadlocks in the child.
  pid = os.fork()

[2024-07-24T11:02:56.572+0000] {standard_task_runner.py:90} INFO - Running: ['***', 'tasks', 'run', 'first_dag', 'second_task', 'manual__2024-07-24T11:02:54.329074+00:00', '--job-id', '19', '--raw', '--subdir', 'DAGS_FOLDER/first_dag.py', '--cfg-path', '/tmp/tmpm0xkh9p0']
[2024-07-24T11:02:56.574+0000] {standard_task_runner.py:91} INFO - Job 19: Subtask second_task
[2024-07-24T11:02:56.574+0000] {standard_task_runner.py:64} INFO - Started process 433 to run task
[2024-07-24T11:02:56.602+0000] {task_command.py:426} INFO - Running <TaskInstance: first_dag.second_task manual__2024-07-24T11:02:54.329074+00:00 [running]> on host 312fcc3259a2
[2024-07-24T11:02:56.654+0000] {taskinstance.py:2648} INFO - Exporting env vars: AIRFLOW_CTX_DAG_OWNER='Pattakit' AIRFLOW_CTX_DAG_ID='first_dag' AIRFLOW_CTX_TASK_ID='second_task' AIRFLOW_CTX_EXECUTION_DATE='2024-07-24T11:02:54.329074+00:00' AIRFLOW_CTX_TRY_NUMBER='1' AIRFLOW_CTX_DAG_RUN_ID='manual__2024-07-24T11:02:54.329074+00:00'
[2024-07-24T11:02:56.656+0000] {taskinstance.py:430} INFO - ::endgroup::
[2024-07-24T11:02:56.672+0000] {subprocess.py:63} INFO - Tmp dir root location: /tmp
[2024-07-24T11:02:56.673+0000] {subprocess.py:75} INFO - Running command: ['/usr/bin/bash', '-c', 'echo hey, I am the second task and will run after first_tasj']
[2024-07-24T11:02:56.677+0000] {subprocess.py:86} INFO - Output:
[2024-07-24T11:02:56.678+0000] {subprocess.py:93} INFO - hey, I am the second task and will run after first_tasj
[2024-07-24T11:02:56.679+0000] {subprocess.py:97} INFO - Command exited with return code 0
[2024-07-24T11:02:56.679+0000] {taskinstance.py:441} INFO - ::group::Post task execution logs
[2024-07-24T11:02:56.690+0000] {taskinstance.py:1206} INFO - Marking task as SUCCESS. dag_id=first_dag, task_id=second_task, run_id=manual__2024-07-24T11:02:54.329074+00:00, execution_date=20240724T110254, start_date=20240724T110256, end_date=20240724T110256
[2024-07-24T11:02:56.718+0000] {local_task_job_runner.py:243} INFO - Task exited with return code 0
[2024-07-24T11:02:56.724+0000] {taskinstance.py:3503} INFO - 0 downstream tasks scheduled from follow-on schedule check
[2024-07-24T11:02:56.725+0000] {local_task_job_runner.py:222} INFO - ::endgroup::
