[2024-07-24T11:50:45.078+0000] {local_task_job_runner.py:120} INFO - ::group::Pre task execution logs
[2024-07-24T11:50:45.092+0000] {taskinstance.py:2076} INFO - Dependencies all met for dep_context=non-requeueable deps ti=<TaskInstance: python_dag.greet manual__2024-07-24T11:50:44.396583+00:00 [queued]>
[2024-07-24T11:50:45.095+0000] {taskinstance.py:2076} INFO - Dependencies all met for dep_context=requeueable deps ti=<TaskInstance: python_dag.greet manual__2024-07-24T11:50:44.396583+00:00 [queued]>
[2024-07-24T11:50:45.095+0000] {taskinstance.py:2306} INFO - Starting attempt 1 of 6
[2024-07-24T11:50:45.101+0000] {taskinstance.py:2330} INFO - Executing <Task(PythonOperator): greet> on 2024-07-24 11:50:44.396583+00:00
[2024-07-24T11:50:45.104+0000] {warnings.py:112} WARNING - /home/***/.local/lib/python3.12/site-packages/***/task/task_runner/standard_task_runner.py:62: DeprecationWarning: This process (pid=1078) is multi-threaded, use of fork() may lead to deadlocks in the child.
  pid = os.fork()

[2024-07-24T11:50:45.105+0000] {standard_task_runner.py:64} INFO - Started process 1079 to run task
[2024-07-24T11:50:45.105+0000] {standard_task_runner.py:90} INFO - Running: ['***', 'tasks', 'run', 'python_dag', 'greet', 'manual__2024-07-24T11:50:44.396583+00:00', '--job-id', '21', '--raw', '--subdir', 'DAGS_FOLDER/python_dag.py', '--cfg-path', '/tmp/tmpv6uc2kjv']
[2024-07-24T11:50:45.106+0000] {standard_task_runner.py:91} INFO - Job 21: Subtask greet
[2024-07-24T11:50:45.126+0000] {task_command.py:426} INFO - Running <TaskInstance: python_dag.greet manual__2024-07-24T11:50:44.396583+00:00 [running]> on host 312fcc3259a2
[2024-07-24T11:50:45.160+0000] {taskinstance.py:2648} INFO - Exporting env vars: AIRFLOW_CTX_DAG_OWNER='Pattakit' AIRFLOW_CTX_DAG_ID='python_dag' AIRFLOW_CTX_TASK_ID='greet' AIRFLOW_CTX_EXECUTION_DATE='2024-07-24T11:50:44.396583+00:00' AIRFLOW_CTX_TRY_NUMBER='1' AIRFLOW_CTX_DAG_RUN_ID='manual__2024-07-24T11:50:44.396583+00:00'
[2024-07-24T11:50:45.160+0000] {taskinstance.py:430} INFO - ::endgroup::
[2024-07-24T11:50:45.167+0000] {logging_mixin.py:188} INFO - Hello World! My name is Tom, and I am 20 years old.
[2024-07-24T11:50:45.167+0000] {python.py:237} INFO - Done. Returned value was: None
[2024-07-24T11:50:45.168+0000] {taskinstance.py:441} INFO - ::group::Post task execution logs
[2024-07-24T11:50:45.172+0000] {taskinstance.py:1206} INFO - Marking task as SUCCESS. dag_id=python_dag, task_id=greet, run_id=manual__2024-07-24T11:50:44.396583+00:00, execution_date=20240724T115044, start_date=20240724T115045, end_date=20240724T115045
[2024-07-24T11:50:45.207+0000] {local_task_job_runner.py:243} INFO - Task exited with return code 0
[2024-07-24T11:50:45.214+0000] {taskinstance.py:3503} INFO - 0 downstream tasks scheduled from follow-on schedule check
[2024-07-24T11:50:45.214+0000] {local_task_job_runner.py:222} INFO - ::endgroup::
