[2024-07-26T07:08:48.862+0000] {processor.py:161} INFO - Started process (PID=2718) to work on /opt/airflow/dags/3_python_xcoms_dag.py
[2024-07-26T07:08:48.862+0000] {processor.py:830} INFO - Processing file /opt/airflow/dags/3_python_xcoms_dag.py for tasks to queue
[2024-07-26T07:08:48.863+0000] {logging_mixin.py:188} INFO - [2024-07-26T07:08:48.863+0000] {dagbag.py:545} INFO - Filling up the DagBag from /opt/airflow/dags/3_python_xcoms_dag.py
[2024-07-26T07:08:48.869+0000] {processor.py:840} INFO - DAG(s) 'python_dag' retrieved from /opt/airflow/dags/3_python_xcoms_dag.py
[2024-07-26T07:08:49.041+0000] {logging_mixin.py:188} INFO - [2024-07-26T07:08:49.041+0000] {dag.py:3089} INFO - Sync 1 DAGs
[2024-07-26T07:08:49.049+0000] {logging_mixin.py:188} INFO - [2024-07-26T07:08:49.049+0000] {dag.py:3947} INFO - Setting next_dagrun for python_dag to 2024-07-24 00:00:00+00:00, run_after=2024-07-25 00:00:00+00:00
[2024-07-26T07:08:49.057+0000] {processor.py:183} INFO - Processing /opt/airflow/dags/3_python_xcoms_dag.py took 0.196 seconds
[2024-07-26T07:09:19.557+0000] {processor.py:161} INFO - Started process (PID=2732) to work on /opt/airflow/dags/3_python_xcoms_dag.py
[2024-07-26T07:09:19.558+0000] {processor.py:830} INFO - Processing file /opt/airflow/dags/3_python_xcoms_dag.py for tasks to queue
[2024-07-26T07:09:19.558+0000] {logging_mixin.py:188} INFO - [2024-07-26T07:09:19.558+0000] {dagbag.py:545} INFO - Filling up the DagBag from /opt/airflow/dags/3_python_xcoms_dag.py
[2024-07-26T07:09:19.562+0000] {processor.py:840} INFO - DAG(s) 'python_dag' retrieved from /opt/airflow/dags/3_python_xcoms_dag.py
[2024-07-26T07:09:19.572+0000] {logging_mixin.py:188} INFO - [2024-07-26T07:09:19.572+0000] {dag.py:3089} INFO - Sync 1 DAGs
[2024-07-26T07:09:19.580+0000] {logging_mixin.py:188} INFO - [2024-07-26T07:09:19.580+0000] {dag.py:3947} INFO - Setting next_dagrun for python_dag to 2024-07-24 00:00:00+00:00, run_after=2024-07-25 00:00:00+00:00
[2024-07-26T07:09:19.586+0000] {processor.py:183} INFO - Processing /opt/airflow/dags/3_python_xcoms_dag.py took 0.031 seconds
[2024-07-26T07:09:50.336+0000] {processor.py:161} INFO - Started process (PID=2746) to work on /opt/airflow/dags/3_python_xcoms_dag.py
[2024-07-26T07:09:50.337+0000] {processor.py:830} INFO - Processing file /opt/airflow/dags/3_python_xcoms_dag.py for tasks to queue
[2024-07-26T07:09:50.337+0000] {logging_mixin.py:188} INFO - [2024-07-26T07:09:50.337+0000] {dagbag.py:545} INFO - Filling up the DagBag from /opt/airflow/dags/3_python_xcoms_dag.py
[2024-07-26T07:09:50.342+0000] {processor.py:840} INFO - DAG(s) 'python_dag' retrieved from /opt/airflow/dags/3_python_xcoms_dag.py
[2024-07-26T07:09:50.352+0000] {logging_mixin.py:188} INFO - [2024-07-26T07:09:50.352+0000] {dag.py:3089} INFO - Sync 1 DAGs
[2024-07-26T07:09:50.360+0000] {logging_mixin.py:188} INFO - [2024-07-26T07:09:50.360+0000] {dag.py:3947} INFO - Setting next_dagrun for python_dag to 2024-07-24 00:00:00+00:00, run_after=2024-07-25 00:00:00+00:00
[2024-07-26T07:09:50.365+0000] {processor.py:183} INFO - Processing /opt/airflow/dags/3_python_xcoms_dag.py took 0.031 seconds
[2024-07-26T07:10:20.904+0000] {processor.py:161} INFO - Started process (PID=2760) to work on /opt/airflow/dags/3_python_xcoms_dag.py
[2024-07-26T07:10:20.905+0000] {processor.py:830} INFO - Processing file /opt/airflow/dags/3_python_xcoms_dag.py for tasks to queue
[2024-07-26T07:10:20.906+0000] {logging_mixin.py:188} INFO - [2024-07-26T07:10:20.905+0000] {dagbag.py:545} INFO - Filling up the DagBag from /opt/airflow/dags/3_python_xcoms_dag.py
[2024-07-26T07:10:20.915+0000] {processor.py:840} INFO - DAG(s) 'python_dag' retrieved from /opt/airflow/dags/3_python_xcoms_dag.py
[2024-07-26T07:10:20.932+0000] {logging_mixin.py:188} INFO - [2024-07-26T07:10:20.932+0000] {dag.py:3089} INFO - Sync 1 DAGs
[2024-07-26T07:10:20.945+0000] {logging_mixin.py:188} INFO - [2024-07-26T07:10:20.945+0000] {dag.py:3947} INFO - Setting next_dagrun for python_dag to 2024-07-24 00:00:00+00:00, run_after=2024-07-25 00:00:00+00:00
[2024-07-26T07:10:20.956+0000] {processor.py:183} INFO - Processing /opt/airflow/dags/3_python_xcoms_dag.py took 0.054 seconds
[2024-07-26T07:10:42.280+0000] {processor.py:161} INFO - Started process (PID=2768) to work on /opt/airflow/dags/3_python_xcoms_dag.py
[2024-07-26T07:10:42.282+0000] {processor.py:830} INFO - Processing file /opt/airflow/dags/3_python_xcoms_dag.py for tasks to queue
[2024-07-26T07:10:42.283+0000] {logging_mixin.py:188} INFO - [2024-07-26T07:10:42.282+0000] {dagbag.py:545} INFO - Filling up the DagBag from /opt/airflow/dags/3_python_xcoms_dag.py
[2024-07-26T07:10:42.293+0000] {processor.py:840} INFO - DAG(s) 'python_dag' retrieved from /opt/airflow/dags/3_python_xcoms_dag.py
[2024-07-26T07:10:42.311+0000] {logging_mixin.py:188} INFO - [2024-07-26T07:10:42.311+0000] {dag.py:3089} INFO - Sync 1 DAGs
[2024-07-26T07:10:42.321+0000] {logging_mixin.py:188} INFO - [2024-07-26T07:10:42.321+0000] {dag.py:3947} INFO - Setting next_dagrun for python_dag to 2024-07-24 00:00:00+00:00, run_after=2024-07-25 00:00:00+00:00
[2024-07-26T07:10:42.330+0000] {processor.py:183} INFO - Processing /opt/airflow/dags/3_python_xcoms_dag.py took 0.056 seconds
[2024-07-26T07:11:01.790+0000] {processor.py:161} INFO - Started process (PID=2781) to work on /opt/airflow/dags/3_python_xcoms_dag.py
[2024-07-26T07:11:01.792+0000] {processor.py:830} INFO - Processing file /opt/airflow/dags/3_python_xcoms_dag.py for tasks to queue
[2024-07-26T07:11:01.793+0000] {logging_mixin.py:188} INFO - [2024-07-26T07:11:01.793+0000] {dagbag.py:545} INFO - Filling up the DagBag from /opt/airflow/dags/3_python_xcoms_dag.py
[2024-07-26T07:11:01.818+0000] {processor.py:840} INFO - DAG(s) 'python_dag' retrieved from /opt/airflow/dags/3_python_xcoms_dag.py
[2024-07-26T07:11:01.849+0000] {logging_mixin.py:188} INFO - [2024-07-26T07:11:01.848+0000] {dag.py:3089} INFO - Sync 1 DAGs
[2024-07-26T07:11:01.865+0000] {logging_mixin.py:188} INFO - [2024-07-26T07:11:01.865+0000] {dag.py:3947} INFO - Setting next_dagrun for python_dag to 2024-07-24 00:00:00+00:00, run_after=2024-07-25 00:00:00+00:00
[2024-07-26T07:11:01.875+0000] {processor.py:183} INFO - Processing /opt/airflow/dags/3_python_xcoms_dag.py took 0.093 seconds
[2024-07-26T07:11:32.455+0000] {processor.py:161} INFO - Started process (PID=2795) to work on /opt/airflow/dags/3_python_xcoms_dag.py
[2024-07-26T07:11:32.468+0000] {processor.py:830} INFO - Processing file /opt/airflow/dags/3_python_xcoms_dag.py for tasks to queue
[2024-07-26T07:11:32.472+0000] {logging_mixin.py:188} INFO - [2024-07-26T07:11:32.471+0000] {dagbag.py:545} INFO - Filling up the DagBag from /opt/airflow/dags/3_python_xcoms_dag.py
[2024-07-26T07:11:32.498+0000] {processor.py:840} INFO - DAG(s) 'python_dag' retrieved from /opt/airflow/dags/3_python_xcoms_dag.py
[2024-07-26T07:11:32.529+0000] {logging_mixin.py:188} INFO - [2024-07-26T07:11:32.529+0000] {dag.py:3089} INFO - Sync 1 DAGs
[2024-07-26T07:11:32.561+0000] {logging_mixin.py:188} INFO - [2024-07-26T07:11:32.561+0000] {dag.py:3947} INFO - Setting next_dagrun for python_dag to 2024-07-24 00:00:00+00:00, run_after=2024-07-25 00:00:00+00:00
[2024-07-26T07:11:32.574+0000] {processor.py:183} INFO - Processing /opt/airflow/dags/3_python_xcoms_dag.py took 0.133 seconds
[2024-07-26T07:11:59.317+0000] {processor.py:161} INFO - Started process (PID=2809) to work on /opt/airflow/dags/3_python_xcoms_dag.py
[2024-07-26T07:11:59.319+0000] {processor.py:830} INFO - Processing file /opt/airflow/dags/3_python_xcoms_dag.py for tasks to queue
[2024-07-26T07:11:59.320+0000] {logging_mixin.py:188} INFO - [2024-07-26T07:11:59.320+0000] {dagbag.py:545} INFO - Filling up the DagBag from /opt/airflow/dags/3_python_xcoms_dag.py
[2024-07-26T07:11:59.363+0000] {processor.py:840} INFO - DAG(s) 'python_dag' retrieved from /opt/airflow/dags/3_python_xcoms_dag.py
[2024-07-26T07:11:59.407+0000] {logging_mixin.py:188} INFO - [2024-07-26T07:11:59.407+0000] {dag.py:3089} INFO - Sync 1 DAGs
[2024-07-26T07:11:59.433+0000] {logging_mixin.py:188} INFO - [2024-07-26T07:11:59.433+0000] {dag.py:3947} INFO - Setting next_dagrun for python_dag to 2024-07-24 00:00:00+00:00, run_after=2024-07-25 00:00:00+00:00
[2024-07-26T07:11:59.442+0000] {processor.py:183} INFO - Processing /opt/airflow/dags/3_python_xcoms_dag.py took 0.133 seconds
[2024-07-26T07:12:30.044+0000] {processor.py:161} INFO - Started process (PID=2823) to work on /opt/airflow/dags/3_python_xcoms_dag.py
[2024-07-26T07:12:30.046+0000] {processor.py:830} INFO - Processing file /opt/airflow/dags/3_python_xcoms_dag.py for tasks to queue
[2024-07-26T07:12:30.047+0000] {logging_mixin.py:188} INFO - [2024-07-26T07:12:30.046+0000] {dagbag.py:545} INFO - Filling up the DagBag from /opt/airflow/dags/3_python_xcoms_dag.py
[2024-07-26T07:12:30.062+0000] {processor.py:840} INFO - DAG(s) 'python_dag' retrieved from /opt/airflow/dags/3_python_xcoms_dag.py
[2024-07-26T07:12:30.104+0000] {logging_mixin.py:188} INFO - [2024-07-26T07:12:30.104+0000] {dag.py:3089} INFO - Sync 1 DAGs
[2024-07-26T07:12:30.125+0000] {logging_mixin.py:188} INFO - [2024-07-26T07:12:30.124+0000] {dag.py:3947} INFO - Setting next_dagrun for python_dag to 2024-07-24 00:00:00+00:00, run_after=2024-07-25 00:00:00+00:00
[2024-07-26T07:12:30.136+0000] {processor.py:183} INFO - Processing /opt/airflow/dags/3_python_xcoms_dag.py took 0.101 seconds
[2024-07-26T07:13:00.931+0000] {processor.py:161} INFO - Started process (PID=2838) to work on /opt/airflow/dags/3_python_xcoms_dag.py
[2024-07-26T07:13:00.933+0000] {processor.py:830} INFO - Processing file /opt/airflow/dags/3_python_xcoms_dag.py for tasks to queue
[2024-07-26T07:13:00.934+0000] {logging_mixin.py:188} INFO - [2024-07-26T07:13:00.933+0000] {dagbag.py:545} INFO - Filling up the DagBag from /opt/airflow/dags/3_python_xcoms_dag.py
[2024-07-26T07:13:00.945+0000] {processor.py:840} INFO - DAG(s) 'python_dag' retrieved from /opt/airflow/dags/3_python_xcoms_dag.py
[2024-07-26T07:13:00.984+0000] {logging_mixin.py:188} INFO - [2024-07-26T07:13:00.984+0000] {dag.py:3089} INFO - Sync 1 DAGs
[2024-07-26T07:13:01.002+0000] {logging_mixin.py:188} INFO - [2024-07-26T07:13:01.001+0000] {dag.py:3947} INFO - Setting next_dagrun for python_dag to 2024-07-24 00:00:00+00:00, run_after=2024-07-25 00:00:00+00:00
[2024-07-26T07:13:01.012+0000] {processor.py:183} INFO - Processing /opt/airflow/dags/3_python_xcoms_dag.py took 0.088 seconds
[2024-07-26T07:13:31.965+0000] {processor.py:161} INFO - Started process (PID=2852) to work on /opt/airflow/dags/3_python_xcoms_dag.py
[2024-07-26T07:13:31.966+0000] {processor.py:830} INFO - Processing file /opt/airflow/dags/3_python_xcoms_dag.py for tasks to queue
[2024-07-26T07:13:31.967+0000] {logging_mixin.py:188} INFO - [2024-07-26T07:13:31.966+0000] {dagbag.py:545} INFO - Filling up the DagBag from /opt/airflow/dags/3_python_xcoms_dag.py
[2024-07-26T07:13:31.977+0000] {processor.py:840} INFO - DAG(s) 'python_dag' retrieved from /opt/airflow/dags/3_python_xcoms_dag.py
[2024-07-26T07:13:31.994+0000] {logging_mixin.py:188} INFO - [2024-07-26T07:13:31.994+0000] {dag.py:3089} INFO - Sync 1 DAGs
[2024-07-26T07:13:32.006+0000] {logging_mixin.py:188} INFO - [2024-07-26T07:13:32.006+0000] {dag.py:3947} INFO - Setting next_dagrun for python_dag to 2024-07-24 00:00:00+00:00, run_after=2024-07-25 00:00:00+00:00
[2024-07-26T07:13:32.012+0000] {processor.py:183} INFO - Processing /opt/airflow/dags/3_python_xcoms_dag.py took 0.054 seconds
[2024-07-26T07:14:02.179+0000] {processor.py:161} INFO - Started process (PID=2867) to work on /opt/airflow/dags/3_python_xcoms_dag.py
[2024-07-26T07:14:02.180+0000] {processor.py:830} INFO - Processing file /opt/airflow/dags/3_python_xcoms_dag.py for tasks to queue
[2024-07-26T07:14:02.181+0000] {logging_mixin.py:188} INFO - [2024-07-26T07:14:02.181+0000] {dagbag.py:545} INFO - Filling up the DagBag from /opt/airflow/dags/3_python_xcoms_dag.py
[2024-07-26T07:14:02.191+0000] {processor.py:840} INFO - DAG(s) 'python_dag' retrieved from /opt/airflow/dags/3_python_xcoms_dag.py
[2024-07-26T07:14:02.214+0000] {logging_mixin.py:188} INFO - [2024-07-26T07:14:02.214+0000] {dag.py:3089} INFO - Sync 1 DAGs
[2024-07-26T07:14:02.232+0000] {logging_mixin.py:188} INFO - [2024-07-26T07:14:02.232+0000] {dag.py:3947} INFO - Setting next_dagrun for python_dag to 2024-07-24 00:00:00+00:00, run_after=2024-07-25 00:00:00+00:00
[2024-07-26T07:14:02.241+0000] {processor.py:183} INFO - Processing /opt/airflow/dags/3_python_xcoms_dag.py took 0.069 seconds
[2024-07-26T07:14:33.093+0000] {processor.py:161} INFO - Started process (PID=2882) to work on /opt/airflow/dags/3_python_xcoms_dag.py
[2024-07-26T07:14:33.095+0000] {processor.py:830} INFO - Processing file /opt/airflow/dags/3_python_xcoms_dag.py for tasks to queue
[2024-07-26T07:14:33.096+0000] {logging_mixin.py:188} INFO - [2024-07-26T07:14:33.095+0000] {dagbag.py:545} INFO - Filling up the DagBag from /opt/airflow/dags/3_python_xcoms_dag.py
[2024-07-26T07:14:33.123+0000] {processor.py:840} INFO - DAG(s) 'python_dag' retrieved from /opt/airflow/dags/3_python_xcoms_dag.py
[2024-07-26T07:14:33.406+0000] {logging_mixin.py:188} INFO - [2024-07-26T07:14:33.406+0000] {dag.py:3089} INFO - Sync 1 DAGs
[2024-07-26T07:14:33.417+0000] {logging_mixin.py:188} INFO - [2024-07-26T07:14:33.417+0000] {dag.py:3947} INFO - Setting next_dagrun for python_dag to 2024-07-24 00:00:00+00:00, run_after=2024-07-25 00:00:00+00:00
[2024-07-26T07:14:33.428+0000] {processor.py:183} INFO - Processing /opt/airflow/dags/3_python_xcoms_dag.py took 0.343 seconds
[2024-07-26T07:15:04.355+0000] {processor.py:161} INFO - Started process (PID=2897) to work on /opt/airflow/dags/3_python_xcoms_dag.py
[2024-07-26T07:15:04.357+0000] {processor.py:830} INFO - Processing file /opt/airflow/dags/3_python_xcoms_dag.py for tasks to queue
[2024-07-26T07:15:04.358+0000] {logging_mixin.py:188} INFO - [2024-07-26T07:15:04.357+0000] {dagbag.py:545} INFO - Filling up the DagBag from /opt/airflow/dags/3_python_xcoms_dag.py
[2024-07-26T07:15:04.370+0000] {processor.py:840} INFO - DAG(s) 'python_dag' retrieved from /opt/airflow/dags/3_python_xcoms_dag.py
[2024-07-26T07:15:04.411+0000] {logging_mixin.py:188} INFO - [2024-07-26T07:15:04.410+0000] {dag.py:3089} INFO - Sync 1 DAGs
[2024-07-26T07:15:04.431+0000] {logging_mixin.py:188} INFO - [2024-07-26T07:15:04.430+0000] {dag.py:3947} INFO - Setting next_dagrun for python_dag to 2024-07-24 00:00:00+00:00, run_after=2024-07-25 00:00:00+00:00
[2024-07-26T07:15:04.441+0000] {processor.py:183} INFO - Processing /opt/airflow/dags/3_python_xcoms_dag.py took 0.092 seconds
[2024-07-26T07:15:11.528+0000] {processor.py:161} INFO - Started process (PID=2898) to work on /opt/airflow/dags/3_python_xcoms_dag.py
[2024-07-26T07:15:11.529+0000] {processor.py:830} INFO - Processing file /opt/airflow/dags/3_python_xcoms_dag.py for tasks to queue
[2024-07-26T07:15:11.530+0000] {logging_mixin.py:188} INFO - [2024-07-26T07:15:11.530+0000] {dagbag.py:545} INFO - Filling up the DagBag from /opt/airflow/dags/3_python_xcoms_dag.py
[2024-07-26T07:15:11.561+0000] {processor.py:840} INFO - DAG(s) 'python_dag' retrieved from /opt/airflow/dags/3_python_xcoms_dag.py
[2024-07-26T07:15:11.592+0000] {logging_mixin.py:188} INFO - [2024-07-26T07:15:11.592+0000] {dag.py:3089} INFO - Sync 1 DAGs
[2024-07-26T07:15:11.609+0000] {logging_mixin.py:188} INFO - [2024-07-26T07:15:11.608+0000] {dag.py:3947} INFO - Setting next_dagrun for python_dag to 2024-07-24 00:00:00+00:00, run_after=2024-07-25 00:00:00+00:00
[2024-07-26T07:15:11.618+0000] {processor.py:183} INFO - Processing /opt/airflow/dags/3_python_xcoms_dag.py took 0.097 seconds
[2024-07-26T07:15:42.553+0000] {processor.py:161} INFO - Started process (PID=2914) to work on /opt/airflow/dags/3_python_xcoms_dag.py
[2024-07-26T07:15:42.555+0000] {processor.py:830} INFO - Processing file /opt/airflow/dags/3_python_xcoms_dag.py for tasks to queue
[2024-07-26T07:15:42.556+0000] {logging_mixin.py:188} INFO - [2024-07-26T07:15:42.556+0000] {dagbag.py:545} INFO - Filling up the DagBag from /opt/airflow/dags/3_python_xcoms_dag.py
[2024-07-26T07:15:42.568+0000] {processor.py:840} INFO - DAG(s) 'python_dag' retrieved from /opt/airflow/dags/3_python_xcoms_dag.py
[2024-07-26T07:15:42.582+0000] {logging_mixin.py:188} INFO - [2024-07-26T07:15:42.581+0000] {dag.py:3089} INFO - Sync 1 DAGs
[2024-07-26T07:15:42.609+0000] {logging_mixin.py:188} INFO - [2024-07-26T07:15:42.609+0000] {dag.py:3947} INFO - Setting next_dagrun for python_dag to 2024-07-24 00:00:00+00:00, run_after=2024-07-25 00:00:00+00:00
[2024-07-26T07:15:42.621+0000] {processor.py:183} INFO - Processing /opt/airflow/dags/3_python_xcoms_dag.py took 0.079 seconds
[2024-07-26T07:16:13.685+0000] {processor.py:161} INFO - Started process (PID=2929) to work on /opt/airflow/dags/3_python_xcoms_dag.py
[2024-07-26T07:16:13.687+0000] {processor.py:830} INFO - Processing file /opt/airflow/dags/3_python_xcoms_dag.py for tasks to queue
[2024-07-26T07:16:13.689+0000] {logging_mixin.py:188} INFO - [2024-07-26T07:16:13.688+0000] {dagbag.py:545} INFO - Filling up the DagBag from /opt/airflow/dags/3_python_xcoms_dag.py
[2024-07-26T07:16:13.719+0000] {processor.py:840} INFO - DAG(s) 'python_dag' retrieved from /opt/airflow/dags/3_python_xcoms_dag.py
[2024-07-26T07:16:13.793+0000] {logging_mixin.py:188} INFO - [2024-07-26T07:16:13.793+0000] {dag.py:3089} INFO - Sync 1 DAGs
[2024-07-26T07:16:14.018+0000] {logging_mixin.py:188} INFO - [2024-07-26T07:16:14.018+0000] {dag.py:3947} INFO - Setting next_dagrun for python_dag to 2024-07-24 00:00:00+00:00, run_after=2024-07-25 00:00:00+00:00
[2024-07-26T07:16:14.025+0000] {processor.py:183} INFO - Processing /opt/airflow/dags/3_python_xcoms_dag.py took 0.358 seconds
[2024-07-26T07:16:44.988+0000] {processor.py:161} INFO - Started process (PID=2944) to work on /opt/airflow/dags/3_python_xcoms_dag.py
[2024-07-26T07:16:44.990+0000] {processor.py:830} INFO - Processing file /opt/airflow/dags/3_python_xcoms_dag.py for tasks to queue
[2024-07-26T07:16:44.991+0000] {logging_mixin.py:188} INFO - [2024-07-26T07:16:44.991+0000] {dagbag.py:545} INFO - Filling up the DagBag from /opt/airflow/dags/3_python_xcoms_dag.py
[2024-07-26T07:16:45.009+0000] {processor.py:840} INFO - DAG(s) 'python_dag' retrieved from /opt/airflow/dags/3_python_xcoms_dag.py
[2024-07-26T07:16:45.058+0000] {logging_mixin.py:188} INFO - [2024-07-26T07:16:45.058+0000] {dag.py:3089} INFO - Sync 1 DAGs
[2024-07-26T07:16:45.073+0000] {logging_mixin.py:188} INFO - [2024-07-26T07:16:45.073+0000] {dag.py:3947} INFO - Setting next_dagrun for python_dag to 2024-07-24 00:00:00+00:00, run_after=2024-07-25 00:00:00+00:00
[2024-07-26T07:16:45.081+0000] {processor.py:183} INFO - Processing /opt/airflow/dags/3_python_xcoms_dag.py took 0.104 seconds
[2024-07-26T07:17:15.293+0000] {processor.py:161} INFO - Started process (PID=2959) to work on /opt/airflow/dags/3_python_xcoms_dag.py
[2024-07-26T07:17:15.295+0000] {processor.py:830} INFO - Processing file /opt/airflow/dags/3_python_xcoms_dag.py for tasks to queue
[2024-07-26T07:17:15.296+0000] {logging_mixin.py:188} INFO - [2024-07-26T07:17:15.295+0000] {dagbag.py:545} INFO - Filling up the DagBag from /opt/airflow/dags/3_python_xcoms_dag.py
[2024-07-26T07:17:15.311+0000] {processor.py:840} INFO - DAG(s) 'python_dag' retrieved from /opt/airflow/dags/3_python_xcoms_dag.py
[2024-07-26T07:17:15.324+0000] {logging_mixin.py:188} INFO - [2024-07-26T07:17:15.323+0000] {dag.py:3089} INFO - Sync 1 DAGs
[2024-07-26T07:17:15.351+0000] {logging_mixin.py:188} INFO - [2024-07-26T07:17:15.350+0000] {dag.py:3947} INFO - Setting next_dagrun for python_dag to 2024-07-24 00:00:00+00:00, run_after=2024-07-25 00:00:00+00:00
[2024-07-26T07:17:15.363+0000] {processor.py:183} INFO - Processing /opt/airflow/dags/3_python_xcoms_dag.py took 0.090 seconds
[2024-07-26T07:17:46.042+0000] {processor.py:161} INFO - Started process (PID=2974) to work on /opt/airflow/dags/3_python_xcoms_dag.py
[2024-07-26T07:17:46.044+0000] {processor.py:830} INFO - Processing file /opt/airflow/dags/3_python_xcoms_dag.py for tasks to queue
[2024-07-26T07:17:46.045+0000] {logging_mixin.py:188} INFO - [2024-07-26T07:17:46.045+0000] {dagbag.py:545} INFO - Filling up the DagBag from /opt/airflow/dags/3_python_xcoms_dag.py
[2024-07-26T07:17:46.058+0000] {processor.py:840} INFO - DAG(s) 'python_dag' retrieved from /opt/airflow/dags/3_python_xcoms_dag.py
[2024-07-26T07:17:46.209+0000] {logging_mixin.py:188} INFO - [2024-07-26T07:17:46.208+0000] {dag.py:3089} INFO - Sync 1 DAGs
[2024-07-26T07:17:46.214+0000] {logging_mixin.py:188} INFO - [2024-07-26T07:17:46.214+0000] {dag.py:3947} INFO - Setting next_dagrun for python_dag to 2024-07-24 00:00:00+00:00, run_after=2024-07-25 00:00:00+00:00
[2024-07-26T07:17:46.220+0000] {processor.py:183} INFO - Processing /opt/airflow/dags/3_python_xcoms_dag.py took 0.185 seconds
[2024-07-26T07:18:16.779+0000] {processor.py:161} INFO - Started process (PID=2989) to work on /opt/airflow/dags/3_python_xcoms_dag.py
[2024-07-26T07:18:16.780+0000] {processor.py:830} INFO - Processing file /opt/airflow/dags/3_python_xcoms_dag.py for tasks to queue
[2024-07-26T07:18:16.782+0000] {logging_mixin.py:188} INFO - [2024-07-26T07:18:16.781+0000] {dagbag.py:545} INFO - Filling up the DagBag from /opt/airflow/dags/3_python_xcoms_dag.py
[2024-07-26T07:18:16.809+0000] {processor.py:840} INFO - DAG(s) 'python_dag' retrieved from /opt/airflow/dags/3_python_xcoms_dag.py
[2024-07-26T07:18:16.829+0000] {logging_mixin.py:188} INFO - [2024-07-26T07:18:16.829+0000] {dag.py:3089} INFO - Sync 1 DAGs
[2024-07-26T07:18:16.841+0000] {logging_mixin.py:188} INFO - [2024-07-26T07:18:16.841+0000] {dag.py:3947} INFO - Setting next_dagrun for python_dag to 2024-07-24 00:00:00+00:00, run_after=2024-07-25 00:00:00+00:00
[2024-07-26T07:18:16.849+0000] {processor.py:183} INFO - Processing /opt/airflow/dags/3_python_xcoms_dag.py took 0.078 seconds
[2024-07-26T07:18:46.941+0000] {processor.py:161} INFO - Started process (PID=3005) to work on /opt/airflow/dags/3_python_xcoms_dag.py
[2024-07-26T07:18:46.942+0000] {processor.py:830} INFO - Processing file /opt/airflow/dags/3_python_xcoms_dag.py for tasks to queue
[2024-07-26T07:18:46.943+0000] {logging_mixin.py:188} INFO - [2024-07-26T07:18:46.942+0000] {dagbag.py:545} INFO - Filling up the DagBag from /opt/airflow/dags/3_python_xcoms_dag.py
[2024-07-26T07:18:46.951+0000] {processor.py:840} INFO - DAG(s) 'python_dag' retrieved from /opt/airflow/dags/3_python_xcoms_dag.py
[2024-07-26T07:18:46.959+0000] {logging_mixin.py:188} INFO - [2024-07-26T07:18:46.959+0000] {dag.py:3089} INFO - Sync 1 DAGs
[2024-07-26T07:18:46.972+0000] {logging_mixin.py:188} INFO - [2024-07-26T07:18:46.972+0000] {dag.py:3947} INFO - Setting next_dagrun for python_dag to 2024-07-24 00:00:00+00:00, run_after=2024-07-25 00:00:00+00:00
[2024-07-26T07:18:46.980+0000] {processor.py:183} INFO - Processing /opt/airflow/dags/3_python_xcoms_dag.py took 0.044 seconds
[2024-07-26T07:19:17.026+0000] {processor.py:161} INFO - Started process (PID=3022) to work on /opt/airflow/dags/3_python_xcoms_dag.py
[2024-07-26T07:19:17.026+0000] {processor.py:830} INFO - Processing file /opt/airflow/dags/3_python_xcoms_dag.py for tasks to queue
[2024-07-26T07:19:17.027+0000] {logging_mixin.py:188} INFO - [2024-07-26T07:19:17.026+0000] {dagbag.py:545} INFO - Filling up the DagBag from /opt/airflow/dags/3_python_xcoms_dag.py
[2024-07-26T07:19:17.031+0000] {processor.py:840} INFO - DAG(s) 'python_dag' retrieved from /opt/airflow/dags/3_python_xcoms_dag.py
[2024-07-26T07:19:17.091+0000] {logging_mixin.py:188} INFO - [2024-07-26T07:19:17.091+0000] {dag.py:3089} INFO - Sync 1 DAGs
[2024-07-26T07:19:17.302+0000] {logging_mixin.py:188} INFO - [2024-07-26T07:19:17.302+0000] {dag.py:3947} INFO - Setting next_dagrun for python_dag to 2024-07-24 00:00:00+00:00, run_after=2024-07-25 00:00:00+00:00
[2024-07-26T07:19:17.308+0000] {processor.py:183} INFO - Processing /opt/airflow/dags/3_python_xcoms_dag.py took 0.284 seconds
[2024-07-26T07:19:48.214+0000] {processor.py:161} INFO - Started process (PID=3037) to work on /opt/airflow/dags/3_python_xcoms_dag.py
[2024-07-26T07:19:48.215+0000] {processor.py:830} INFO - Processing file /opt/airflow/dags/3_python_xcoms_dag.py for tasks to queue
[2024-07-26T07:19:48.216+0000] {logging_mixin.py:188} INFO - [2024-07-26T07:19:48.215+0000] {dagbag.py:545} INFO - Filling up the DagBag from /opt/airflow/dags/3_python_xcoms_dag.py
[2024-07-26T07:19:48.222+0000] {processor.py:840} INFO - DAG(s) 'python_dag' retrieved from /opt/airflow/dags/3_python_xcoms_dag.py
[2024-07-26T07:19:48.238+0000] {logging_mixin.py:188} INFO - [2024-07-26T07:19:48.238+0000] {dag.py:3089} INFO - Sync 1 DAGs
[2024-07-26T07:19:48.250+0000] {logging_mixin.py:188} INFO - [2024-07-26T07:19:48.250+0000] {dag.py:3947} INFO - Setting next_dagrun for python_dag to 2024-07-24 00:00:00+00:00, run_after=2024-07-25 00:00:00+00:00
[2024-07-26T07:19:48.256+0000] {processor.py:183} INFO - Processing /opt/airflow/dags/3_python_xcoms_dag.py took 0.046 seconds
[2024-07-26T07:20:19.193+0000] {processor.py:161} INFO - Started process (PID=3052) to work on /opt/airflow/dags/3_python_xcoms_dag.py
[2024-07-26T07:20:19.194+0000] {processor.py:830} INFO - Processing file /opt/airflow/dags/3_python_xcoms_dag.py for tasks to queue
[2024-07-26T07:20:19.195+0000] {logging_mixin.py:188} INFO - [2024-07-26T07:20:19.195+0000] {dagbag.py:545} INFO - Filling up the DagBag from /opt/airflow/dags/3_python_xcoms_dag.py
[2024-07-26T07:20:19.208+0000] {processor.py:840} INFO - DAG(s) 'python_dag' retrieved from /opt/airflow/dags/3_python_xcoms_dag.py
[2024-07-26T07:20:19.222+0000] {logging_mixin.py:188} INFO - [2024-07-26T07:20:19.222+0000] {dag.py:3089} INFO - Sync 1 DAGs
[2024-07-26T07:20:19.254+0000] {logging_mixin.py:188} INFO - [2024-07-26T07:20:19.254+0000] {dag.py:3947} INFO - Setting next_dagrun for python_dag to 2024-07-24 00:00:00+00:00, run_after=2024-07-25 00:00:00+00:00
[2024-07-26T07:20:19.265+0000] {processor.py:183} INFO - Processing /opt/airflow/dags/3_python_xcoms_dag.py took 0.081 seconds
[2024-07-26T07:20:50.093+0000] {processor.py:161} INFO - Started process (PID=3069) to work on /opt/airflow/dags/3_python_xcoms_dag.py
[2024-07-26T07:20:50.095+0000] {processor.py:830} INFO - Processing file /opt/airflow/dags/3_python_xcoms_dag.py for tasks to queue
[2024-07-26T07:20:50.096+0000] {logging_mixin.py:188} INFO - [2024-07-26T07:20:50.095+0000] {dagbag.py:545} INFO - Filling up the DagBag from /opt/airflow/dags/3_python_xcoms_dag.py
[2024-07-26T07:20:50.106+0000] {processor.py:840} INFO - DAG(s) 'python_dag' retrieved from /opt/airflow/dags/3_python_xcoms_dag.py
[2024-07-26T07:20:50.181+0000] {logging_mixin.py:188} INFO - [2024-07-26T07:20:50.181+0000] {dag.py:3089} INFO - Sync 1 DAGs
[2024-07-26T07:20:50.189+0000] {logging_mixin.py:188} INFO - [2024-07-26T07:20:50.189+0000] {dag.py:3947} INFO - Setting next_dagrun for python_dag to 2024-07-24 00:00:00+00:00, run_after=2024-07-25 00:00:00+00:00
[2024-07-26T07:20:50.197+0000] {processor.py:183} INFO - Processing /opt/airflow/dags/3_python_xcoms_dag.py took 0.112 seconds
[2024-07-26T07:20:51.132+0000] {processor.py:161} INFO - Started process (PID=3070) to work on /opt/airflow/dags/3_python_xcoms_dag.py
[2024-07-26T07:20:51.133+0000] {processor.py:830} INFO - Processing file /opt/airflow/dags/3_python_xcoms_dag.py for tasks to queue
[2024-07-26T07:20:51.134+0000] {logging_mixin.py:188} INFO - [2024-07-26T07:20:51.133+0000] {dagbag.py:545} INFO - Filling up the DagBag from /opt/airflow/dags/3_python_xcoms_dag.py
[2024-07-26T07:20:51.144+0000] {processor.py:840} INFO - DAG(s) 'python_dag' retrieved from /opt/airflow/dags/3_python_xcoms_dag.py
[2024-07-26T07:20:51.155+0000] {logging_mixin.py:188} INFO - [2024-07-26T07:20:51.154+0000] {dag.py:3089} INFO - Sync 1 DAGs
[2024-07-26T07:20:51.182+0000] {logging_mixin.py:188} INFO - [2024-07-26T07:20:51.181+0000] {dag.py:3947} INFO - Setting next_dagrun for python_dag to 2024-07-24 00:00:00+00:00, run_after=2024-07-25 00:00:00+00:00
[2024-07-26T07:20:51.198+0000] {processor.py:183} INFO - Processing /opt/airflow/dags/3_python_xcoms_dag.py took 0.071 seconds
[2024-07-26T07:21:18.571+0000] {processor.py:161} INFO - Started process (PID=3085) to work on /opt/airflow/dags/3_python_xcoms_dag.py
[2024-07-26T07:21:18.573+0000] {processor.py:830} INFO - Processing file /opt/airflow/dags/3_python_xcoms_dag.py for tasks to queue
[2024-07-26T07:21:18.574+0000] {logging_mixin.py:188} INFO - [2024-07-26T07:21:18.574+0000] {dagbag.py:545} INFO - Filling up the DagBag from /opt/airflow/dags/3_python_xcoms_dag.py
[2024-07-26T07:21:18.589+0000] {processor.py:840} INFO - DAG(s) 'python_dag' retrieved from /opt/airflow/dags/3_python_xcoms_dag.py
[2024-07-26T07:21:18.620+0000] {logging_mixin.py:188} INFO - [2024-07-26T07:21:18.620+0000] {dag.py:3089} INFO - Sync 1 DAGs
[2024-07-26T07:21:18.644+0000] {logging_mixin.py:188} INFO - [2024-07-26T07:21:18.644+0000] {dag.py:3947} INFO - Setting next_dagrun for python_dag to 2024-07-24 00:00:00+00:00, run_after=2024-07-25 00:00:00+00:00
[2024-07-26T07:21:18.653+0000] {processor.py:183} INFO - Processing /opt/airflow/dags/3_python_xcoms_dag.py took 0.091 seconds
[2024-07-26T07:21:48.720+0000] {processor.py:161} INFO - Started process (PID=3100) to work on /opt/airflow/dags/3_python_xcoms_dag.py
[2024-07-26T07:21:48.734+0000] {processor.py:830} INFO - Processing file /opt/airflow/dags/3_python_xcoms_dag.py for tasks to queue
[2024-07-26T07:21:48.738+0000] {logging_mixin.py:188} INFO - [2024-07-26T07:21:48.736+0000] {dagbag.py:545} INFO - Filling up the DagBag from /opt/airflow/dags/3_python_xcoms_dag.py
[2024-07-26T07:21:48.759+0000] {processor.py:840} INFO - DAG(s) 'python_dag' retrieved from /opt/airflow/dags/3_python_xcoms_dag.py
[2024-07-26T07:21:48.796+0000] {logging_mixin.py:188} INFO - [2024-07-26T07:21:48.796+0000] {dag.py:3089} INFO - Sync 1 DAGs
[2024-07-26T07:21:48.819+0000] {logging_mixin.py:188} INFO - [2024-07-26T07:21:48.819+0000] {dag.py:3947} INFO - Setting next_dagrun for python_dag to 2024-07-24 00:00:00+00:00, run_after=2024-07-25 00:00:00+00:00
[2024-07-26T07:21:48.844+0000] {processor.py:183} INFO - Processing /opt/airflow/dags/3_python_xcoms_dag.py took 0.135 seconds
[2024-07-26T07:22:05.115+0000] {processor.py:161} INFO - Started process (PID=3110) to work on /opt/airflow/dags/3_python_xcoms_dag.py
[2024-07-26T07:22:05.117+0000] {processor.py:830} INFO - Processing file /opt/airflow/dags/3_python_xcoms_dag.py for tasks to queue
[2024-07-26T07:22:05.119+0000] {logging_mixin.py:188} INFO - [2024-07-26T07:22:05.118+0000] {dagbag.py:545} INFO - Filling up the DagBag from /opt/airflow/dags/3_python_xcoms_dag.py
[2024-07-26T07:22:05.156+0000] {processor.py:840} INFO - DAG(s) 'python_dag' retrieved from /opt/airflow/dags/3_python_xcoms_dag.py
[2024-07-26T07:22:05.194+0000] {logging_mixin.py:188} INFO - [2024-07-26T07:22:05.194+0000] {dag.py:3089} INFO - Sync 1 DAGs
[2024-07-26T07:22:05.218+0000] {logging_mixin.py:188} INFO - [2024-07-26T07:22:05.218+0000] {dag.py:3947} INFO - Setting next_dagrun for python_dag to 2024-07-24 00:00:00+00:00, run_after=2024-07-25 00:00:00+00:00
[2024-07-26T07:22:05.256+0000] {processor.py:183} INFO - Processing /opt/airflow/dags/3_python_xcoms_dag.py took 0.163 seconds
[2024-07-26T07:22:36.181+0000] {processor.py:161} INFO - Started process (PID=3126) to work on /opt/airflow/dags/3_python_xcoms_dag.py
[2024-07-26T07:22:36.183+0000] {processor.py:830} INFO - Processing file /opt/airflow/dags/3_python_xcoms_dag.py for tasks to queue
[2024-07-26T07:22:36.185+0000] {logging_mixin.py:188} INFO - [2024-07-26T07:22:36.184+0000] {dagbag.py:545} INFO - Filling up the DagBag from /opt/airflow/dags/3_python_xcoms_dag.py
[2024-07-26T07:22:36.205+0000] {processor.py:840} INFO - DAG(s) 'python_dag' retrieved from /opt/airflow/dags/3_python_xcoms_dag.py
[2024-07-26T07:22:36.471+0000] {logging_mixin.py:188} INFO - [2024-07-26T07:22:36.471+0000] {dag.py:3089} INFO - Sync 1 DAGs
[2024-07-26T07:22:36.480+0000] {logging_mixin.py:188} INFO - [2024-07-26T07:22:36.480+0000] {dag.py:3947} INFO - Setting next_dagrun for python_dag to 2024-07-24 00:00:00+00:00, run_after=2024-07-25 00:00:00+00:00
[2024-07-26T07:22:36.487+0000] {processor.py:183} INFO - Processing /opt/airflow/dags/3_python_xcoms_dag.py took 0.317 seconds
[2024-07-26T07:23:07.234+0000] {processor.py:161} INFO - Started process (PID=3142) to work on /opt/airflow/dags/3_python_xcoms_dag.py
[2024-07-26T07:23:07.235+0000] {processor.py:830} INFO - Processing file /opt/airflow/dags/3_python_xcoms_dag.py for tasks to queue
[2024-07-26T07:23:07.236+0000] {logging_mixin.py:188} INFO - [2024-07-26T07:23:07.236+0000] {dagbag.py:545} INFO - Filling up the DagBag from /opt/airflow/dags/3_python_xcoms_dag.py
[2024-07-26T07:23:07.254+0000] {processor.py:840} INFO - DAG(s) 'python_dag' retrieved from /opt/airflow/dags/3_python_xcoms_dag.py
[2024-07-26T07:23:07.275+0000] {logging_mixin.py:188} INFO - [2024-07-26T07:23:07.275+0000] {dag.py:3089} INFO - Sync 1 DAGs
[2024-07-26T07:23:07.290+0000] {logging_mixin.py:188} INFO - [2024-07-26T07:23:07.290+0000] {dag.py:3947} INFO - Setting next_dagrun for python_dag to 2024-07-24 00:00:00+00:00, run_after=2024-07-25 00:00:00+00:00
[2024-07-26T07:23:07.311+0000] {processor.py:183} INFO - Processing /opt/airflow/dags/3_python_xcoms_dag.py took 0.082 seconds
[2024-07-26T07:23:38.037+0000] {processor.py:161} INFO - Started process (PID=3157) to work on /opt/airflow/dags/3_python_xcoms_dag.py
[2024-07-26T07:23:38.039+0000] {processor.py:830} INFO - Processing file /opt/airflow/dags/3_python_xcoms_dag.py for tasks to queue
[2024-07-26T07:23:38.040+0000] {logging_mixin.py:188} INFO - [2024-07-26T07:23:38.040+0000] {dagbag.py:545} INFO - Filling up the DagBag from /opt/airflow/dags/3_python_xcoms_dag.py
[2024-07-26T07:23:38.056+0000] {processor.py:840} INFO - DAG(s) 'python_dag' retrieved from /opt/airflow/dags/3_python_xcoms_dag.py
[2024-07-26T07:23:38.310+0000] {logging_mixin.py:188} INFO - [2024-07-26T07:23:38.310+0000] {dag.py:3089} INFO - Sync 1 DAGs
[2024-07-26T07:23:38.316+0000] {logging_mixin.py:188} INFO - [2024-07-26T07:23:38.316+0000] {dag.py:3947} INFO - Setting next_dagrun for python_dag to 2024-07-24 00:00:00+00:00, run_after=2024-07-25 00:00:00+00:00
[2024-07-26T07:23:38.323+0000] {processor.py:183} INFO - Processing /opt/airflow/dags/3_python_xcoms_dag.py took 0.302 seconds
[2024-07-26T07:24:08.450+0000] {processor.py:161} INFO - Started process (PID=3172) to work on /opt/airflow/dags/3_python_xcoms_dag.py
[2024-07-26T07:24:08.450+0000] {processor.py:830} INFO - Processing file /opt/airflow/dags/3_python_xcoms_dag.py for tasks to queue
[2024-07-26T07:24:08.451+0000] {logging_mixin.py:188} INFO - [2024-07-26T07:24:08.450+0000] {dagbag.py:545} INFO - Filling up the DagBag from /opt/airflow/dags/3_python_xcoms_dag.py
[2024-07-26T07:24:08.456+0000] {processor.py:840} INFO - DAG(s) 'python_dag' retrieved from /opt/airflow/dags/3_python_xcoms_dag.py
[2024-07-26T07:24:08.460+0000] {logging_mixin.py:188} INFO - [2024-07-26T07:24:08.460+0000] {dag.py:3089} INFO - Sync 1 DAGs
[2024-07-26T07:24:08.469+0000] {logging_mixin.py:188} INFO - [2024-07-26T07:24:08.469+0000] {dag.py:3947} INFO - Setting next_dagrun for python_dag to 2024-07-24 00:00:00+00:00, run_after=2024-07-25 00:00:00+00:00
[2024-07-26T07:24:08.474+0000] {processor.py:183} INFO - Processing /opt/airflow/dags/3_python_xcoms_dag.py took 0.027 seconds
[2024-07-26T07:24:39.159+0000] {processor.py:161} INFO - Started process (PID=3190) to work on /opt/airflow/dags/3_python_xcoms_dag.py
[2024-07-26T07:24:39.161+0000] {processor.py:830} INFO - Processing file /opt/airflow/dags/3_python_xcoms_dag.py for tasks to queue
[2024-07-26T07:24:39.163+0000] {logging_mixin.py:188} INFO - [2024-07-26T07:24:39.162+0000] {dagbag.py:545} INFO - Filling up the DagBag from /opt/airflow/dags/3_python_xcoms_dag.py
[2024-07-26T07:24:39.178+0000] {processor.py:840} INFO - DAG(s) 'python_dag' retrieved from /opt/airflow/dags/3_python_xcoms_dag.py
[2024-07-26T07:24:39.272+0000] {logging_mixin.py:188} INFO - [2024-07-26T07:24:39.271+0000] {dag.py:3089} INFO - Sync 1 DAGs
[2024-07-26T07:24:39.418+0000] {logging_mixin.py:188} INFO - [2024-07-26T07:24:39.418+0000] {dag.py:3947} INFO - Setting next_dagrun for python_dag to 2024-07-24 00:00:00+00:00, run_after=2024-07-25 00:00:00+00:00
[2024-07-26T07:24:39.423+0000] {processor.py:183} INFO - Processing /opt/airflow/dags/3_python_xcoms_dag.py took 0.272 seconds
[2024-07-26T07:25:09.837+0000] {processor.py:161} INFO - Started process (PID=3205) to work on /opt/airflow/dags/3_python_xcoms_dag.py
[2024-07-26T07:25:09.838+0000] {processor.py:830} INFO - Processing file /opt/airflow/dags/3_python_xcoms_dag.py for tasks to queue
[2024-07-26T07:25:09.839+0000] {logging_mixin.py:188} INFO - [2024-07-26T07:25:09.839+0000] {dagbag.py:545} INFO - Filling up the DagBag from /opt/airflow/dags/3_python_xcoms_dag.py
[2024-07-26T07:25:09.853+0000] {processor.py:840} INFO - DAG(s) 'python_dag' retrieved from /opt/airflow/dags/3_python_xcoms_dag.py
[2024-07-26T07:25:09.871+0000] {logging_mixin.py:188} INFO - [2024-07-26T07:25:09.871+0000] {dag.py:3089} INFO - Sync 1 DAGs
[2024-07-26T07:25:09.885+0000] {logging_mixin.py:188} INFO - [2024-07-26T07:25:09.884+0000] {dag.py:3947} INFO - Setting next_dagrun for python_dag to 2024-07-24 00:00:00+00:00, run_after=2024-07-25 00:00:00+00:00
[2024-07-26T07:25:09.894+0000] {processor.py:183} INFO - Processing /opt/airflow/dags/3_python_xcoms_dag.py took 0.062 seconds
[2024-07-26T07:25:40.631+0000] {processor.py:161} INFO - Started process (PID=3221) to work on /opt/airflow/dags/3_python_xcoms_dag.py
[2024-07-26T07:25:40.633+0000] {processor.py:830} INFO - Processing file /opt/airflow/dags/3_python_xcoms_dag.py for tasks to queue
[2024-07-26T07:25:40.635+0000] {logging_mixin.py:188} INFO - [2024-07-26T07:25:40.635+0000] {dagbag.py:545} INFO - Filling up the DagBag from /opt/airflow/dags/3_python_xcoms_dag.py
[2024-07-26T07:25:40.662+0000] {processor.py:840} INFO - DAG(s) 'python_dag' retrieved from /opt/airflow/dags/3_python_xcoms_dag.py
[2024-07-26T07:25:40.948+0000] {logging_mixin.py:188} INFO - [2024-07-26T07:25:40.947+0000] {dag.py:3089} INFO - Sync 1 DAGs
[2024-07-26T07:25:40.954+0000] {logging_mixin.py:188} INFO - [2024-07-26T07:25:40.954+0000] {dag.py:3947} INFO - Setting next_dagrun for python_dag to 2024-07-24 00:00:00+00:00, run_after=2024-07-25 00:00:00+00:00
[2024-07-26T07:25:40.959+0000] {processor.py:183} INFO - Processing /opt/airflow/dags/3_python_xcoms_dag.py took 0.339 seconds
[2024-07-26T07:26:11.315+0000] {processor.py:161} INFO - Started process (PID=3236) to work on /opt/airflow/dags/3_python_xcoms_dag.py
[2024-07-26T07:26:11.317+0000] {processor.py:830} INFO - Processing file /opt/airflow/dags/3_python_xcoms_dag.py for tasks to queue
[2024-07-26T07:26:11.318+0000] {logging_mixin.py:188} INFO - [2024-07-26T07:26:11.318+0000] {dagbag.py:545} INFO - Filling up the DagBag from /opt/airflow/dags/3_python_xcoms_dag.py
[2024-07-26T07:26:11.330+0000] {processor.py:840} INFO - DAG(s) 'python_dag' retrieved from /opt/airflow/dags/3_python_xcoms_dag.py
[2024-07-26T07:26:11.365+0000] {logging_mixin.py:188} INFO - [2024-07-26T07:26:11.363+0000] {dag.py:3089} INFO - Sync 1 DAGs
[2024-07-26T07:26:11.421+0000] {logging_mixin.py:188} INFO - [2024-07-26T07:26:11.421+0000] {dag.py:3947} INFO - Setting next_dagrun for python_dag to 2024-07-24 00:00:00+00:00, run_after=2024-07-25 00:00:00+00:00
[2024-07-26T07:26:11.437+0000] {processor.py:183} INFO - Processing /opt/airflow/dags/3_python_xcoms_dag.py took 0.130 seconds
[2024-07-26T07:26:41.851+0000] {processor.py:161} INFO - Started process (PID=3250) to work on /opt/airflow/dags/3_python_xcoms_dag.py
[2024-07-26T07:26:41.853+0000] {processor.py:830} INFO - Processing file /opt/airflow/dags/3_python_xcoms_dag.py for tasks to queue
[2024-07-26T07:26:41.854+0000] {logging_mixin.py:188} INFO - [2024-07-26T07:26:41.854+0000] {dagbag.py:545} INFO - Filling up the DagBag from /opt/airflow/dags/3_python_xcoms_dag.py
[2024-07-26T07:26:41.882+0000] {processor.py:840} INFO - DAG(s) 'python_dag' retrieved from /opt/airflow/dags/3_python_xcoms_dag.py
[2024-07-26T07:26:41.988+0000] {logging_mixin.py:188} INFO - [2024-07-26T07:26:41.987+0000] {dag.py:3089} INFO - Sync 1 DAGs
[2024-07-26T07:26:41.999+0000] {logging_mixin.py:188} INFO - [2024-07-26T07:26:41.999+0000] {dag.py:3947} INFO - Setting next_dagrun for python_dag to 2024-07-24 00:00:00+00:00, run_after=2024-07-25 00:00:00+00:00
[2024-07-26T07:26:42.161+0000] {processor.py:183} INFO - Processing /opt/airflow/dags/3_python_xcoms_dag.py took 0.325 seconds
[2024-07-26T07:27:12.871+0000] {processor.py:161} INFO - Started process (PID=3266) to work on /opt/airflow/dags/3_python_xcoms_dag.py
[2024-07-26T07:27:12.873+0000] {processor.py:830} INFO - Processing file /opt/airflow/dags/3_python_xcoms_dag.py for tasks to queue
[2024-07-26T07:27:12.874+0000] {logging_mixin.py:188} INFO - [2024-07-26T07:27:12.874+0000] {dagbag.py:545} INFO - Filling up the DagBag from /opt/airflow/dags/3_python_xcoms_dag.py
[2024-07-26T07:27:12.890+0000] {processor.py:840} INFO - DAG(s) 'python_dag' retrieved from /opt/airflow/dags/3_python_xcoms_dag.py
[2024-07-26T07:27:12.913+0000] {logging_mixin.py:188} INFO - [2024-07-26T07:27:12.912+0000] {dag.py:3089} INFO - Sync 1 DAGs
[2024-07-26T07:27:12.929+0000] {logging_mixin.py:188} INFO - [2024-07-26T07:27:12.928+0000] {dag.py:3947} INFO - Setting next_dagrun for python_dag to 2024-07-24 00:00:00+00:00, run_after=2024-07-25 00:00:00+00:00
[2024-07-26T07:27:12.937+0000] {processor.py:183} INFO - Processing /opt/airflow/dags/3_python_xcoms_dag.py took 0.071 seconds
[2024-07-26T07:27:43.735+0000] {processor.py:161} INFO - Started process (PID=3281) to work on /opt/airflow/dags/3_python_xcoms_dag.py
[2024-07-26T07:27:43.736+0000] {processor.py:830} INFO - Processing file /opt/airflow/dags/3_python_xcoms_dag.py for tasks to queue
[2024-07-26T07:27:43.737+0000] {logging_mixin.py:188} INFO - [2024-07-26T07:27:43.737+0000] {dagbag.py:545} INFO - Filling up the DagBag from /opt/airflow/dags/3_python_xcoms_dag.py
[2024-07-26T07:27:43.757+0000] {processor.py:840} INFO - DAG(s) 'python_dag' retrieved from /opt/airflow/dags/3_python_xcoms_dag.py
[2024-07-26T07:27:44.000+0000] {logging_mixin.py:188} INFO - [2024-07-26T07:27:43.999+0000] {dag.py:3089} INFO - Sync 1 DAGs
[2024-07-26T07:27:44.005+0000] {logging_mixin.py:188} INFO - [2024-07-26T07:27:44.005+0000] {dag.py:3947} INFO - Setting next_dagrun for python_dag to 2024-07-24 00:00:00+00:00, run_after=2024-07-25 00:00:00+00:00
[2024-07-26T07:27:44.011+0000] {processor.py:183} INFO - Processing /opt/airflow/dags/3_python_xcoms_dag.py took 0.283 seconds
[2024-07-26T07:28:14.712+0000] {processor.py:161} INFO - Started process (PID=3297) to work on /opt/airflow/dags/3_python_xcoms_dag.py
[2024-07-26T07:28:14.714+0000] {processor.py:830} INFO - Processing file /opt/airflow/dags/3_python_xcoms_dag.py for tasks to queue
[2024-07-26T07:28:14.715+0000] {logging_mixin.py:188} INFO - [2024-07-26T07:28:14.714+0000] {dagbag.py:545} INFO - Filling up the DagBag from /opt/airflow/dags/3_python_xcoms_dag.py
[2024-07-26T07:28:14.736+0000] {processor.py:840} INFO - DAG(s) 'python_dag' retrieved from /opt/airflow/dags/3_python_xcoms_dag.py
[2024-07-26T07:28:14.840+0000] {logging_mixin.py:188} INFO - [2024-07-26T07:28:14.839+0000] {dag.py:3089} INFO - Sync 1 DAGs
[2024-07-26T07:28:14.858+0000] {logging_mixin.py:188} INFO - [2024-07-26T07:28:14.858+0000] {dag.py:3947} INFO - Setting next_dagrun for python_dag to 2024-07-24 00:00:00+00:00, run_after=2024-07-25 00:00:00+00:00
[2024-07-26T07:28:14.885+0000] {processor.py:183} INFO - Processing /opt/airflow/dags/3_python_xcoms_dag.py took 0.183 seconds
[2024-07-26T07:28:45.799+0000] {processor.py:161} INFO - Started process (PID=3313) to work on /opt/airflow/dags/3_python_xcoms_dag.py
[2024-07-26T07:28:45.800+0000] {processor.py:830} INFO - Processing file /opt/airflow/dags/3_python_xcoms_dag.py for tasks to queue
[2024-07-26T07:28:45.801+0000] {logging_mixin.py:188} INFO - [2024-07-26T07:28:45.801+0000] {dagbag.py:545} INFO - Filling up the DagBag from /opt/airflow/dags/3_python_xcoms_dag.py
[2024-07-26T07:28:45.811+0000] {processor.py:840} INFO - DAG(s) 'python_dag' retrieved from /opt/airflow/dags/3_python_xcoms_dag.py
[2024-07-26T07:28:46.120+0000] {logging_mixin.py:188} INFO - [2024-07-26T07:28:46.120+0000] {dag.py:3089} INFO - Sync 1 DAGs
[2024-07-26T07:28:46.127+0000] {logging_mixin.py:188} INFO - [2024-07-26T07:28:46.126+0000] {dag.py:3947} INFO - Setting next_dagrun for python_dag to 2024-07-24 00:00:00+00:00, run_after=2024-07-25 00:00:00+00:00
[2024-07-26T07:28:46.132+0000] {processor.py:183} INFO - Processing /opt/airflow/dags/3_python_xcoms_dag.py took 0.338 seconds
[2024-07-26T07:29:16.283+0000] {processor.py:161} INFO - Started process (PID=3328) to work on /opt/airflow/dags/3_python_xcoms_dag.py
[2024-07-26T07:29:16.284+0000] {processor.py:830} INFO - Processing file /opt/airflow/dags/3_python_xcoms_dag.py for tasks to queue
[2024-07-26T07:29:16.285+0000] {logging_mixin.py:188} INFO - [2024-07-26T07:29:16.284+0000] {dagbag.py:545} INFO - Filling up the DagBag from /opt/airflow/dags/3_python_xcoms_dag.py
[2024-07-26T07:29:16.294+0000] {processor.py:840} INFO - DAG(s) 'python_dag' retrieved from /opt/airflow/dags/3_python_xcoms_dag.py
[2024-07-26T07:29:16.307+0000] {logging_mixin.py:188} INFO - [2024-07-26T07:29:16.307+0000] {dag.py:3089} INFO - Sync 1 DAGs
[2024-07-26T07:29:16.321+0000] {logging_mixin.py:188} INFO - [2024-07-26T07:29:16.321+0000] {dag.py:3947} INFO - Setting next_dagrun for python_dag to 2024-07-24 00:00:00+00:00, run_after=2024-07-25 00:00:00+00:00
[2024-07-26T07:29:16.336+0000] {processor.py:183} INFO - Processing /opt/airflow/dags/3_python_xcoms_dag.py took 0.058 seconds
[2024-07-26T07:29:47.156+0000] {processor.py:161} INFO - Started process (PID=3343) to work on /opt/airflow/dags/3_python_xcoms_dag.py
[2024-07-26T07:29:47.158+0000] {processor.py:830} INFO - Processing file /opt/airflow/dags/3_python_xcoms_dag.py for tasks to queue
[2024-07-26T07:29:47.159+0000] {logging_mixin.py:188} INFO - [2024-07-26T07:29:47.159+0000] {dagbag.py:545} INFO - Filling up the DagBag from /opt/airflow/dags/3_python_xcoms_dag.py
[2024-07-26T07:29:47.209+0000] {processor.py:840} INFO - DAG(s) 'python_dag' retrieved from /opt/airflow/dags/3_python_xcoms_dag.py
[2024-07-26T07:29:47.350+0000] {logging_mixin.py:188} INFO - [2024-07-26T07:29:47.350+0000] {dag.py:3089} INFO - Sync 1 DAGs
[2024-07-26T07:29:47.537+0000] {logging_mixin.py:188} INFO - [2024-07-26T07:29:47.536+0000] {dag.py:3947} INFO - Setting next_dagrun for python_dag to 2024-07-24 00:00:00+00:00, run_after=2024-07-25 00:00:00+00:00
[2024-07-26T07:29:47.543+0000] {processor.py:183} INFO - Processing /opt/airflow/dags/3_python_xcoms_dag.py took 0.394 seconds
[2024-07-26T07:30:18.235+0000] {processor.py:161} INFO - Started process (PID=3361) to work on /opt/airflow/dags/3_python_xcoms_dag.py
[2024-07-26T07:30:18.238+0000] {processor.py:830} INFO - Processing file /opt/airflow/dags/3_python_xcoms_dag.py for tasks to queue
[2024-07-26T07:30:18.240+0000] {logging_mixin.py:188} INFO - [2024-07-26T07:30:18.240+0000] {dagbag.py:545} INFO - Filling up the DagBag from /opt/airflow/dags/3_python_xcoms_dag.py
[2024-07-26T07:30:18.270+0000] {processor.py:840} INFO - DAG(s) 'python_dag' retrieved from /opt/airflow/dags/3_python_xcoms_dag.py
[2024-07-26T07:30:18.317+0000] {logging_mixin.py:188} INFO - [2024-07-26T07:30:18.317+0000] {dag.py:3089} INFO - Sync 1 DAGs
[2024-07-26T07:30:18.341+0000] {logging_mixin.py:188} INFO - [2024-07-26T07:30:18.341+0000] {dag.py:3947} INFO - Setting next_dagrun for python_dag to 2024-07-24 00:00:00+00:00, run_after=2024-07-25 00:00:00+00:00
[2024-07-26T07:30:18.360+0000] {processor.py:183} INFO - Processing /opt/airflow/dags/3_python_xcoms_dag.py took 0.130 seconds
[2024-07-26T07:30:49.243+0000] {processor.py:161} INFO - Started process (PID=3376) to work on /opt/airflow/dags/3_python_xcoms_dag.py
[2024-07-26T07:30:49.248+0000] {processor.py:830} INFO - Processing file /opt/airflow/dags/3_python_xcoms_dag.py for tasks to queue
[2024-07-26T07:30:49.252+0000] {logging_mixin.py:188} INFO - [2024-07-26T07:30:49.250+0000] {dagbag.py:545} INFO - Filling up the DagBag from /opt/airflow/dags/3_python_xcoms_dag.py
[2024-07-26T07:30:49.276+0000] {processor.py:840} INFO - DAG(s) 'python_dag' retrieved from /opt/airflow/dags/3_python_xcoms_dag.py
[2024-07-26T07:30:49.548+0000] {logging_mixin.py:188} INFO - [2024-07-26T07:30:49.548+0000] {dag.py:3089} INFO - Sync 1 DAGs
[2024-07-26T07:30:49.557+0000] {logging_mixin.py:188} INFO - [2024-07-26T07:30:49.557+0000] {dag.py:3947} INFO - Setting next_dagrun for python_dag to 2024-07-24 00:00:00+00:00, run_after=2024-07-25 00:00:00+00:00
[2024-07-26T07:30:49.563+0000] {processor.py:183} INFO - Processing /opt/airflow/dags/3_python_xcoms_dag.py took 0.336 seconds
[2024-07-26T07:31:20.259+0000] {processor.py:161} INFO - Started process (PID=3391) to work on /opt/airflow/dags/3_python_xcoms_dag.py
[2024-07-26T07:31:20.262+0000] {processor.py:830} INFO - Processing file /opt/airflow/dags/3_python_xcoms_dag.py for tasks to queue
[2024-07-26T07:31:20.265+0000] {logging_mixin.py:188} INFO - [2024-07-26T07:31:20.264+0000] {dagbag.py:545} INFO - Filling up the DagBag from /opt/airflow/dags/3_python_xcoms_dag.py
[2024-07-26T07:31:20.298+0000] {processor.py:840} INFO - DAG(s) 'python_dag' retrieved from /opt/airflow/dags/3_python_xcoms_dag.py
[2024-07-26T07:31:20.324+0000] {logging_mixin.py:188} INFO - [2024-07-26T07:31:20.324+0000] {dag.py:3089} INFO - Sync 1 DAGs
[2024-07-26T07:31:20.349+0000] {logging_mixin.py:188} INFO - [2024-07-26T07:31:20.349+0000] {dag.py:3947} INFO - Setting next_dagrun for python_dag to 2024-07-24 00:00:00+00:00, run_after=2024-07-25 00:00:00+00:00
[2024-07-26T07:31:20.375+0000] {processor.py:183} INFO - Processing /opt/airflow/dags/3_python_xcoms_dag.py took 0.125 seconds
[2024-07-26T07:31:51.247+0000] {processor.py:161} INFO - Started process (PID=3406) to work on /opt/airflow/dags/3_python_xcoms_dag.py
[2024-07-26T07:31:51.251+0000] {processor.py:830} INFO - Processing file /opt/airflow/dags/3_python_xcoms_dag.py for tasks to queue
[2024-07-26T07:31:51.253+0000] {logging_mixin.py:188} INFO - [2024-07-26T07:31:51.252+0000] {dagbag.py:545} INFO - Filling up the DagBag from /opt/airflow/dags/3_python_xcoms_dag.py
[2024-07-26T07:31:51.293+0000] {processor.py:840} INFO - DAG(s) 'python_dag' retrieved from /opt/airflow/dags/3_python_xcoms_dag.py
[2024-07-26T07:31:51.656+0000] {logging_mixin.py:188} INFO - [2024-07-26T07:31:51.656+0000] {dag.py:3089} INFO - Sync 1 DAGs
[2024-07-26T07:31:51.666+0000] {logging_mixin.py:188} INFO - [2024-07-26T07:31:51.666+0000] {dag.py:3947} INFO - Setting next_dagrun for python_dag to 2024-07-24 00:00:00+00:00, run_after=2024-07-25 00:00:00+00:00
[2024-07-26T07:31:51.680+0000] {processor.py:183} INFO - Processing /opt/airflow/dags/3_python_xcoms_dag.py took 0.444 seconds
[2024-07-26T07:32:22.544+0000] {processor.py:161} INFO - Started process (PID=3421) to work on /opt/airflow/dags/3_python_xcoms_dag.py
[2024-07-26T07:32:22.546+0000] {processor.py:830} INFO - Processing file /opt/airflow/dags/3_python_xcoms_dag.py for tasks to queue
[2024-07-26T07:32:22.548+0000] {logging_mixin.py:188} INFO - [2024-07-26T07:32:22.548+0000] {dagbag.py:545} INFO - Filling up the DagBag from /opt/airflow/dags/3_python_xcoms_dag.py
[2024-07-26T07:32:22.580+0000] {processor.py:840} INFO - DAG(s) 'python_dag' retrieved from /opt/airflow/dags/3_python_xcoms_dag.py
[2024-07-26T07:32:22.601+0000] {logging_mixin.py:188} INFO - [2024-07-26T07:32:22.601+0000] {dag.py:3089} INFO - Sync 1 DAGs
[2024-07-26T07:32:22.615+0000] {logging_mixin.py:188} INFO - [2024-07-26T07:32:22.615+0000] {dag.py:3947} INFO - Setting next_dagrun for python_dag to 2024-07-24 00:00:00+00:00, run_after=2024-07-25 00:00:00+00:00
[2024-07-26T07:32:22.623+0000] {processor.py:183} INFO - Processing /opt/airflow/dags/3_python_xcoms_dag.py took 0.087 seconds
[2024-07-26T07:32:53.462+0000] {processor.py:161} INFO - Started process (PID=3437) to work on /opt/airflow/dags/3_python_xcoms_dag.py
[2024-07-26T07:32:53.465+0000] {processor.py:830} INFO - Processing file /opt/airflow/dags/3_python_xcoms_dag.py for tasks to queue
[2024-07-26T07:32:53.466+0000] {logging_mixin.py:188} INFO - [2024-07-26T07:32:53.466+0000] {dagbag.py:545} INFO - Filling up the DagBag from /opt/airflow/dags/3_python_xcoms_dag.py
[2024-07-26T07:32:53.503+0000] {processor.py:840} INFO - DAG(s) 'python_dag' retrieved from /opt/airflow/dags/3_python_xcoms_dag.py
[2024-07-26T07:32:53.790+0000] {logging_mixin.py:188} INFO - [2024-07-26T07:32:53.789+0000] {dag.py:3089} INFO - Sync 1 DAGs
[2024-07-26T07:32:53.796+0000] {logging_mixin.py:188} INFO - [2024-07-26T07:32:53.796+0000] {dag.py:3947} INFO - Setting next_dagrun for python_dag to 2024-07-24 00:00:00+00:00, run_after=2024-07-25 00:00:00+00:00
[2024-07-26T07:32:53.801+0000] {processor.py:183} INFO - Processing /opt/airflow/dags/3_python_xcoms_dag.py took 0.352 seconds
[2024-07-26T07:33:24.061+0000] {processor.py:161} INFO - Started process (PID=3454) to work on /opt/airflow/dags/3_python_xcoms_dag.py
[2024-07-26T07:33:24.062+0000] {processor.py:830} INFO - Processing file /opt/airflow/dags/3_python_xcoms_dag.py for tasks to queue
[2024-07-26T07:33:24.063+0000] {logging_mixin.py:188} INFO - [2024-07-26T07:33:24.063+0000] {dagbag.py:545} INFO - Filling up the DagBag from /opt/airflow/dags/3_python_xcoms_dag.py
[2024-07-26T07:33:24.072+0000] {processor.py:840} INFO - DAG(s) 'python_dag' retrieved from /opt/airflow/dags/3_python_xcoms_dag.py
[2024-07-26T07:33:24.085+0000] {logging_mixin.py:188} INFO - [2024-07-26T07:33:24.085+0000] {dag.py:3089} INFO - Sync 1 DAGs
[2024-07-26T07:33:24.102+0000] {logging_mixin.py:188} INFO - [2024-07-26T07:33:24.101+0000] {dag.py:3947} INFO - Setting next_dagrun for python_dag to 2024-07-24 00:00:00+00:00, run_after=2024-07-25 00:00:00+00:00
[2024-07-26T07:33:24.113+0000] {processor.py:183} INFO - Processing /opt/airflow/dags/3_python_xcoms_dag.py took 0.055 seconds
[2024-07-26T07:33:55.045+0000] {processor.py:161} INFO - Started process (PID=3470) to work on /opt/airflow/dags/3_python_xcoms_dag.py
[2024-07-26T07:33:55.045+0000] {processor.py:830} INFO - Processing file /opt/airflow/dags/3_python_xcoms_dag.py for tasks to queue
[2024-07-26T07:33:55.046+0000] {logging_mixin.py:188} INFO - [2024-07-26T07:33:55.046+0000] {dagbag.py:545} INFO - Filling up the DagBag from /opt/airflow/dags/3_python_xcoms_dag.py
[2024-07-26T07:33:55.051+0000] {processor.py:840} INFO - DAG(s) 'python_dag' retrieved from /opt/airflow/dags/3_python_xcoms_dag.py
[2024-07-26T07:33:55.258+0000] {logging_mixin.py:188} INFO - [2024-07-26T07:33:55.257+0000] {dag.py:3089} INFO - Sync 1 DAGs
[2024-07-26T07:33:55.265+0000] {logging_mixin.py:188} INFO - [2024-07-26T07:33:55.264+0000] {dag.py:3947} INFO - Setting next_dagrun for python_dag to 2024-07-24 00:00:00+00:00, run_after=2024-07-25 00:00:00+00:00
[2024-07-26T07:33:55.270+0000] {processor.py:183} INFO - Processing /opt/airflow/dags/3_python_xcoms_dag.py took 0.228 seconds
[2024-07-26T07:34:26.207+0000] {processor.py:161} INFO - Started process (PID=3486) to work on /opt/airflow/dags/3_python_xcoms_dag.py
[2024-07-26T07:34:26.208+0000] {processor.py:830} INFO - Processing file /opt/airflow/dags/3_python_xcoms_dag.py for tasks to queue
[2024-07-26T07:34:26.209+0000] {logging_mixin.py:188} INFO - [2024-07-26T07:34:26.208+0000] {dagbag.py:545} INFO - Filling up the DagBag from /opt/airflow/dags/3_python_xcoms_dag.py
[2024-07-26T07:34:26.219+0000] {processor.py:840} INFO - DAG(s) 'python_dag' retrieved from /opt/airflow/dags/3_python_xcoms_dag.py
[2024-07-26T07:34:26.245+0000] {logging_mixin.py:188} INFO - [2024-07-26T07:34:26.245+0000] {dag.py:3089} INFO - Sync 1 DAGs
[2024-07-26T07:34:26.258+0000] {logging_mixin.py:188} INFO - [2024-07-26T07:34:26.258+0000] {dag.py:3947} INFO - Setting next_dagrun for python_dag to 2024-07-24 00:00:00+00:00, run_after=2024-07-25 00:00:00+00:00
[2024-07-26T07:34:26.264+0000] {processor.py:183} INFO - Processing /opt/airflow/dags/3_python_xcoms_dag.py took 0.059 seconds
[2024-07-26T07:34:57.025+0000] {processor.py:161} INFO - Started process (PID=3501) to work on /opt/airflow/dags/3_python_xcoms_dag.py
[2024-07-26T07:34:57.025+0000] {processor.py:830} INFO - Processing file /opt/airflow/dags/3_python_xcoms_dag.py for tasks to queue
[2024-07-26T07:34:57.026+0000] {logging_mixin.py:188} INFO - [2024-07-26T07:34:57.026+0000] {dagbag.py:545} INFO - Filling up the DagBag from /opt/airflow/dags/3_python_xcoms_dag.py
[2024-07-26T07:34:57.033+0000] {processor.py:840} INFO - DAG(s) 'python_dag' retrieved from /opt/airflow/dags/3_python_xcoms_dag.py
[2024-07-26T07:34:57.088+0000] {logging_mixin.py:188} INFO - [2024-07-26T07:34:57.087+0000] {dag.py:3089} INFO - Sync 1 DAGs
[2024-07-26T07:34:57.188+0000] {logging_mixin.py:188} INFO - [2024-07-26T07:34:57.188+0000] {dag.py:3947} INFO - Setting next_dagrun for python_dag to 2024-07-24 00:00:00+00:00, run_after=2024-07-25 00:00:00+00:00
[2024-07-26T07:34:57.194+0000] {processor.py:183} INFO - Processing /opt/airflow/dags/3_python_xcoms_dag.py took 0.172 seconds
[2024-07-26T07:35:28.101+0000] {processor.py:161} INFO - Started process (PID=3516) to work on /opt/airflow/dags/3_python_xcoms_dag.py
[2024-07-26T07:35:28.103+0000] {processor.py:830} INFO - Processing file /opt/airflow/dags/3_python_xcoms_dag.py for tasks to queue
[2024-07-26T07:35:28.103+0000] {logging_mixin.py:188} INFO - [2024-07-26T07:35:28.103+0000] {dagbag.py:545} INFO - Filling up the DagBag from /opt/airflow/dags/3_python_xcoms_dag.py
[2024-07-26T07:35:28.111+0000] {processor.py:840} INFO - DAG(s) 'python_dag' retrieved from /opt/airflow/dags/3_python_xcoms_dag.py
[2024-07-26T07:35:28.134+0000] {logging_mixin.py:188} INFO - [2024-07-26T07:35:28.134+0000] {dag.py:3089} INFO - Sync 1 DAGs
[2024-07-26T07:35:28.160+0000] {logging_mixin.py:188} INFO - [2024-07-26T07:35:28.159+0000] {dag.py:3947} INFO - Setting next_dagrun for python_dag to 2024-07-24 00:00:00+00:00, run_after=2024-07-25 00:00:00+00:00
[2024-07-26T07:35:28.192+0000] {processor.py:183} INFO - Processing /opt/airflow/dags/3_python_xcoms_dag.py took 0.094 seconds
[2024-07-26T07:35:58.244+0000] {processor.py:161} INFO - Started process (PID=3531) to work on /opt/airflow/dags/3_python_xcoms_dag.py
[2024-07-26T07:35:58.249+0000] {processor.py:830} INFO - Processing file /opt/airflow/dags/3_python_xcoms_dag.py for tasks to queue
[2024-07-26T07:35:58.249+0000] {logging_mixin.py:188} INFO - [2024-07-26T07:35:58.249+0000] {dagbag.py:545} INFO - Filling up the DagBag from /opt/airflow/dags/3_python_xcoms_dag.py
[2024-07-26T07:35:58.265+0000] {processor.py:840} INFO - DAG(s) 'python_dag' retrieved from /opt/airflow/dags/3_python_xcoms_dag.py
[2024-07-26T07:35:58.537+0000] {logging_mixin.py:188} INFO - [2024-07-26T07:35:58.536+0000] {dag.py:3089} INFO - Sync 1 DAGs
[2024-07-26T07:35:58.544+0000] {logging_mixin.py:188} INFO - [2024-07-26T07:35:58.544+0000] {dag.py:3947} INFO - Setting next_dagrun for python_dag to 2024-07-24 00:00:00+00:00, run_after=2024-07-25 00:00:00+00:00
[2024-07-26T07:35:58.550+0000] {processor.py:183} INFO - Processing /opt/airflow/dags/3_python_xcoms_dag.py took 0.318 seconds
[2024-07-26T07:36:28.635+0000] {processor.py:161} INFO - Started process (PID=3547) to work on /opt/airflow/dags/3_python_xcoms_dag.py
[2024-07-26T07:36:28.637+0000] {processor.py:830} INFO - Processing file /opt/airflow/dags/3_python_xcoms_dag.py for tasks to queue
[2024-07-26T07:36:28.637+0000] {logging_mixin.py:188} INFO - [2024-07-26T07:36:28.637+0000] {dagbag.py:545} INFO - Filling up the DagBag from /opt/airflow/dags/3_python_xcoms_dag.py
[2024-07-26T07:36:28.650+0000] {processor.py:840} INFO - DAG(s) 'python_dag' retrieved from /opt/airflow/dags/3_python_xcoms_dag.py
[2024-07-26T07:36:28.689+0000] {logging_mixin.py:188} INFO - [2024-07-26T07:36:28.689+0000] {dag.py:3089} INFO - Sync 1 DAGs
[2024-07-26T07:36:28.727+0000] {logging_mixin.py:188} INFO - [2024-07-26T07:36:28.727+0000] {dag.py:3947} INFO - Setting next_dagrun for python_dag to 2024-07-24 00:00:00+00:00, run_after=2024-07-25 00:00:00+00:00
[2024-07-26T07:36:28.742+0000] {processor.py:183} INFO - Processing /opt/airflow/dags/3_python_xcoms_dag.py took 0.110 seconds
[2024-07-26T07:36:59.424+0000] {processor.py:161} INFO - Started process (PID=3563) to work on /opt/airflow/dags/3_python_xcoms_dag.py
[2024-07-26T07:36:59.424+0000] {processor.py:830} INFO - Processing file /opt/airflow/dags/3_python_xcoms_dag.py for tasks to queue
[2024-07-26T07:36:59.425+0000] {logging_mixin.py:188} INFO - [2024-07-26T07:36:59.424+0000] {dagbag.py:545} INFO - Filling up the DagBag from /opt/airflow/dags/3_python_xcoms_dag.py
[2024-07-26T07:36:59.430+0000] {processor.py:840} INFO - DAG(s) 'python_dag' retrieved from /opt/airflow/dags/3_python_xcoms_dag.py
[2024-07-26T07:36:59.665+0000] {logging_mixin.py:188} INFO - [2024-07-26T07:36:59.665+0000] {dag.py:3089} INFO - Sync 1 DAGs
[2024-07-26T07:36:59.672+0000] {logging_mixin.py:188} INFO - [2024-07-26T07:36:59.672+0000] {dag.py:3947} INFO - Setting next_dagrun for python_dag to 2024-07-24 00:00:00+00:00, run_after=2024-07-25 00:00:00+00:00
[2024-07-26T07:36:59.680+0000] {processor.py:183} INFO - Processing /opt/airflow/dags/3_python_xcoms_dag.py took 0.259 seconds
[2024-07-26T07:37:29.857+0000] {processor.py:161} INFO - Started process (PID=3579) to work on /opt/airflow/dags/3_python_xcoms_dag.py
[2024-07-26T07:37:29.858+0000] {processor.py:830} INFO - Processing file /opt/airflow/dags/3_python_xcoms_dag.py for tasks to queue
[2024-07-26T07:37:29.859+0000] {logging_mixin.py:188} INFO - [2024-07-26T07:37:29.859+0000] {dagbag.py:545} INFO - Filling up the DagBag from /opt/airflow/dags/3_python_xcoms_dag.py
[2024-07-26T07:37:29.869+0000] {processor.py:840} INFO - DAG(s) 'python_dag' retrieved from /opt/airflow/dags/3_python_xcoms_dag.py
[2024-07-26T07:37:29.876+0000] {logging_mixin.py:188} INFO - [2024-07-26T07:37:29.876+0000] {dag.py:3089} INFO - Sync 1 DAGs
[2024-07-26T07:37:29.885+0000] {logging_mixin.py:188} INFO - [2024-07-26T07:37:29.885+0000] {dag.py:3947} INFO - Setting next_dagrun for python_dag to 2024-07-24 00:00:00+00:00, run_after=2024-07-25 00:00:00+00:00
[2024-07-26T07:37:29.891+0000] {processor.py:183} INFO - Processing /opt/airflow/dags/3_python_xcoms_dag.py took 0.038 seconds
[2024-07-26T07:38:00.787+0000] {processor.py:161} INFO - Started process (PID=3600) to work on /opt/airflow/dags/3_python_xcoms_dag.py
[2024-07-26T07:38:00.787+0000] {processor.py:830} INFO - Processing file /opt/airflow/dags/3_python_xcoms_dag.py for tasks to queue
[2024-07-26T07:38:00.788+0000] {logging_mixin.py:188} INFO - [2024-07-26T07:38:00.788+0000] {dagbag.py:545} INFO - Filling up the DagBag from /opt/airflow/dags/3_python_xcoms_dag.py
[2024-07-26T07:38:00.795+0000] {processor.py:840} INFO - DAG(s) 'python_dag' retrieved from /opt/airflow/dags/3_python_xcoms_dag.py
[2024-07-26T07:38:00.908+0000] {logging_mixin.py:188} INFO - [2024-07-26T07:38:00.908+0000] {dag.py:3089} INFO - Sync 1 DAGs
[2024-07-26T07:38:01.078+0000] {logging_mixin.py:188} INFO - [2024-07-26T07:38:01.078+0000] {dag.py:3947} INFO - Setting next_dagrun for python_dag to 2024-07-24 00:00:00+00:00, run_after=2024-07-25 00:00:00+00:00
[2024-07-26T07:38:01.087+0000] {processor.py:183} INFO - Processing /opt/airflow/dags/3_python_xcoms_dag.py took 0.303 seconds
[2024-07-26T07:38:31.505+0000] {processor.py:161} INFO - Started process (PID=3615) to work on /opt/airflow/dags/3_python_xcoms_dag.py
[2024-07-26T07:38:31.507+0000] {processor.py:830} INFO - Processing file /opt/airflow/dags/3_python_xcoms_dag.py for tasks to queue
[2024-07-26T07:38:31.508+0000] {logging_mixin.py:188} INFO - [2024-07-26T07:38:31.507+0000] {dagbag.py:545} INFO - Filling up the DagBag from /opt/airflow/dags/3_python_xcoms_dag.py
[2024-07-26T07:38:31.520+0000] {processor.py:840} INFO - DAG(s) 'python_dag' retrieved from /opt/airflow/dags/3_python_xcoms_dag.py
[2024-07-26T07:38:31.533+0000] {logging_mixin.py:188} INFO - [2024-07-26T07:38:31.532+0000] {dag.py:3089} INFO - Sync 1 DAGs
[2024-07-26T07:38:31.549+0000] {logging_mixin.py:188} INFO - [2024-07-26T07:38:31.549+0000] {dag.py:3947} INFO - Setting next_dagrun for python_dag to 2024-07-24 00:00:00+00:00, run_after=2024-07-25 00:00:00+00:00
[2024-07-26T07:38:31.559+0000] {processor.py:183} INFO - Processing /opt/airflow/dags/3_python_xcoms_dag.py took 0.057 seconds
[2024-07-26T07:39:02.575+0000] {processor.py:161} INFO - Started process (PID=3631) to work on /opt/airflow/dags/3_python_xcoms_dag.py
[2024-07-26T07:39:02.575+0000] {processor.py:830} INFO - Processing file /opt/airflow/dags/3_python_xcoms_dag.py for tasks to queue
[2024-07-26T07:39:02.576+0000] {logging_mixin.py:188} INFO - [2024-07-26T07:39:02.576+0000] {dagbag.py:545} INFO - Filling up the DagBag from /opt/airflow/dags/3_python_xcoms_dag.py
[2024-07-26T07:39:02.583+0000] {processor.py:840} INFO - DAG(s) 'python_dag' retrieved from /opt/airflow/dags/3_python_xcoms_dag.py
[2024-07-26T07:39:02.832+0000] {logging_mixin.py:188} INFO - [2024-07-26T07:39:02.832+0000] {dag.py:3089} INFO - Sync 1 DAGs
[2024-07-26T07:39:02.840+0000] {logging_mixin.py:188} INFO - [2024-07-26T07:39:02.840+0000] {dag.py:3947} INFO - Setting next_dagrun for python_dag to 2024-07-24 00:00:00+00:00, run_after=2024-07-25 00:00:00+00:00
[2024-07-26T07:39:02.846+0000] {processor.py:183} INFO - Processing /opt/airflow/dags/3_python_xcoms_dag.py took 0.275 seconds
[2024-07-26T07:39:33.398+0000] {processor.py:161} INFO - Started process (PID=3646) to work on /opt/airflow/dags/3_python_xcoms_dag.py
[2024-07-26T07:39:33.399+0000] {processor.py:830} INFO - Processing file /opt/airflow/dags/3_python_xcoms_dag.py for tasks to queue
[2024-07-26T07:39:33.401+0000] {logging_mixin.py:188} INFO - [2024-07-26T07:39:33.401+0000] {dagbag.py:545} INFO - Filling up the DagBag from /opt/airflow/dags/3_python_xcoms_dag.py
[2024-07-26T07:39:33.412+0000] {processor.py:840} INFO - DAG(s) 'python_dag' retrieved from /opt/airflow/dags/3_python_xcoms_dag.py
[2024-07-26T07:39:33.429+0000] {logging_mixin.py:188} INFO - [2024-07-26T07:39:33.428+0000] {dag.py:3089} INFO - Sync 1 DAGs
[2024-07-26T07:39:33.446+0000] {logging_mixin.py:188} INFO - [2024-07-26T07:39:33.446+0000] {dag.py:3947} INFO - Setting next_dagrun for python_dag to 2024-07-24 00:00:00+00:00, run_after=2024-07-25 00:00:00+00:00
[2024-07-26T07:39:33.470+0000] {processor.py:183} INFO - Processing /opt/airflow/dags/3_python_xcoms_dag.py took 0.075 seconds
[2024-07-26T07:40:03.656+0000] {processor.py:161} INFO - Started process (PID=3660) to work on /opt/airflow/dags/3_python_xcoms_dag.py
[2024-07-26T07:40:03.658+0000] {processor.py:830} INFO - Processing file /opt/airflow/dags/3_python_xcoms_dag.py for tasks to queue
[2024-07-26T07:40:03.661+0000] {logging_mixin.py:188} INFO - [2024-07-26T07:40:03.660+0000] {dagbag.py:545} INFO - Filling up the DagBag from /opt/airflow/dags/3_python_xcoms_dag.py
[2024-07-26T07:40:03.686+0000] {processor.py:840} INFO - DAG(s) 'python_dag' retrieved from /opt/airflow/dags/3_python_xcoms_dag.py
[2024-07-26T07:40:03.952+0000] {logging_mixin.py:188} INFO - [2024-07-26T07:40:03.952+0000] {dag.py:3089} INFO - Sync 1 DAGs
[2024-07-26T07:40:03.964+0000] {logging_mixin.py:188} INFO - [2024-07-26T07:40:03.964+0000] {dag.py:3947} INFO - Setting next_dagrun for python_dag to 2024-07-24 00:00:00+00:00, run_after=2024-07-25 00:00:00+00:00
[2024-07-26T07:40:03.973+0000] {processor.py:183} INFO - Processing /opt/airflow/dags/3_python_xcoms_dag.py took 0.337 seconds
[2024-07-26T07:40:34.405+0000] {processor.py:161} INFO - Started process (PID=3677) to work on /opt/airflow/dags/3_python_xcoms_dag.py
[2024-07-26T07:40:34.406+0000] {processor.py:830} INFO - Processing file /opt/airflow/dags/3_python_xcoms_dag.py for tasks to queue
[2024-07-26T07:40:34.408+0000] {logging_mixin.py:188} INFO - [2024-07-26T07:40:34.407+0000] {dagbag.py:545} INFO - Filling up the DagBag from /opt/airflow/dags/3_python_xcoms_dag.py
[2024-07-26T07:40:34.419+0000] {processor.py:840} INFO - DAG(s) 'python_dag' retrieved from /opt/airflow/dags/3_python_xcoms_dag.py
[2024-07-26T07:40:34.433+0000] {logging_mixin.py:188} INFO - [2024-07-26T07:40:34.433+0000] {dag.py:3089} INFO - Sync 1 DAGs
[2024-07-26T07:40:34.446+0000] {logging_mixin.py:188} INFO - [2024-07-26T07:40:34.446+0000] {dag.py:3947} INFO - Setting next_dagrun for python_dag to 2024-07-24 00:00:00+00:00, run_after=2024-07-25 00:00:00+00:00
[2024-07-26T07:40:34.461+0000] {processor.py:183} INFO - Processing /opt/airflow/dags/3_python_xcoms_dag.py took 0.060 seconds
