[2024-07-26T07:08:48.862+0000] {processor.py:161} INFO - Started process (PID=2717) to work on /opt/airflow/dags/4_python_taskflow_dag.py
[2024-07-26T07:08:48.863+0000] {processor.py:830} INFO - Processing file /opt/airflow/dags/4_python_taskflow_dag.py for tasks to queue
[2024-07-26T07:08:48.863+0000] {logging_mixin.py:188} INFO - [2024-07-26T07:08:48.863+0000] {dagbag.py:545} INFO - Filling up the DagBag from /opt/airflow/dags/4_python_taskflow_dag.py
[2024-07-26T07:08:48.873+0000] {processor.py:840} INFO - DAG(s) 'python_taskflow_dag' retrieved from /opt/airflow/dags/4_python_taskflow_dag.py
[2024-07-26T07:08:49.043+0000] {logging_mixin.py:188} INFO - [2024-07-26T07:08:49.043+0000] {dag.py:3089} INFO - Sync 1 DAGs
[2024-07-26T07:08:49.051+0000] {logging_mixin.py:188} INFO - [2024-07-26T07:08:49.051+0000] {dag.py:3947} INFO - Setting next_dagrun for python_taskflow_dag to 2024-07-25 00:00:00+00:00, run_after=2024-07-26 00:00:00+00:00
[2024-07-26T07:08:49.063+0000] {processor.py:183} INFO - Processing /opt/airflow/dags/4_python_taskflow_dag.py took 0.203 seconds
[2024-07-26T07:09:19.517+0000] {processor.py:161} INFO - Started process (PID=2731) to work on /opt/airflow/dags/4_python_taskflow_dag.py
[2024-07-26T07:09:19.518+0000] {processor.py:830} INFO - Processing file /opt/airflow/dags/4_python_taskflow_dag.py for tasks to queue
[2024-07-26T07:09:19.518+0000] {logging_mixin.py:188} INFO - [2024-07-26T07:09:19.518+0000] {dagbag.py:545} INFO - Filling up the DagBag from /opt/airflow/dags/4_python_taskflow_dag.py
[2024-07-26T07:09:19.524+0000] {processor.py:840} INFO - DAG(s) 'python_taskflow_dag' retrieved from /opt/airflow/dags/4_python_taskflow_dag.py
[2024-07-26T07:09:19.534+0000] {logging_mixin.py:188} INFO - [2024-07-26T07:09:19.534+0000] {dag.py:3089} INFO - Sync 1 DAGs
[2024-07-26T07:09:19.542+0000] {logging_mixin.py:188} INFO - [2024-07-26T07:09:19.542+0000] {dag.py:3947} INFO - Setting next_dagrun for python_taskflow_dag to 2024-07-25 00:00:00+00:00, run_after=2024-07-26 00:00:00+00:00
[2024-07-26T07:09:19.547+0000] {processor.py:183} INFO - Processing /opt/airflow/dags/4_python_taskflow_dag.py took 0.032 seconds
[2024-07-26T07:09:50.286+0000] {processor.py:161} INFO - Started process (PID=2745) to work on /opt/airflow/dags/4_python_taskflow_dag.py
[2024-07-26T07:09:50.287+0000] {processor.py:830} INFO - Processing file /opt/airflow/dags/4_python_taskflow_dag.py for tasks to queue
[2024-07-26T07:09:50.288+0000] {logging_mixin.py:188} INFO - [2024-07-26T07:09:50.288+0000] {dagbag.py:545} INFO - Filling up the DagBag from /opt/airflow/dags/4_python_taskflow_dag.py
[2024-07-26T07:09:50.297+0000] {processor.py:840} INFO - DAG(s) 'python_taskflow_dag' retrieved from /opt/airflow/dags/4_python_taskflow_dag.py
[2024-07-26T07:09:50.307+0000] {logging_mixin.py:188} INFO - [2024-07-26T07:09:50.307+0000] {dag.py:3089} INFO - Sync 1 DAGs
[2024-07-26T07:09:50.316+0000] {logging_mixin.py:188} INFO - [2024-07-26T07:09:50.316+0000] {dag.py:3947} INFO - Setting next_dagrun for python_taskflow_dag to 2024-07-25 00:00:00+00:00, run_after=2024-07-26 00:00:00+00:00
[2024-07-26T07:09:50.324+0000] {processor.py:183} INFO - Processing /opt/airflow/dags/4_python_taskflow_dag.py took 0.041 seconds
[2024-07-26T07:10:20.904+0000] {processor.py:161} INFO - Started process (PID=2759) to work on /opt/airflow/dags/4_python_taskflow_dag.py
[2024-07-26T07:10:20.905+0000] {processor.py:830} INFO - Processing file /opt/airflow/dags/4_python_taskflow_dag.py for tasks to queue
[2024-07-26T07:10:20.905+0000] {logging_mixin.py:188} INFO - [2024-07-26T07:10:20.905+0000] {dagbag.py:545} INFO - Filling up the DagBag from /opt/airflow/dags/4_python_taskflow_dag.py
[2024-07-26T07:10:20.915+0000] {processor.py:840} INFO - DAG(s) 'python_taskflow_dag' retrieved from /opt/airflow/dags/4_python_taskflow_dag.py
[2024-07-26T07:10:20.934+0000] {logging_mixin.py:188} INFO - [2024-07-26T07:10:20.934+0000] {dag.py:3089} INFO - Sync 1 DAGs
[2024-07-26T07:10:20.948+0000] {logging_mixin.py:188} INFO - [2024-07-26T07:10:20.948+0000] {dag.py:3947} INFO - Setting next_dagrun for python_taskflow_dag to 2024-07-25 00:00:00+00:00, run_after=2024-07-26 00:00:00+00:00
[2024-07-26T07:10:20.961+0000] {processor.py:183} INFO - Processing /opt/airflow/dags/4_python_taskflow_dag.py took 0.060 seconds
[2024-07-26T07:10:51.594+0000] {processor.py:161} INFO - Started process (PID=2774) to work on /opt/airflow/dags/4_python_taskflow_dag.py
[2024-07-26T07:10:51.595+0000] {processor.py:830} INFO - Processing file /opt/airflow/dags/4_python_taskflow_dag.py for tasks to queue
[2024-07-26T07:10:51.597+0000] {logging_mixin.py:188} INFO - [2024-07-26T07:10:51.596+0000] {dagbag.py:545} INFO - Filling up the DagBag from /opt/airflow/dags/4_python_taskflow_dag.py
[2024-07-26T07:10:51.603+0000] {processor.py:840} INFO - DAG(s) 'python_taskflow_dag' retrieved from /opt/airflow/dags/4_python_taskflow_dag.py
[2024-07-26T07:10:51.614+0000] {logging_mixin.py:188} INFO - [2024-07-26T07:10:51.614+0000] {dag.py:3089} INFO - Sync 1 DAGs
[2024-07-26T07:10:51.627+0000] {logging_mixin.py:188} INFO - [2024-07-26T07:10:51.627+0000] {dag.py:3947} INFO - Setting next_dagrun for python_taskflow_dag to 2024-07-25 00:00:00+00:00, run_after=2024-07-26 00:00:00+00:00
[2024-07-26T07:10:51.639+0000] {processor.py:183} INFO - Processing /opt/airflow/dags/4_python_taskflow_dag.py took 0.047 seconds
[2024-07-26T07:11:22.318+0000] {processor.py:161} INFO - Started process (PID=2788) to work on /opt/airflow/dags/4_python_taskflow_dag.py
[2024-07-26T07:11:22.318+0000] {processor.py:830} INFO - Processing file /opt/airflow/dags/4_python_taskflow_dag.py for tasks to queue
[2024-07-26T07:11:22.319+0000] {logging_mixin.py:188} INFO - [2024-07-26T07:11:22.318+0000] {dagbag.py:545} INFO - Filling up the DagBag from /opt/airflow/dags/4_python_taskflow_dag.py
[2024-07-26T07:11:22.324+0000] {processor.py:840} INFO - DAG(s) 'python_taskflow_dag' retrieved from /opt/airflow/dags/4_python_taskflow_dag.py
[2024-07-26T07:11:22.334+0000] {logging_mixin.py:188} INFO - [2024-07-26T07:11:22.334+0000] {dag.py:3089} INFO - Sync 1 DAGs
[2024-07-26T07:11:22.343+0000] {logging_mixin.py:188} INFO - [2024-07-26T07:11:22.343+0000] {dag.py:3947} INFO - Setting next_dagrun for python_taskflow_dag to 2024-07-25 00:00:00+00:00, run_after=2024-07-26 00:00:00+00:00
[2024-07-26T07:11:22.348+0000] {processor.py:183} INFO - Processing /opt/airflow/dags/4_python_taskflow_dag.py took 0.032 seconds
[2024-07-26T07:11:53.168+0000] {processor.py:161} INFO - Started process (PID=2802) to work on /opt/airflow/dags/4_python_taskflow_dag.py
[2024-07-26T07:11:53.169+0000] {processor.py:830} INFO - Processing file /opt/airflow/dags/4_python_taskflow_dag.py for tasks to queue
[2024-07-26T07:11:53.169+0000] {logging_mixin.py:188} INFO - [2024-07-26T07:11:53.169+0000] {dagbag.py:545} INFO - Filling up the DagBag from /opt/airflow/dags/4_python_taskflow_dag.py
[2024-07-26T07:11:53.174+0000] {processor.py:840} INFO - DAG(s) 'python_taskflow_dag' retrieved from /opt/airflow/dags/4_python_taskflow_dag.py
[2024-07-26T07:11:53.183+0000] {logging_mixin.py:188} INFO - [2024-07-26T07:11:53.182+0000] {dag.py:3089} INFO - Sync 1 DAGs
[2024-07-26T07:11:53.192+0000] {logging_mixin.py:188} INFO - [2024-07-26T07:11:53.192+0000] {dag.py:3947} INFO - Setting next_dagrun for python_taskflow_dag to 2024-07-25 00:00:00+00:00, run_after=2024-07-26 00:00:00+00:00
[2024-07-26T07:11:53.200+0000] {processor.py:183} INFO - Processing /opt/airflow/dags/4_python_taskflow_dag.py took 0.034 seconds
[2024-07-26T07:12:23.925+0000] {processor.py:161} INFO - Started process (PID=2816) to work on /opt/airflow/dags/4_python_taskflow_dag.py
[2024-07-26T07:12:23.926+0000] {processor.py:830} INFO - Processing file /opt/airflow/dags/4_python_taskflow_dag.py for tasks to queue
[2024-07-26T07:12:23.926+0000] {logging_mixin.py:188} INFO - [2024-07-26T07:12:23.926+0000] {dagbag.py:545} INFO - Filling up the DagBag from /opt/airflow/dags/4_python_taskflow_dag.py
[2024-07-26T07:12:23.933+0000] {processor.py:840} INFO - DAG(s) 'python_taskflow_dag' retrieved from /opt/airflow/dags/4_python_taskflow_dag.py
[2024-07-26T07:12:23.943+0000] {logging_mixin.py:188} INFO - [2024-07-26T07:12:23.943+0000] {dag.py:3089} INFO - Sync 1 DAGs
[2024-07-26T07:12:23.951+0000] {logging_mixin.py:188} INFO - [2024-07-26T07:12:23.951+0000] {dag.py:3947} INFO - Setting next_dagrun for python_taskflow_dag to 2024-07-25 00:00:00+00:00, run_after=2024-07-26 00:00:00+00:00
[2024-07-26T07:12:23.957+0000] {processor.py:183} INFO - Processing /opt/airflow/dags/4_python_taskflow_dag.py took 0.036 seconds
[2024-07-26T07:12:54.824+0000] {processor.py:161} INFO - Started process (PID=2831) to work on /opt/airflow/dags/4_python_taskflow_dag.py
[2024-07-26T07:12:54.825+0000] {processor.py:830} INFO - Processing file /opt/airflow/dags/4_python_taskflow_dag.py for tasks to queue
[2024-07-26T07:12:54.825+0000] {logging_mixin.py:188} INFO - [2024-07-26T07:12:54.825+0000] {dagbag.py:545} INFO - Filling up the DagBag from /opt/airflow/dags/4_python_taskflow_dag.py
[2024-07-26T07:12:54.830+0000] {processor.py:840} INFO - DAG(s) 'python_taskflow_dag' retrieved from /opt/airflow/dags/4_python_taskflow_dag.py
[2024-07-26T07:12:54.840+0000] {logging_mixin.py:188} INFO - [2024-07-26T07:12:54.840+0000] {dag.py:3089} INFO - Sync 1 DAGs
[2024-07-26T07:12:54.851+0000] {logging_mixin.py:188} INFO - [2024-07-26T07:12:54.851+0000] {dag.py:3947} INFO - Setting next_dagrun for python_taskflow_dag to 2024-07-25 00:00:00+00:00, run_after=2024-07-26 00:00:00+00:00
[2024-07-26T07:12:54.858+0000] {processor.py:183} INFO - Processing /opt/airflow/dags/4_python_taskflow_dag.py took 0.035 seconds
[2024-07-26T07:13:25.866+0000] {processor.py:161} INFO - Started process (PID=2851) to work on /opt/airflow/dags/4_python_taskflow_dag.py
[2024-07-26T07:13:25.866+0000] {processor.py:830} INFO - Processing file /opt/airflow/dags/4_python_taskflow_dag.py for tasks to queue
[2024-07-26T07:13:25.867+0000] {logging_mixin.py:188} INFO - [2024-07-26T07:13:25.866+0000] {dagbag.py:545} INFO - Filling up the DagBag from /opt/airflow/dags/4_python_taskflow_dag.py
[2024-07-26T07:13:25.874+0000] {processor.py:840} INFO - DAG(s) 'python_taskflow_dag' retrieved from /opt/airflow/dags/4_python_taskflow_dag.py
[2024-07-26T07:13:25.885+0000] {logging_mixin.py:188} INFO - [2024-07-26T07:13:25.885+0000] {dag.py:3089} INFO - Sync 1 DAGs
[2024-07-26T07:13:25.894+0000] {logging_mixin.py:188} INFO - [2024-07-26T07:13:25.894+0000] {dag.py:3947} INFO - Setting next_dagrun for python_taskflow_dag to 2024-07-25 00:00:00+00:00, run_after=2024-07-26 00:00:00+00:00
[2024-07-26T07:13:25.899+0000] {processor.py:183} INFO - Processing /opt/airflow/dags/4_python_taskflow_dag.py took 0.036 seconds
[2024-07-26T07:13:57.094+0000] {processor.py:161} INFO - Started process (PID=2866) to work on /opt/airflow/dags/4_python_taskflow_dag.py
[2024-07-26T07:13:57.095+0000] {processor.py:830} INFO - Processing file /opt/airflow/dags/4_python_taskflow_dag.py for tasks to queue
[2024-07-26T07:13:57.096+0000] {logging_mixin.py:188} INFO - [2024-07-26T07:13:57.095+0000] {dagbag.py:545} INFO - Filling up the DagBag from /opt/airflow/dags/4_python_taskflow_dag.py
[2024-07-26T07:13:57.101+0000] {processor.py:840} INFO - DAG(s) 'python_taskflow_dag' retrieved from /opt/airflow/dags/4_python_taskflow_dag.py
[2024-07-26T07:13:57.110+0000] {logging_mixin.py:188} INFO - [2024-07-26T07:13:57.110+0000] {dag.py:3089} INFO - Sync 1 DAGs
[2024-07-26T07:13:57.117+0000] {logging_mixin.py:188} INFO - [2024-07-26T07:13:57.117+0000] {dag.py:3947} INFO - Setting next_dagrun for python_taskflow_dag to 2024-07-25 00:00:00+00:00, run_after=2024-07-26 00:00:00+00:00
[2024-07-26T07:13:57.124+0000] {processor.py:183} INFO - Processing /opt/airflow/dags/4_python_taskflow_dag.py took 0.033 seconds
[2024-07-26T07:14:28.034+0000] {processor.py:161} INFO - Started process (PID=2881) to work on /opt/airflow/dags/4_python_taskflow_dag.py
[2024-07-26T07:14:28.035+0000] {processor.py:830} INFO - Processing file /opt/airflow/dags/4_python_taskflow_dag.py for tasks to queue
[2024-07-26T07:14:28.036+0000] {logging_mixin.py:188} INFO - [2024-07-26T07:14:28.036+0000] {dagbag.py:545} INFO - Filling up the DagBag from /opt/airflow/dags/4_python_taskflow_dag.py
[2024-07-26T07:14:28.042+0000] {processor.py:840} INFO - DAG(s) 'python_taskflow_dag' retrieved from /opt/airflow/dags/4_python_taskflow_dag.py
[2024-07-26T07:14:28.051+0000] {logging_mixin.py:188} INFO - [2024-07-26T07:14:28.051+0000] {dag.py:3089} INFO - Sync 1 DAGs
[2024-07-26T07:14:28.059+0000] {logging_mixin.py:188} INFO - [2024-07-26T07:14:28.059+0000] {dag.py:3947} INFO - Setting next_dagrun for python_taskflow_dag to 2024-07-25 00:00:00+00:00, run_after=2024-07-26 00:00:00+00:00
[2024-07-26T07:14:28.064+0000] {processor.py:183} INFO - Processing /opt/airflow/dags/4_python_taskflow_dag.py took 0.032 seconds
[2024-07-26T07:14:58.261+0000] {processor.py:161} INFO - Started process (PID=2896) to work on /opt/airflow/dags/4_python_taskflow_dag.py
[2024-07-26T07:14:58.262+0000] {processor.py:830} INFO - Processing file /opt/airflow/dags/4_python_taskflow_dag.py for tasks to queue
[2024-07-26T07:14:58.262+0000] {logging_mixin.py:188} INFO - [2024-07-26T07:14:58.262+0000] {dagbag.py:545} INFO - Filling up the DagBag from /opt/airflow/dags/4_python_taskflow_dag.py
[2024-07-26T07:14:58.267+0000] {processor.py:840} INFO - DAG(s) 'python_taskflow_dag' retrieved from /opt/airflow/dags/4_python_taskflow_dag.py
[2024-07-26T07:14:58.276+0000] {logging_mixin.py:188} INFO - [2024-07-26T07:14:58.276+0000] {dag.py:3089} INFO - Sync 1 DAGs
[2024-07-26T07:14:58.284+0000] {logging_mixin.py:188} INFO - [2024-07-26T07:14:58.284+0000] {dag.py:3947} INFO - Setting next_dagrun for python_taskflow_dag to 2024-07-25 00:00:00+00:00, run_after=2024-07-26 00:00:00+00:00
[2024-07-26T07:14:58.290+0000] {processor.py:183} INFO - Processing /opt/airflow/dags/4_python_taskflow_dag.py took 0.031 seconds
[2024-07-26T07:15:29.249+0000] {processor.py:161} INFO - Started process (PID=2912) to work on /opt/airflow/dags/4_python_taskflow_dag.py
[2024-07-26T07:15:29.249+0000] {processor.py:830} INFO - Processing file /opt/airflow/dags/4_python_taskflow_dag.py for tasks to queue
[2024-07-26T07:15:29.250+0000] {logging_mixin.py:188} INFO - [2024-07-26T07:15:29.249+0000] {dagbag.py:545} INFO - Filling up the DagBag from /opt/airflow/dags/4_python_taskflow_dag.py
[2024-07-26T07:15:29.254+0000] {processor.py:840} INFO - DAG(s) 'python_taskflow_dag' retrieved from /opt/airflow/dags/4_python_taskflow_dag.py
[2024-07-26T07:15:29.264+0000] {logging_mixin.py:188} INFO - [2024-07-26T07:15:29.264+0000] {dag.py:3089} INFO - Sync 1 DAGs
[2024-07-26T07:15:29.271+0000] {logging_mixin.py:188} INFO - [2024-07-26T07:15:29.271+0000] {dag.py:3947} INFO - Setting next_dagrun for python_taskflow_dag to 2024-07-25 00:00:00+00:00, run_after=2024-07-26 00:00:00+00:00
[2024-07-26T07:15:29.276+0000] {processor.py:183} INFO - Processing /opt/airflow/dags/4_python_taskflow_dag.py took 0.029 seconds
[2024-07-26T07:15:34.359+0000] {processor.py:161} INFO - Started process (PID=2913) to work on /opt/airflow/dags/4_python_taskflow_dag.py
[2024-07-26T07:15:34.360+0000] {processor.py:830} INFO - Processing file /opt/airflow/dags/4_python_taskflow_dag.py for tasks to queue
[2024-07-26T07:15:34.361+0000] {logging_mixin.py:188} INFO - [2024-07-26T07:15:34.360+0000] {dagbag.py:545} INFO - Filling up the DagBag from /opt/airflow/dags/4_python_taskflow_dag.py
[2024-07-26T07:15:34.395+0000] {processor.py:840} INFO - DAG(s) 'python_taskflow_dag' retrieved from /opt/airflow/dags/4_python_taskflow_dag.py
[2024-07-26T07:15:34.424+0000] {logging_mixin.py:188} INFO - [2024-07-26T07:15:34.424+0000] {dag.py:3089} INFO - Sync 1 DAGs
[2024-07-26T07:15:34.458+0000] {logging_mixin.py:188} INFO - [2024-07-26T07:15:34.458+0000] {dag.py:3947} INFO - Setting next_dagrun for python_taskflow_dag to 2024-07-25 00:00:00+00:00, run_after=2024-07-26 00:00:00+00:00
[2024-07-26T07:15:34.480+0000] {processor.py:183} INFO - Processing /opt/airflow/dags/4_python_taskflow_dag.py took 0.128 seconds
[2024-07-26T07:16:05.448+0000] {processor.py:161} INFO - Started process (PID=2928) to work on /opt/airflow/dags/4_python_taskflow_dag.py
[2024-07-26T07:16:05.450+0000] {processor.py:830} INFO - Processing file /opt/airflow/dags/4_python_taskflow_dag.py for tasks to queue
[2024-07-26T07:16:05.451+0000] {logging_mixin.py:188} INFO - [2024-07-26T07:16:05.451+0000] {dagbag.py:545} INFO - Filling up the DagBag from /opt/airflow/dags/4_python_taskflow_dag.py
[2024-07-26T07:16:05.468+0000] {processor.py:840} INFO - DAG(s) 'python_taskflow_dag' retrieved from /opt/airflow/dags/4_python_taskflow_dag.py
[2024-07-26T07:16:05.513+0000] {logging_mixin.py:188} INFO - [2024-07-26T07:16:05.513+0000] {dag.py:3089} INFO - Sync 1 DAGs
[2024-07-26T07:16:05.532+0000] {logging_mixin.py:188} INFO - [2024-07-26T07:16:05.532+0000] {dag.py:3947} INFO - Setting next_dagrun for python_taskflow_dag to 2024-07-25 00:00:00+00:00, run_after=2024-07-26 00:00:00+00:00
[2024-07-26T07:16:05.541+0000] {processor.py:183} INFO - Processing /opt/airflow/dags/4_python_taskflow_dag.py took 0.101 seconds
[2024-07-26T07:16:35.832+0000] {processor.py:161} INFO - Started process (PID=2943) to work on /opt/airflow/dags/4_python_taskflow_dag.py
[2024-07-26T07:16:35.834+0000] {processor.py:830} INFO - Processing file /opt/airflow/dags/4_python_taskflow_dag.py for tasks to queue
[2024-07-26T07:16:35.837+0000] {logging_mixin.py:188} INFO - [2024-07-26T07:16:35.836+0000] {dagbag.py:545} INFO - Filling up the DagBag from /opt/airflow/dags/4_python_taskflow_dag.py
[2024-07-26T07:16:35.863+0000] {processor.py:840} INFO - DAG(s) 'python_taskflow_dag' retrieved from /opt/airflow/dags/4_python_taskflow_dag.py
[2024-07-26T07:16:35.903+0000] {logging_mixin.py:188} INFO - [2024-07-26T07:16:35.903+0000] {dag.py:3089} INFO - Sync 1 DAGs
[2024-07-26T07:16:35.918+0000] {logging_mixin.py:188} INFO - [2024-07-26T07:16:35.918+0000] {dag.py:3947} INFO - Setting next_dagrun for python_taskflow_dag to 2024-07-25 00:00:00+00:00, run_after=2024-07-26 00:00:00+00:00
[2024-07-26T07:16:35.941+0000] {processor.py:183} INFO - Processing /opt/airflow/dags/4_python_taskflow_dag.py took 0.120 seconds
[2024-07-26T07:16:54.314+0000] {processor.py:161} INFO - Started process (PID=2945) to work on /opt/airflow/dags/4_python_taskflow_dag.py
[2024-07-26T07:16:54.327+0000] {processor.py:830} INFO - Processing file /opt/airflow/dags/4_python_taskflow_dag.py for tasks to queue
[2024-07-26T07:16:54.329+0000] {logging_mixin.py:188} INFO - [2024-07-26T07:16:54.328+0000] {dagbag.py:545} INFO - Filling up the DagBag from /opt/airflow/dags/4_python_taskflow_dag.py
[2024-07-26T07:16:54.355+0000] {processor.py:840} INFO - DAG(s) 'python_taskflow_dag' retrieved from /opt/airflow/dags/4_python_taskflow_dag.py
[2024-07-26T07:16:54.465+0000] {logging_mixin.py:188} INFO - [2024-07-26T07:16:54.465+0000] {dag.py:3089} INFO - Sync 1 DAGs
[2024-07-26T07:16:54.490+0000] {logging_mixin.py:188} INFO - [2024-07-26T07:16:54.490+0000] {dag.py:3947} INFO - Setting next_dagrun for python_taskflow_dag to 2024-07-25 00:00:00+00:00, run_after=2024-07-26 00:00:00+00:00
[2024-07-26T07:16:54.505+0000] {processor.py:183} INFO - Processing /opt/airflow/dags/4_python_taskflow_dag.py took 0.208 seconds
[2024-07-26T07:17:25.447+0000] {processor.py:161} INFO - Started process (PID=2960) to work on /opt/airflow/dags/4_python_taskflow_dag.py
[2024-07-26T07:17:25.449+0000] {processor.py:830} INFO - Processing file /opt/airflow/dags/4_python_taskflow_dag.py for tasks to queue
[2024-07-26T07:17:25.450+0000] {logging_mixin.py:188} INFO - [2024-07-26T07:17:25.450+0000] {dagbag.py:545} INFO - Filling up the DagBag from /opt/airflow/dags/4_python_taskflow_dag.py
[2024-07-26T07:17:25.477+0000] {processor.py:840} INFO - DAG(s) 'python_taskflow_dag' retrieved from /opt/airflow/dags/4_python_taskflow_dag.py
[2024-07-26T07:17:25.524+0000] {logging_mixin.py:188} INFO - [2024-07-26T07:17:25.523+0000] {dag.py:3089} INFO - Sync 1 DAGs
[2024-07-26T07:17:25.549+0000] {logging_mixin.py:188} INFO - [2024-07-26T07:17:25.549+0000] {dag.py:3947} INFO - Setting next_dagrun for python_taskflow_dag to 2024-07-25 00:00:00+00:00, run_after=2024-07-26 00:00:00+00:00
[2024-07-26T07:17:25.565+0000] {processor.py:183} INFO - Processing /opt/airflow/dags/4_python_taskflow_dag.py took 0.142 seconds
[2024-07-26T07:17:56.176+0000] {processor.py:161} INFO - Started process (PID=2975) to work on /opt/airflow/dags/4_python_taskflow_dag.py
[2024-07-26T07:17:56.177+0000] {processor.py:830} INFO - Processing file /opt/airflow/dags/4_python_taskflow_dag.py for tasks to queue
[2024-07-26T07:17:56.181+0000] {logging_mixin.py:188} INFO - [2024-07-26T07:17:56.180+0000] {dagbag.py:545} INFO - Filling up the DagBag from /opt/airflow/dags/4_python_taskflow_dag.py
[2024-07-26T07:17:56.213+0000] {processor.py:840} INFO - DAG(s) 'python_taskflow_dag' retrieved from /opt/airflow/dags/4_python_taskflow_dag.py
[2024-07-26T07:17:56.240+0000] {logging_mixin.py:188} INFO - [2024-07-26T07:17:56.240+0000] {dag.py:3089} INFO - Sync 1 DAGs
[2024-07-26T07:17:56.276+0000] {logging_mixin.py:188} INFO - [2024-07-26T07:17:56.276+0000] {dag.py:3947} INFO - Setting next_dagrun for python_taskflow_dag to 2024-07-25 00:00:00+00:00, run_after=2024-07-26 00:00:00+00:00
[2024-07-26T07:17:56.289+0000] {processor.py:183} INFO - Processing /opt/airflow/dags/4_python_taskflow_dag.py took 0.125 seconds
[2024-07-26T07:18:21.872+0000] {processor.py:161} INFO - Started process (PID=2990) to work on /opt/airflow/dags/4_python_taskflow_dag.py
[2024-07-26T07:18:21.874+0000] {processor.py:830} INFO - Processing file /opt/airflow/dags/4_python_taskflow_dag.py for tasks to queue
[2024-07-26T07:18:21.876+0000] {logging_mixin.py:188} INFO - [2024-07-26T07:18:21.875+0000] {dagbag.py:545} INFO - Filling up the DagBag from /opt/airflow/dags/4_python_taskflow_dag.py
[2024-07-26T07:18:21.911+0000] {processor.py:840} INFO - DAG(s) 'python_taskflow_dag' retrieved from /opt/airflow/dags/4_python_taskflow_dag.py
[2024-07-26T07:18:21.938+0000] {logging_mixin.py:188} INFO - [2024-07-26T07:18:21.937+0000] {dag.py:3089} INFO - Sync 1 DAGs
[2024-07-26T07:18:21.962+0000] {logging_mixin.py:188} INFO - [2024-07-26T07:18:21.961+0000] {dag.py:3947} INFO - Setting next_dagrun for python_taskflow_dag to 2024-07-25 00:00:00+00:00, run_after=2024-07-26 00:00:00+00:00
[2024-07-26T07:18:22.202+0000] {processor.py:183} INFO - Processing /opt/airflow/dags/4_python_taskflow_dag.py took 0.349 seconds
[2024-07-26T07:18:32.492+0000] {processor.py:161} INFO - Started process (PID=2999) to work on /opt/airflow/dags/4_python_taskflow_dag.py
[2024-07-26T07:18:32.494+0000] {processor.py:830} INFO - Processing file /opt/airflow/dags/4_python_taskflow_dag.py for tasks to queue
[2024-07-26T07:18:32.496+0000] {logging_mixin.py:188} INFO - [2024-07-26T07:18:32.495+0000] {dagbag.py:545} INFO - Filling up the DagBag from /opt/airflow/dags/4_python_taskflow_dag.py
[2024-07-26T07:18:32.524+0000] {processor.py:840} INFO - DAG(s) 'python_taskflow_dag' retrieved from /opt/airflow/dags/4_python_taskflow_dag.py
[2024-07-26T07:18:32.545+0000] {logging_mixin.py:188} INFO - [2024-07-26T07:18:32.545+0000] {dag.py:3089} INFO - Sync 1 DAGs
[2024-07-26T07:18:32.566+0000] {logging_mixin.py:188} INFO - [2024-07-26T07:18:32.566+0000] {dag.py:3947} INFO - Setting next_dagrun for python_taskflow_dag to 2024-07-25 00:00:00+00:00, run_after=2024-07-26 00:00:00+00:00
[2024-07-26T07:18:32.577+0000] {processor.py:183} INFO - Processing /opt/airflow/dags/4_python_taskflow_dag.py took 0.115 seconds
[2024-07-26T07:19:03.354+0000] {processor.py:161} INFO - Started process (PID=3014) to work on /opt/airflow/dags/4_python_taskflow_dag.py
[2024-07-26T07:19:03.356+0000] {processor.py:830} INFO - Processing file /opt/airflow/dags/4_python_taskflow_dag.py for tasks to queue
[2024-07-26T07:19:03.360+0000] {logging_mixin.py:188} INFO - [2024-07-26T07:19:03.359+0000] {dagbag.py:545} INFO - Filling up the DagBag from /opt/airflow/dags/4_python_taskflow_dag.py
[2024-07-26T07:19:03.377+0000] {processor.py:840} INFO - DAG(s) 'python_taskflow_dag' retrieved from /opt/airflow/dags/4_python_taskflow_dag.py
[2024-07-26T07:19:03.412+0000] {logging_mixin.py:188} INFO - [2024-07-26T07:19:03.412+0000] {dag.py:3089} INFO - Sync 1 DAGs
[2024-07-26T07:19:03.431+0000] {logging_mixin.py:188} INFO - [2024-07-26T07:19:03.431+0000] {dag.py:3947} INFO - Setting next_dagrun for python_taskflow_dag to 2024-07-25 00:00:00+00:00, run_after=2024-07-26 00:00:00+00:00
[2024-07-26T07:19:03.459+0000] {processor.py:183} INFO - Processing /opt/airflow/dags/4_python_taskflow_dag.py took 0.122 seconds
[2024-07-26T07:19:07.728+0000] {processor.py:161} INFO - Started process (PID=3020) to work on /opt/airflow/dags/4_python_taskflow_dag.py
[2024-07-26T07:19:07.730+0000] {processor.py:830} INFO - Processing file /opt/airflow/dags/4_python_taskflow_dag.py for tasks to queue
[2024-07-26T07:19:07.731+0000] {logging_mixin.py:188} INFO - [2024-07-26T07:19:07.731+0000] {dagbag.py:545} INFO - Filling up the DagBag from /opt/airflow/dags/4_python_taskflow_dag.py
[2024-07-26T07:19:07.762+0000] {processor.py:840} INFO - DAG(s) 'python_taskflow_dag' retrieved from /opt/airflow/dags/4_python_taskflow_dag.py
[2024-07-26T07:19:07.790+0000] {logging_mixin.py:188} INFO - [2024-07-26T07:19:07.790+0000] {dag.py:3089} INFO - Sync 1 DAGs
[2024-07-26T07:19:07.810+0000] {logging_mixin.py:188} INFO - [2024-07-26T07:19:07.810+0000] {dag.py:3947} INFO - Setting next_dagrun for python_taskflow_dag to 2024-07-25 00:00:00+00:00, run_after=2024-07-26 00:00:00+00:00
[2024-07-26T07:19:07.829+0000] {processor.py:183} INFO - Processing /opt/airflow/dags/4_python_taskflow_dag.py took 0.111 seconds
[2024-07-26T07:19:38.003+0000] {processor.py:161} INFO - Started process (PID=3035) to work on /opt/airflow/dags/4_python_taskflow_dag.py
[2024-07-26T07:19:38.005+0000] {processor.py:830} INFO - Processing file /opt/airflow/dags/4_python_taskflow_dag.py for tasks to queue
[2024-07-26T07:19:38.006+0000] {logging_mixin.py:188} INFO - [2024-07-26T07:19:38.005+0000] {dagbag.py:545} INFO - Filling up the DagBag from /opt/airflow/dags/4_python_taskflow_dag.py
[2024-07-26T07:19:38.028+0000] {processor.py:840} INFO - DAG(s) 'python_taskflow_dag' retrieved from /opt/airflow/dags/4_python_taskflow_dag.py
[2024-07-26T07:19:38.070+0000] {logging_mixin.py:188} INFO - [2024-07-26T07:19:38.069+0000] {dag.py:3089} INFO - Sync 1 DAGs
[2024-07-26T07:19:38.084+0000] {logging_mixin.py:188} INFO - [2024-07-26T07:19:38.084+0000] {dag.py:3947} INFO - Setting next_dagrun for python_taskflow_dag to 2024-07-25 00:00:00+00:00, run_after=2024-07-26 00:00:00+00:00
[2024-07-26T07:19:38.093+0000] {processor.py:183} INFO - Processing /opt/airflow/dags/4_python_taskflow_dag.py took 0.097 seconds
[2024-07-26T07:20:09.005+0000] {processor.py:161} INFO - Started process (PID=3051) to work on /opt/airflow/dags/4_python_taskflow_dag.py
[2024-07-26T07:20:09.007+0000] {processor.py:830} INFO - Processing file /opt/airflow/dags/4_python_taskflow_dag.py for tasks to queue
[2024-07-26T07:20:09.008+0000] {logging_mixin.py:188} INFO - [2024-07-26T07:20:09.008+0000] {dagbag.py:545} INFO - Filling up the DagBag from /opt/airflow/dags/4_python_taskflow_dag.py
[2024-07-26T07:20:09.040+0000] {processor.py:840} INFO - DAG(s) 'python_taskflow_dag' retrieved from /opt/airflow/dags/4_python_taskflow_dag.py
[2024-07-26T07:20:09.067+0000] {logging_mixin.py:188} INFO - [2024-07-26T07:20:09.067+0000] {dag.py:3089} INFO - Sync 1 DAGs
[2024-07-26T07:20:09.108+0000] {logging_mixin.py:188} INFO - [2024-07-26T07:20:09.108+0000] {dag.py:3947} INFO - Setting next_dagrun for python_taskflow_dag to 2024-07-25 00:00:00+00:00, run_after=2024-07-26 00:00:00+00:00
[2024-07-26T07:20:09.124+0000] {processor.py:183} INFO - Processing /opt/airflow/dags/4_python_taskflow_dag.py took 0.125 seconds
[2024-07-26T07:20:39.742+0000] {processor.py:161} INFO - Started process (PID=3066) to work on /opt/airflow/dags/4_python_taskflow_dag.py
[2024-07-26T07:20:39.744+0000] {processor.py:830} INFO - Processing file /opt/airflow/dags/4_python_taskflow_dag.py for tasks to queue
[2024-07-26T07:20:39.745+0000] {logging_mixin.py:188} INFO - [2024-07-26T07:20:39.744+0000] {dagbag.py:545} INFO - Filling up the DagBag from /opt/airflow/dags/4_python_taskflow_dag.py
[2024-07-26T07:20:39.754+0000] {processor.py:840} INFO - DAG(s) 'python_taskflow_dag' retrieved from /opt/airflow/dags/4_python_taskflow_dag.py
[2024-07-26T07:20:39.773+0000] {logging_mixin.py:188} INFO - [2024-07-26T07:20:39.773+0000] {dag.py:3089} INFO - Sync 1 DAGs
[2024-07-26T07:20:39.785+0000] {logging_mixin.py:188} INFO - [2024-07-26T07:20:39.785+0000] {dag.py:3947} INFO - Setting next_dagrun for python_taskflow_dag to 2024-07-25 00:00:00+00:00, run_after=2024-07-26 00:00:00+00:00
[2024-07-26T07:20:39.793+0000] {processor.py:183} INFO - Processing /opt/airflow/dags/4_python_taskflow_dag.py took 0.057 seconds
[2024-07-26T07:20:49.014+0000] {processor.py:161} INFO - Started process (PID=3068) to work on /opt/airflow/dags/4_python_taskflow_dag.py
[2024-07-26T07:20:49.017+0000] {processor.py:830} INFO - Processing file /opt/airflow/dags/4_python_taskflow_dag.py for tasks to queue
[2024-07-26T07:20:49.018+0000] {logging_mixin.py:188} INFO - [2024-07-26T07:20:49.018+0000] {dagbag.py:545} INFO - Filling up the DagBag from /opt/airflow/dags/4_python_taskflow_dag.py
[2024-07-26T07:20:49.043+0000] {processor.py:840} INFO - DAG(s) 'python_taskflow_dag' retrieved from /opt/airflow/dags/4_python_taskflow_dag.py
[2024-07-26T07:20:49.069+0000] {logging_mixin.py:188} INFO - [2024-07-26T07:20:49.069+0000] {dag.py:3089} INFO - Sync 1 DAGs
[2024-07-26T07:20:49.084+0000] {logging_mixin.py:188} INFO - [2024-07-26T07:20:49.084+0000] {dag.py:3947} INFO - Setting next_dagrun for python_taskflow_dag to 2024-07-25 00:00:00+00:00, run_after=2024-07-26 00:00:00+00:00
[2024-07-26T07:20:49.100+0000] {processor.py:183} INFO - Processing /opt/airflow/dags/4_python_taskflow_dag.py took 0.094 seconds
[2024-07-26T07:21:19.642+0000] {processor.py:161} INFO - Started process (PID=3086) to work on /opt/airflow/dags/4_python_taskflow_dag.py
[2024-07-26T07:21:19.645+0000] {processor.py:830} INFO - Processing file /opt/airflow/dags/4_python_taskflow_dag.py for tasks to queue
[2024-07-26T07:21:19.646+0000] {logging_mixin.py:188} INFO - [2024-07-26T07:21:19.645+0000] {dagbag.py:545} INFO - Filling up the DagBag from /opt/airflow/dags/4_python_taskflow_dag.py
[2024-07-26T07:21:19.658+0000] {processor.py:840} INFO - DAG(s) 'python_taskflow_dag' retrieved from /opt/airflow/dags/4_python_taskflow_dag.py
[2024-07-26T07:21:19.680+0000] {logging_mixin.py:188} INFO - [2024-07-26T07:21:19.679+0000] {dag.py:3089} INFO - Sync 1 DAGs
[2024-07-26T07:21:19.691+0000] {logging_mixin.py:188} INFO - [2024-07-26T07:21:19.691+0000] {dag.py:3947} INFO - Setting next_dagrun for python_taskflow_dag to 2024-07-25 00:00:00+00:00, run_after=2024-07-26 00:00:00+00:00
[2024-07-26T07:21:19.701+0000] {processor.py:183} INFO - Processing /opt/airflow/dags/4_python_taskflow_dag.py took 0.066 seconds
[2024-07-26T07:21:49.740+0000] {processor.py:161} INFO - Started process (PID=3101) to work on /opt/airflow/dags/4_python_taskflow_dag.py
[2024-07-26T07:21:49.742+0000] {processor.py:830} INFO - Processing file /opt/airflow/dags/4_python_taskflow_dag.py for tasks to queue
[2024-07-26T07:21:49.743+0000] {logging_mixin.py:188} INFO - [2024-07-26T07:21:49.743+0000] {dagbag.py:545} INFO - Filling up the DagBag from /opt/airflow/dags/4_python_taskflow_dag.py
[2024-07-26T07:21:49.754+0000] {processor.py:840} INFO - DAG(s) 'python_taskflow_dag' retrieved from /opt/airflow/dags/4_python_taskflow_dag.py
[2024-07-26T07:21:49.776+0000] {logging_mixin.py:188} INFO - [2024-07-26T07:21:49.776+0000] {dag.py:3089} INFO - Sync 1 DAGs
[2024-07-26T07:21:49.792+0000] {logging_mixin.py:188} INFO - [2024-07-26T07:21:49.792+0000] {dag.py:3947} INFO - Setting next_dagrun for python_taskflow_dag to 2024-07-25 00:00:00+00:00, run_after=2024-07-26 00:00:00+00:00
[2024-07-26T07:21:49.802+0000] {processor.py:183} INFO - Processing /opt/airflow/dags/4_python_taskflow_dag.py took 0.068 seconds
[2024-07-26T07:22:19.860+0000] {processor.py:161} INFO - Started process (PID=3118) to work on /opt/airflow/dags/4_python_taskflow_dag.py
[2024-07-26T07:22:19.862+0000] {processor.py:830} INFO - Processing file /opt/airflow/dags/4_python_taskflow_dag.py for tasks to queue
[2024-07-26T07:22:19.863+0000] {logging_mixin.py:188} INFO - [2024-07-26T07:22:19.863+0000] {dagbag.py:545} INFO - Filling up the DagBag from /opt/airflow/dags/4_python_taskflow_dag.py
[2024-07-26T07:22:19.880+0000] {processor.py:840} INFO - DAG(s) 'python_taskflow_dag' retrieved from /opt/airflow/dags/4_python_taskflow_dag.py
[2024-07-26T07:22:19.902+0000] {logging_mixin.py:188} INFO - [2024-07-26T07:22:19.902+0000] {dag.py:3089} INFO - Sync 1 DAGs
[2024-07-26T07:22:19.916+0000] {logging_mixin.py:188} INFO - [2024-07-26T07:22:19.915+0000] {dag.py:3947} INFO - Setting next_dagrun for python_taskflow_dag to 2024-07-25 00:00:00+00:00, run_after=2024-07-26 00:00:00+00:00
[2024-07-26T07:22:19.924+0000] {processor.py:183} INFO - Processing /opt/airflow/dags/4_python_taskflow_dag.py took 0.073 seconds
[2024-07-26T07:22:49.973+0000] {processor.py:161} INFO - Started process (PID=3133) to work on /opt/airflow/dags/4_python_taskflow_dag.py
[2024-07-26T07:22:49.974+0000] {processor.py:830} INFO - Processing file /opt/airflow/dags/4_python_taskflow_dag.py for tasks to queue
[2024-07-26T07:22:49.975+0000] {logging_mixin.py:188} INFO - [2024-07-26T07:22:49.975+0000] {dagbag.py:545} INFO - Filling up the DagBag from /opt/airflow/dags/4_python_taskflow_dag.py
[2024-07-26T07:22:49.988+0000] {processor.py:840} INFO - DAG(s) 'python_taskflow_dag' retrieved from /opt/airflow/dags/4_python_taskflow_dag.py
[2024-07-26T07:22:50.005+0000] {logging_mixin.py:188} INFO - [2024-07-26T07:22:50.005+0000] {dag.py:3089} INFO - Sync 1 DAGs
[2024-07-26T07:22:50.024+0000] {logging_mixin.py:188} INFO - [2024-07-26T07:22:50.024+0000] {dag.py:3947} INFO - Setting next_dagrun for python_taskflow_dag to 2024-07-25 00:00:00+00:00, run_after=2024-07-26 00:00:00+00:00
[2024-07-26T07:22:50.035+0000] {processor.py:183} INFO - Processing /opt/airflow/dags/4_python_taskflow_dag.py took 0.070 seconds
[2024-07-26T07:23:20.671+0000] {processor.py:161} INFO - Started process (PID=3148) to work on /opt/airflow/dags/4_python_taskflow_dag.py
[2024-07-26T07:23:20.673+0000] {processor.py:830} INFO - Processing file /opt/airflow/dags/4_python_taskflow_dag.py for tasks to queue
[2024-07-26T07:23:20.676+0000] {logging_mixin.py:188} INFO - [2024-07-26T07:23:20.675+0000] {dagbag.py:545} INFO - Filling up the DagBag from /opt/airflow/dags/4_python_taskflow_dag.py
[2024-07-26T07:23:20.708+0000] {processor.py:840} INFO - DAG(s) 'python_taskflow_dag' retrieved from /opt/airflow/dags/4_python_taskflow_dag.py
[2024-07-26T07:23:20.730+0000] {logging_mixin.py:188} INFO - [2024-07-26T07:23:20.730+0000] {dag.py:3089} INFO - Sync 1 DAGs
[2024-07-26T07:23:20.744+0000] {logging_mixin.py:188} INFO - [2024-07-26T07:23:20.744+0000] {dag.py:3947} INFO - Setting next_dagrun for python_taskflow_dag to 2024-07-25 00:00:00+00:00, run_after=2024-07-26 00:00:00+00:00
[2024-07-26T07:23:20.753+0000] {processor.py:183} INFO - Processing /opt/airflow/dags/4_python_taskflow_dag.py took 0.092 seconds
[2024-07-26T07:23:51.647+0000] {processor.py:161} INFO - Started process (PID=3163) to work on /opt/airflow/dags/4_python_taskflow_dag.py
[2024-07-26T07:23:51.648+0000] {processor.py:830} INFO - Processing file /opt/airflow/dags/4_python_taskflow_dag.py for tasks to queue
[2024-07-26T07:23:51.650+0000] {logging_mixin.py:188} INFO - [2024-07-26T07:23:51.649+0000] {dagbag.py:545} INFO - Filling up the DagBag from /opt/airflow/dags/4_python_taskflow_dag.py
[2024-07-26T07:23:51.669+0000] {processor.py:840} INFO - DAG(s) 'python_taskflow_dag' retrieved from /opt/airflow/dags/4_python_taskflow_dag.py
[2024-07-26T07:23:51.688+0000] {logging_mixin.py:188} INFO - [2024-07-26T07:23:51.688+0000] {dag.py:3089} INFO - Sync 1 DAGs
[2024-07-26T07:23:51.708+0000] {logging_mixin.py:188} INFO - [2024-07-26T07:23:51.708+0000] {dag.py:3947} INFO - Setting next_dagrun for python_taskflow_dag to 2024-07-25 00:00:00+00:00, run_after=2024-07-26 00:00:00+00:00
[2024-07-26T07:23:51.896+0000] {processor.py:183} INFO - Processing /opt/airflow/dags/4_python_taskflow_dag.py took 0.261 seconds
[2024-07-26T07:24:22.795+0000] {processor.py:161} INFO - Started process (PID=3178) to work on /opt/airflow/dags/4_python_taskflow_dag.py
[2024-07-26T07:24:22.796+0000] {processor.py:830} INFO - Processing file /opt/airflow/dags/4_python_taskflow_dag.py for tasks to queue
[2024-07-26T07:24:22.797+0000] {logging_mixin.py:188} INFO - [2024-07-26T07:24:22.797+0000] {dagbag.py:545} INFO - Filling up the DagBag from /opt/airflow/dags/4_python_taskflow_dag.py
[2024-07-26T07:24:22.812+0000] {processor.py:840} INFO - DAG(s) 'python_taskflow_dag' retrieved from /opt/airflow/dags/4_python_taskflow_dag.py
[2024-07-26T07:24:22.837+0000] {logging_mixin.py:188} INFO - [2024-07-26T07:24:22.836+0000] {dag.py:3089} INFO - Sync 1 DAGs
[2024-07-26T07:24:22.853+0000] {logging_mixin.py:188} INFO - [2024-07-26T07:24:22.853+0000] {dag.py:3947} INFO - Setting next_dagrun for python_taskflow_dag to 2024-07-25 00:00:00+00:00, run_after=2024-07-26 00:00:00+00:00
[2024-07-26T07:24:22.863+0000] {processor.py:183} INFO - Processing /opt/airflow/dags/4_python_taskflow_dag.py took 0.079 seconds
[2024-07-26T07:24:53.626+0000] {processor.py:161} INFO - Started process (PID=3195) to work on /opt/airflow/dags/4_python_taskflow_dag.py
[2024-07-26T07:24:53.628+0000] {processor.py:830} INFO - Processing file /opt/airflow/dags/4_python_taskflow_dag.py for tasks to queue
[2024-07-26T07:24:53.630+0000] {logging_mixin.py:188} INFO - [2024-07-26T07:24:53.629+0000] {dagbag.py:545} INFO - Filling up the DagBag from /opt/airflow/dags/4_python_taskflow_dag.py
[2024-07-26T07:24:53.650+0000] {processor.py:840} INFO - DAG(s) 'python_taskflow_dag' retrieved from /opt/airflow/dags/4_python_taskflow_dag.py
[2024-07-26T07:24:53.672+0000] {logging_mixin.py:188} INFO - [2024-07-26T07:24:53.672+0000] {dag.py:3089} INFO - Sync 1 DAGs
[2024-07-26T07:24:53.686+0000] {logging_mixin.py:188} INFO - [2024-07-26T07:24:53.686+0000] {dag.py:3947} INFO - Setting next_dagrun for python_taskflow_dag to 2024-07-25 00:00:00+00:00, run_after=2024-07-26 00:00:00+00:00
[2024-07-26T07:24:53.694+0000] {processor.py:183} INFO - Processing /opt/airflow/dags/4_python_taskflow_dag.py took 0.097 seconds
[2024-07-26T07:25:24.360+0000] {processor.py:161} INFO - Started process (PID=3211) to work on /opt/airflow/dags/4_python_taskflow_dag.py
[2024-07-26T07:25:24.361+0000] {processor.py:830} INFO - Processing file /opt/airflow/dags/4_python_taskflow_dag.py for tasks to queue
[2024-07-26T07:25:24.362+0000] {logging_mixin.py:188} INFO - [2024-07-26T07:25:24.362+0000] {dagbag.py:545} INFO - Filling up the DagBag from /opt/airflow/dags/4_python_taskflow_dag.py
[2024-07-26T07:25:24.372+0000] {processor.py:840} INFO - DAG(s) 'python_taskflow_dag' retrieved from /opt/airflow/dags/4_python_taskflow_dag.py
[2024-07-26T07:25:24.387+0000] {logging_mixin.py:188} INFO - [2024-07-26T07:25:24.387+0000] {dag.py:3089} INFO - Sync 1 DAGs
[2024-07-26T07:25:24.397+0000] {logging_mixin.py:188} INFO - [2024-07-26T07:25:24.397+0000] {dag.py:3947} INFO - Setting next_dagrun for python_taskflow_dag to 2024-07-25 00:00:00+00:00, run_after=2024-07-26 00:00:00+00:00
[2024-07-26T07:25:24.403+0000] {processor.py:183} INFO - Processing /opt/airflow/dags/4_python_taskflow_dag.py took 0.049 seconds
[2024-07-26T07:25:55.069+0000] {processor.py:161} INFO - Started process (PID=3226) to work on /opt/airflow/dags/4_python_taskflow_dag.py
[2024-07-26T07:25:55.071+0000] {processor.py:830} INFO - Processing file /opt/airflow/dags/4_python_taskflow_dag.py for tasks to queue
[2024-07-26T07:25:55.072+0000] {logging_mixin.py:188} INFO - [2024-07-26T07:25:55.072+0000] {dagbag.py:545} INFO - Filling up the DagBag from /opt/airflow/dags/4_python_taskflow_dag.py
[2024-07-26T07:25:55.082+0000] {processor.py:840} INFO - DAG(s) 'python_taskflow_dag' retrieved from /opt/airflow/dags/4_python_taskflow_dag.py
[2024-07-26T07:25:55.097+0000] {logging_mixin.py:188} INFO - [2024-07-26T07:25:55.097+0000] {dag.py:3089} INFO - Sync 1 DAGs
[2024-07-26T07:25:55.105+0000] {logging_mixin.py:188} INFO - [2024-07-26T07:25:55.105+0000] {dag.py:3947} INFO - Setting next_dagrun for python_taskflow_dag to 2024-07-25 00:00:00+00:00, run_after=2024-07-26 00:00:00+00:00
[2024-07-26T07:25:55.111+0000] {processor.py:183} INFO - Processing /opt/airflow/dags/4_python_taskflow_dag.py took 0.054 seconds
[2024-07-26T07:26:25.238+0000] {processor.py:161} INFO - Started process (PID=3241) to work on /opt/airflow/dags/4_python_taskflow_dag.py
[2024-07-26T07:26:25.239+0000] {processor.py:830} INFO - Processing file /opt/airflow/dags/4_python_taskflow_dag.py for tasks to queue
[2024-07-26T07:26:25.240+0000] {logging_mixin.py:188} INFO - [2024-07-26T07:26:25.240+0000] {dagbag.py:545} INFO - Filling up the DagBag from /opt/airflow/dags/4_python_taskflow_dag.py
[2024-07-26T07:26:25.252+0000] {processor.py:840} INFO - DAG(s) 'python_taskflow_dag' retrieved from /opt/airflow/dags/4_python_taskflow_dag.py
[2024-07-26T07:26:25.266+0000] {logging_mixin.py:188} INFO - [2024-07-26T07:26:25.266+0000] {dag.py:3089} INFO - Sync 1 DAGs
[2024-07-26T07:26:25.275+0000] {logging_mixin.py:188} INFO - [2024-07-26T07:26:25.275+0000] {dag.py:3947} INFO - Setting next_dagrun for python_taskflow_dag to 2024-07-25 00:00:00+00:00, run_after=2024-07-26 00:00:00+00:00
[2024-07-26T07:26:25.282+0000] {processor.py:183} INFO - Processing /opt/airflow/dags/4_python_taskflow_dag.py took 0.050 seconds
[2024-07-26T07:26:55.598+0000] {processor.py:161} INFO - Started process (PID=3256) to work on /opt/airflow/dags/4_python_taskflow_dag.py
[2024-07-26T07:26:55.600+0000] {processor.py:830} INFO - Processing file /opt/airflow/dags/4_python_taskflow_dag.py for tasks to queue
[2024-07-26T07:26:55.601+0000] {logging_mixin.py:188} INFO - [2024-07-26T07:26:55.600+0000] {dagbag.py:545} INFO - Filling up the DagBag from /opt/airflow/dags/4_python_taskflow_dag.py
[2024-07-26T07:26:55.615+0000] {processor.py:840} INFO - DAG(s) 'python_taskflow_dag' retrieved from /opt/airflow/dags/4_python_taskflow_dag.py
[2024-07-26T07:26:55.638+0000] {logging_mixin.py:188} INFO - [2024-07-26T07:26:55.638+0000] {dag.py:3089} INFO - Sync 1 DAGs
[2024-07-26T07:26:55.653+0000] {logging_mixin.py:188} INFO - [2024-07-26T07:26:55.653+0000] {dag.py:3947} INFO - Setting next_dagrun for python_taskflow_dag to 2024-07-25 00:00:00+00:00, run_after=2024-07-26 00:00:00+00:00
[2024-07-26T07:26:55.660+0000] {processor.py:183} INFO - Processing /opt/airflow/dags/4_python_taskflow_dag.py took 0.070 seconds
[2024-07-26T07:27:26.361+0000] {processor.py:161} INFO - Started process (PID=3271) to work on /opt/airflow/dags/4_python_taskflow_dag.py
[2024-07-26T07:27:26.363+0000] {processor.py:830} INFO - Processing file /opt/airflow/dags/4_python_taskflow_dag.py for tasks to queue
[2024-07-26T07:27:26.364+0000] {logging_mixin.py:188} INFO - [2024-07-26T07:27:26.363+0000] {dagbag.py:545} INFO - Filling up the DagBag from /opt/airflow/dags/4_python_taskflow_dag.py
[2024-07-26T07:27:26.376+0000] {processor.py:840} INFO - DAG(s) 'python_taskflow_dag' retrieved from /opt/airflow/dags/4_python_taskflow_dag.py
[2024-07-26T07:27:26.393+0000] {logging_mixin.py:188} INFO - [2024-07-26T07:27:26.393+0000] {dag.py:3089} INFO - Sync 1 DAGs
[2024-07-26T07:27:26.403+0000] {logging_mixin.py:188} INFO - [2024-07-26T07:27:26.403+0000] {dag.py:3947} INFO - Setting next_dagrun for python_taskflow_dag to 2024-07-25 00:00:00+00:00, run_after=2024-07-26 00:00:00+00:00
[2024-07-26T07:27:26.410+0000] {processor.py:183} INFO - Processing /opt/airflow/dags/4_python_taskflow_dag.py took 0.056 seconds
[2024-07-26T07:27:57.251+0000] {processor.py:161} INFO - Started process (PID=3286) to work on /opt/airflow/dags/4_python_taskflow_dag.py
[2024-07-26T07:27:57.253+0000] {processor.py:830} INFO - Processing file /opt/airflow/dags/4_python_taskflow_dag.py for tasks to queue
[2024-07-26T07:27:57.254+0000] {logging_mixin.py:188} INFO - [2024-07-26T07:27:57.253+0000] {dagbag.py:545} INFO - Filling up the DagBag from /opt/airflow/dags/4_python_taskflow_dag.py
[2024-07-26T07:27:57.265+0000] {processor.py:840} INFO - DAG(s) 'python_taskflow_dag' retrieved from /opt/airflow/dags/4_python_taskflow_dag.py
[2024-07-26T07:27:57.281+0000] {logging_mixin.py:188} INFO - [2024-07-26T07:27:57.281+0000] {dag.py:3089} INFO - Sync 1 DAGs
[2024-07-26T07:27:57.291+0000] {logging_mixin.py:188} INFO - [2024-07-26T07:27:57.291+0000] {dag.py:3947} INFO - Setting next_dagrun for python_taskflow_dag to 2024-07-25 00:00:00+00:00, run_after=2024-07-26 00:00:00+00:00
[2024-07-26T07:27:57.297+0000] {processor.py:183} INFO - Processing /opt/airflow/dags/4_python_taskflow_dag.py took 0.053 seconds
[2024-07-26T07:28:27.375+0000] {processor.py:161} INFO - Started process (PID=3301) to work on /opt/airflow/dags/4_python_taskflow_dag.py
[2024-07-26T07:28:27.380+0000] {processor.py:830} INFO - Processing file /opt/airflow/dags/4_python_taskflow_dag.py for tasks to queue
[2024-07-26T07:28:27.383+0000] {logging_mixin.py:188} INFO - [2024-07-26T07:28:27.382+0000] {dagbag.py:545} INFO - Filling up the DagBag from /opt/airflow/dags/4_python_taskflow_dag.py
[2024-07-26T07:28:27.405+0000] {processor.py:840} INFO - DAG(s) 'python_taskflow_dag' retrieved from /opt/airflow/dags/4_python_taskflow_dag.py
[2024-07-26T07:28:27.429+0000] {logging_mixin.py:188} INFO - [2024-07-26T07:28:27.429+0000] {dag.py:3089} INFO - Sync 1 DAGs
[2024-07-26T07:28:27.459+0000] {logging_mixin.py:188} INFO - [2024-07-26T07:28:27.458+0000] {dag.py:3947} INFO - Setting next_dagrun for python_taskflow_dag to 2024-07-25 00:00:00+00:00, run_after=2024-07-26 00:00:00+00:00
[2024-07-26T07:28:27.473+0000] {processor.py:183} INFO - Processing /opt/airflow/dags/4_python_taskflow_dag.py took 0.111 seconds
[2024-07-26T07:28:58.230+0000] {processor.py:161} INFO - Started process (PID=3316) to work on /opt/airflow/dags/4_python_taskflow_dag.py
[2024-07-26T07:28:58.232+0000] {processor.py:830} INFO - Processing file /opt/airflow/dags/4_python_taskflow_dag.py for tasks to queue
[2024-07-26T07:28:58.234+0000] {logging_mixin.py:188} INFO - [2024-07-26T07:28:58.233+0000] {dagbag.py:545} INFO - Filling up the DagBag from /opt/airflow/dags/4_python_taskflow_dag.py
[2024-07-26T07:28:58.281+0000] {processor.py:840} INFO - DAG(s) 'python_taskflow_dag' retrieved from /opt/airflow/dags/4_python_taskflow_dag.py
[2024-07-26T07:28:58.306+0000] {logging_mixin.py:188} INFO - [2024-07-26T07:28:58.305+0000] {dag.py:3089} INFO - Sync 1 DAGs
[2024-07-26T07:28:58.319+0000] {logging_mixin.py:188} INFO - [2024-07-26T07:28:58.319+0000] {dag.py:3947} INFO - Setting next_dagrun for python_taskflow_dag to 2024-07-25 00:00:00+00:00, run_after=2024-07-26 00:00:00+00:00
[2024-07-26T07:28:58.328+0000] {processor.py:183} INFO - Processing /opt/airflow/dags/4_python_taskflow_dag.py took 0.108 seconds
[2024-07-26T07:29:28.715+0000] {processor.py:161} INFO - Started process (PID=3338) to work on /opt/airflow/dags/4_python_taskflow_dag.py
[2024-07-26T07:29:28.716+0000] {processor.py:830} INFO - Processing file /opt/airflow/dags/4_python_taskflow_dag.py for tasks to queue
[2024-07-26T07:29:28.717+0000] {logging_mixin.py:188} INFO - [2024-07-26T07:29:28.717+0000] {dagbag.py:545} INFO - Filling up the DagBag from /opt/airflow/dags/4_python_taskflow_dag.py
[2024-07-26T07:29:28.735+0000] {processor.py:840} INFO - DAG(s) 'python_taskflow_dag' retrieved from /opt/airflow/dags/4_python_taskflow_dag.py
[2024-07-26T07:29:28.780+0000] {logging_mixin.py:188} INFO - [2024-07-26T07:29:28.779+0000] {dag.py:3089} INFO - Sync 1 DAGs
[2024-07-26T07:29:28.795+0000] {logging_mixin.py:188} INFO - [2024-07-26T07:29:28.795+0000] {dag.py:3947} INFO - Setting next_dagrun for python_taskflow_dag to 2024-07-25 00:00:00+00:00, run_after=2024-07-26 00:00:00+00:00
[2024-07-26T07:29:28.803+0000] {processor.py:183} INFO - Processing /opt/airflow/dags/4_python_taskflow_dag.py took 0.094 seconds
[2024-07-26T07:29:59.685+0000] {processor.py:161} INFO - Started process (PID=3353) to work on /opt/airflow/dags/4_python_taskflow_dag.py
[2024-07-26T07:29:59.691+0000] {processor.py:830} INFO - Processing file /opt/airflow/dags/4_python_taskflow_dag.py for tasks to queue
[2024-07-26T07:29:59.693+0000] {logging_mixin.py:188} INFO - [2024-07-26T07:29:59.692+0000] {dagbag.py:545} INFO - Filling up the DagBag from /opt/airflow/dags/4_python_taskflow_dag.py
[2024-07-26T07:29:59.714+0000] {processor.py:840} INFO - DAG(s) 'python_taskflow_dag' retrieved from /opt/airflow/dags/4_python_taskflow_dag.py
[2024-07-26T07:29:59.744+0000] {logging_mixin.py:188} INFO - [2024-07-26T07:29:59.744+0000] {dag.py:3089} INFO - Sync 1 DAGs
[2024-07-26T07:29:59.757+0000] {logging_mixin.py:188} INFO - [2024-07-26T07:29:59.757+0000] {dag.py:3947} INFO - Setting next_dagrun for python_taskflow_dag to 2024-07-25 00:00:00+00:00, run_after=2024-07-26 00:00:00+00:00
[2024-07-26T07:29:59.765+0000] {processor.py:183} INFO - Processing /opt/airflow/dags/4_python_taskflow_dag.py took 0.114 seconds
[2024-07-26T07:30:30.741+0000] {processor.py:161} INFO - Started process (PID=3370) to work on /opt/airflow/dags/4_python_taskflow_dag.py
[2024-07-26T07:30:30.744+0000] {processor.py:830} INFO - Processing file /opt/airflow/dags/4_python_taskflow_dag.py for tasks to queue
[2024-07-26T07:30:30.745+0000] {logging_mixin.py:188} INFO - [2024-07-26T07:30:30.745+0000] {dagbag.py:545} INFO - Filling up the DagBag from /opt/airflow/dags/4_python_taskflow_dag.py
[2024-07-26T07:30:30.784+0000] {processor.py:840} INFO - DAG(s) 'python_taskflow_dag' retrieved from /opt/airflow/dags/4_python_taskflow_dag.py
[2024-07-26T07:30:30.806+0000] {logging_mixin.py:188} INFO - [2024-07-26T07:30:30.806+0000] {dag.py:3089} INFO - Sync 1 DAGs
[2024-07-26T07:30:30.819+0000] {logging_mixin.py:188} INFO - [2024-07-26T07:30:30.819+0000] {dag.py:3947} INFO - Setting next_dagrun for python_taskflow_dag to 2024-07-25 00:00:00+00:00, run_after=2024-07-26 00:00:00+00:00
[2024-07-26T07:30:30.826+0000] {processor.py:183} INFO - Processing /opt/airflow/dags/4_python_taskflow_dag.py took 0.095 seconds
[2024-07-26T07:31:01.774+0000] {processor.py:161} INFO - Started process (PID=3385) to work on /opt/airflow/dags/4_python_taskflow_dag.py
[2024-07-26T07:31:01.776+0000] {processor.py:830} INFO - Processing file /opt/airflow/dags/4_python_taskflow_dag.py for tasks to queue
[2024-07-26T07:31:01.777+0000] {logging_mixin.py:188} INFO - [2024-07-26T07:31:01.776+0000] {dagbag.py:545} INFO - Filling up the DagBag from /opt/airflow/dags/4_python_taskflow_dag.py
[2024-07-26T07:31:01.817+0000] {processor.py:840} INFO - DAG(s) 'python_taskflow_dag' retrieved from /opt/airflow/dags/4_python_taskflow_dag.py
[2024-07-26T07:31:01.840+0000] {logging_mixin.py:188} INFO - [2024-07-26T07:31:01.840+0000] {dag.py:3089} INFO - Sync 1 DAGs
[2024-07-26T07:31:01.874+0000] {logging_mixin.py:188} INFO - [2024-07-26T07:31:01.873+0000] {dag.py:3947} INFO - Setting next_dagrun for python_taskflow_dag to 2024-07-25 00:00:00+00:00, run_after=2024-07-26 00:00:00+00:00
[2024-07-26T07:31:01.883+0000] {processor.py:183} INFO - Processing /opt/airflow/dags/4_python_taskflow_dag.py took 0.118 seconds
[2024-07-26T07:31:32.699+0000] {processor.py:161} INFO - Started process (PID=3400) to work on /opt/airflow/dags/4_python_taskflow_dag.py
[2024-07-26T07:31:32.702+0000] {processor.py:830} INFO - Processing file /opt/airflow/dags/4_python_taskflow_dag.py for tasks to queue
[2024-07-26T07:31:32.703+0000] {logging_mixin.py:188} INFO - [2024-07-26T07:31:32.702+0000] {dagbag.py:545} INFO - Filling up the DagBag from /opt/airflow/dags/4_python_taskflow_dag.py
[2024-07-26T07:31:32.745+0000] {processor.py:840} INFO - DAG(s) 'python_taskflow_dag' retrieved from /opt/airflow/dags/4_python_taskflow_dag.py
[2024-07-26T07:31:32.764+0000] {logging_mixin.py:188} INFO - [2024-07-26T07:31:32.764+0000] {dag.py:3089} INFO - Sync 1 DAGs
[2024-07-26T07:31:32.778+0000] {logging_mixin.py:188} INFO - [2024-07-26T07:31:32.778+0000] {dag.py:3947} INFO - Setting next_dagrun for python_taskflow_dag to 2024-07-25 00:00:00+00:00, run_after=2024-07-26 00:00:00+00:00
[2024-07-26T07:31:32.786+0000] {processor.py:183} INFO - Processing /opt/airflow/dags/4_python_taskflow_dag.py took 0.101 seconds
[2024-07-26T07:32:02.944+0000] {processor.py:161} INFO - Started process (PID=3415) to work on /opt/airflow/dags/4_python_taskflow_dag.py
[2024-07-26T07:32:02.947+0000] {processor.py:830} INFO - Processing file /opt/airflow/dags/4_python_taskflow_dag.py for tasks to queue
[2024-07-26T07:32:02.948+0000] {logging_mixin.py:188} INFO - [2024-07-26T07:32:02.948+0000] {dagbag.py:545} INFO - Filling up the DagBag from /opt/airflow/dags/4_python_taskflow_dag.py
[2024-07-26T07:32:02.984+0000] {processor.py:840} INFO - DAG(s) 'python_taskflow_dag' retrieved from /opt/airflow/dags/4_python_taskflow_dag.py
[2024-07-26T07:32:03.017+0000] {logging_mixin.py:188} INFO - [2024-07-26T07:32:03.017+0000] {dag.py:3089} INFO - Sync 1 DAGs
[2024-07-26T07:32:03.033+0000] {logging_mixin.py:188} INFO - [2024-07-26T07:32:03.033+0000] {dag.py:3947} INFO - Setting next_dagrun for python_taskflow_dag to 2024-07-25 00:00:00+00:00, run_after=2024-07-26 00:00:00+00:00
[2024-07-26T07:32:03.223+0000] {processor.py:183} INFO - Processing /opt/airflow/dags/4_python_taskflow_dag.py took 0.290 seconds
[2024-07-26T07:32:33.915+0000] {processor.py:161} INFO - Started process (PID=3430) to work on /opt/airflow/dags/4_python_taskflow_dag.py
[2024-07-26T07:32:33.917+0000] {processor.py:830} INFO - Processing file /opt/airflow/dags/4_python_taskflow_dag.py for tasks to queue
[2024-07-26T07:32:33.918+0000] {logging_mixin.py:188} INFO - [2024-07-26T07:32:33.918+0000] {dagbag.py:545} INFO - Filling up the DagBag from /opt/airflow/dags/4_python_taskflow_dag.py
[2024-07-26T07:32:33.958+0000] {processor.py:840} INFO - DAG(s) 'python_taskflow_dag' retrieved from /opt/airflow/dags/4_python_taskflow_dag.py
[2024-07-26T07:32:33.986+0000] {logging_mixin.py:188} INFO - [2024-07-26T07:32:33.986+0000] {dag.py:3089} INFO - Sync 1 DAGs
[2024-07-26T07:32:34.006+0000] {logging_mixin.py:188} INFO - [2024-07-26T07:32:34.006+0000] {dag.py:3947} INFO - Setting next_dagrun for python_taskflow_dag to 2024-07-25 00:00:00+00:00, run_after=2024-07-26 00:00:00+00:00
[2024-07-26T07:32:34.016+0000] {processor.py:183} INFO - Processing /opt/airflow/dags/4_python_taskflow_dag.py took 0.111 seconds
[2024-07-26T07:33:05.042+0000] {processor.py:161} INFO - Started process (PID=3446) to work on /opt/airflow/dags/4_python_taskflow_dag.py
[2024-07-26T07:33:05.044+0000] {processor.py:830} INFO - Processing file /opt/airflow/dags/4_python_taskflow_dag.py for tasks to queue
[2024-07-26T07:33:05.045+0000] {logging_mixin.py:188} INFO - [2024-07-26T07:33:05.045+0000] {dagbag.py:545} INFO - Filling up the DagBag from /opt/airflow/dags/4_python_taskflow_dag.py
[2024-07-26T07:33:05.130+0000] {processor.py:840} INFO - DAG(s) 'python_taskflow_dag' retrieved from /opt/airflow/dags/4_python_taskflow_dag.py
[2024-07-26T07:33:05.188+0000] {logging_mixin.py:188} INFO - [2024-07-26T07:33:05.187+0000] {dag.py:3089} INFO - Sync 1 DAGs
[2024-07-26T07:33:05.204+0000] {logging_mixin.py:188} INFO - [2024-07-26T07:33:05.204+0000] {dag.py:3947} INFO - Setting next_dagrun for python_taskflow_dag to 2024-07-25 00:00:00+00:00, run_after=2024-07-26 00:00:00+00:00
[2024-07-26T07:33:05.213+0000] {processor.py:183} INFO - Processing /opt/airflow/dags/4_python_taskflow_dag.py took 0.189 seconds
[2024-07-26T07:33:35.290+0000] {processor.py:161} INFO - Started process (PID=3461) to work on /opt/airflow/dags/4_python_taskflow_dag.py
[2024-07-26T07:33:35.294+0000] {processor.py:830} INFO - Processing file /opt/airflow/dags/4_python_taskflow_dag.py for tasks to queue
[2024-07-26T07:33:35.300+0000] {logging_mixin.py:188} INFO - [2024-07-26T07:33:35.297+0000] {dagbag.py:545} INFO - Filling up the DagBag from /opt/airflow/dags/4_python_taskflow_dag.py
[2024-07-26T07:33:35.342+0000] {processor.py:840} INFO - DAG(s) 'python_taskflow_dag' retrieved from /opt/airflow/dags/4_python_taskflow_dag.py
[2024-07-26T07:33:35.386+0000] {logging_mixin.py:188} INFO - [2024-07-26T07:33:35.386+0000] {dag.py:3089} INFO - Sync 1 DAGs
[2024-07-26T07:33:35.401+0000] {logging_mixin.py:188} INFO - [2024-07-26T07:33:35.401+0000] {dag.py:3947} INFO - Setting next_dagrun for python_taskflow_dag to 2024-07-25 00:00:00+00:00, run_after=2024-07-26 00:00:00+00:00
[2024-07-26T07:33:35.410+0000] {processor.py:183} INFO - Processing /opt/airflow/dags/4_python_taskflow_dag.py took 0.134 seconds
[2024-07-26T07:34:06.224+0000] {processor.py:161} INFO - Started process (PID=3477) to work on /opt/airflow/dags/4_python_taskflow_dag.py
[2024-07-26T07:34:06.227+0000] {processor.py:830} INFO - Processing file /opt/airflow/dags/4_python_taskflow_dag.py for tasks to queue
[2024-07-26T07:34:06.228+0000] {logging_mixin.py:188} INFO - [2024-07-26T07:34:06.227+0000] {dagbag.py:545} INFO - Filling up the DagBag from /opt/airflow/dags/4_python_taskflow_dag.py
[2024-07-26T07:34:06.258+0000] {processor.py:840} INFO - DAG(s) 'python_taskflow_dag' retrieved from /opt/airflow/dags/4_python_taskflow_dag.py
[2024-07-26T07:34:06.288+0000] {logging_mixin.py:188} INFO - [2024-07-26T07:34:06.287+0000] {dag.py:3089} INFO - Sync 1 DAGs
[2024-07-26T07:34:06.309+0000] {logging_mixin.py:188} INFO - [2024-07-26T07:34:06.309+0000] {dag.py:3947} INFO - Setting next_dagrun for python_taskflow_dag to 2024-07-25 00:00:00+00:00, run_after=2024-07-26 00:00:00+00:00
[2024-07-26T07:34:06.318+0000] {processor.py:183} INFO - Processing /opt/airflow/dags/4_python_taskflow_dag.py took 0.129 seconds
[2024-07-26T07:34:36.528+0000] {processor.py:161} INFO - Started process (PID=3494) to work on /opt/airflow/dags/4_python_taskflow_dag.py
[2024-07-26T07:34:36.531+0000] {processor.py:830} INFO - Processing file /opt/airflow/dags/4_python_taskflow_dag.py for tasks to queue
[2024-07-26T07:34:36.532+0000] {logging_mixin.py:188} INFO - [2024-07-26T07:34:36.531+0000] {dagbag.py:545} INFO - Filling up the DagBag from /opt/airflow/dags/4_python_taskflow_dag.py
[2024-07-26T07:34:36.562+0000] {processor.py:840} INFO - DAG(s) 'python_taskflow_dag' retrieved from /opt/airflow/dags/4_python_taskflow_dag.py
[2024-07-26T07:34:36.598+0000] {logging_mixin.py:188} INFO - [2024-07-26T07:34:36.597+0000] {dag.py:3089} INFO - Sync 1 DAGs
[2024-07-26T07:34:36.612+0000] {logging_mixin.py:188} INFO - [2024-07-26T07:34:36.611+0000] {dag.py:3947} INFO - Setting next_dagrun for python_taskflow_dag to 2024-07-25 00:00:00+00:00, run_after=2024-07-26 00:00:00+00:00
[2024-07-26T07:34:36.830+0000] {processor.py:183} INFO - Processing /opt/airflow/dags/4_python_taskflow_dag.py took 0.313 seconds
[2024-07-26T07:35:07.443+0000] {processor.py:161} INFO - Started process (PID=3509) to work on /opt/airflow/dags/4_python_taskflow_dag.py
[2024-07-26T07:35:07.446+0000] {processor.py:830} INFO - Processing file /opt/airflow/dags/4_python_taskflow_dag.py for tasks to queue
[2024-07-26T07:35:07.447+0000] {logging_mixin.py:188} INFO - [2024-07-26T07:35:07.446+0000] {dagbag.py:545} INFO - Filling up the DagBag from /opt/airflow/dags/4_python_taskflow_dag.py
[2024-07-26T07:35:07.485+0000] {processor.py:840} INFO - DAG(s) 'python_taskflow_dag' retrieved from /opt/airflow/dags/4_python_taskflow_dag.py
[2024-07-26T07:35:07.511+0000] {logging_mixin.py:188} INFO - [2024-07-26T07:35:07.510+0000] {dag.py:3089} INFO - Sync 1 DAGs
[2024-07-26T07:35:07.528+0000] {logging_mixin.py:188} INFO - [2024-07-26T07:35:07.528+0000] {dag.py:3947} INFO - Setting next_dagrun for python_taskflow_dag to 2024-07-25 00:00:00+00:00, run_after=2024-07-26 00:00:00+00:00
[2024-07-26T07:35:07.537+0000] {processor.py:183} INFO - Processing /opt/airflow/dags/4_python_taskflow_dag.py took 0.105 seconds
[2024-07-26T07:35:38.593+0000] {processor.py:161} INFO - Started process (PID=3525) to work on /opt/airflow/dags/4_python_taskflow_dag.py
[2024-07-26T07:35:38.596+0000] {processor.py:830} INFO - Processing file /opt/airflow/dags/4_python_taskflow_dag.py for tasks to queue
[2024-07-26T07:35:38.597+0000] {logging_mixin.py:188} INFO - [2024-07-26T07:35:38.596+0000] {dagbag.py:545} INFO - Filling up the DagBag from /opt/airflow/dags/4_python_taskflow_dag.py
[2024-07-26T07:35:38.622+0000] {processor.py:840} INFO - DAG(s) 'python_taskflow_dag' retrieved from /opt/airflow/dags/4_python_taskflow_dag.py
[2024-07-26T07:35:38.669+0000] {logging_mixin.py:188} INFO - [2024-07-26T07:35:38.669+0000] {dag.py:3089} INFO - Sync 1 DAGs
[2024-07-26T07:35:38.687+0000] {logging_mixin.py:188} INFO - [2024-07-26T07:35:38.686+0000] {dag.py:3947} INFO - Setting next_dagrun for python_taskflow_dag to 2024-07-25 00:00:00+00:00, run_after=2024-07-26 00:00:00+00:00
[2024-07-26T07:35:38.695+0000] {processor.py:183} INFO - Processing /opt/airflow/dags/4_python_taskflow_dag.py took 0.134 seconds
[2024-07-26T07:36:08.805+0000] {processor.py:161} INFO - Started process (PID=3540) to work on /opt/airflow/dags/4_python_taskflow_dag.py
[2024-07-26T07:36:08.808+0000] {processor.py:830} INFO - Processing file /opt/airflow/dags/4_python_taskflow_dag.py for tasks to queue
[2024-07-26T07:36:08.810+0000] {logging_mixin.py:188} INFO - [2024-07-26T07:36:08.809+0000] {dagbag.py:545} INFO - Filling up the DagBag from /opt/airflow/dags/4_python_taskflow_dag.py
[2024-07-26T07:36:08.832+0000] {processor.py:840} INFO - DAG(s) 'python_taskflow_dag' retrieved from /opt/airflow/dags/4_python_taskflow_dag.py
[2024-07-26T07:36:08.863+0000] {logging_mixin.py:188} INFO - [2024-07-26T07:36:08.863+0000] {dag.py:3089} INFO - Sync 1 DAGs
[2024-07-26T07:36:08.885+0000] {logging_mixin.py:188} INFO - [2024-07-26T07:36:08.885+0000] {dag.py:3947} INFO - Setting next_dagrun for python_taskflow_dag to 2024-07-25 00:00:00+00:00, run_after=2024-07-26 00:00:00+00:00
[2024-07-26T07:36:08.900+0000] {processor.py:183} INFO - Processing /opt/airflow/dags/4_python_taskflow_dag.py took 0.114 seconds
[2024-07-26T07:36:38.943+0000] {processor.py:161} INFO - Started process (PID=3556) to work on /opt/airflow/dags/4_python_taskflow_dag.py
[2024-07-26T07:36:38.945+0000] {processor.py:830} INFO - Processing file /opt/airflow/dags/4_python_taskflow_dag.py for tasks to queue
[2024-07-26T07:36:38.946+0000] {logging_mixin.py:188} INFO - [2024-07-26T07:36:38.945+0000] {dagbag.py:545} INFO - Filling up the DagBag from /opt/airflow/dags/4_python_taskflow_dag.py
[2024-07-26T07:36:38.958+0000] {processor.py:840} INFO - DAG(s) 'python_taskflow_dag' retrieved from /opt/airflow/dags/4_python_taskflow_dag.py
[2024-07-26T07:36:38.973+0000] {logging_mixin.py:188} INFO - [2024-07-26T07:36:38.972+0000] {dag.py:3089} INFO - Sync 1 DAGs
[2024-07-26T07:36:38.985+0000] {logging_mixin.py:188} INFO - [2024-07-26T07:36:38.984+0000] {dag.py:3947} INFO - Setting next_dagrun for python_taskflow_dag to 2024-07-25 00:00:00+00:00, run_after=2024-07-26 00:00:00+00:00
[2024-07-26T07:36:38.993+0000] {processor.py:183} INFO - Processing /opt/airflow/dags/4_python_taskflow_dag.py took 0.056 seconds
[2024-07-26T07:37:09.537+0000] {processor.py:161} INFO - Started process (PID=3571) to work on /opt/airflow/dags/4_python_taskflow_dag.py
[2024-07-26T07:37:09.538+0000] {processor.py:830} INFO - Processing file /opt/airflow/dags/4_python_taskflow_dag.py for tasks to queue
[2024-07-26T07:37:09.538+0000] {logging_mixin.py:188} INFO - [2024-07-26T07:37:09.538+0000] {dagbag.py:545} INFO - Filling up the DagBag from /opt/airflow/dags/4_python_taskflow_dag.py
[2024-07-26T07:37:09.544+0000] {processor.py:840} INFO - DAG(s) 'python_taskflow_dag' retrieved from /opt/airflow/dags/4_python_taskflow_dag.py
[2024-07-26T07:37:09.554+0000] {logging_mixin.py:188} INFO - [2024-07-26T07:37:09.554+0000] {dag.py:3089} INFO - Sync 1 DAGs
[2024-07-26T07:37:09.563+0000] {logging_mixin.py:188} INFO - [2024-07-26T07:37:09.563+0000] {dag.py:3947} INFO - Setting next_dagrun for python_taskflow_dag to 2024-07-25 00:00:00+00:00, run_after=2024-07-26 00:00:00+00:00
[2024-07-26T07:37:09.724+0000] {processor.py:183} INFO - Processing /opt/airflow/dags/4_python_taskflow_dag.py took 0.190 seconds
[2024-07-26T07:37:40.001+0000] {processor.py:161} INFO - Started process (PID=3587) to work on /opt/airflow/dags/4_python_taskflow_dag.py
[2024-07-26T07:37:40.002+0000] {processor.py:830} INFO - Processing file /opt/airflow/dags/4_python_taskflow_dag.py for tasks to queue
[2024-07-26T07:37:40.003+0000] {logging_mixin.py:188} INFO - [2024-07-26T07:37:40.003+0000] {dagbag.py:545} INFO - Filling up the DagBag from /opt/airflow/dags/4_python_taskflow_dag.py
[2024-07-26T07:37:40.013+0000] {processor.py:840} INFO - DAG(s) 'python_taskflow_dag' retrieved from /opt/airflow/dags/4_python_taskflow_dag.py
[2024-07-26T07:37:40.030+0000] {logging_mixin.py:188} INFO - [2024-07-26T07:37:40.030+0000] {dag.py:3089} INFO - Sync 1 DAGs
[2024-07-26T07:37:40.183+0000] {logging_mixin.py:188} INFO - [2024-07-26T07:37:40.183+0000] {dag.py:3947} INFO - Setting next_dagrun for python_taskflow_dag to 2024-07-25 00:00:00+00:00, run_after=2024-07-26 00:00:00+00:00
[2024-07-26T07:37:40.190+0000] {processor.py:183} INFO - Processing /opt/airflow/dags/4_python_taskflow_dag.py took 0.198 seconds
[2024-07-26T07:38:10.932+0000] {processor.py:161} INFO - Started process (PID=3602) to work on /opt/airflow/dags/4_python_taskflow_dag.py
[2024-07-26T07:38:10.935+0000] {processor.py:830} INFO - Processing file /opt/airflow/dags/4_python_taskflow_dag.py for tasks to queue
[2024-07-26T07:38:10.936+0000] {logging_mixin.py:188} INFO - [2024-07-26T07:38:10.935+0000] {dagbag.py:545} INFO - Filling up the DagBag from /opt/airflow/dags/4_python_taskflow_dag.py
[2024-07-26T07:38:10.951+0000] {processor.py:840} INFO - DAG(s) 'python_taskflow_dag' retrieved from /opt/airflow/dags/4_python_taskflow_dag.py
[2024-07-26T07:38:10.972+0000] {logging_mixin.py:188} INFO - [2024-07-26T07:38:10.972+0000] {dag.py:3089} INFO - Sync 1 DAGs
[2024-07-26T07:38:11.001+0000] {logging_mixin.py:188} INFO - [2024-07-26T07:38:11.001+0000] {dag.py:3947} INFO - Setting next_dagrun for python_taskflow_dag to 2024-07-25 00:00:00+00:00, run_after=2024-07-26 00:00:00+00:00
[2024-07-26T07:38:11.009+0000] {processor.py:183} INFO - Processing /opt/airflow/dags/4_python_taskflow_dag.py took 0.086 seconds
[2024-07-26T07:38:41.872+0000] {processor.py:161} INFO - Started process (PID=3618) to work on /opt/airflow/dags/4_python_taskflow_dag.py
[2024-07-26T07:38:41.874+0000] {processor.py:830} INFO - Processing file /opt/airflow/dags/4_python_taskflow_dag.py for tasks to queue
[2024-07-26T07:38:41.874+0000] {logging_mixin.py:188} INFO - [2024-07-26T07:38:41.874+0000] {dagbag.py:545} INFO - Filling up the DagBag from /opt/airflow/dags/4_python_taskflow_dag.py
[2024-07-26T07:38:41.886+0000] {processor.py:840} INFO - DAG(s) 'python_taskflow_dag' retrieved from /opt/airflow/dags/4_python_taskflow_dag.py
[2024-07-26T07:38:41.904+0000] {logging_mixin.py:188} INFO - [2024-07-26T07:38:41.904+0000] {dag.py:3089} INFO - Sync 1 DAGs
[2024-07-26T07:38:41.916+0000] {logging_mixin.py:188} INFO - [2024-07-26T07:38:41.916+0000] {dag.py:3947} INFO - Setting next_dagrun for python_taskflow_dag to 2024-07-25 00:00:00+00:00, run_after=2024-07-26 00:00:00+00:00
[2024-07-26T07:38:41.931+0000] {processor.py:183} INFO - Processing /opt/airflow/dags/4_python_taskflow_dag.py took 0.066 seconds
[2024-07-26T07:39:12.742+0000] {processor.py:161} INFO - Started process (PID=3633) to work on /opt/airflow/dags/4_python_taskflow_dag.py
[2024-07-26T07:39:12.744+0000] {processor.py:830} INFO - Processing file /opt/airflow/dags/4_python_taskflow_dag.py for tasks to queue
[2024-07-26T07:39:12.744+0000] {logging_mixin.py:188} INFO - [2024-07-26T07:39:12.744+0000] {dagbag.py:545} INFO - Filling up the DagBag from /opt/airflow/dags/4_python_taskflow_dag.py
[2024-07-26T07:39:12.754+0000] {processor.py:840} INFO - DAG(s) 'python_taskflow_dag' retrieved from /opt/airflow/dags/4_python_taskflow_dag.py
[2024-07-26T07:39:12.768+0000] {logging_mixin.py:188} INFO - [2024-07-26T07:39:12.768+0000] {dag.py:3089} INFO - Sync 1 DAGs
[2024-07-26T07:39:12.778+0000] {logging_mixin.py:188} INFO - [2024-07-26T07:39:12.778+0000] {dag.py:3947} INFO - Setting next_dagrun for python_taskflow_dag to 2024-07-25 00:00:00+00:00, run_after=2024-07-26 00:00:00+00:00
[2024-07-26T07:39:12.784+0000] {processor.py:183} INFO - Processing /opt/airflow/dags/4_python_taskflow_dag.py took 0.048 seconds
[2024-07-26T07:39:43.749+0000] {processor.py:161} INFO - Started process (PID=3648) to work on /opt/airflow/dags/4_python_taskflow_dag.py
[2024-07-26T07:39:43.751+0000] {processor.py:830} INFO - Processing file /opt/airflow/dags/4_python_taskflow_dag.py for tasks to queue
[2024-07-26T07:39:43.752+0000] {logging_mixin.py:188} INFO - [2024-07-26T07:39:43.752+0000] {dagbag.py:545} INFO - Filling up the DagBag from /opt/airflow/dags/4_python_taskflow_dag.py
[2024-07-26T07:39:43.764+0000] {processor.py:840} INFO - DAG(s) 'python_taskflow_dag' retrieved from /opt/airflow/dags/4_python_taskflow_dag.py
[2024-07-26T07:39:43.782+0000] {logging_mixin.py:188} INFO - [2024-07-26T07:39:43.782+0000] {dag.py:3089} INFO - Sync 1 DAGs
[2024-07-26T07:39:43.793+0000] {logging_mixin.py:188} INFO - [2024-07-26T07:39:43.792+0000] {dag.py:3947} INFO - Setting next_dagrun for python_taskflow_dag to 2024-07-25 00:00:00+00:00, run_after=2024-07-26 00:00:00+00:00
[2024-07-26T07:39:43.800+0000] {processor.py:183} INFO - Processing /opt/airflow/dags/4_python_taskflow_dag.py took 0.055 seconds
[2024-07-26T07:40:14.172+0000] {processor.py:161} INFO - Started process (PID=3663) to work on /opt/airflow/dags/4_python_taskflow_dag.py
[2024-07-26T07:40:14.174+0000] {processor.py:830} INFO - Processing file /opt/airflow/dags/4_python_taskflow_dag.py for tasks to queue
[2024-07-26T07:40:14.174+0000] {logging_mixin.py:188} INFO - [2024-07-26T07:40:14.174+0000] {dagbag.py:545} INFO - Filling up the DagBag from /opt/airflow/dags/4_python_taskflow_dag.py
[2024-07-26T07:40:14.184+0000] {processor.py:840} INFO - DAG(s) 'python_taskflow_dag' retrieved from /opt/airflow/dags/4_python_taskflow_dag.py
[2024-07-26T07:40:14.200+0000] {logging_mixin.py:188} INFO - [2024-07-26T07:40:14.199+0000] {dag.py:3089} INFO - Sync 1 DAGs
[2024-07-26T07:40:14.369+0000] {logging_mixin.py:188} INFO - [2024-07-26T07:40:14.368+0000] {dag.py:3947} INFO - Setting next_dagrun for python_taskflow_dag to 2024-07-25 00:00:00+00:00, run_after=2024-07-26 00:00:00+00:00
[2024-07-26T07:40:14.375+0000] {processor.py:183} INFO - Processing /opt/airflow/dags/4_python_taskflow_dag.py took 0.209 seconds
[2024-07-26T07:40:44.622+0000] {processor.py:161} INFO - Started process (PID=3678) to work on /opt/airflow/dags/4_python_taskflow_dag.py
[2024-07-26T07:40:44.624+0000] {processor.py:830} INFO - Processing file /opt/airflow/dags/4_python_taskflow_dag.py for tasks to queue
[2024-07-26T07:40:44.625+0000] {logging_mixin.py:188} INFO - [2024-07-26T07:40:44.624+0000] {dagbag.py:545} INFO - Filling up the DagBag from /opt/airflow/dags/4_python_taskflow_dag.py
[2024-07-26T07:40:44.641+0000] {processor.py:840} INFO - DAG(s) 'python_taskflow_dag' retrieved from /opt/airflow/dags/4_python_taskflow_dag.py
[2024-07-26T07:40:44.666+0000] {logging_mixin.py:188} INFO - [2024-07-26T07:40:44.666+0000] {dag.py:3089} INFO - Sync 1 DAGs
[2024-07-26T07:40:44.678+0000] {logging_mixin.py:188} INFO - [2024-07-26T07:40:44.678+0000] {dag.py:3947} INFO - Setting next_dagrun for python_taskflow_dag to 2024-07-25 00:00:00+00:00, run_after=2024-07-26 00:00:00+00:00
[2024-07-26T07:40:44.684+0000] {processor.py:183} INFO - Processing /opt/airflow/dags/4_python_taskflow_dag.py took 0.071 seconds
