[2024-07-26T07:08:48.707+0000] {processor.py:161} INFO - Started process (PID=2716) to work on /opt/airflow/dags/5_catchup_backfill_dag.py
[2024-07-26T07:08:48.707+0000] {processor.py:830} INFO - Processing file /opt/airflow/dags/5_catchup_backfill_dag.py for tasks to queue
[2024-07-26T07:08:48.708+0000] {logging_mixin.py:188} INFO - [2024-07-26T07:08:48.708+0000] {dagbag.py:545} INFO - Filling up the DagBag from /opt/airflow/dags/5_catchup_backfill_dag.py
[2024-07-26T07:08:48.720+0000] {processor.py:840} INFO - DAG(s) 'catchup_backfill_dag' retrieved from /opt/airflow/dags/5_catchup_backfill_dag.py
[2024-07-26T07:08:48.833+0000] {logging_mixin.py:188} INFO - [2024-07-26T07:08:48.833+0000] {dag.py:3089} INFO - Sync 1 DAGs
[2024-07-26T07:08:48.842+0000] {logging_mixin.py:188} INFO - [2024-07-26T07:08:48.842+0000] {dag.py:3947} INFO - Setting next_dagrun for catchup_backfill_dag to 2024-07-25 00:00:00+00:00, run_after=2024-07-26 00:00:00+00:00
[2024-07-26T07:08:48.850+0000] {processor.py:183} INFO - Processing /opt/airflow/dags/5_catchup_backfill_dag.py took 0.145 seconds
[2024-07-26T07:09:19.465+0000] {processor.py:161} INFO - Started process (PID=2730) to work on /opt/airflow/dags/5_catchup_backfill_dag.py
[2024-07-26T07:09:19.466+0000] {processor.py:830} INFO - Processing file /opt/airflow/dags/5_catchup_backfill_dag.py for tasks to queue
[2024-07-26T07:09:19.467+0000] {logging_mixin.py:188} INFO - [2024-07-26T07:09:19.466+0000] {dagbag.py:545} INFO - Filling up the DagBag from /opt/airflow/dags/5_catchup_backfill_dag.py
[2024-07-26T07:09:19.474+0000] {processor.py:840} INFO - DAG(s) 'catchup_backfill_dag' retrieved from /opt/airflow/dags/5_catchup_backfill_dag.py
[2024-07-26T07:09:19.486+0000] {logging_mixin.py:188} INFO - [2024-07-26T07:09:19.485+0000] {dag.py:3089} INFO - Sync 1 DAGs
[2024-07-26T07:09:19.496+0000] {logging_mixin.py:188} INFO - [2024-07-26T07:09:19.496+0000] {dag.py:3947} INFO - Setting next_dagrun for catchup_backfill_dag to 2024-07-25 00:00:00+00:00, run_after=2024-07-26 00:00:00+00:00
[2024-07-26T07:09:19.505+0000] {processor.py:183} INFO - Processing /opt/airflow/dags/5_catchup_backfill_dag.py took 0.042 seconds
[2024-07-26T07:09:50.233+0000] {processor.py:161} INFO - Started process (PID=2744) to work on /opt/airflow/dags/5_catchup_backfill_dag.py
[2024-07-26T07:09:50.234+0000] {processor.py:830} INFO - Processing file /opt/airflow/dags/5_catchup_backfill_dag.py for tasks to queue
[2024-07-26T07:09:50.235+0000] {logging_mixin.py:188} INFO - [2024-07-26T07:09:50.235+0000] {dagbag.py:545} INFO - Filling up the DagBag from /opt/airflow/dags/5_catchup_backfill_dag.py
[2024-07-26T07:09:50.241+0000] {processor.py:840} INFO - DAG(s) 'catchup_backfill_dag' retrieved from /opt/airflow/dags/5_catchup_backfill_dag.py
[2024-07-26T07:09:50.254+0000] {logging_mixin.py:188} INFO - [2024-07-26T07:09:50.254+0000] {dag.py:3089} INFO - Sync 1 DAGs
[2024-07-26T07:09:50.266+0000] {logging_mixin.py:188} INFO - [2024-07-26T07:09:50.266+0000] {dag.py:3947} INFO - Setting next_dagrun for catchup_backfill_dag to 2024-07-25 00:00:00+00:00, run_after=2024-07-26 00:00:00+00:00
[2024-07-26T07:09:50.276+0000] {processor.py:183} INFO - Processing /opt/airflow/dags/5_catchup_backfill_dag.py took 0.046 seconds
[2024-07-26T07:10:20.859+0000] {processor.py:161} INFO - Started process (PID=2758) to work on /opt/airflow/dags/5_catchup_backfill_dag.py
[2024-07-26T07:10:20.860+0000] {processor.py:830} INFO - Processing file /opt/airflow/dags/5_catchup_backfill_dag.py for tasks to queue
[2024-07-26T07:10:20.860+0000] {logging_mixin.py:188} INFO - [2024-07-26T07:10:20.860+0000] {dagbag.py:545} INFO - Filling up the DagBag from /opt/airflow/dags/5_catchup_backfill_dag.py
[2024-07-26T07:10:20.866+0000] {processor.py:840} INFO - DAG(s) 'catchup_backfill_dag' retrieved from /opt/airflow/dags/5_catchup_backfill_dag.py
[2024-07-26T07:10:20.877+0000] {logging_mixin.py:188} INFO - [2024-07-26T07:10:20.876+0000] {dag.py:3089} INFO - Sync 1 DAGs
[2024-07-26T07:10:20.885+0000] {logging_mixin.py:188} INFO - [2024-07-26T07:10:20.885+0000] {dag.py:3947} INFO - Setting next_dagrun for catchup_backfill_dag to 2024-07-25 00:00:00+00:00, run_after=2024-07-26 00:00:00+00:00
[2024-07-26T07:10:20.892+0000] {processor.py:183} INFO - Processing /opt/airflow/dags/5_catchup_backfill_dag.py took 0.036 seconds
[2024-07-26T07:10:51.588+0000] {processor.py:161} INFO - Started process (PID=2773) to work on /opt/airflow/dags/5_catchup_backfill_dag.py
[2024-07-26T07:10:51.589+0000] {processor.py:830} INFO - Processing file /opt/airflow/dags/5_catchup_backfill_dag.py for tasks to queue
[2024-07-26T07:10:51.590+0000] {logging_mixin.py:188} INFO - [2024-07-26T07:10:51.590+0000] {dagbag.py:545} INFO - Filling up the DagBag from /opt/airflow/dags/5_catchup_backfill_dag.py
[2024-07-26T07:10:51.595+0000] {processor.py:840} INFO - DAG(s) 'catchup_backfill_dag' retrieved from /opt/airflow/dags/5_catchup_backfill_dag.py
[2024-07-26T07:10:51.611+0000] {logging_mixin.py:188} INFO - [2024-07-26T07:10:51.610+0000] {dag.py:3089} INFO - Sync 1 DAGs
[2024-07-26T07:10:51.623+0000] {logging_mixin.py:188} INFO - [2024-07-26T07:10:51.623+0000] {dag.py:3947} INFO - Setting next_dagrun for catchup_backfill_dag to 2024-07-25 00:00:00+00:00, run_after=2024-07-26 00:00:00+00:00
[2024-07-26T07:10:51.635+0000] {processor.py:183} INFO - Processing /opt/airflow/dags/5_catchup_backfill_dag.py took 0.050 seconds
[2024-07-26T07:11:22.266+0000] {processor.py:161} INFO - Started process (PID=2787) to work on /opt/airflow/dags/5_catchup_backfill_dag.py
[2024-07-26T07:11:22.267+0000] {processor.py:830} INFO - Processing file /opt/airflow/dags/5_catchup_backfill_dag.py for tasks to queue
[2024-07-26T07:11:22.267+0000] {logging_mixin.py:188} INFO - [2024-07-26T07:11:22.267+0000] {dagbag.py:545} INFO - Filling up the DagBag from /opt/airflow/dags/5_catchup_backfill_dag.py
[2024-07-26T07:11:22.277+0000] {processor.py:840} INFO - DAG(s) 'catchup_backfill_dag' retrieved from /opt/airflow/dags/5_catchup_backfill_dag.py
[2024-07-26T07:11:22.286+0000] {logging_mixin.py:188} INFO - [2024-07-26T07:11:22.286+0000] {dag.py:3089} INFO - Sync 1 DAGs
[2024-07-26T07:11:22.300+0000] {logging_mixin.py:188} INFO - [2024-07-26T07:11:22.300+0000] {dag.py:3947} INFO - Setting next_dagrun for catchup_backfill_dag to 2024-07-25 00:00:00+00:00, run_after=2024-07-26 00:00:00+00:00
[2024-07-26T07:11:22.308+0000] {processor.py:183} INFO - Processing /opt/airflow/dags/5_catchup_backfill_dag.py took 0.044 seconds
[2024-07-26T07:11:53.117+0000] {processor.py:161} INFO - Started process (PID=2801) to work on /opt/airflow/dags/5_catchup_backfill_dag.py
[2024-07-26T07:11:53.118+0000] {processor.py:830} INFO - Processing file /opt/airflow/dags/5_catchup_backfill_dag.py for tasks to queue
[2024-07-26T07:11:53.119+0000] {logging_mixin.py:188} INFO - [2024-07-26T07:11:53.119+0000] {dagbag.py:545} INFO - Filling up the DagBag from /opt/airflow/dags/5_catchup_backfill_dag.py
[2024-07-26T07:11:53.128+0000] {processor.py:840} INFO - DAG(s) 'catchup_backfill_dag' retrieved from /opt/airflow/dags/5_catchup_backfill_dag.py
[2024-07-26T07:11:53.143+0000] {logging_mixin.py:188} INFO - [2024-07-26T07:11:53.143+0000] {dag.py:3089} INFO - Sync 1 DAGs
[2024-07-26T07:11:53.155+0000] {logging_mixin.py:188} INFO - [2024-07-26T07:11:53.155+0000] {dag.py:3947} INFO - Setting next_dagrun for catchup_backfill_dag to 2024-07-25 00:00:00+00:00, run_after=2024-07-26 00:00:00+00:00
[2024-07-26T07:11:53.163+0000] {processor.py:183} INFO - Processing /opt/airflow/dags/5_catchup_backfill_dag.py took 0.048 seconds
[2024-07-26T07:12:23.868+0000] {processor.py:161} INFO - Started process (PID=2815) to work on /opt/airflow/dags/5_catchup_backfill_dag.py
[2024-07-26T07:12:23.869+0000] {processor.py:830} INFO - Processing file /opt/airflow/dags/5_catchup_backfill_dag.py for tasks to queue
[2024-07-26T07:12:23.870+0000] {logging_mixin.py:188} INFO - [2024-07-26T07:12:23.870+0000] {dagbag.py:545} INFO - Filling up the DagBag from /opt/airflow/dags/5_catchup_backfill_dag.py
[2024-07-26T07:12:23.876+0000] {processor.py:840} INFO - DAG(s) 'catchup_backfill_dag' retrieved from /opt/airflow/dags/5_catchup_backfill_dag.py
[2024-07-26T07:12:23.889+0000] {logging_mixin.py:188} INFO - [2024-07-26T07:12:23.888+0000] {dag.py:3089} INFO - Sync 1 DAGs
[2024-07-26T07:12:23.897+0000] {logging_mixin.py:188} INFO - [2024-07-26T07:12:23.897+0000] {dag.py:3947} INFO - Setting next_dagrun for catchup_backfill_dag to 2024-07-25 00:00:00+00:00, run_after=2024-07-26 00:00:00+00:00
[2024-07-26T07:12:23.910+0000] {processor.py:183} INFO - Processing /opt/airflow/dags/5_catchup_backfill_dag.py took 0.044 seconds
[2024-07-26T07:12:54.772+0000] {processor.py:161} INFO - Started process (PID=2830) to work on /opt/airflow/dags/5_catchup_backfill_dag.py
[2024-07-26T07:12:54.773+0000] {processor.py:830} INFO - Processing file /opt/airflow/dags/5_catchup_backfill_dag.py for tasks to queue
[2024-07-26T07:12:54.773+0000] {logging_mixin.py:188} INFO - [2024-07-26T07:12:54.773+0000] {dagbag.py:545} INFO - Filling up the DagBag from /opt/airflow/dags/5_catchup_backfill_dag.py
[2024-07-26T07:12:54.783+0000] {processor.py:840} INFO - DAG(s) 'catchup_backfill_dag' retrieved from /opt/airflow/dags/5_catchup_backfill_dag.py
[2024-07-26T07:12:54.798+0000] {logging_mixin.py:188} INFO - [2024-07-26T07:12:54.798+0000] {dag.py:3089} INFO - Sync 1 DAGs
[2024-07-26T07:12:54.808+0000] {logging_mixin.py:188} INFO - [2024-07-26T07:12:54.808+0000] {dag.py:3947} INFO - Setting next_dagrun for catchup_backfill_dag to 2024-07-25 00:00:00+00:00, run_after=2024-07-26 00:00:00+00:00
[2024-07-26T07:12:54.817+0000] {processor.py:183} INFO - Processing /opt/airflow/dags/5_catchup_backfill_dag.py took 0.047 seconds
[2024-07-26T07:13:25.818+0000] {processor.py:161} INFO - Started process (PID=2850) to work on /opt/airflow/dags/5_catchup_backfill_dag.py
[2024-07-26T07:13:25.819+0000] {processor.py:830} INFO - Processing file /opt/airflow/dags/5_catchup_backfill_dag.py for tasks to queue
[2024-07-26T07:13:25.819+0000] {logging_mixin.py:188} INFO - [2024-07-26T07:13:25.819+0000] {dagbag.py:545} INFO - Filling up the DagBag from /opt/airflow/dags/5_catchup_backfill_dag.py
[2024-07-26T07:13:25.826+0000] {processor.py:840} INFO - DAG(s) 'catchup_backfill_dag' retrieved from /opt/airflow/dags/5_catchup_backfill_dag.py
[2024-07-26T07:13:25.838+0000] {logging_mixin.py:188} INFO - [2024-07-26T07:13:25.837+0000] {dag.py:3089} INFO - Sync 1 DAGs
[2024-07-26T07:13:25.848+0000] {logging_mixin.py:188} INFO - [2024-07-26T07:13:25.848+0000] {dag.py:3947} INFO - Setting next_dagrun for catchup_backfill_dag to 2024-07-25 00:00:00+00:00, run_after=2024-07-26 00:00:00+00:00
[2024-07-26T07:13:25.858+0000] {processor.py:183} INFO - Processing /opt/airflow/dags/5_catchup_backfill_dag.py took 0.042 seconds
[2024-07-26T07:13:57.037+0000] {processor.py:161} INFO - Started process (PID=2865) to work on /opt/airflow/dags/5_catchup_backfill_dag.py
[2024-07-26T07:13:57.038+0000] {processor.py:830} INFO - Processing file /opt/airflow/dags/5_catchup_backfill_dag.py for tasks to queue
[2024-07-26T07:13:57.038+0000] {logging_mixin.py:188} INFO - [2024-07-26T07:13:57.038+0000] {dagbag.py:545} INFO - Filling up the DagBag from /opt/airflow/dags/5_catchup_backfill_dag.py
[2024-07-26T07:13:57.053+0000] {processor.py:840} INFO - DAG(s) 'catchup_backfill_dag' retrieved from /opt/airflow/dags/5_catchup_backfill_dag.py
[2024-07-26T07:13:57.073+0000] {logging_mixin.py:188} INFO - [2024-07-26T07:13:57.073+0000] {dag.py:3089} INFO - Sync 1 DAGs
[2024-07-26T07:13:57.085+0000] {logging_mixin.py:188} INFO - [2024-07-26T07:13:57.085+0000] {dag.py:3947} INFO - Setting next_dagrun for catchup_backfill_dag to 2024-07-25 00:00:00+00:00, run_after=2024-07-26 00:00:00+00:00
[2024-07-26T07:13:57.092+0000] {processor.py:183} INFO - Processing /opt/airflow/dags/5_catchup_backfill_dag.py took 0.061 seconds
[2024-07-26T07:14:27.977+0000] {processor.py:161} INFO - Started process (PID=2880) to work on /opt/airflow/dags/5_catchup_backfill_dag.py
[2024-07-26T07:14:27.977+0000] {processor.py:830} INFO - Processing file /opt/airflow/dags/5_catchup_backfill_dag.py for tasks to queue
[2024-07-26T07:14:27.978+0000] {logging_mixin.py:188} INFO - [2024-07-26T07:14:27.978+0000] {dagbag.py:545} INFO - Filling up the DagBag from /opt/airflow/dags/5_catchup_backfill_dag.py
[2024-07-26T07:14:27.987+0000] {processor.py:840} INFO - DAG(s) 'catchup_backfill_dag' retrieved from /opt/airflow/dags/5_catchup_backfill_dag.py
[2024-07-26T07:14:28.000+0000] {logging_mixin.py:188} INFO - [2024-07-26T07:14:28.000+0000] {dag.py:3089} INFO - Sync 1 DAGs
[2024-07-26T07:14:28.010+0000] {logging_mixin.py:188} INFO - [2024-07-26T07:14:28.010+0000] {dag.py:3947} INFO - Setting next_dagrun for catchup_backfill_dag to 2024-07-25 00:00:00+00:00, run_after=2024-07-26 00:00:00+00:00
[2024-07-26T07:14:28.020+0000] {processor.py:183} INFO - Processing /opt/airflow/dags/5_catchup_backfill_dag.py took 0.047 seconds
[2024-07-26T07:14:58.208+0000] {processor.py:161} INFO - Started process (PID=2895) to work on /opt/airflow/dags/5_catchup_backfill_dag.py
[2024-07-26T07:14:58.208+0000] {processor.py:830} INFO - Processing file /opt/airflow/dags/5_catchup_backfill_dag.py for tasks to queue
[2024-07-26T07:14:58.209+0000] {logging_mixin.py:188} INFO - [2024-07-26T07:14:58.209+0000] {dagbag.py:545} INFO - Filling up the DagBag from /opt/airflow/dags/5_catchup_backfill_dag.py
[2024-07-26T07:14:58.219+0000] {processor.py:840} INFO - DAG(s) 'catchup_backfill_dag' retrieved from /opt/airflow/dags/5_catchup_backfill_dag.py
[2024-07-26T07:14:58.232+0000] {logging_mixin.py:188} INFO - [2024-07-26T07:14:58.232+0000] {dag.py:3089} INFO - Sync 1 DAGs
[2024-07-26T07:14:58.246+0000] {logging_mixin.py:188} INFO - [2024-07-26T07:14:58.246+0000] {dag.py:3947} INFO - Setting next_dagrun for catchup_backfill_dag to 2024-07-25 00:00:00+00:00, run_after=2024-07-26 00:00:00+00:00
[2024-07-26T07:14:58.254+0000] {processor.py:183} INFO - Processing /opt/airflow/dags/5_catchup_backfill_dag.py took 0.048 seconds
[2024-07-26T07:15:29.193+0000] {processor.py:161} INFO - Started process (PID=2911) to work on /opt/airflow/dags/5_catchup_backfill_dag.py
[2024-07-26T07:15:29.193+0000] {processor.py:830} INFO - Processing file /opt/airflow/dags/5_catchup_backfill_dag.py for tasks to queue
[2024-07-26T07:15:29.194+0000] {logging_mixin.py:188} INFO - [2024-07-26T07:15:29.194+0000] {dagbag.py:545} INFO - Filling up the DagBag from /opt/airflow/dags/5_catchup_backfill_dag.py
[2024-07-26T07:15:29.202+0000] {processor.py:840} INFO - DAG(s) 'catchup_backfill_dag' retrieved from /opt/airflow/dags/5_catchup_backfill_dag.py
[2024-07-26T07:15:29.215+0000] {logging_mixin.py:188} INFO - [2024-07-26T07:15:29.214+0000] {dag.py:3089} INFO - Sync 1 DAGs
[2024-07-26T07:15:29.226+0000] {logging_mixin.py:188} INFO - [2024-07-26T07:15:29.226+0000] {dag.py:3947} INFO - Setting next_dagrun for catchup_backfill_dag to 2024-07-25 00:00:00+00:00, run_after=2024-07-26 00:00:00+00:00
[2024-07-26T07:15:29.236+0000] {processor.py:183} INFO - Processing /opt/airflow/dags/5_catchup_backfill_dag.py took 0.046 seconds
[2024-07-26T07:16:00.305+0000] {processor.py:161} INFO - Started process (PID=2927) to work on /opt/airflow/dags/5_catchup_backfill_dag.py
[2024-07-26T07:16:00.306+0000] {processor.py:830} INFO - Processing file /opt/airflow/dags/5_catchup_backfill_dag.py for tasks to queue
[2024-07-26T07:16:00.306+0000] {logging_mixin.py:188} INFO - [2024-07-26T07:16:00.306+0000] {dagbag.py:545} INFO - Filling up the DagBag from /opt/airflow/dags/5_catchup_backfill_dag.py
[2024-07-26T07:16:00.312+0000] {processor.py:840} INFO - DAG(s) 'catchup_backfill_dag' retrieved from /opt/airflow/dags/5_catchup_backfill_dag.py
[2024-07-26T07:16:00.323+0000] {logging_mixin.py:188} INFO - [2024-07-26T07:16:00.323+0000] {dag.py:3089} INFO - Sync 1 DAGs
[2024-07-26T07:16:00.334+0000] {logging_mixin.py:188} INFO - [2024-07-26T07:16:00.334+0000] {dag.py:3947} INFO - Setting next_dagrun for catchup_backfill_dag to 2024-07-25 00:00:00+00:00, run_after=2024-07-26 00:00:00+00:00
[2024-07-26T07:16:00.343+0000] {processor.py:183} INFO - Processing /opt/airflow/dags/5_catchup_backfill_dag.py took 0.041 seconds
[2024-07-26T07:16:30.670+0000] {processor.py:161} INFO - Started process (PID=2942) to work on /opt/airflow/dags/5_catchup_backfill_dag.py
[2024-07-26T07:16:30.671+0000] {processor.py:830} INFO - Processing file /opt/airflow/dags/5_catchup_backfill_dag.py for tasks to queue
[2024-07-26T07:16:30.672+0000] {logging_mixin.py:188} INFO - [2024-07-26T07:16:30.672+0000] {dagbag.py:545} INFO - Filling up the DagBag from /opt/airflow/dags/5_catchup_backfill_dag.py
[2024-07-26T07:16:30.681+0000] {processor.py:840} INFO - DAG(s) 'catchup_backfill_dag' retrieved from /opt/airflow/dags/5_catchup_backfill_dag.py
[2024-07-26T07:16:30.694+0000] {logging_mixin.py:188} INFO - [2024-07-26T07:16:30.694+0000] {dag.py:3089} INFO - Sync 1 DAGs
[2024-07-26T07:16:30.703+0000] {logging_mixin.py:188} INFO - [2024-07-26T07:16:30.703+0000] {dag.py:3947} INFO - Setting next_dagrun for catchup_backfill_dag to 2024-07-25 00:00:00+00:00, run_after=2024-07-26 00:00:00+00:00
[2024-07-26T07:16:30.710+0000] {processor.py:183} INFO - Processing /opt/airflow/dags/5_catchup_backfill_dag.py took 0.044 seconds
[2024-07-26T07:17:01.067+0000] {processor.py:161} INFO - Started process (PID=2958) to work on /opt/airflow/dags/5_catchup_backfill_dag.py
[2024-07-26T07:17:01.068+0000] {processor.py:830} INFO - Processing file /opt/airflow/dags/5_catchup_backfill_dag.py for tasks to queue
[2024-07-26T07:17:01.068+0000] {logging_mixin.py:188} INFO - [2024-07-26T07:17:01.068+0000] {dagbag.py:545} INFO - Filling up the DagBag from /opt/airflow/dags/5_catchup_backfill_dag.py
[2024-07-26T07:17:01.074+0000] {processor.py:840} INFO - DAG(s) 'catchup_backfill_dag' retrieved from /opt/airflow/dags/5_catchup_backfill_dag.py
[2024-07-26T07:17:01.084+0000] {logging_mixin.py:188} INFO - [2024-07-26T07:17:01.084+0000] {dag.py:3089} INFO - Sync 1 DAGs
[2024-07-26T07:17:01.093+0000] {logging_mixin.py:188} INFO - [2024-07-26T07:17:01.093+0000] {dag.py:3947} INFO - Setting next_dagrun for catchup_backfill_dag to 2024-07-25 00:00:00+00:00, run_after=2024-07-26 00:00:00+00:00
[2024-07-26T07:17:01.102+0000] {processor.py:183} INFO - Processing /opt/airflow/dags/5_catchup_backfill_dag.py took 0.037 seconds
[2024-07-26T07:17:31.799+0000] {processor.py:161} INFO - Started process (PID=2973) to work on /opt/airflow/dags/5_catchup_backfill_dag.py
[2024-07-26T07:17:31.800+0000] {processor.py:830} INFO - Processing file /opt/airflow/dags/5_catchup_backfill_dag.py for tasks to queue
[2024-07-26T07:17:31.800+0000] {logging_mixin.py:188} INFO - [2024-07-26T07:17:31.800+0000] {dagbag.py:545} INFO - Filling up the DagBag from /opt/airflow/dags/5_catchup_backfill_dag.py
[2024-07-26T07:17:31.806+0000] {processor.py:840} INFO - DAG(s) 'catchup_backfill_dag' retrieved from /opt/airflow/dags/5_catchup_backfill_dag.py
[2024-07-26T07:17:31.817+0000] {logging_mixin.py:188} INFO - [2024-07-26T07:17:31.817+0000] {dag.py:3089} INFO - Sync 1 DAGs
[2024-07-26T07:17:31.828+0000] {logging_mixin.py:188} INFO - [2024-07-26T07:17:31.828+0000] {dag.py:3947} INFO - Setting next_dagrun for catchup_backfill_dag to 2024-07-25 00:00:00+00:00, run_after=2024-07-26 00:00:00+00:00
[2024-07-26T07:17:31.835+0000] {processor.py:183} INFO - Processing /opt/airflow/dags/5_catchup_backfill_dag.py took 0.038 seconds
[2024-07-26T07:18:02.531+0000] {processor.py:161} INFO - Started process (PID=2988) to work on /opt/airflow/dags/5_catchup_backfill_dag.py
[2024-07-26T07:18:02.531+0000] {processor.py:830} INFO - Processing file /opt/airflow/dags/5_catchup_backfill_dag.py for tasks to queue
[2024-07-26T07:18:02.532+0000] {logging_mixin.py:188} INFO - [2024-07-26T07:18:02.532+0000] {dagbag.py:545} INFO - Filling up the DagBag from /opt/airflow/dags/5_catchup_backfill_dag.py
[2024-07-26T07:18:02.541+0000] {processor.py:840} INFO - DAG(s) 'catchup_backfill_dag' retrieved from /opt/airflow/dags/5_catchup_backfill_dag.py
[2024-07-26T07:18:02.556+0000] {logging_mixin.py:188} INFO - [2024-07-26T07:18:02.556+0000] {dag.py:3089} INFO - Sync 1 DAGs
[2024-07-26T07:18:02.564+0000] {logging_mixin.py:188} INFO - [2024-07-26T07:18:02.564+0000] {dag.py:3947} INFO - Setting next_dagrun for catchup_backfill_dag to 2024-07-25 00:00:00+00:00, run_after=2024-07-26 00:00:00+00:00
[2024-07-26T07:18:02.574+0000] {processor.py:183} INFO - Processing /opt/airflow/dags/5_catchup_backfill_dag.py took 0.045 seconds
[2024-07-26T07:18:32.716+0000] {processor.py:161} INFO - Started process (PID=3004) to work on /opt/airflow/dags/5_catchup_backfill_dag.py
[2024-07-26T07:18:32.716+0000] {processor.py:830} INFO - Processing file /opt/airflow/dags/5_catchup_backfill_dag.py for tasks to queue
[2024-07-26T07:18:32.717+0000] {logging_mixin.py:188} INFO - [2024-07-26T07:18:32.717+0000] {dagbag.py:545} INFO - Filling up the DagBag from /opt/airflow/dags/5_catchup_backfill_dag.py
[2024-07-26T07:18:32.726+0000] {processor.py:840} INFO - DAG(s) 'catchup_backfill_dag' retrieved from /opt/airflow/dags/5_catchup_backfill_dag.py
[2024-07-26T07:18:32.739+0000] {logging_mixin.py:188} INFO - [2024-07-26T07:18:32.739+0000] {dag.py:3089} INFO - Sync 1 DAGs
[2024-07-26T07:18:32.747+0000] {logging_mixin.py:188} INFO - [2024-07-26T07:18:32.747+0000] {dag.py:3947} INFO - Setting next_dagrun for catchup_backfill_dag to 2024-07-25 00:00:00+00:00, run_after=2024-07-26 00:00:00+00:00
[2024-07-26T07:18:32.756+0000] {processor.py:183} INFO - Processing /opt/airflow/dags/5_catchup_backfill_dag.py took 0.043 seconds
[2024-07-26T07:19:03.587+0000] {processor.py:161} INFO - Started process (PID=3019) to work on /opt/airflow/dags/5_catchup_backfill_dag.py
[2024-07-26T07:19:03.588+0000] {processor.py:830} INFO - Processing file /opt/airflow/dags/5_catchup_backfill_dag.py for tasks to queue
[2024-07-26T07:19:03.588+0000] {logging_mixin.py:188} INFO - [2024-07-26T07:19:03.588+0000] {dagbag.py:545} INFO - Filling up the DagBag from /opt/airflow/dags/5_catchup_backfill_dag.py
[2024-07-26T07:19:03.593+0000] {processor.py:840} INFO - DAG(s) 'catchup_backfill_dag' retrieved from /opt/airflow/dags/5_catchup_backfill_dag.py
[2024-07-26T07:19:03.608+0000] {logging_mixin.py:188} INFO - [2024-07-26T07:19:03.608+0000] {dag.py:3089} INFO - Sync 1 DAGs
[2024-07-26T07:19:03.616+0000] {logging_mixin.py:188} INFO - [2024-07-26T07:19:03.616+0000] {dag.py:3947} INFO - Setting next_dagrun for catchup_backfill_dag to 2024-07-25 00:00:00+00:00, run_after=2024-07-26 00:00:00+00:00
[2024-07-26T07:19:03.621+0000] {processor.py:183} INFO - Processing /opt/airflow/dags/5_catchup_backfill_dag.py took 0.036 seconds
[2024-07-26T07:19:16.931+0000] {processor.py:161} INFO - Started process (PID=3021) to work on /opt/airflow/dags/5_catchup_backfill_dag.py
[2024-07-26T07:19:16.933+0000] {processor.py:830} INFO - Processing file /opt/airflow/dags/5_catchup_backfill_dag.py for tasks to queue
[2024-07-26T07:19:16.935+0000] {logging_mixin.py:188} INFO - [2024-07-26T07:19:16.934+0000] {dagbag.py:545} INFO - Filling up the DagBag from /opt/airflow/dags/5_catchup_backfill_dag.py
[2024-07-26T07:19:16.956+0000] {processor.py:840} INFO - DAG(s) 'catchup_backfill_dag' retrieved from /opt/airflow/dags/5_catchup_backfill_dag.py
[2024-07-26T07:19:16.978+0000] {logging_mixin.py:188} INFO - [2024-07-26T07:19:16.978+0000] {dag.py:3089} INFO - Sync 1 DAGs
[2024-07-26T07:19:16.992+0000] {logging_mixin.py:188} INFO - [2024-07-26T07:19:16.992+0000] {dag.py:3947} INFO - Setting next_dagrun for catchup_backfill_dag to 2024-07-25 00:00:00+00:00, run_after=2024-07-26 00:00:00+00:00
[2024-07-26T07:19:17.016+0000] {processor.py:183} INFO - Processing /opt/airflow/dags/5_catchup_backfill_dag.py took 0.090 seconds
[2024-07-26T07:19:47.153+0000] {processor.py:161} INFO - Started process (PID=3036) to work on /opt/airflow/dags/5_catchup_backfill_dag.py
[2024-07-26T07:19:47.155+0000] {processor.py:830} INFO - Processing file /opt/airflow/dags/5_catchup_backfill_dag.py for tasks to queue
[2024-07-26T07:19:47.157+0000] {logging_mixin.py:188} INFO - [2024-07-26T07:19:47.156+0000] {dagbag.py:545} INFO - Filling up the DagBag from /opt/airflow/dags/5_catchup_backfill_dag.py
[2024-07-26T07:19:47.194+0000] {processor.py:840} INFO - DAG(s) 'catchup_backfill_dag' retrieved from /opt/airflow/dags/5_catchup_backfill_dag.py
[2024-07-26T07:19:47.215+0000] {logging_mixin.py:188} INFO - [2024-07-26T07:19:47.215+0000] {dag.py:3089} INFO - Sync 1 DAGs
[2024-07-26T07:19:47.229+0000] {logging_mixin.py:188} INFO - [2024-07-26T07:19:47.229+0000] {dag.py:3947} INFO - Setting next_dagrun for catchup_backfill_dag to 2024-07-25 00:00:00+00:00, run_after=2024-07-26 00:00:00+00:00
[2024-07-26T07:19:47.240+0000] {processor.py:183} INFO - Processing /opt/airflow/dags/5_catchup_backfill_dag.py took 0.096 seconds
[2024-07-26T07:20:09.005+0000] {processor.py:161} INFO - Started process (PID=3050) to work on /opt/airflow/dags/5_catchup_backfill_dag.py
[2024-07-26T07:20:09.007+0000] {processor.py:830} INFO - Processing file /opt/airflow/dags/5_catchup_backfill_dag.py for tasks to queue
[2024-07-26T07:20:09.008+0000] {logging_mixin.py:188} INFO - [2024-07-26T07:20:09.007+0000] {dagbag.py:545} INFO - Filling up the DagBag from /opt/airflow/dags/5_catchup_backfill_dag.py
[2024-07-26T07:20:09.040+0000] {processor.py:840} INFO - DAG(s) 'catchup_backfill_dag' retrieved from /opt/airflow/dags/5_catchup_backfill_dag.py
[2024-07-26T07:20:09.067+0000] {logging_mixin.py:188} INFO - [2024-07-26T07:20:09.067+0000] {dag.py:3089} INFO - Sync 1 DAGs
[2024-07-26T07:20:09.108+0000] {logging_mixin.py:188} INFO - [2024-07-26T07:20:09.107+0000] {dag.py:3947} INFO - Setting next_dagrun for catchup_backfill_dag to 2024-07-25 00:00:00+00:00, run_after=2024-07-26 00:00:00+00:00
[2024-07-26T07:20:09.125+0000] {processor.py:183} INFO - Processing /opt/airflow/dags/5_catchup_backfill_dag.py took 0.130 seconds
[2024-07-26T07:20:37.706+0000] {processor.py:161} INFO - Started process (PID=3065) to work on /opt/airflow/dags/5_catchup_backfill_dag.py
[2024-07-26T07:20:37.707+0000] {processor.py:830} INFO - Processing file /opt/airflow/dags/5_catchup_backfill_dag.py for tasks to queue
[2024-07-26T07:20:37.708+0000] {logging_mixin.py:188} INFO - [2024-07-26T07:20:37.708+0000] {dagbag.py:545} INFO - Filling up the DagBag from /opt/airflow/dags/5_catchup_backfill_dag.py
[2024-07-26T07:20:37.722+0000] {processor.py:840} INFO - DAG(s) 'catchup_backfill_dag' retrieved from /opt/airflow/dags/5_catchup_backfill_dag.py
[2024-07-26T07:20:37.751+0000] {logging_mixin.py:188} INFO - [2024-07-26T07:20:37.750+0000] {dag.py:3089} INFO - Sync 1 DAGs
[2024-07-26T07:20:37.764+0000] {logging_mixin.py:188} INFO - [2024-07-26T07:20:37.764+0000] {dag.py:3947} INFO - Setting next_dagrun for catchup_backfill_dag to 2024-07-25 00:00:00+00:00, run_after=2024-07-26 00:00:00+00:00
[2024-07-26T07:20:37.771+0000] {processor.py:183} INFO - Processing /opt/airflow/dags/5_catchup_backfill_dag.py took 0.074 seconds
[2024-07-26T07:20:46.948+0000] {processor.py:161} INFO - Started process (PID=3067) to work on /opt/airflow/dags/5_catchup_backfill_dag.py
[2024-07-26T07:20:46.951+0000] {processor.py:830} INFO - Processing file /opt/airflow/dags/5_catchup_backfill_dag.py for tasks to queue
[2024-07-26T07:20:46.956+0000] {logging_mixin.py:188} INFO - [2024-07-26T07:20:46.953+0000] {dagbag.py:545} INFO - Filling up the DagBag from /opt/airflow/dags/5_catchup_backfill_dag.py
[2024-07-26T07:20:46.977+0000] {processor.py:840} INFO - DAG(s) 'catchup_backfill_dag' retrieved from /opt/airflow/dags/5_catchup_backfill_dag.py
[2024-07-26T07:20:47.001+0000] {logging_mixin.py:188} INFO - [2024-07-26T07:20:47.001+0000] {dag.py:3089} INFO - Sync 1 DAGs
[2024-07-26T07:20:47.016+0000] {logging_mixin.py:188} INFO - [2024-07-26T07:20:47.016+0000] {dag.py:3947} INFO - Setting next_dagrun for catchup_backfill_dag to 2024-07-25 00:00:00+00:00, run_after=2024-07-26 00:00:00+00:00
[2024-07-26T07:20:47.025+0000] {processor.py:183} INFO - Processing /opt/airflow/dags/5_catchup_backfill_dag.py took 0.088 seconds
[2024-07-26T07:21:00.260+0000] {processor.py:161} INFO - Started process (PID=3077) to work on /opt/airflow/dags/5_catchup_backfill_dag.py
[2024-07-26T07:21:00.262+0000] {processor.py:830} INFO - Processing file /opt/airflow/dags/5_catchup_backfill_dag.py for tasks to queue
[2024-07-26T07:21:00.263+0000] {logging_mixin.py:188} INFO - [2024-07-26T07:21:00.263+0000] {dagbag.py:545} INFO - Filling up the DagBag from /opt/airflow/dags/5_catchup_backfill_dag.py
[2024-07-26T07:21:00.291+0000] {processor.py:840} INFO - DAG(s) 'catchup_backfill_dag' retrieved from /opt/airflow/dags/5_catchup_backfill_dag.py
[2024-07-26T07:21:00.356+0000] {logging_mixin.py:188} INFO - [2024-07-26T07:21:00.355+0000] {dag.py:3089} INFO - Sync 1 DAGs
[2024-07-26T07:21:00.377+0000] {logging_mixin.py:188} INFO - [2024-07-26T07:21:00.377+0000] {dag.py:3947} INFO - Setting next_dagrun for catchup_backfill_dag to 2024-07-25 00:00:00+00:00, run_after=2024-07-26 00:00:00+00:00
[2024-07-26T07:21:00.572+0000] {processor.py:183} INFO - Processing /opt/airflow/dags/5_catchup_backfill_dag.py took 0.321 seconds
[2024-07-26T07:21:30.882+0000] {processor.py:161} INFO - Started process (PID=3093) to work on /opt/airflow/dags/5_catchup_backfill_dag.py
[2024-07-26T07:21:30.886+0000] {processor.py:830} INFO - Processing file /opt/airflow/dags/5_catchup_backfill_dag.py for tasks to queue
[2024-07-26T07:21:30.889+0000] {logging_mixin.py:188} INFO - [2024-07-26T07:21:30.888+0000] {dagbag.py:545} INFO - Filling up the DagBag from /opt/airflow/dags/5_catchup_backfill_dag.py
[2024-07-26T07:21:30.921+0000] {processor.py:840} INFO - DAG(s) 'catchup_backfill_dag' retrieved from /opt/airflow/dags/5_catchup_backfill_dag.py
[2024-07-26T07:21:30.951+0000] {logging_mixin.py:188} INFO - [2024-07-26T07:21:30.951+0000] {dag.py:3089} INFO - Sync 1 DAGs
[2024-07-26T07:21:30.969+0000] {logging_mixin.py:188} INFO - [2024-07-26T07:21:30.969+0000] {dag.py:3947} INFO - Setting next_dagrun for catchup_backfill_dag to 2024-07-25 00:00:00+00:00, run_after=2024-07-26 00:00:00+00:00
[2024-07-26T07:21:30.997+0000] {processor.py:183} INFO - Processing /opt/airflow/dags/5_catchup_backfill_dag.py took 0.131 seconds
[2024-07-26T07:22:01.982+0000] {processor.py:161} INFO - Started process (PID=3108) to work on /opt/airflow/dags/5_catchup_backfill_dag.py
[2024-07-26T07:22:01.986+0000] {processor.py:830} INFO - Processing file /opt/airflow/dags/5_catchup_backfill_dag.py for tasks to queue
[2024-07-26T07:22:01.987+0000] {logging_mixin.py:188} INFO - [2024-07-26T07:22:01.987+0000] {dagbag.py:545} INFO - Filling up the DagBag from /opt/airflow/dags/5_catchup_backfill_dag.py
[2024-07-26T07:22:02.024+0000] {processor.py:840} INFO - DAG(s) 'catchup_backfill_dag' retrieved from /opt/airflow/dags/5_catchup_backfill_dag.py
[2024-07-26T07:22:02.062+0000] {logging_mixin.py:188} INFO - [2024-07-26T07:22:02.062+0000] {dag.py:3089} INFO - Sync 1 DAGs
[2024-07-26T07:22:02.083+0000] {logging_mixin.py:188} INFO - [2024-07-26T07:22:02.083+0000] {dag.py:3947} INFO - Setting next_dagrun for catchup_backfill_dag to 2024-07-25 00:00:00+00:00, run_after=2024-07-26 00:00:00+00:00
[2024-07-26T07:22:02.097+0000] {processor.py:183} INFO - Processing /opt/airflow/dags/5_catchup_backfill_dag.py took 0.135 seconds
[2024-07-26T07:22:33.077+0000] {processor.py:161} INFO - Started process (PID=3125) to work on /opt/airflow/dags/5_catchup_backfill_dag.py
[2024-07-26T07:22:33.079+0000] {processor.py:830} INFO - Processing file /opt/airflow/dags/5_catchup_backfill_dag.py for tasks to queue
[2024-07-26T07:22:33.082+0000] {logging_mixin.py:188} INFO - [2024-07-26T07:22:33.081+0000] {dagbag.py:545} INFO - Filling up the DagBag from /opt/airflow/dags/5_catchup_backfill_dag.py
[2024-07-26T07:22:33.113+0000] {processor.py:840} INFO - DAG(s) 'catchup_backfill_dag' retrieved from /opt/airflow/dags/5_catchup_backfill_dag.py
[2024-07-26T07:22:33.137+0000] {logging_mixin.py:188} INFO - [2024-07-26T07:22:33.137+0000] {dag.py:3089} INFO - Sync 1 DAGs
[2024-07-26T07:22:33.157+0000] {logging_mixin.py:188} INFO - [2024-07-26T07:22:33.157+0000] {dag.py:3947} INFO - Setting next_dagrun for catchup_backfill_dag to 2024-07-25 00:00:00+00:00, run_after=2024-07-26 00:00:00+00:00
[2024-07-26T07:22:33.166+0000] {processor.py:183} INFO - Processing /opt/airflow/dags/5_catchup_backfill_dag.py took 0.107 seconds
[2024-07-26T07:23:04.200+0000] {processor.py:161} INFO - Started process (PID=3140) to work on /opt/airflow/dags/5_catchup_backfill_dag.py
[2024-07-26T07:23:04.202+0000] {processor.py:830} INFO - Processing file /opt/airflow/dags/5_catchup_backfill_dag.py for tasks to queue
[2024-07-26T07:23:04.203+0000] {logging_mixin.py:188} INFO - [2024-07-26T07:23:04.203+0000] {dagbag.py:545} INFO - Filling up the DagBag from /opt/airflow/dags/5_catchup_backfill_dag.py
[2024-07-26T07:23:04.226+0000] {processor.py:840} INFO - DAG(s) 'catchup_backfill_dag' retrieved from /opt/airflow/dags/5_catchup_backfill_dag.py
[2024-07-26T07:23:04.251+0000] {logging_mixin.py:188} INFO - [2024-07-26T07:23:04.251+0000] {dag.py:3089} INFO - Sync 1 DAGs
[2024-07-26T07:23:04.265+0000] {logging_mixin.py:188} INFO - [2024-07-26T07:23:04.264+0000] {dag.py:3947} INFO - Setting next_dagrun for catchup_backfill_dag to 2024-07-25 00:00:00+00:00, run_after=2024-07-26 00:00:00+00:00
[2024-07-26T07:23:04.272+0000] {processor.py:183} INFO - Processing /opt/airflow/dags/5_catchup_backfill_dag.py took 0.090 seconds
[2024-07-26T07:23:34.826+0000] {processor.py:161} INFO - Started process (PID=3155) to work on /opt/airflow/dags/5_catchup_backfill_dag.py
[2024-07-26T07:23:34.828+0000] {processor.py:830} INFO - Processing file /opt/airflow/dags/5_catchup_backfill_dag.py for tasks to queue
[2024-07-26T07:23:34.829+0000] {logging_mixin.py:188} INFO - [2024-07-26T07:23:34.828+0000] {dagbag.py:545} INFO - Filling up the DagBag from /opt/airflow/dags/5_catchup_backfill_dag.py
[2024-07-26T07:23:34.845+0000] {processor.py:840} INFO - DAG(s) 'catchup_backfill_dag' retrieved from /opt/airflow/dags/5_catchup_backfill_dag.py
[2024-07-26T07:23:34.862+0000] {logging_mixin.py:188} INFO - [2024-07-26T07:23:34.862+0000] {dag.py:3089} INFO - Sync 1 DAGs
[2024-07-26T07:23:34.875+0000] {logging_mixin.py:188} INFO - [2024-07-26T07:23:34.875+0000] {dag.py:3947} INFO - Setting next_dagrun for catchup_backfill_dag to 2024-07-25 00:00:00+00:00, run_after=2024-07-26 00:00:00+00:00
[2024-07-26T07:23:34.882+0000] {processor.py:183} INFO - Processing /opt/airflow/dags/5_catchup_backfill_dag.py took 0.066 seconds
[2024-07-26T07:24:05.051+0000] {processor.py:161} INFO - Started process (PID=3170) to work on /opt/airflow/dags/5_catchup_backfill_dag.py
[2024-07-26T07:24:05.054+0000] {processor.py:830} INFO - Processing file /opt/airflow/dags/5_catchup_backfill_dag.py for tasks to queue
[2024-07-26T07:24:05.055+0000] {logging_mixin.py:188} INFO - [2024-07-26T07:24:05.054+0000] {dagbag.py:545} INFO - Filling up the DagBag from /opt/airflow/dags/5_catchup_backfill_dag.py
[2024-07-26T07:24:05.084+0000] {processor.py:840} INFO - DAG(s) 'catchup_backfill_dag' retrieved from /opt/airflow/dags/5_catchup_backfill_dag.py
[2024-07-26T07:24:05.121+0000] {logging_mixin.py:188} INFO - [2024-07-26T07:24:05.121+0000] {dag.py:3089} INFO - Sync 1 DAGs
[2024-07-26T07:24:05.137+0000] {logging_mixin.py:188} INFO - [2024-07-26T07:24:05.137+0000] {dag.py:3947} INFO - Setting next_dagrun for catchup_backfill_dag to 2024-07-25 00:00:00+00:00, run_after=2024-07-26 00:00:00+00:00
[2024-07-26T07:24:05.146+0000] {processor.py:183} INFO - Processing /opt/airflow/dags/5_catchup_backfill_dag.py took 0.104 seconds
[2024-07-26T07:24:35.996+0000] {processor.py:161} INFO - Started process (PID=3188) to work on /opt/airflow/dags/5_catchup_backfill_dag.py
[2024-07-26T07:24:35.997+0000] {processor.py:830} INFO - Processing file /opt/airflow/dags/5_catchup_backfill_dag.py for tasks to queue
[2024-07-26T07:24:35.999+0000] {logging_mixin.py:188} INFO - [2024-07-26T07:24:35.998+0000] {dagbag.py:545} INFO - Filling up the DagBag from /opt/airflow/dags/5_catchup_backfill_dag.py
[2024-07-26T07:24:36.012+0000] {processor.py:840} INFO - DAG(s) 'catchup_backfill_dag' retrieved from /opt/airflow/dags/5_catchup_backfill_dag.py
[2024-07-26T07:24:36.038+0000] {logging_mixin.py:188} INFO - [2024-07-26T07:24:36.037+0000] {dag.py:3089} INFO - Sync 1 DAGs
[2024-07-26T07:24:36.070+0000] {logging_mixin.py:188} INFO - [2024-07-26T07:24:36.070+0000] {dag.py:3947} INFO - Setting next_dagrun for catchup_backfill_dag to 2024-07-25 00:00:00+00:00, run_after=2024-07-26 00:00:00+00:00
[2024-07-26T07:24:36.090+0000] {processor.py:183} INFO - Processing /opt/airflow/dags/5_catchup_backfill_dag.py took 0.098 seconds
[2024-07-26T07:25:06.786+0000] {processor.py:161} INFO - Started process (PID=3203) to work on /opt/airflow/dags/5_catchup_backfill_dag.py
[2024-07-26T07:25:06.788+0000] {processor.py:830} INFO - Processing file /opt/airflow/dags/5_catchup_backfill_dag.py for tasks to queue
[2024-07-26T07:25:06.789+0000] {logging_mixin.py:188} INFO - [2024-07-26T07:25:06.789+0000] {dagbag.py:545} INFO - Filling up the DagBag from /opt/airflow/dags/5_catchup_backfill_dag.py
[2024-07-26T07:25:06.803+0000] {processor.py:840} INFO - DAG(s) 'catchup_backfill_dag' retrieved from /opt/airflow/dags/5_catchup_backfill_dag.py
[2024-07-26T07:25:06.832+0000] {logging_mixin.py:188} INFO - [2024-07-26T07:25:06.831+0000] {dag.py:3089} INFO - Sync 1 DAGs
[2024-07-26T07:25:06.845+0000] {logging_mixin.py:188} INFO - [2024-07-26T07:25:06.845+0000] {dag.py:3947} INFO - Setting next_dagrun for catchup_backfill_dag to 2024-07-25 00:00:00+00:00, run_after=2024-07-26 00:00:00+00:00
[2024-07-26T07:25:06.855+0000] {processor.py:183} INFO - Processing /opt/airflow/dags/5_catchup_backfill_dag.py took 0.077 seconds
[2024-07-26T07:25:37.529+0000] {processor.py:161} INFO - Started process (PID=3219) to work on /opt/airflow/dags/5_catchup_backfill_dag.py
[2024-07-26T07:25:37.531+0000] {processor.py:830} INFO - Processing file /opt/airflow/dags/5_catchup_backfill_dag.py for tasks to queue
[2024-07-26T07:25:37.532+0000] {logging_mixin.py:188} INFO - [2024-07-26T07:25:37.532+0000] {dagbag.py:545} INFO - Filling up the DagBag from /opt/airflow/dags/5_catchup_backfill_dag.py
[2024-07-26T07:25:37.547+0000] {processor.py:840} INFO - DAG(s) 'catchup_backfill_dag' retrieved from /opt/airflow/dags/5_catchup_backfill_dag.py
[2024-07-26T07:25:37.564+0000] {logging_mixin.py:188} INFO - [2024-07-26T07:25:37.564+0000] {dag.py:3089} INFO - Sync 1 DAGs
[2024-07-26T07:25:37.579+0000] {logging_mixin.py:188} INFO - [2024-07-26T07:25:37.579+0000] {dag.py:3947} INFO - Setting next_dagrun for catchup_backfill_dag to 2024-07-25 00:00:00+00:00, run_after=2024-07-26 00:00:00+00:00
[2024-07-26T07:25:37.590+0000] {processor.py:183} INFO - Processing /opt/airflow/dags/5_catchup_backfill_dag.py took 0.068 seconds
[2024-07-26T07:26:08.212+0000] {processor.py:161} INFO - Started process (PID=3234) to work on /opt/airflow/dags/5_catchup_backfill_dag.py
[2024-07-26T07:26:08.213+0000] {processor.py:830} INFO - Processing file /opt/airflow/dags/5_catchup_backfill_dag.py for tasks to queue
[2024-07-26T07:26:08.214+0000] {logging_mixin.py:188} INFO - [2024-07-26T07:26:08.214+0000] {dagbag.py:545} INFO - Filling up the DagBag from /opt/airflow/dags/5_catchup_backfill_dag.py
[2024-07-26T07:26:08.224+0000] {processor.py:840} INFO - DAG(s) 'catchup_backfill_dag' retrieved from /opt/airflow/dags/5_catchup_backfill_dag.py
[2024-07-26T07:26:08.241+0000] {logging_mixin.py:188} INFO - [2024-07-26T07:26:08.241+0000] {dag.py:3089} INFO - Sync 1 DAGs
[2024-07-26T07:26:08.255+0000] {logging_mixin.py:188} INFO - [2024-07-26T07:26:08.255+0000] {dag.py:3947} INFO - Setting next_dagrun for catchup_backfill_dag to 2024-07-25 00:00:00+00:00, run_after=2024-07-26 00:00:00+00:00
[2024-07-26T07:26:08.266+0000] {processor.py:183} INFO - Processing /opt/airflow/dags/5_catchup_backfill_dag.py took 0.059 seconds
[2024-07-26T07:26:38.411+0000] {processor.py:161} INFO - Started process (PID=3249) to work on /opt/airflow/dags/5_catchup_backfill_dag.py
[2024-07-26T07:26:38.413+0000] {processor.py:830} INFO - Processing file /opt/airflow/dags/5_catchup_backfill_dag.py for tasks to queue
[2024-07-26T07:26:38.416+0000] {logging_mixin.py:188} INFO - [2024-07-26T07:26:38.415+0000] {dagbag.py:545} INFO - Filling up the DagBag from /opt/airflow/dags/5_catchup_backfill_dag.py
[2024-07-26T07:26:38.459+0000] {processor.py:840} INFO - DAG(s) 'catchup_backfill_dag' retrieved from /opt/airflow/dags/5_catchup_backfill_dag.py
[2024-07-26T07:26:38.480+0000] {logging_mixin.py:188} INFO - [2024-07-26T07:26:38.480+0000] {dag.py:3089} INFO - Sync 1 DAGs
[2024-07-26T07:26:38.494+0000] {logging_mixin.py:188} INFO - [2024-07-26T07:26:38.494+0000] {dag.py:3947} INFO - Setting next_dagrun for catchup_backfill_dag to 2024-07-25 00:00:00+00:00, run_after=2024-07-26 00:00:00+00:00
[2024-07-26T07:26:38.765+0000] {processor.py:183} INFO - Processing /opt/airflow/dags/5_catchup_backfill_dag.py took 0.365 seconds
[2024-07-26T07:27:08.843+0000] {processor.py:161} INFO - Started process (PID=3264) to work on /opt/airflow/dags/5_catchup_backfill_dag.py
[2024-07-26T07:27:08.844+0000] {processor.py:830} INFO - Processing file /opt/airflow/dags/5_catchup_backfill_dag.py for tasks to queue
[2024-07-26T07:27:08.846+0000] {logging_mixin.py:188} INFO - [2024-07-26T07:27:08.846+0000] {dagbag.py:545} INFO - Filling up the DagBag from /opt/airflow/dags/5_catchup_backfill_dag.py
[2024-07-26T07:27:08.865+0000] {processor.py:840} INFO - DAG(s) 'catchup_backfill_dag' retrieved from /opt/airflow/dags/5_catchup_backfill_dag.py
[2024-07-26T07:27:08.887+0000] {logging_mixin.py:188} INFO - [2024-07-26T07:27:08.887+0000] {dag.py:3089} INFO - Sync 1 DAGs
[2024-07-26T07:27:08.900+0000] {logging_mixin.py:188} INFO - [2024-07-26T07:27:08.900+0000] {dag.py:3947} INFO - Setting next_dagrun for catchup_backfill_dag to 2024-07-25 00:00:00+00:00, run_after=2024-07-26 00:00:00+00:00
[2024-07-26T07:27:08.911+0000] {processor.py:183} INFO - Processing /opt/airflow/dags/5_catchup_backfill_dag.py took 0.076 seconds
[2024-07-26T07:27:39.564+0000] {processor.py:161} INFO - Started process (PID=3279) to work on /opt/airflow/dags/5_catchup_backfill_dag.py
[2024-07-26T07:27:39.566+0000] {processor.py:830} INFO - Processing file /opt/airflow/dags/5_catchup_backfill_dag.py for tasks to queue
[2024-07-26T07:27:39.567+0000] {logging_mixin.py:188} INFO - [2024-07-26T07:27:39.567+0000] {dagbag.py:545} INFO - Filling up the DagBag from /opt/airflow/dags/5_catchup_backfill_dag.py
[2024-07-26T07:27:39.583+0000] {processor.py:840} INFO - DAG(s) 'catchup_backfill_dag' retrieved from /opt/airflow/dags/5_catchup_backfill_dag.py
[2024-07-26T07:27:39.607+0000] {logging_mixin.py:188} INFO - [2024-07-26T07:27:39.606+0000] {dag.py:3089} INFO - Sync 1 DAGs
[2024-07-26T07:27:39.638+0000] {logging_mixin.py:188} INFO - [2024-07-26T07:27:39.638+0000] {dag.py:3947} INFO - Setting next_dagrun for catchup_backfill_dag to 2024-07-25 00:00:00+00:00, run_after=2024-07-26 00:00:00+00:00
[2024-07-26T07:27:39.650+0000] {processor.py:183} INFO - Processing /opt/airflow/dags/5_catchup_backfill_dag.py took 0.100 seconds
[2024-07-26T07:28:10.651+0000] {processor.py:161} INFO - Started process (PID=3295) to work on /opt/airflow/dags/5_catchup_backfill_dag.py
[2024-07-26T07:28:10.652+0000] {processor.py:830} INFO - Processing file /opt/airflow/dags/5_catchup_backfill_dag.py for tasks to queue
[2024-07-26T07:28:10.652+0000] {logging_mixin.py:188} INFO - [2024-07-26T07:28:10.652+0000] {dagbag.py:545} INFO - Filling up the DagBag from /opt/airflow/dags/5_catchup_backfill_dag.py
[2024-07-26T07:28:10.659+0000] {processor.py:840} INFO - DAG(s) 'catchup_backfill_dag' retrieved from /opt/airflow/dags/5_catchup_backfill_dag.py
[2024-07-26T07:28:10.670+0000] {logging_mixin.py:188} INFO - [2024-07-26T07:28:10.669+0000] {dag.py:3089} INFO - Sync 1 DAGs
[2024-07-26T07:28:10.678+0000] {logging_mixin.py:188} INFO - [2024-07-26T07:28:10.678+0000] {dag.py:3947} INFO - Setting next_dagrun for catchup_backfill_dag to 2024-07-25 00:00:00+00:00, run_after=2024-07-26 00:00:00+00:00
[2024-07-26T07:28:10.684+0000] {processor.py:183} INFO - Processing /opt/airflow/dags/5_catchup_backfill_dag.py took 0.036 seconds
[2024-07-26T07:28:40.715+0000] {processor.py:161} INFO - Started process (PID=3311) to work on /opt/airflow/dags/5_catchup_backfill_dag.py
[2024-07-26T07:28:40.717+0000] {processor.py:830} INFO - Processing file /opt/airflow/dags/5_catchup_backfill_dag.py for tasks to queue
[2024-07-26T07:28:40.717+0000] {logging_mixin.py:188} INFO - [2024-07-26T07:28:40.717+0000] {dagbag.py:545} INFO - Filling up the DagBag from /opt/airflow/dags/5_catchup_backfill_dag.py
[2024-07-26T07:28:40.731+0000] {processor.py:840} INFO - DAG(s) 'catchup_backfill_dag' retrieved from /opt/airflow/dags/5_catchup_backfill_dag.py
[2024-07-26T07:28:40.770+0000] {logging_mixin.py:188} INFO - [2024-07-26T07:28:40.770+0000] {dag.py:3089} INFO - Sync 1 DAGs
[2024-07-26T07:28:40.838+0000] {logging_mixin.py:188} INFO - [2024-07-26T07:28:40.838+0000] {dag.py:3947} INFO - Setting next_dagrun for catchup_backfill_dag to 2024-07-25 00:00:00+00:00, run_after=2024-07-26 00:00:00+00:00
[2024-07-26T07:28:40.856+0000] {processor.py:183} INFO - Processing /opt/airflow/dags/5_catchup_backfill_dag.py took 0.145 seconds
[2024-07-26T07:29:11.610+0000] {processor.py:161} INFO - Started process (PID=3326) to work on /opt/airflow/dags/5_catchup_backfill_dag.py
[2024-07-26T07:29:11.617+0000] {processor.py:830} INFO - Processing file /opt/airflow/dags/5_catchup_backfill_dag.py for tasks to queue
[2024-07-26T07:29:11.622+0000] {logging_mixin.py:188} INFO - [2024-07-26T07:29:11.621+0000] {dagbag.py:545} INFO - Filling up the DagBag from /opt/airflow/dags/5_catchup_backfill_dag.py
[2024-07-26T07:29:11.633+0000] {processor.py:840} INFO - DAG(s) 'catchup_backfill_dag' retrieved from /opt/airflow/dags/5_catchup_backfill_dag.py
[2024-07-26T07:29:11.653+0000] {logging_mixin.py:188} INFO - [2024-07-26T07:29:11.653+0000] {dag.py:3089} INFO - Sync 1 DAGs
[2024-07-26T07:29:11.668+0000] {logging_mixin.py:188} INFO - [2024-07-26T07:29:11.668+0000] {dag.py:3947} INFO - Setting next_dagrun for catchup_backfill_dag to 2024-07-25 00:00:00+00:00, run_after=2024-07-26 00:00:00+00:00
[2024-07-26T07:29:11.860+0000] {processor.py:183} INFO - Processing /opt/airflow/dags/5_catchup_backfill_dag.py took 0.255 seconds
[2024-07-26T07:29:42.009+0000] {processor.py:161} INFO - Started process (PID=3341) to work on /opt/airflow/dags/5_catchup_backfill_dag.py
[2024-07-26T07:29:42.011+0000] {processor.py:830} INFO - Processing file /opt/airflow/dags/5_catchup_backfill_dag.py for tasks to queue
[2024-07-26T07:29:42.012+0000] {logging_mixin.py:188} INFO - [2024-07-26T07:29:42.011+0000] {dagbag.py:545} INFO - Filling up the DagBag from /opt/airflow/dags/5_catchup_backfill_dag.py
[2024-07-26T07:29:42.025+0000] {processor.py:840} INFO - DAG(s) 'catchup_backfill_dag' retrieved from /opt/airflow/dags/5_catchup_backfill_dag.py
[2024-07-26T07:29:42.046+0000] {logging_mixin.py:188} INFO - [2024-07-26T07:29:42.046+0000] {dag.py:3089} INFO - Sync 1 DAGs
[2024-07-26T07:29:42.060+0000] {logging_mixin.py:188} INFO - [2024-07-26T07:29:42.060+0000] {dag.py:3947} INFO - Setting next_dagrun for catchup_backfill_dag to 2024-07-25 00:00:00+00:00, run_after=2024-07-26 00:00:00+00:00
[2024-07-26T07:29:42.070+0000] {processor.py:183} INFO - Processing /opt/airflow/dags/5_catchup_backfill_dag.py took 0.065 seconds
[2024-07-26T07:30:12.145+0000] {processor.py:161} INFO - Started process (PID=3359) to work on /opt/airflow/dags/5_catchup_backfill_dag.py
[2024-07-26T07:30:12.146+0000] {processor.py:830} INFO - Processing file /opt/airflow/dags/5_catchup_backfill_dag.py for tasks to queue
[2024-07-26T07:30:12.146+0000] {logging_mixin.py:188} INFO - [2024-07-26T07:30:12.146+0000] {dagbag.py:545} INFO - Filling up the DagBag from /opt/airflow/dags/5_catchup_backfill_dag.py
[2024-07-26T07:30:12.152+0000] {processor.py:840} INFO - DAG(s) 'catchup_backfill_dag' retrieved from /opt/airflow/dags/5_catchup_backfill_dag.py
[2024-07-26T07:30:12.163+0000] {logging_mixin.py:188} INFO - [2024-07-26T07:30:12.163+0000] {dag.py:3089} INFO - Sync 1 DAGs
[2024-07-26T07:30:12.171+0000] {logging_mixin.py:188} INFO - [2024-07-26T07:30:12.171+0000] {dag.py:3947} INFO - Setting next_dagrun for catchup_backfill_dag to 2024-07-25 00:00:00+00:00, run_after=2024-07-26 00:00:00+00:00
[2024-07-26T07:30:12.177+0000] {processor.py:183} INFO - Processing /opt/airflow/dags/5_catchup_backfill_dag.py took 0.035 seconds
[2024-07-26T07:30:43.092+0000] {processor.py:161} INFO - Started process (PID=3374) to work on /opt/airflow/dags/5_catchup_backfill_dag.py
[2024-07-26T07:30:43.093+0000] {processor.py:830} INFO - Processing file /opt/airflow/dags/5_catchup_backfill_dag.py for tasks to queue
[2024-07-26T07:30:43.093+0000] {logging_mixin.py:188} INFO - [2024-07-26T07:30:43.093+0000] {dagbag.py:545} INFO - Filling up the DagBag from /opt/airflow/dags/5_catchup_backfill_dag.py
[2024-07-26T07:30:43.099+0000] {processor.py:840} INFO - DAG(s) 'catchup_backfill_dag' retrieved from /opt/airflow/dags/5_catchup_backfill_dag.py
[2024-07-26T07:30:43.110+0000] {logging_mixin.py:188} INFO - [2024-07-26T07:30:43.109+0000] {dag.py:3089} INFO - Sync 1 DAGs
[2024-07-26T07:30:43.118+0000] {logging_mixin.py:188} INFO - [2024-07-26T07:30:43.118+0000] {dag.py:3947} INFO - Setting next_dagrun for catchup_backfill_dag to 2024-07-25 00:00:00+00:00, run_after=2024-07-26 00:00:00+00:00
[2024-07-26T07:30:43.124+0000] {processor.py:183} INFO - Processing /opt/airflow/dags/5_catchup_backfill_dag.py took 0.036 seconds
[2024-07-26T07:31:14.141+0000] {processor.py:161} INFO - Started process (PID=3389) to work on /opt/airflow/dags/5_catchup_backfill_dag.py
[2024-07-26T07:31:14.142+0000] {processor.py:830} INFO - Processing file /opt/airflow/dags/5_catchup_backfill_dag.py for tasks to queue
[2024-07-26T07:31:14.143+0000] {logging_mixin.py:188} INFO - [2024-07-26T07:31:14.142+0000] {dagbag.py:545} INFO - Filling up the DagBag from /opt/airflow/dags/5_catchup_backfill_dag.py
[2024-07-26T07:31:14.150+0000] {processor.py:840} INFO - DAG(s) 'catchup_backfill_dag' retrieved from /opt/airflow/dags/5_catchup_backfill_dag.py
[2024-07-26T07:31:14.162+0000] {logging_mixin.py:188} INFO - [2024-07-26T07:31:14.162+0000] {dag.py:3089} INFO - Sync 1 DAGs
[2024-07-26T07:31:14.169+0000] {logging_mixin.py:188} INFO - [2024-07-26T07:31:14.169+0000] {dag.py:3947} INFO - Setting next_dagrun for catchup_backfill_dag to 2024-07-25 00:00:00+00:00, run_after=2024-07-26 00:00:00+00:00
[2024-07-26T07:31:14.175+0000] {processor.py:183} INFO - Processing /opt/airflow/dags/5_catchup_backfill_dag.py took 0.037 seconds
[2024-07-26T07:31:45.121+0000] {processor.py:161} INFO - Started process (PID=3404) to work on /opt/airflow/dags/5_catchup_backfill_dag.py
[2024-07-26T07:31:45.122+0000] {processor.py:830} INFO - Processing file /opt/airflow/dags/5_catchup_backfill_dag.py for tasks to queue
[2024-07-26T07:31:45.122+0000] {logging_mixin.py:188} INFO - [2024-07-26T07:31:45.122+0000] {dagbag.py:545} INFO - Filling up the DagBag from /opt/airflow/dags/5_catchup_backfill_dag.py
[2024-07-26T07:31:45.129+0000] {processor.py:840} INFO - DAG(s) 'catchup_backfill_dag' retrieved from /opt/airflow/dags/5_catchup_backfill_dag.py
[2024-07-26T07:31:45.140+0000] {logging_mixin.py:188} INFO - [2024-07-26T07:31:45.140+0000] {dag.py:3089} INFO - Sync 1 DAGs
[2024-07-26T07:31:45.148+0000] {logging_mixin.py:188} INFO - [2024-07-26T07:31:45.148+0000] {dag.py:3947} INFO - Setting next_dagrun for catchup_backfill_dag to 2024-07-25 00:00:00+00:00, run_after=2024-07-26 00:00:00+00:00
[2024-07-26T07:31:45.154+0000] {processor.py:183} INFO - Processing /opt/airflow/dags/5_catchup_backfill_dag.py took 0.036 seconds
[2024-07-26T07:32:15.388+0000] {processor.py:161} INFO - Started process (PID=3419) to work on /opt/airflow/dags/5_catchup_backfill_dag.py
[2024-07-26T07:32:15.389+0000] {processor.py:830} INFO - Processing file /opt/airflow/dags/5_catchup_backfill_dag.py for tasks to queue
[2024-07-26T07:32:15.389+0000] {logging_mixin.py:188} INFO - [2024-07-26T07:32:15.389+0000] {dagbag.py:545} INFO - Filling up the DagBag from /opt/airflow/dags/5_catchup_backfill_dag.py
[2024-07-26T07:32:15.398+0000] {processor.py:840} INFO - DAG(s) 'catchup_backfill_dag' retrieved from /opt/airflow/dags/5_catchup_backfill_dag.py
[2024-07-26T07:32:15.414+0000] {logging_mixin.py:188} INFO - [2024-07-26T07:32:15.414+0000] {dag.py:3089} INFO - Sync 1 DAGs
[2024-07-26T07:32:15.424+0000] {logging_mixin.py:188} INFO - [2024-07-26T07:32:15.424+0000] {dag.py:3947} INFO - Setting next_dagrun for catchup_backfill_dag to 2024-07-25 00:00:00+00:00, run_after=2024-07-26 00:00:00+00:00
[2024-07-26T07:32:15.430+0000] {processor.py:183} INFO - Processing /opt/airflow/dags/5_catchup_backfill_dag.py took 0.044 seconds
[2024-07-26T07:32:46.275+0000] {processor.py:161} INFO - Started process (PID=3434) to work on /opt/airflow/dags/5_catchup_backfill_dag.py
[2024-07-26T07:32:46.276+0000] {processor.py:830} INFO - Processing file /opt/airflow/dags/5_catchup_backfill_dag.py for tasks to queue
[2024-07-26T07:32:46.276+0000] {logging_mixin.py:188} INFO - [2024-07-26T07:32:46.276+0000] {dagbag.py:545} INFO - Filling up the DagBag from /opt/airflow/dags/5_catchup_backfill_dag.py
[2024-07-26T07:32:46.282+0000] {processor.py:840} INFO - DAG(s) 'catchup_backfill_dag' retrieved from /opt/airflow/dags/5_catchup_backfill_dag.py
[2024-07-26T07:32:46.296+0000] {logging_mixin.py:188} INFO - [2024-07-26T07:32:46.296+0000] {dag.py:3089} INFO - Sync 1 DAGs
[2024-07-26T07:32:46.304+0000] {logging_mixin.py:188} INFO - [2024-07-26T07:32:46.303+0000] {dag.py:3947} INFO - Setting next_dagrun for catchup_backfill_dag to 2024-07-25 00:00:00+00:00, run_after=2024-07-26 00:00:00+00:00
[2024-07-26T07:32:46.309+0000] {processor.py:183} INFO - Processing /opt/airflow/dags/5_catchup_backfill_dag.py took 0.036 seconds
[2024-07-26T07:33:16.522+0000] {processor.py:161} INFO - Started process (PID=3450) to work on /opt/airflow/dags/5_catchup_backfill_dag.py
[2024-07-26T07:33:16.524+0000] {processor.py:830} INFO - Processing file /opt/airflow/dags/5_catchup_backfill_dag.py for tasks to queue
[2024-07-26T07:33:16.525+0000] {logging_mixin.py:188} INFO - [2024-07-26T07:33:16.524+0000] {dagbag.py:545} INFO - Filling up the DagBag from /opt/airflow/dags/5_catchup_backfill_dag.py
[2024-07-26T07:33:16.533+0000] {processor.py:840} INFO - DAG(s) 'catchup_backfill_dag' retrieved from /opt/airflow/dags/5_catchup_backfill_dag.py
[2024-07-26T07:33:16.550+0000] {logging_mixin.py:188} INFO - [2024-07-26T07:33:16.550+0000] {dag.py:3089} INFO - Sync 1 DAGs
[2024-07-26T07:33:16.561+0000] {logging_mixin.py:188} INFO - [2024-07-26T07:33:16.561+0000] {dag.py:3947} INFO - Setting next_dagrun for catchup_backfill_dag to 2024-07-25 00:00:00+00:00, run_after=2024-07-26 00:00:00+00:00
[2024-07-26T07:33:16.567+0000] {processor.py:183} INFO - Processing /opt/airflow/dags/5_catchup_backfill_dag.py took 0.053 seconds
[2024-07-26T07:33:46.686+0000] {processor.py:161} INFO - Started process (PID=3465) to work on /opt/airflow/dags/5_catchup_backfill_dag.py
[2024-07-26T07:33:46.687+0000] {processor.py:830} INFO - Processing file /opt/airflow/dags/5_catchup_backfill_dag.py for tasks to queue
[2024-07-26T07:33:46.687+0000] {logging_mixin.py:188} INFO - [2024-07-26T07:33:46.687+0000] {dagbag.py:545} INFO - Filling up the DagBag from /opt/airflow/dags/5_catchup_backfill_dag.py
[2024-07-26T07:33:46.693+0000] {processor.py:840} INFO - DAG(s) 'catchup_backfill_dag' retrieved from /opt/airflow/dags/5_catchup_backfill_dag.py
[2024-07-26T07:33:46.719+0000] {logging_mixin.py:188} INFO - [2024-07-26T07:33:46.719+0000] {dag.py:3089} INFO - Sync 1 DAGs
[2024-07-26T07:33:46.729+0000] {logging_mixin.py:188} INFO - [2024-07-26T07:33:46.729+0000] {dag.py:3947} INFO - Setting next_dagrun for catchup_backfill_dag to 2024-07-25 00:00:00+00:00, run_after=2024-07-26 00:00:00+00:00
[2024-07-26T07:33:46.737+0000] {processor.py:183} INFO - Processing /opt/airflow/dags/5_catchup_backfill_dag.py took 0.053 seconds
[2024-07-26T07:34:17.485+0000] {processor.py:161} INFO - Started process (PID=3480) to work on /opt/airflow/dags/5_catchup_backfill_dag.py
[2024-07-26T07:34:17.486+0000] {processor.py:830} INFO - Processing file /opt/airflow/dags/5_catchup_backfill_dag.py for tasks to queue
[2024-07-26T07:34:17.486+0000] {logging_mixin.py:188} INFO - [2024-07-26T07:34:17.486+0000] {dagbag.py:545} INFO - Filling up the DagBag from /opt/airflow/dags/5_catchup_backfill_dag.py
[2024-07-26T07:34:17.492+0000] {processor.py:840} INFO - DAG(s) 'catchup_backfill_dag' retrieved from /opt/airflow/dags/5_catchup_backfill_dag.py
[2024-07-26T07:34:17.510+0000] {logging_mixin.py:188} INFO - [2024-07-26T07:34:17.510+0000] {dag.py:3089} INFO - Sync 1 DAGs
[2024-07-26T07:34:17.520+0000] {logging_mixin.py:188} INFO - [2024-07-26T07:34:17.520+0000] {dag.py:3947} INFO - Setting next_dagrun for catchup_backfill_dag to 2024-07-25 00:00:00+00:00, run_after=2024-07-26 00:00:00+00:00
[2024-07-26T07:34:17.532+0000] {processor.py:183} INFO - Processing /opt/airflow/dags/5_catchup_backfill_dag.py took 0.049 seconds
[2024-07-26T07:34:48.391+0000] {processor.py:161} INFO - Started process (PID=3497) to work on /opt/airflow/dags/5_catchup_backfill_dag.py
[2024-07-26T07:34:48.391+0000] {processor.py:830} INFO - Processing file /opt/airflow/dags/5_catchup_backfill_dag.py for tasks to queue
[2024-07-26T07:34:48.391+0000] {logging_mixin.py:188} INFO - [2024-07-26T07:34:48.391+0000] {dagbag.py:545} INFO - Filling up the DagBag from /opt/airflow/dags/5_catchup_backfill_dag.py
[2024-07-26T07:34:48.396+0000] {processor.py:840} INFO - DAG(s) 'catchup_backfill_dag' retrieved from /opt/airflow/dags/5_catchup_backfill_dag.py
[2024-07-26T07:34:48.416+0000] {logging_mixin.py:188} INFO - [2024-07-26T07:34:48.416+0000] {dag.py:3089} INFO - Sync 1 DAGs
[2024-07-26T07:34:48.501+0000] {logging_mixin.py:188} INFO - [2024-07-26T07:34:48.501+0000] {dag.py:3947} INFO - Setting next_dagrun for catchup_backfill_dag to 2024-07-25 00:00:00+00:00, run_after=2024-07-26 00:00:00+00:00
[2024-07-26T07:34:48.507+0000] {processor.py:183} INFO - Processing /opt/airflow/dags/5_catchup_backfill_dag.py took 0.119 seconds
[2024-07-26T07:35:18.761+0000] {processor.py:161} INFO - Started process (PID=3512) to work on /opt/airflow/dags/5_catchup_backfill_dag.py
[2024-07-26T07:35:18.762+0000] {processor.py:830} INFO - Processing file /opt/airflow/dags/5_catchup_backfill_dag.py for tasks to queue
[2024-07-26T07:35:18.762+0000] {logging_mixin.py:188} INFO - [2024-07-26T07:35:18.762+0000] {dagbag.py:545} INFO - Filling up the DagBag from /opt/airflow/dags/5_catchup_backfill_dag.py
[2024-07-26T07:35:18.769+0000] {processor.py:840} INFO - DAG(s) 'catchup_backfill_dag' retrieved from /opt/airflow/dags/5_catchup_backfill_dag.py
[2024-07-26T07:35:18.786+0000] {logging_mixin.py:188} INFO - [2024-07-26T07:35:18.786+0000] {dag.py:3089} INFO - Sync 1 DAGs
[2024-07-26T07:35:18.795+0000] {logging_mixin.py:188} INFO - [2024-07-26T07:35:18.795+0000] {dag.py:3947} INFO - Setting next_dagrun for catchup_backfill_dag to 2024-07-25 00:00:00+00:00, run_after=2024-07-26 00:00:00+00:00
[2024-07-26T07:35:18.800+0000] {processor.py:183} INFO - Processing /opt/airflow/dags/5_catchup_backfill_dag.py took 0.041 seconds
[2024-07-26T07:35:48.984+0000] {processor.py:161} INFO - Started process (PID=3528) to work on /opt/airflow/dags/5_catchup_backfill_dag.py
[2024-07-26T07:35:48.986+0000] {processor.py:830} INFO - Processing file /opt/airflow/dags/5_catchup_backfill_dag.py for tasks to queue
[2024-07-26T07:35:48.986+0000] {logging_mixin.py:188} INFO - [2024-07-26T07:35:48.986+0000] {dagbag.py:545} INFO - Filling up the DagBag from /opt/airflow/dags/5_catchup_backfill_dag.py
[2024-07-26T07:35:48.992+0000] {processor.py:840} INFO - DAG(s) 'catchup_backfill_dag' retrieved from /opt/airflow/dags/5_catchup_backfill_dag.py
[2024-07-26T07:35:49.002+0000] {logging_mixin.py:188} INFO - [2024-07-26T07:35:49.002+0000] {dag.py:3089} INFO - Sync 1 DAGs
[2024-07-26T07:35:49.009+0000] {logging_mixin.py:188} INFO - [2024-07-26T07:35:49.009+0000] {dag.py:3947} INFO - Setting next_dagrun for catchup_backfill_dag to 2024-07-25 00:00:00+00:00, run_after=2024-07-26 00:00:00+00:00
[2024-07-26T07:35:49.015+0000] {processor.py:183} INFO - Processing /opt/airflow/dags/5_catchup_backfill_dag.py took 0.033 seconds
[2024-07-26T07:36:19.129+0000] {processor.py:161} INFO - Started process (PID=3543) to work on /opt/airflow/dags/5_catchup_backfill_dag.py
[2024-07-26T07:36:19.130+0000] {processor.py:830} INFO - Processing file /opt/airflow/dags/5_catchup_backfill_dag.py for tasks to queue
[2024-07-26T07:36:19.131+0000] {logging_mixin.py:188} INFO - [2024-07-26T07:36:19.131+0000] {dagbag.py:545} INFO - Filling up the DagBag from /opt/airflow/dags/5_catchup_backfill_dag.py
[2024-07-26T07:36:19.140+0000] {processor.py:840} INFO - DAG(s) 'catchup_backfill_dag' retrieved from /opt/airflow/dags/5_catchup_backfill_dag.py
[2024-07-26T07:36:19.156+0000] {logging_mixin.py:188} INFO - [2024-07-26T07:36:19.156+0000] {dag.py:3089} INFO - Sync 1 DAGs
[2024-07-26T07:36:19.167+0000] {logging_mixin.py:188} INFO - [2024-07-26T07:36:19.167+0000] {dag.py:3947} INFO - Setting next_dagrun for catchup_backfill_dag to 2024-07-25 00:00:00+00:00, run_after=2024-07-26 00:00:00+00:00
[2024-07-26T07:36:19.176+0000] {processor.py:183} INFO - Processing /opt/airflow/dags/5_catchup_backfill_dag.py took 0.051 seconds
[2024-07-26T07:36:50.195+0000] {processor.py:161} INFO - Started process (PID=3559) to work on /opt/airflow/dags/5_catchup_backfill_dag.py
[2024-07-26T07:36:50.196+0000] {processor.py:830} INFO - Processing file /opt/airflow/dags/5_catchup_backfill_dag.py for tasks to queue
[2024-07-26T07:36:50.196+0000] {logging_mixin.py:188} INFO - [2024-07-26T07:36:50.196+0000] {dagbag.py:545} INFO - Filling up the DagBag from /opt/airflow/dags/5_catchup_backfill_dag.py
[2024-07-26T07:36:50.201+0000] {processor.py:840} INFO - DAG(s) 'catchup_backfill_dag' retrieved from /opt/airflow/dags/5_catchup_backfill_dag.py
[2024-07-26T07:36:50.210+0000] {logging_mixin.py:188} INFO - [2024-07-26T07:36:50.210+0000] {dag.py:3089} INFO - Sync 1 DAGs
[2024-07-26T07:36:50.218+0000] {logging_mixin.py:188} INFO - [2024-07-26T07:36:50.218+0000] {dag.py:3947} INFO - Setting next_dagrun for catchup_backfill_dag to 2024-07-25 00:00:00+00:00, run_after=2024-07-26 00:00:00+00:00
[2024-07-26T07:36:50.223+0000] {processor.py:183} INFO - Processing /opt/airflow/dags/5_catchup_backfill_dag.py took 0.030 seconds
[2024-07-26T07:37:21.119+0000] {processor.py:161} INFO - Started process (PID=3574) to work on /opt/airflow/dags/5_catchup_backfill_dag.py
[2024-07-26T07:37:21.120+0000] {processor.py:830} INFO - Processing file /opt/airflow/dags/5_catchup_backfill_dag.py for tasks to queue
[2024-07-26T07:37:21.120+0000] {logging_mixin.py:188} INFO - [2024-07-26T07:37:21.120+0000] {dagbag.py:545} INFO - Filling up the DagBag from /opt/airflow/dags/5_catchup_backfill_dag.py
[2024-07-26T07:37:21.126+0000] {processor.py:840} INFO - DAG(s) 'catchup_backfill_dag' retrieved from /opt/airflow/dags/5_catchup_backfill_dag.py
[2024-07-26T07:37:21.137+0000] {logging_mixin.py:188} INFO - [2024-07-26T07:37:21.137+0000] {dag.py:3089} INFO - Sync 1 DAGs
[2024-07-26T07:37:21.147+0000] {logging_mixin.py:188} INFO - [2024-07-26T07:37:21.146+0000] {dag.py:3947} INFO - Setting next_dagrun for catchup_backfill_dag to 2024-07-25 00:00:00+00:00, run_after=2024-07-26 00:00:00+00:00
[2024-07-26T07:37:21.217+0000] {processor.py:183} INFO - Processing /opt/airflow/dags/5_catchup_backfill_dag.py took 0.101 seconds
[2024-07-26T07:37:51.336+0000] {processor.py:161} INFO - Started process (PID=3589) to work on /opt/airflow/dags/5_catchup_backfill_dag.py
[2024-07-26T07:37:51.339+0000] {processor.py:830} INFO - Processing file /opt/airflow/dags/5_catchup_backfill_dag.py for tasks to queue
[2024-07-26T07:37:51.340+0000] {logging_mixin.py:188} INFO - [2024-07-26T07:37:51.340+0000] {dagbag.py:545} INFO - Filling up the DagBag from /opt/airflow/dags/5_catchup_backfill_dag.py
[2024-07-26T07:37:51.362+0000] {processor.py:840} INFO - DAG(s) 'catchup_backfill_dag' retrieved from /opt/airflow/dags/5_catchup_backfill_dag.py
[2024-07-26T07:37:51.396+0000] {logging_mixin.py:188} INFO - [2024-07-26T07:37:51.396+0000] {dag.py:3089} INFO - Sync 1 DAGs
[2024-07-26T07:37:51.411+0000] {logging_mixin.py:188} INFO - [2024-07-26T07:37:51.410+0000] {dag.py:3947} INFO - Setting next_dagrun for catchup_backfill_dag to 2024-07-25 00:00:00+00:00, run_after=2024-07-26 00:00:00+00:00
[2024-07-26T07:37:51.424+0000] {processor.py:183} INFO - Processing /opt/airflow/dags/5_catchup_backfill_dag.py took 0.113 seconds
[2024-07-26T07:38:22.199+0000] {processor.py:161} INFO - Started process (PID=3604) to work on /opt/airflow/dags/5_catchup_backfill_dag.py
[2024-07-26T07:38:22.202+0000] {processor.py:830} INFO - Processing file /opt/airflow/dags/5_catchup_backfill_dag.py for tasks to queue
[2024-07-26T07:38:22.203+0000] {logging_mixin.py:188} INFO - [2024-07-26T07:38:22.202+0000] {dagbag.py:545} INFO - Filling up the DagBag from /opt/airflow/dags/5_catchup_backfill_dag.py
[2024-07-26T07:38:22.230+0000] {processor.py:840} INFO - DAG(s) 'catchup_backfill_dag' retrieved from /opt/airflow/dags/5_catchup_backfill_dag.py
[2024-07-26T07:38:22.289+0000] {logging_mixin.py:188} INFO - [2024-07-26T07:38:22.289+0000] {dag.py:3089} INFO - Sync 1 DAGs
[2024-07-26T07:38:22.306+0000] {logging_mixin.py:188} INFO - [2024-07-26T07:38:22.306+0000] {dag.py:3947} INFO - Setting next_dagrun for catchup_backfill_dag to 2024-07-25 00:00:00+00:00, run_after=2024-07-26 00:00:00+00:00
[2024-07-26T07:38:22.318+0000] {processor.py:183} INFO - Processing /opt/airflow/dags/5_catchup_backfill_dag.py took 0.130 seconds
[2024-07-26T07:38:53.097+0000] {processor.py:161} INFO - Started process (PID=3620) to work on /opt/airflow/dags/5_catchup_backfill_dag.py
[2024-07-26T07:38:53.101+0000] {processor.py:830} INFO - Processing file /opt/airflow/dags/5_catchup_backfill_dag.py for tasks to queue
[2024-07-26T07:38:53.103+0000] {logging_mixin.py:188} INFO - [2024-07-26T07:38:53.102+0000] {dagbag.py:545} INFO - Filling up the DagBag from /opt/airflow/dags/5_catchup_backfill_dag.py
[2024-07-26T07:38:53.117+0000] {processor.py:840} INFO - DAG(s) 'catchup_backfill_dag' retrieved from /opt/airflow/dags/5_catchup_backfill_dag.py
[2024-07-26T07:38:53.160+0000] {logging_mixin.py:188} INFO - [2024-07-26T07:38:53.160+0000] {dag.py:3089} INFO - Sync 1 DAGs
[2024-07-26T07:38:53.177+0000] {logging_mixin.py:188} INFO - [2024-07-26T07:38:53.177+0000] {dag.py:3947} INFO - Setting next_dagrun for catchup_backfill_dag to 2024-07-25 00:00:00+00:00, run_after=2024-07-26 00:00:00+00:00
[2024-07-26T07:38:53.189+0000] {processor.py:183} INFO - Processing /opt/airflow/dags/5_catchup_backfill_dag.py took 0.102 seconds
[2024-07-26T07:39:23.898+0000] {processor.py:161} INFO - Started process (PID=3635) to work on /opt/airflow/dags/5_catchup_backfill_dag.py
[2024-07-26T07:39:23.901+0000] {processor.py:830} INFO - Processing file /opt/airflow/dags/5_catchup_backfill_dag.py for tasks to queue
[2024-07-26T07:39:23.902+0000] {logging_mixin.py:188} INFO - [2024-07-26T07:39:23.901+0000] {dagbag.py:545} INFO - Filling up the DagBag from /opt/airflow/dags/5_catchup_backfill_dag.py
[2024-07-26T07:39:23.939+0000] {processor.py:840} INFO - DAG(s) 'catchup_backfill_dag' retrieved from /opt/airflow/dags/5_catchup_backfill_dag.py
[2024-07-26T07:39:23.970+0000] {logging_mixin.py:188} INFO - [2024-07-26T07:39:23.970+0000] {dag.py:3089} INFO - Sync 1 DAGs
[2024-07-26T07:39:23.985+0000] {logging_mixin.py:188} INFO - [2024-07-26T07:39:23.985+0000] {dag.py:3947} INFO - Setting next_dagrun for catchup_backfill_dag to 2024-07-25 00:00:00+00:00, run_after=2024-07-26 00:00:00+00:00
[2024-07-26T07:39:23.999+0000] {processor.py:183} INFO - Processing /opt/airflow/dags/5_catchup_backfill_dag.py took 0.112 seconds
[2024-07-26T07:39:55.015+0000] {processor.py:161} INFO - Started process (PID=3650) to work on /opt/airflow/dags/5_catchup_backfill_dag.py
[2024-07-26T07:39:55.019+0000] {processor.py:830} INFO - Processing file /opt/airflow/dags/5_catchup_backfill_dag.py for tasks to queue
[2024-07-26T07:39:55.021+0000] {logging_mixin.py:188} INFO - [2024-07-26T07:39:55.021+0000] {dagbag.py:545} INFO - Filling up the DagBag from /opt/airflow/dags/5_catchup_backfill_dag.py
[2024-07-26T07:39:55.054+0000] {processor.py:840} INFO - DAG(s) 'catchup_backfill_dag' retrieved from /opt/airflow/dags/5_catchup_backfill_dag.py
[2024-07-26T07:39:55.102+0000] {logging_mixin.py:188} INFO - [2024-07-26T07:39:55.102+0000] {dag.py:3089} INFO - Sync 1 DAGs
[2024-07-26T07:39:55.135+0000] {logging_mixin.py:188} INFO - [2024-07-26T07:39:55.135+0000] {dag.py:3947} INFO - Setting next_dagrun for catchup_backfill_dag to 2024-07-25 00:00:00+00:00, run_after=2024-07-26 00:00:00+00:00
[2024-07-26T07:39:55.406+0000] {processor.py:183} INFO - Processing /opt/airflow/dags/5_catchup_backfill_dag.py took 0.407 seconds
[2024-07-26T07:40:25.663+0000] {processor.py:161} INFO - Started process (PID=3666) to work on /opt/airflow/dags/5_catchup_backfill_dag.py
[2024-07-26T07:40:25.669+0000] {processor.py:830} INFO - Processing file /opt/airflow/dags/5_catchup_backfill_dag.py for tasks to queue
[2024-07-26T07:40:25.672+0000] {logging_mixin.py:188} INFO - [2024-07-26T07:40:25.671+0000] {dagbag.py:545} INFO - Filling up the DagBag from /opt/airflow/dags/5_catchup_backfill_dag.py
[2024-07-26T07:40:25.693+0000] {processor.py:840} INFO - DAG(s) 'catchup_backfill_dag' retrieved from /opt/airflow/dags/5_catchup_backfill_dag.py
[2024-07-26T07:40:25.733+0000] {logging_mixin.py:188} INFO - [2024-07-26T07:40:25.731+0000] {dag.py:3089} INFO - Sync 1 DAGs
[2024-07-26T07:40:25.985+0000] {logging_mixin.py:188} INFO - [2024-07-26T07:40:25.985+0000] {dag.py:3947} INFO - Setting next_dagrun for catchup_backfill_dag to 2024-07-25 00:00:00+00:00, run_after=2024-07-26 00:00:00+00:00
[2024-07-26T07:40:25.999+0000] {processor.py:183} INFO - Processing /opt/airflow/dags/5_catchup_backfill_dag.py took 0.365 seconds
