[2024-07-26T07:08:48.707+0000] {processor.py:161} INFO - Started process (PID=2715) to work on /opt/airflow/dags/6_cron_dag.py
[2024-07-26T07:08:48.707+0000] {processor.py:830} INFO - Processing file /opt/airflow/dags/6_cron_dag.py for tasks to queue
[2024-07-26T07:08:48.707+0000] {logging_mixin.py:188} INFO - [2024-07-26T07:08:48.707+0000] {dagbag.py:545} INFO - Filling up the DagBag from /opt/airflow/dags/6_cron_dag.py
[2024-07-26T07:08:48.713+0000] {processor.py:840} INFO - DAG(s) 'cron_format_dag' retrieved from /opt/airflow/dags/6_cron_dag.py
[2024-07-26T07:08:48.833+0000] {logging_mixin.py:188} INFO - [2024-07-26T07:08:48.833+0000] {dag.py:3089} INFO - Sync 1 DAGs
[2024-07-26T07:08:48.841+0000] {logging_mixin.py:188} INFO - [2024-07-26T07:08:48.841+0000] {dag.py:3947} INFO - Setting next_dagrun for cron_format_dag to 2024-07-02 03:00:00+00:00, run_after=2024-07-03 03:00:00+00:00
[2024-07-26T07:08:48.850+0000] {processor.py:183} INFO - Processing /opt/airflow/dags/6_cron_dag.py took 0.145 seconds
[2024-07-26T07:09:19.465+0000] {processor.py:161} INFO - Started process (PID=2729) to work on /opt/airflow/dags/6_cron_dag.py
[2024-07-26T07:09:19.466+0000] {processor.py:830} INFO - Processing file /opt/airflow/dags/6_cron_dag.py for tasks to queue
[2024-07-26T07:09:19.467+0000] {logging_mixin.py:188} INFO - [2024-07-26T07:09:19.467+0000] {dagbag.py:545} INFO - Filling up the DagBag from /opt/airflow/dags/6_cron_dag.py
[2024-07-26T07:09:19.473+0000] {processor.py:840} INFO - DAG(s) 'cron_format_dag' retrieved from /opt/airflow/dags/6_cron_dag.py
[2024-07-26T07:09:19.488+0000] {logging_mixin.py:188} INFO - [2024-07-26T07:09:19.488+0000] {dag.py:3089} INFO - Sync 1 DAGs
[2024-07-26T07:09:19.498+0000] {logging_mixin.py:188} INFO - [2024-07-26T07:09:19.498+0000] {dag.py:3947} INFO - Setting next_dagrun for cron_format_dag to 2024-07-02 03:00:00+00:00, run_after=2024-07-03 03:00:00+00:00
[2024-07-26T07:09:19.509+0000] {processor.py:183} INFO - Processing /opt/airflow/dags/6_cron_dag.py took 0.047 seconds
[2024-07-26T07:09:50.233+0000] {processor.py:161} INFO - Started process (PID=2743) to work on /opt/airflow/dags/6_cron_dag.py
[2024-07-26T07:09:50.234+0000] {processor.py:830} INFO - Processing file /opt/airflow/dags/6_cron_dag.py for tasks to queue
[2024-07-26T07:09:50.234+0000] {logging_mixin.py:188} INFO - [2024-07-26T07:09:50.234+0000] {dagbag.py:545} INFO - Filling up the DagBag from /opt/airflow/dags/6_cron_dag.py
[2024-07-26T07:09:50.241+0000] {processor.py:840} INFO - DAG(s) 'cron_format_dag' retrieved from /opt/airflow/dags/6_cron_dag.py
[2024-07-26T07:09:50.253+0000] {logging_mixin.py:188} INFO - [2024-07-26T07:09:50.253+0000] {dag.py:3089} INFO - Sync 1 DAGs
[2024-07-26T07:09:50.263+0000] {logging_mixin.py:188} INFO - [2024-07-26T07:09:50.263+0000] {dag.py:3947} INFO - Setting next_dagrun for cron_format_dag to 2024-07-02 03:00:00+00:00, run_after=2024-07-03 03:00:00+00:00
[2024-07-26T07:09:50.272+0000] {processor.py:183} INFO - Processing /opt/airflow/dags/6_cron_dag.py took 0.043 seconds
[2024-07-26T07:10:20.802+0000] {processor.py:161} INFO - Started process (PID=2757) to work on /opt/airflow/dags/6_cron_dag.py
[2024-07-26T07:10:20.804+0000] {processor.py:830} INFO - Processing file /opt/airflow/dags/6_cron_dag.py for tasks to queue
[2024-07-26T07:10:20.804+0000] {logging_mixin.py:188} INFO - [2024-07-26T07:10:20.804+0000] {dagbag.py:545} INFO - Filling up the DagBag from /opt/airflow/dags/6_cron_dag.py
[2024-07-26T07:10:20.810+0000] {processor.py:840} INFO - DAG(s) 'cron_format_dag' retrieved from /opt/airflow/dags/6_cron_dag.py
[2024-07-26T07:10:20.822+0000] {logging_mixin.py:188} INFO - [2024-07-26T07:10:20.822+0000] {dag.py:3089} INFO - Sync 1 DAGs
[2024-07-26T07:10:20.836+0000] {logging_mixin.py:188} INFO - [2024-07-26T07:10:20.835+0000] {dag.py:3947} INFO - Setting next_dagrun for cron_format_dag to 2024-07-02 03:00:00+00:00, run_after=2024-07-03 03:00:00+00:00
[2024-07-26T07:10:20.849+0000] {processor.py:183} INFO - Processing /opt/airflow/dags/6_cron_dag.py took 0.050 seconds
[2024-07-26T07:10:51.534+0000] {processor.py:161} INFO - Started process (PID=2772) to work on /opt/airflow/dags/6_cron_dag.py
[2024-07-26T07:10:51.537+0000] {processor.py:830} INFO - Processing file /opt/airflow/dags/6_cron_dag.py for tasks to queue
[2024-07-26T07:10:51.539+0000] {logging_mixin.py:188} INFO - [2024-07-26T07:10:51.539+0000] {dagbag.py:545} INFO - Filling up the DagBag from /opt/airflow/dags/6_cron_dag.py
[2024-07-26T07:10:51.546+0000] {processor.py:840} INFO - DAG(s) 'cron_format_dag' retrieved from /opt/airflow/dags/6_cron_dag.py
[2024-07-26T07:10:51.561+0000] {logging_mixin.py:188} INFO - [2024-07-26T07:10:51.561+0000] {dag.py:3089} INFO - Sync 1 DAGs
[2024-07-26T07:10:51.573+0000] {logging_mixin.py:188} INFO - [2024-07-26T07:10:51.573+0000] {dag.py:3947} INFO - Setting next_dagrun for cron_format_dag to 2024-07-02 03:00:00+00:00, run_after=2024-07-03 03:00:00+00:00
[2024-07-26T07:10:51.582+0000] {processor.py:183} INFO - Processing /opt/airflow/dags/6_cron_dag.py took 0.051 seconds
[2024-07-26T07:11:22.266+0000] {processor.py:161} INFO - Started process (PID=2786) to work on /opt/airflow/dags/6_cron_dag.py
[2024-07-26T07:11:22.266+0000] {processor.py:830} INFO - Processing file /opt/airflow/dags/6_cron_dag.py for tasks to queue
[2024-07-26T07:11:22.267+0000] {logging_mixin.py:188} INFO - [2024-07-26T07:11:22.267+0000] {dagbag.py:545} INFO - Filling up the DagBag from /opt/airflow/dags/6_cron_dag.py
[2024-07-26T07:11:22.272+0000] {processor.py:840} INFO - DAG(s) 'cron_format_dag' retrieved from /opt/airflow/dags/6_cron_dag.py
[2024-07-26T07:11:22.284+0000] {logging_mixin.py:188} INFO - [2024-07-26T07:11:22.284+0000] {dag.py:3089} INFO - Sync 1 DAGs
[2024-07-26T07:11:22.300+0000] {logging_mixin.py:188} INFO - [2024-07-26T07:11:22.300+0000] {dag.py:3947} INFO - Setting next_dagrun for cron_format_dag to 2024-07-02 03:00:00+00:00, run_after=2024-07-03 03:00:00+00:00
[2024-07-26T07:11:22.308+0000] {processor.py:183} INFO - Processing /opt/airflow/dags/6_cron_dag.py took 0.045 seconds
[2024-07-26T07:11:53.117+0000] {processor.py:161} INFO - Started process (PID=2800) to work on /opt/airflow/dags/6_cron_dag.py
[2024-07-26T07:11:53.118+0000] {processor.py:830} INFO - Processing file /opt/airflow/dags/6_cron_dag.py for tasks to queue
[2024-07-26T07:11:53.118+0000] {logging_mixin.py:188} INFO - [2024-07-26T07:11:53.118+0000] {dagbag.py:545} INFO - Filling up the DagBag from /opt/airflow/dags/6_cron_dag.py
[2024-07-26T07:11:53.124+0000] {processor.py:840} INFO - DAG(s) 'cron_format_dag' retrieved from /opt/airflow/dags/6_cron_dag.py
[2024-07-26T07:11:53.136+0000] {logging_mixin.py:188} INFO - [2024-07-26T07:11:53.136+0000] {dag.py:3089} INFO - Sync 1 DAGs
[2024-07-26T07:11:53.146+0000] {logging_mixin.py:188} INFO - [2024-07-26T07:11:53.146+0000] {dag.py:3947} INFO - Setting next_dagrun for cron_format_dag to 2024-07-02 03:00:00+00:00, run_after=2024-07-03 03:00:00+00:00
[2024-07-26T07:11:53.157+0000] {processor.py:183} INFO - Processing /opt/airflow/dags/6_cron_dag.py took 0.042 seconds
[2024-07-26T07:12:23.868+0000] {processor.py:161} INFO - Started process (PID=2814) to work on /opt/airflow/dags/6_cron_dag.py
[2024-07-26T07:12:23.869+0000] {processor.py:830} INFO - Processing file /opt/airflow/dags/6_cron_dag.py for tasks to queue
[2024-07-26T07:12:23.869+0000] {logging_mixin.py:188} INFO - [2024-07-26T07:12:23.869+0000] {dagbag.py:545} INFO - Filling up the DagBag from /opt/airflow/dags/6_cron_dag.py
[2024-07-26T07:12:23.876+0000] {processor.py:840} INFO - DAG(s) 'cron_format_dag' retrieved from /opt/airflow/dags/6_cron_dag.py
[2024-07-26T07:12:23.889+0000] {logging_mixin.py:188} INFO - [2024-07-26T07:12:23.889+0000] {dag.py:3089} INFO - Sync 1 DAGs
[2024-07-26T07:12:23.903+0000] {logging_mixin.py:188} INFO - [2024-07-26T07:12:23.903+0000] {dag.py:3947} INFO - Setting next_dagrun for cron_format_dag to 2024-07-02 03:00:00+00:00, run_after=2024-07-03 03:00:00+00:00
[2024-07-26T07:12:23.915+0000] {processor.py:183} INFO - Processing /opt/airflow/dags/6_cron_dag.py took 0.049 seconds
[2024-07-26T07:12:54.772+0000] {processor.py:161} INFO - Started process (PID=2829) to work on /opt/airflow/dags/6_cron_dag.py
[2024-07-26T07:12:54.773+0000] {processor.py:830} INFO - Processing file /opt/airflow/dags/6_cron_dag.py for tasks to queue
[2024-07-26T07:12:54.773+0000] {logging_mixin.py:188} INFO - [2024-07-26T07:12:54.773+0000] {dagbag.py:545} INFO - Filling up the DagBag from /opt/airflow/dags/6_cron_dag.py
[2024-07-26T07:12:54.780+0000] {processor.py:840} INFO - DAG(s) 'cron_format_dag' retrieved from /opt/airflow/dags/6_cron_dag.py
[2024-07-26T07:12:54.793+0000] {logging_mixin.py:188} INFO - [2024-07-26T07:12:54.793+0000] {dag.py:3089} INFO - Sync 1 DAGs
[2024-07-26T07:12:54.806+0000] {logging_mixin.py:188} INFO - [2024-07-26T07:12:54.806+0000] {dag.py:3947} INFO - Setting next_dagrun for cron_format_dag to 2024-07-02 03:00:00+00:00, run_after=2024-07-03 03:00:00+00:00
[2024-07-26T07:12:54.813+0000] {processor.py:183} INFO - Processing /opt/airflow/dags/6_cron_dag.py took 0.044 seconds
[2024-07-26T07:13:25.818+0000] {processor.py:161} INFO - Started process (PID=2849) to work on /opt/airflow/dags/6_cron_dag.py
[2024-07-26T07:13:25.818+0000] {processor.py:830} INFO - Processing file /opt/airflow/dags/6_cron_dag.py for tasks to queue
[2024-07-26T07:13:25.819+0000] {logging_mixin.py:188} INFO - [2024-07-26T07:13:25.819+0000] {dagbag.py:545} INFO - Filling up the DagBag from /opt/airflow/dags/6_cron_dag.py
[2024-07-26T07:13:25.825+0000] {processor.py:840} INFO - DAG(s) 'cron_format_dag' retrieved from /opt/airflow/dags/6_cron_dag.py
[2024-07-26T07:13:25.836+0000] {logging_mixin.py:188} INFO - [2024-07-26T07:13:25.836+0000] {dag.py:3089} INFO - Sync 1 DAGs
[2024-07-26T07:13:25.846+0000] {logging_mixin.py:188} INFO - [2024-07-26T07:13:25.846+0000] {dag.py:3947} INFO - Setting next_dagrun for cron_format_dag to 2024-07-02 03:00:00+00:00, run_after=2024-07-03 03:00:00+00:00
[2024-07-26T07:13:25.854+0000] {processor.py:183} INFO - Processing /opt/airflow/dags/6_cron_dag.py took 0.039 seconds
[2024-07-26T07:13:57.034+0000] {processor.py:161} INFO - Started process (PID=2864) to work on /opt/airflow/dags/6_cron_dag.py
[2024-07-26T07:13:57.035+0000] {processor.py:830} INFO - Processing file /opt/airflow/dags/6_cron_dag.py for tasks to queue
[2024-07-26T07:13:57.036+0000] {logging_mixin.py:188} INFO - [2024-07-26T07:13:57.035+0000] {dagbag.py:545} INFO - Filling up the DagBag from /opt/airflow/dags/6_cron_dag.py
[2024-07-26T07:13:57.045+0000] {processor.py:840} INFO - DAG(s) 'cron_format_dag' retrieved from /opt/airflow/dags/6_cron_dag.py
[2024-07-26T07:13:57.061+0000] {logging_mixin.py:188} INFO - [2024-07-26T07:13:57.061+0000] {dag.py:3089} INFO - Sync 1 DAGs
[2024-07-26T07:13:57.074+0000] {logging_mixin.py:188} INFO - [2024-07-26T07:13:57.074+0000] {dag.py:3947} INFO - Setting next_dagrun for cron_format_dag to 2024-07-02 03:00:00+00:00, run_after=2024-07-03 03:00:00+00:00
[2024-07-26T07:13:57.081+0000] {processor.py:183} INFO - Processing /opt/airflow/dags/6_cron_dag.py took 0.052 seconds
[2024-07-26T07:14:27.977+0000] {processor.py:161} INFO - Started process (PID=2879) to work on /opt/airflow/dags/6_cron_dag.py
[2024-07-26T07:14:27.977+0000] {processor.py:830} INFO - Processing file /opt/airflow/dags/6_cron_dag.py for tasks to queue
[2024-07-26T07:14:27.978+0000] {logging_mixin.py:188} INFO - [2024-07-26T07:14:27.978+0000] {dagbag.py:545} INFO - Filling up the DagBag from /opt/airflow/dags/6_cron_dag.py
[2024-07-26T07:14:27.986+0000] {processor.py:840} INFO - DAG(s) 'cron_format_dag' retrieved from /opt/airflow/dags/6_cron_dag.py
[2024-07-26T07:14:28.003+0000] {logging_mixin.py:188} INFO - [2024-07-26T07:14:28.002+0000] {dag.py:3089} INFO - Sync 1 DAGs
[2024-07-26T07:14:28.014+0000] {logging_mixin.py:188} INFO - [2024-07-26T07:14:28.014+0000] {dag.py:3947} INFO - Setting next_dagrun for cron_format_dag to 2024-07-02 03:00:00+00:00, run_after=2024-07-03 03:00:00+00:00
[2024-07-26T07:14:28.025+0000] {processor.py:183} INFO - Processing /opt/airflow/dags/6_cron_dag.py took 0.053 seconds
[2024-07-26T07:14:58.208+0000] {processor.py:161} INFO - Started process (PID=2894) to work on /opt/airflow/dags/6_cron_dag.py
[2024-07-26T07:14:58.208+0000] {processor.py:830} INFO - Processing file /opt/airflow/dags/6_cron_dag.py for tasks to queue
[2024-07-26T07:14:58.209+0000] {logging_mixin.py:188} INFO - [2024-07-26T07:14:58.209+0000] {dagbag.py:545} INFO - Filling up the DagBag from /opt/airflow/dags/6_cron_dag.py
[2024-07-26T07:14:58.221+0000] {processor.py:840} INFO - DAG(s) 'cron_format_dag' retrieved from /opt/airflow/dags/6_cron_dag.py
[2024-07-26T07:14:58.235+0000] {logging_mixin.py:188} INFO - [2024-07-26T07:14:58.235+0000] {dag.py:3089} INFO - Sync 1 DAGs
[2024-07-26T07:14:58.243+0000] {logging_mixin.py:188} INFO - [2024-07-26T07:14:58.243+0000] {dag.py:3947} INFO - Setting next_dagrun for cron_format_dag to 2024-07-02 03:00:00+00:00, run_after=2024-07-03 03:00:00+00:00
[2024-07-26T07:14:58.250+0000] {processor.py:183} INFO - Processing /opt/airflow/dags/6_cron_dag.py took 0.045 seconds
[2024-07-26T07:15:29.192+0000] {processor.py:161} INFO - Started process (PID=2910) to work on /opt/airflow/dags/6_cron_dag.py
[2024-07-26T07:15:29.193+0000] {processor.py:830} INFO - Processing file /opt/airflow/dags/6_cron_dag.py for tasks to queue
[2024-07-26T07:15:29.193+0000] {logging_mixin.py:188} INFO - [2024-07-26T07:15:29.193+0000] {dagbag.py:545} INFO - Filling up the DagBag from /opt/airflow/dags/6_cron_dag.py
[2024-07-26T07:15:29.206+0000] {processor.py:840} INFO - DAG(s) 'cron_format_dag' retrieved from /opt/airflow/dags/6_cron_dag.py
[2024-07-26T07:15:29.218+0000] {logging_mixin.py:188} INFO - [2024-07-26T07:15:29.218+0000] {dag.py:3089} INFO - Sync 1 DAGs
[2024-07-26T07:15:29.228+0000] {logging_mixin.py:188} INFO - [2024-07-26T07:15:29.228+0000] {dag.py:3947} INFO - Setting next_dagrun for cron_format_dag to 2024-07-02 03:00:00+00:00, run_after=2024-07-03 03:00:00+00:00
[2024-07-26T07:15:29.244+0000] {processor.py:183} INFO - Processing /opt/airflow/dags/6_cron_dag.py took 0.054 seconds
[2024-07-26T07:16:00.305+0000] {processor.py:161} INFO - Started process (PID=2926) to work on /opt/airflow/dags/6_cron_dag.py
[2024-07-26T07:16:00.306+0000] {processor.py:830} INFO - Processing file /opt/airflow/dags/6_cron_dag.py for tasks to queue
[2024-07-26T07:16:00.306+0000] {logging_mixin.py:188} INFO - [2024-07-26T07:16:00.306+0000] {dagbag.py:545} INFO - Filling up the DagBag from /opt/airflow/dags/6_cron_dag.py
[2024-07-26T07:16:00.314+0000] {processor.py:840} INFO - DAG(s) 'cron_format_dag' retrieved from /opt/airflow/dags/6_cron_dag.py
[2024-07-26T07:16:00.326+0000] {logging_mixin.py:188} INFO - [2024-07-26T07:16:00.326+0000] {dag.py:3089} INFO - Sync 1 DAGs
[2024-07-26T07:16:00.337+0000] {logging_mixin.py:188} INFO - [2024-07-26T07:16:00.337+0000] {dag.py:3947} INFO - Setting next_dagrun for cron_format_dag to 2024-07-02 03:00:00+00:00, run_after=2024-07-03 03:00:00+00:00
[2024-07-26T07:16:00.347+0000] {processor.py:183} INFO - Processing /opt/airflow/dags/6_cron_dag.py took 0.045 seconds
[2024-07-26T07:16:30.670+0000] {processor.py:161} INFO - Started process (PID=2941) to work on /opt/airflow/dags/6_cron_dag.py
[2024-07-26T07:16:30.671+0000] {processor.py:830} INFO - Processing file /opt/airflow/dags/6_cron_dag.py for tasks to queue
[2024-07-26T07:16:30.672+0000] {logging_mixin.py:188} INFO - [2024-07-26T07:16:30.672+0000] {dagbag.py:545} INFO - Filling up the DagBag from /opt/airflow/dags/6_cron_dag.py
[2024-07-26T07:16:30.677+0000] {processor.py:840} INFO - DAG(s) 'cron_format_dag' retrieved from /opt/airflow/dags/6_cron_dag.py
[2024-07-26T07:16:30.691+0000] {logging_mixin.py:188} INFO - [2024-07-26T07:16:30.690+0000] {dag.py:3089} INFO - Sync 1 DAGs
[2024-07-26T07:16:30.699+0000] {logging_mixin.py:188} INFO - [2024-07-26T07:16:30.699+0000] {dag.py:3947} INFO - Setting next_dagrun for cron_format_dag to 2024-07-02 03:00:00+00:00, run_after=2024-07-03 03:00:00+00:00
[2024-07-26T07:16:30.708+0000] {processor.py:183} INFO - Processing /opt/airflow/dags/6_cron_dag.py took 0.042 seconds
[2024-07-26T07:17:01.067+0000] {processor.py:161} INFO - Started process (PID=2957) to work on /opt/airflow/dags/6_cron_dag.py
[2024-07-26T07:17:01.068+0000] {processor.py:830} INFO - Processing file /opt/airflow/dags/6_cron_dag.py for tasks to queue
[2024-07-26T07:17:01.068+0000] {logging_mixin.py:188} INFO - [2024-07-26T07:17:01.068+0000] {dagbag.py:545} INFO - Filling up the DagBag from /opt/airflow/dags/6_cron_dag.py
[2024-07-26T07:17:01.077+0000] {processor.py:840} INFO - DAG(s) 'cron_format_dag' retrieved from /opt/airflow/dags/6_cron_dag.py
[2024-07-26T07:17:01.085+0000] {logging_mixin.py:188} INFO - [2024-07-26T07:17:01.084+0000] {dag.py:3089} INFO - Sync 1 DAGs
[2024-07-26T07:17:01.094+0000] {logging_mixin.py:188} INFO - [2024-07-26T07:17:01.094+0000] {dag.py:3947} INFO - Setting next_dagrun for cron_format_dag to 2024-07-02 03:00:00+00:00, run_after=2024-07-03 03:00:00+00:00
[2024-07-26T07:17:01.102+0000] {processor.py:183} INFO - Processing /opt/airflow/dags/6_cron_dag.py took 0.038 seconds
[2024-07-26T07:17:31.799+0000] {processor.py:161} INFO - Started process (PID=2972) to work on /opt/airflow/dags/6_cron_dag.py
[2024-07-26T07:17:31.800+0000] {processor.py:830} INFO - Processing file /opt/airflow/dags/6_cron_dag.py for tasks to queue
[2024-07-26T07:17:31.800+0000] {logging_mixin.py:188} INFO - [2024-07-26T07:17:31.800+0000] {dagbag.py:545} INFO - Filling up the DagBag from /opt/airflow/dags/6_cron_dag.py
[2024-07-26T07:17:31.808+0000] {processor.py:840} INFO - DAG(s) 'cron_format_dag' retrieved from /opt/airflow/dags/6_cron_dag.py
[2024-07-26T07:17:31.825+0000] {logging_mixin.py:188} INFO - [2024-07-26T07:17:31.825+0000] {dag.py:3089} INFO - Sync 1 DAGs
[2024-07-26T07:17:31.835+0000] {logging_mixin.py:188} INFO - [2024-07-26T07:17:31.835+0000] {dag.py:3947} INFO - Setting next_dagrun for cron_format_dag to 2024-07-02 03:00:00+00:00, run_after=2024-07-03 03:00:00+00:00
[2024-07-26T07:17:31.843+0000] {processor.py:183} INFO - Processing /opt/airflow/dags/6_cron_dag.py took 0.046 seconds
[2024-07-26T07:18:02.530+0000] {processor.py:161} INFO - Started process (PID=2987) to work on /opt/airflow/dags/6_cron_dag.py
[2024-07-26T07:18:02.531+0000] {processor.py:830} INFO - Processing file /opt/airflow/dags/6_cron_dag.py for tasks to queue
[2024-07-26T07:18:02.532+0000] {logging_mixin.py:188} INFO - [2024-07-26T07:18:02.531+0000] {dagbag.py:545} INFO - Filling up the DagBag from /opt/airflow/dags/6_cron_dag.py
[2024-07-26T07:18:02.537+0000] {processor.py:840} INFO - DAG(s) 'cron_format_dag' retrieved from /opt/airflow/dags/6_cron_dag.py
[2024-07-26T07:18:02.547+0000] {logging_mixin.py:188} INFO - [2024-07-26T07:18:02.547+0000] {dag.py:3089} INFO - Sync 1 DAGs
[2024-07-26T07:18:02.556+0000] {logging_mixin.py:188} INFO - [2024-07-26T07:18:02.556+0000] {dag.py:3947} INFO - Setting next_dagrun for cron_format_dag to 2024-07-02 03:00:00+00:00, run_after=2024-07-03 03:00:00+00:00
[2024-07-26T07:18:02.569+0000] {processor.py:183} INFO - Processing /opt/airflow/dags/6_cron_dag.py took 0.041 seconds
[2024-07-26T07:18:32.715+0000] {processor.py:161} INFO - Started process (PID=3003) to work on /opt/airflow/dags/6_cron_dag.py
[2024-07-26T07:18:32.716+0000] {processor.py:830} INFO - Processing file /opt/airflow/dags/6_cron_dag.py for tasks to queue
[2024-07-26T07:18:32.717+0000] {logging_mixin.py:188} INFO - [2024-07-26T07:18:32.716+0000] {dagbag.py:545} INFO - Filling up the DagBag from /opt/airflow/dags/6_cron_dag.py
[2024-07-26T07:18:32.722+0000] {processor.py:840} INFO - DAG(s) 'cron_format_dag' retrieved from /opt/airflow/dags/6_cron_dag.py
[2024-07-26T07:18:32.735+0000] {logging_mixin.py:188} INFO - [2024-07-26T07:18:32.735+0000] {dag.py:3089} INFO - Sync 1 DAGs
[2024-07-26T07:18:32.747+0000] {logging_mixin.py:188} INFO - [2024-07-26T07:18:32.747+0000] {dag.py:3947} INFO - Setting next_dagrun for cron_format_dag to 2024-07-02 03:00:00+00:00, run_after=2024-07-03 03:00:00+00:00
[2024-07-26T07:18:32.756+0000] {processor.py:183} INFO - Processing /opt/airflow/dags/6_cron_dag.py took 0.043 seconds
[2024-07-26T07:19:03.528+0000] {processor.py:161} INFO - Started process (PID=3018) to work on /opt/airflow/dags/6_cron_dag.py
[2024-07-26T07:19:03.528+0000] {processor.py:830} INFO - Processing file /opt/airflow/dags/6_cron_dag.py for tasks to queue
[2024-07-26T07:19:03.529+0000] {logging_mixin.py:188} INFO - [2024-07-26T07:19:03.529+0000] {dagbag.py:545} INFO - Filling up the DagBag from /opt/airflow/dags/6_cron_dag.py
[2024-07-26T07:19:03.541+0000] {processor.py:840} INFO - DAG(s) 'cron_format_dag' retrieved from /opt/airflow/dags/6_cron_dag.py
[2024-07-26T07:19:03.554+0000] {logging_mixin.py:188} INFO - [2024-07-26T07:19:03.554+0000] {dag.py:3089} INFO - Sync 1 DAGs
[2024-07-26T07:19:03.570+0000] {logging_mixin.py:188} INFO - [2024-07-26T07:19:03.570+0000] {dag.py:3947} INFO - Setting next_dagrun for cron_format_dag to 2024-07-02 03:00:00+00:00, run_after=2024-07-03 03:00:00+00:00
[2024-07-26T07:19:03.580+0000] {processor.py:183} INFO - Processing /opt/airflow/dags/6_cron_dag.py took 0.054 seconds
[2024-07-26T07:19:33.902+0000] {processor.py:161} INFO - Started process (PID=3034) to work on /opt/airflow/dags/6_cron_dag.py
[2024-07-26T07:19:33.903+0000] {processor.py:830} INFO - Processing file /opt/airflow/dags/6_cron_dag.py for tasks to queue
[2024-07-26T07:19:33.906+0000] {logging_mixin.py:188} INFO - [2024-07-26T07:19:33.906+0000] {dagbag.py:545} INFO - Filling up the DagBag from /opt/airflow/dags/6_cron_dag.py
[2024-07-26T07:19:33.915+0000] {processor.py:840} INFO - DAG(s) 'cron_format_dag' retrieved from /opt/airflow/dags/6_cron_dag.py
[2024-07-26T07:19:33.929+0000] {logging_mixin.py:188} INFO - [2024-07-26T07:19:33.929+0000] {dag.py:3089} INFO - Sync 1 DAGs
[2024-07-26T07:19:33.942+0000] {logging_mixin.py:188} INFO - [2024-07-26T07:19:33.942+0000] {dag.py:3947} INFO - Setting next_dagrun for cron_format_dag to 2024-07-02 03:00:00+00:00, run_after=2024-07-03 03:00:00+00:00
[2024-07-26T07:19:33.952+0000] {processor.py:183} INFO - Processing /opt/airflow/dags/6_cron_dag.py took 0.054 seconds
[2024-07-26T07:20:04.892+0000] {processor.py:161} INFO - Started process (PID=3049) to work on /opt/airflow/dags/6_cron_dag.py
[2024-07-26T07:20:04.893+0000] {processor.py:830} INFO - Processing file /opt/airflow/dags/6_cron_dag.py for tasks to queue
[2024-07-26T07:20:04.893+0000] {logging_mixin.py:188} INFO - [2024-07-26T07:20:04.893+0000] {dagbag.py:545} INFO - Filling up the DagBag from /opt/airflow/dags/6_cron_dag.py
[2024-07-26T07:20:04.898+0000] {processor.py:840} INFO - DAG(s) 'cron_format_dag' retrieved from /opt/airflow/dags/6_cron_dag.py
[2024-07-26T07:20:04.908+0000] {logging_mixin.py:188} INFO - [2024-07-26T07:20:04.907+0000] {dag.py:3089} INFO - Sync 1 DAGs
[2024-07-26T07:20:04.915+0000] {logging_mixin.py:188} INFO - [2024-07-26T07:20:04.915+0000] {dag.py:3947} INFO - Setting next_dagrun for cron_format_dag to 2024-07-02 03:00:00+00:00, run_after=2024-07-03 03:00:00+00:00
[2024-07-26T07:20:04.922+0000] {processor.py:183} INFO - Processing /opt/airflow/dags/6_cron_dag.py took 0.033 seconds
[2024-07-26T07:20:35.652+0000] {processor.py:161} INFO - Started process (PID=3064) to work on /opt/airflow/dags/6_cron_dag.py
[2024-07-26T07:20:35.653+0000] {processor.py:830} INFO - Processing file /opt/airflow/dags/6_cron_dag.py for tasks to queue
[2024-07-26T07:20:35.654+0000] {logging_mixin.py:188} INFO - [2024-07-26T07:20:35.654+0000] {dagbag.py:545} INFO - Filling up the DagBag from /opt/airflow/dags/6_cron_dag.py
[2024-07-26T07:20:35.659+0000] {processor.py:840} INFO - DAG(s) 'cron_format_dag' retrieved from /opt/airflow/dags/6_cron_dag.py
[2024-07-26T07:20:35.668+0000] {logging_mixin.py:188} INFO - [2024-07-26T07:20:35.668+0000] {dag.py:3089} INFO - Sync 1 DAGs
[2024-07-26T07:20:35.675+0000] {logging_mixin.py:188} INFO - [2024-07-26T07:20:35.675+0000] {dag.py:3947} INFO - Setting next_dagrun for cron_format_dag to 2024-07-02 03:00:00+00:00, run_after=2024-07-03 03:00:00+00:00
[2024-07-26T07:20:35.680+0000] {processor.py:183} INFO - Processing /opt/airflow/dags/6_cron_dag.py took 0.031 seconds
[2024-07-26T07:21:06.272+0000] {processor.py:161} INFO - Started process (PID=3083) to work on /opt/airflow/dags/6_cron_dag.py
[2024-07-26T07:21:06.272+0000] {processor.py:830} INFO - Processing file /opt/airflow/dags/6_cron_dag.py for tasks to queue
[2024-07-26T07:21:06.273+0000] {logging_mixin.py:188} INFO - [2024-07-26T07:21:06.273+0000] {dagbag.py:545} INFO - Filling up the DagBag from /opt/airflow/dags/6_cron_dag.py
[2024-07-26T07:21:06.277+0000] {processor.py:840} INFO - DAG(s) 'cron_format_dag' retrieved from /opt/airflow/dags/6_cron_dag.py
[2024-07-26T07:21:06.287+0000] {logging_mixin.py:188} INFO - [2024-07-26T07:21:06.287+0000] {dag.py:3089} INFO - Sync 1 DAGs
[2024-07-26T07:21:06.295+0000] {logging_mixin.py:188} INFO - [2024-07-26T07:21:06.294+0000] {dag.py:3947} INFO - Setting next_dagrun for cron_format_dag to 2024-07-02 03:00:00+00:00, run_after=2024-07-03 03:00:00+00:00
[2024-07-26T07:21:06.392+0000] {processor.py:183} INFO - Processing /opt/airflow/dags/6_cron_dag.py took 0.122 seconds
[2024-07-26T07:21:37.220+0000] {processor.py:161} INFO - Started process (PID=3098) to work on /opt/airflow/dags/6_cron_dag.py
[2024-07-26T07:21:37.221+0000] {processor.py:830} INFO - Processing file /opt/airflow/dags/6_cron_dag.py for tasks to queue
[2024-07-26T07:21:37.221+0000] {logging_mixin.py:188} INFO - [2024-07-26T07:21:37.221+0000] {dagbag.py:545} INFO - Filling up the DagBag from /opt/airflow/dags/6_cron_dag.py
[2024-07-26T07:21:37.228+0000] {processor.py:840} INFO - DAG(s) 'cron_format_dag' retrieved from /opt/airflow/dags/6_cron_dag.py
[2024-07-26T07:21:37.240+0000] {logging_mixin.py:188} INFO - [2024-07-26T07:21:37.240+0000] {dag.py:3089} INFO - Sync 1 DAGs
[2024-07-26T07:21:37.257+0000] {logging_mixin.py:188} INFO - [2024-07-26T07:21:37.257+0000] {dag.py:3947} INFO - Setting next_dagrun for cron_format_dag to 2024-07-02 03:00:00+00:00, run_after=2024-07-03 03:00:00+00:00
[2024-07-26T07:21:37.265+0000] {processor.py:183} INFO - Processing /opt/airflow/dags/6_cron_dag.py took 0.048 seconds
[2024-07-26T07:22:07.438+0000] {processor.py:161} INFO - Started process (PID=3115) to work on /opt/airflow/dags/6_cron_dag.py
[2024-07-26T07:22:07.439+0000] {processor.py:830} INFO - Processing file /opt/airflow/dags/6_cron_dag.py for tasks to queue
[2024-07-26T07:22:07.440+0000] {logging_mixin.py:188} INFO - [2024-07-26T07:22:07.440+0000] {dagbag.py:545} INFO - Filling up the DagBag from /opt/airflow/dags/6_cron_dag.py
[2024-07-26T07:22:07.450+0000] {processor.py:840} INFO - DAG(s) 'cron_format_dag' retrieved from /opt/airflow/dags/6_cron_dag.py
[2024-07-26T07:22:07.462+0000] {logging_mixin.py:188} INFO - [2024-07-26T07:22:07.462+0000] {dag.py:3089} INFO - Sync 1 DAGs
[2024-07-26T07:22:07.472+0000] {logging_mixin.py:188} INFO - [2024-07-26T07:22:07.472+0000] {dag.py:3947} INFO - Setting next_dagrun for cron_format_dag to 2024-07-02 03:00:00+00:00, run_after=2024-07-03 03:00:00+00:00
[2024-07-26T07:22:07.478+0000] {processor.py:183} INFO - Processing /opt/airflow/dags/6_cron_dag.py took 0.045 seconds
[2024-07-26T07:22:15.699+0000] {processor.py:161} INFO - Started process (PID=3117) to work on /opt/airflow/dags/6_cron_dag.py
[2024-07-26T07:22:15.701+0000] {processor.py:830} INFO - Processing file /opt/airflow/dags/6_cron_dag.py for tasks to queue
[2024-07-26T07:22:15.702+0000] {logging_mixin.py:188} INFO - [2024-07-26T07:22:15.702+0000] {dagbag.py:545} INFO - Filling up the DagBag from /opt/airflow/dags/6_cron_dag.py
[2024-07-26T07:22:15.732+0000] {processor.py:840} INFO - DAG(s) 'cron_format_dag' retrieved from /opt/airflow/dags/6_cron_dag.py
[2024-07-26T07:22:15.762+0000] {logging_mixin.py:188} INFO - [2024-07-26T07:22:15.762+0000] {dag.py:3089} INFO - Sync 1 DAGs
[2024-07-26T07:22:15.791+0000] {logging_mixin.py:188} INFO - [2024-07-26T07:22:15.791+0000] {dag.py:3947} INFO - Setting next_dagrun for cron_format_dag to 2024-07-02 03:00:00+00:00, run_after=2024-07-03 03:00:00+00:00
[2024-07-26T07:22:15.800+0000] {processor.py:183} INFO - Processing /opt/airflow/dags/6_cron_dag.py took 0.114 seconds
[2024-07-26T07:22:45.852+0000] {processor.py:161} INFO - Started process (PID=3132) to work on /opt/airflow/dags/6_cron_dag.py
[2024-07-26T07:22:45.853+0000] {processor.py:830} INFO - Processing file /opt/airflow/dags/6_cron_dag.py for tasks to queue
[2024-07-26T07:22:45.854+0000] {logging_mixin.py:188} INFO - [2024-07-26T07:22:45.853+0000] {dagbag.py:545} INFO - Filling up the DagBag from /opt/airflow/dags/6_cron_dag.py
[2024-07-26T07:22:45.862+0000] {processor.py:840} INFO - DAG(s) 'cron_format_dag' retrieved from /opt/airflow/dags/6_cron_dag.py
[2024-07-26T07:22:45.879+0000] {logging_mixin.py:188} INFO - [2024-07-26T07:22:45.879+0000] {dag.py:3089} INFO - Sync 1 DAGs
[2024-07-26T07:22:45.898+0000] {logging_mixin.py:188} INFO - [2024-07-26T07:22:45.898+0000] {dag.py:3947} INFO - Setting next_dagrun for cron_format_dag to 2024-07-02 03:00:00+00:00, run_after=2024-07-03 03:00:00+00:00
[2024-07-26T07:22:45.905+0000] {processor.py:183} INFO - Processing /opt/airflow/dags/6_cron_dag.py took 0.060 seconds
[2024-07-26T07:23:16.504+0000] {processor.py:161} INFO - Started process (PID=3147) to work on /opt/airflow/dags/6_cron_dag.py
[2024-07-26T07:23:16.506+0000] {processor.py:830} INFO - Processing file /opt/airflow/dags/6_cron_dag.py for tasks to queue
[2024-07-26T07:23:16.506+0000] {logging_mixin.py:188} INFO - [2024-07-26T07:23:16.506+0000] {dagbag.py:545} INFO - Filling up the DagBag from /opt/airflow/dags/6_cron_dag.py
[2024-07-26T07:23:16.511+0000] {processor.py:840} INFO - DAG(s) 'cron_format_dag' retrieved from /opt/airflow/dags/6_cron_dag.py
[2024-07-26T07:23:16.522+0000] {logging_mixin.py:188} INFO - [2024-07-26T07:23:16.522+0000] {dag.py:3089} INFO - Sync 1 DAGs
[2024-07-26T07:23:16.530+0000] {logging_mixin.py:188} INFO - [2024-07-26T07:23:16.530+0000] {dag.py:3947} INFO - Setting next_dagrun for cron_format_dag to 2024-07-02 03:00:00+00:00, run_after=2024-07-03 03:00:00+00:00
[2024-07-26T07:23:16.536+0000] {processor.py:183} INFO - Processing /opt/airflow/dags/6_cron_dag.py took 0.035 seconds
[2024-07-26T07:23:47.359+0000] {processor.py:161} INFO - Started process (PID=3162) to work on /opt/airflow/dags/6_cron_dag.py
[2024-07-26T07:23:47.361+0000] {processor.py:830} INFO - Processing file /opt/airflow/dags/6_cron_dag.py for tasks to queue
[2024-07-26T07:23:47.361+0000] {logging_mixin.py:188} INFO - [2024-07-26T07:23:47.361+0000] {dagbag.py:545} INFO - Filling up the DagBag from /opt/airflow/dags/6_cron_dag.py
[2024-07-26T07:23:47.371+0000] {processor.py:840} INFO - DAG(s) 'cron_format_dag' retrieved from /opt/airflow/dags/6_cron_dag.py
[2024-07-26T07:23:47.386+0000] {logging_mixin.py:188} INFO - [2024-07-26T07:23:47.386+0000] {dag.py:3089} INFO - Sync 1 DAGs
[2024-07-26T07:23:47.396+0000] {logging_mixin.py:188} INFO - [2024-07-26T07:23:47.396+0000] {dag.py:3947} INFO - Setting next_dagrun for cron_format_dag to 2024-07-02 03:00:00+00:00, run_after=2024-07-03 03:00:00+00:00
[2024-07-26T07:23:47.552+0000] {processor.py:183} INFO - Processing /opt/airflow/dags/6_cron_dag.py took 0.199 seconds
[2024-07-26T07:24:16.692+0000] {processor.py:161} INFO - Started process (PID=3177) to work on /opt/airflow/dags/6_cron_dag.py
[2024-07-26T07:24:16.694+0000] {processor.py:830} INFO - Processing file /opt/airflow/dags/6_cron_dag.py for tasks to queue
[2024-07-26T07:24:16.695+0000] {logging_mixin.py:188} INFO - [2024-07-26T07:24:16.694+0000] {dagbag.py:545} INFO - Filling up the DagBag from /opt/airflow/dags/6_cron_dag.py
[2024-07-26T07:24:16.705+0000] {processor.py:840} INFO - DAG(s) 'cron_format_dag' retrieved from /opt/airflow/dags/6_cron_dag.py
[2024-07-26T07:24:16.721+0000] {logging_mixin.py:188} INFO - [2024-07-26T07:24:16.721+0000] {dag.py:3089} INFO - Sync 1 DAGs
[2024-07-26T07:24:16.732+0000] {logging_mixin.py:188} INFO - [2024-07-26T07:24:16.732+0000] {dag.py:3947} INFO - Setting next_dagrun for cron_format_dag to 2024-07-02 03:00:00+00:00, run_after=2024-07-03 03:00:00+00:00
[2024-07-26T07:24:16.741+0000] {processor.py:183} INFO - Processing /opt/airflow/dags/6_cron_dag.py took 0.056 seconds
[2024-07-26T07:24:33.910+0000] {processor.py:161} INFO - Started process (PID=3186) to work on /opt/airflow/dags/6_cron_dag.py
[2024-07-26T07:24:33.911+0000] {processor.py:830} INFO - Processing file /opt/airflow/dags/6_cron_dag.py for tasks to queue
[2024-07-26T07:24:33.912+0000] {logging_mixin.py:188} INFO - [2024-07-26T07:24:33.912+0000] {dagbag.py:545} INFO - Filling up the DagBag from /opt/airflow/dags/6_cron_dag.py
[2024-07-26T07:24:33.924+0000] {processor.py:840} INFO - DAG(s) 'cron_format_dag' retrieved from /opt/airflow/dags/6_cron_dag.py
[2024-07-26T07:24:33.955+0000] {logging_mixin.py:188} INFO - [2024-07-26T07:24:33.954+0000] {dag.py:3089} INFO - Sync 1 DAGs
[2024-07-26T07:24:33.968+0000] {logging_mixin.py:188} INFO - [2024-07-26T07:24:33.968+0000] {dag.py:3947} INFO - Setting next_dagrun for cron_format_dag to 2024-07-02 03:00:00+00:00, run_after=2024-07-03 03:00:00+00:00
[2024-07-26T07:24:33.977+0000] {processor.py:183} INFO - Processing /opt/airflow/dags/6_cron_dag.py took 0.073 seconds
[2024-07-26T07:24:35.995+0000] {processor.py:161} INFO - Started process (PID=3187) to work on /opt/airflow/dags/6_cron_dag.py
[2024-07-26T07:24:35.997+0000] {processor.py:830} INFO - Processing file /opt/airflow/dags/6_cron_dag.py for tasks to queue
[2024-07-26T07:24:35.999+0000] {logging_mixin.py:188} INFO - [2024-07-26T07:24:35.999+0000] {dagbag.py:545} INFO - Filling up the DagBag from /opt/airflow/dags/6_cron_dag.py
[2024-07-26T07:24:36.022+0000] {processor.py:840} INFO - DAG(s) 'cron_format_dag' retrieved from /opt/airflow/dags/6_cron_dag.py
[2024-07-26T07:24:36.047+0000] {logging_mixin.py:188} INFO - [2024-07-26T07:24:36.047+0000] {dag.py:3089} INFO - Sync 1 DAGs
[2024-07-26T07:24:36.080+0000] {logging_mixin.py:188} INFO - [2024-07-26T07:24:36.080+0000] {dag.py:3947} INFO - Setting next_dagrun for cron_format_dag to 2024-07-02 03:00:00+00:00, run_after=2024-07-03 03:00:00+00:00
[2024-07-26T07:24:36.097+0000] {processor.py:183} INFO - Processing /opt/airflow/dags/6_cron_dag.py took 0.108 seconds
[2024-07-26T07:25:06.785+0000] {processor.py:161} INFO - Started process (PID=3202) to work on /opt/airflow/dags/6_cron_dag.py
[2024-07-26T07:25:06.788+0000] {processor.py:830} INFO - Processing file /opt/airflow/dags/6_cron_dag.py for tasks to queue
[2024-07-26T07:25:06.790+0000] {logging_mixin.py:188} INFO - [2024-07-26T07:25:06.789+0000] {dagbag.py:545} INFO - Filling up the DagBag from /opt/airflow/dags/6_cron_dag.py
[2024-07-26T07:25:06.802+0000] {processor.py:840} INFO - DAG(s) 'cron_format_dag' retrieved from /opt/airflow/dags/6_cron_dag.py
[2024-07-26T07:25:06.832+0000] {logging_mixin.py:188} INFO - [2024-07-26T07:25:06.832+0000] {dag.py:3089} INFO - Sync 1 DAGs
[2024-07-26T07:25:06.845+0000] {logging_mixin.py:188} INFO - [2024-07-26T07:25:06.845+0000] {dag.py:3947} INFO - Setting next_dagrun for cron_format_dag to 2024-07-02 03:00:00+00:00, run_after=2024-07-03 03:00:00+00:00
[2024-07-26T07:25:06.855+0000] {processor.py:183} INFO - Processing /opt/airflow/dags/6_cron_dag.py took 0.077 seconds
[2024-07-26T07:25:37.529+0000] {processor.py:161} INFO - Started process (PID=3218) to work on /opt/airflow/dags/6_cron_dag.py
[2024-07-26T07:25:37.531+0000] {processor.py:830} INFO - Processing file /opt/airflow/dags/6_cron_dag.py for tasks to queue
[2024-07-26T07:25:37.533+0000] {logging_mixin.py:188} INFO - [2024-07-26T07:25:37.532+0000] {dagbag.py:545} INFO - Filling up the DagBag from /opt/airflow/dags/6_cron_dag.py
[2024-07-26T07:25:37.547+0000] {processor.py:840} INFO - DAG(s) 'cron_format_dag' retrieved from /opt/airflow/dags/6_cron_dag.py
[2024-07-26T07:25:37.564+0000] {logging_mixin.py:188} INFO - [2024-07-26T07:25:37.564+0000] {dag.py:3089} INFO - Sync 1 DAGs
[2024-07-26T07:25:37.578+0000] {logging_mixin.py:188} INFO - [2024-07-26T07:25:37.578+0000] {dag.py:3947} INFO - Setting next_dagrun for cron_format_dag to 2024-07-02 03:00:00+00:00, run_after=2024-07-03 03:00:00+00:00
[2024-07-26T07:25:37.589+0000] {processor.py:183} INFO - Processing /opt/airflow/dags/6_cron_dag.py took 0.069 seconds
[2024-07-26T07:26:08.212+0000] {processor.py:161} INFO - Started process (PID=3233) to work on /opt/airflow/dags/6_cron_dag.py
[2024-07-26T07:26:08.213+0000] {processor.py:830} INFO - Processing file /opt/airflow/dags/6_cron_dag.py for tasks to queue
[2024-07-26T07:26:08.214+0000] {logging_mixin.py:188} INFO - [2024-07-26T07:26:08.214+0000] {dagbag.py:545} INFO - Filling up the DagBag from /opt/airflow/dags/6_cron_dag.py
[2024-07-26T07:26:08.230+0000] {processor.py:840} INFO - DAG(s) 'cron_format_dag' retrieved from /opt/airflow/dags/6_cron_dag.py
[2024-07-26T07:26:08.242+0000] {logging_mixin.py:188} INFO - [2024-07-26T07:26:08.242+0000] {dag.py:3089} INFO - Sync 1 DAGs
[2024-07-26T07:26:08.255+0000] {logging_mixin.py:188} INFO - [2024-07-26T07:26:08.255+0000] {dag.py:3947} INFO - Setting next_dagrun for cron_format_dag to 2024-07-02 03:00:00+00:00, run_after=2024-07-03 03:00:00+00:00
[2024-07-26T07:26:08.266+0000] {processor.py:183} INFO - Processing /opt/airflow/dags/6_cron_dag.py took 0.059 seconds
[2024-07-26T07:26:38.411+0000] {processor.py:161} INFO - Started process (PID=3248) to work on /opt/airflow/dags/6_cron_dag.py
[2024-07-26T07:26:38.414+0000] {processor.py:830} INFO - Processing file /opt/airflow/dags/6_cron_dag.py for tasks to queue
[2024-07-26T07:26:38.418+0000] {logging_mixin.py:188} INFO - [2024-07-26T07:26:38.417+0000] {dagbag.py:545} INFO - Filling up the DagBag from /opt/airflow/dags/6_cron_dag.py
[2024-07-26T07:26:38.458+0000] {processor.py:840} INFO - DAG(s) 'cron_format_dag' retrieved from /opt/airflow/dags/6_cron_dag.py
[2024-07-26T07:26:38.481+0000] {logging_mixin.py:188} INFO - [2024-07-26T07:26:38.481+0000] {dag.py:3089} INFO - Sync 1 DAGs
[2024-07-26T07:26:38.500+0000] {logging_mixin.py:188} INFO - [2024-07-26T07:26:38.499+0000] {dag.py:3947} INFO - Setting next_dagrun for cron_format_dag to 2024-07-02 03:00:00+00:00, run_after=2024-07-03 03:00:00+00:00
[2024-07-26T07:26:38.765+0000] {processor.py:183} INFO - Processing /opt/airflow/dags/6_cron_dag.py took 0.365 seconds
[2024-07-26T07:27:08.842+0000] {processor.py:161} INFO - Started process (PID=3263) to work on /opt/airflow/dags/6_cron_dag.py
[2024-07-26T07:27:08.844+0000] {processor.py:830} INFO - Processing file /opt/airflow/dags/6_cron_dag.py for tasks to queue
[2024-07-26T07:27:08.845+0000] {logging_mixin.py:188} INFO - [2024-07-26T07:27:08.845+0000] {dagbag.py:545} INFO - Filling up the DagBag from /opt/airflow/dags/6_cron_dag.py
[2024-07-26T07:27:08.866+0000] {processor.py:840} INFO - DAG(s) 'cron_format_dag' retrieved from /opt/airflow/dags/6_cron_dag.py
[2024-07-26T07:27:08.887+0000] {logging_mixin.py:188} INFO - [2024-07-26T07:27:08.887+0000] {dag.py:3089} INFO - Sync 1 DAGs
[2024-07-26T07:27:08.902+0000] {logging_mixin.py:188} INFO - [2024-07-26T07:27:08.902+0000] {dag.py:3947} INFO - Setting next_dagrun for cron_format_dag to 2024-07-02 03:00:00+00:00, run_after=2024-07-03 03:00:00+00:00
[2024-07-26T07:27:08.911+0000] {processor.py:183} INFO - Processing /opt/airflow/dags/6_cron_dag.py took 0.093 seconds
[2024-07-26T07:27:39.564+0000] {processor.py:161} INFO - Started process (PID=3278) to work on /opt/airflow/dags/6_cron_dag.py
[2024-07-26T07:27:39.566+0000] {processor.py:830} INFO - Processing file /opt/airflow/dags/6_cron_dag.py for tasks to queue
[2024-07-26T07:27:39.567+0000] {logging_mixin.py:188} INFO - [2024-07-26T07:27:39.567+0000] {dagbag.py:545} INFO - Filling up the DagBag from /opt/airflow/dags/6_cron_dag.py
[2024-07-26T07:27:39.584+0000] {processor.py:840} INFO - DAG(s) 'cron_format_dag' retrieved from /opt/airflow/dags/6_cron_dag.py
[2024-07-26T07:27:39.606+0000] {logging_mixin.py:188} INFO - [2024-07-26T07:27:39.606+0000] {dag.py:3089} INFO - Sync 1 DAGs
[2024-07-26T07:27:39.638+0000] {logging_mixin.py:188} INFO - [2024-07-26T07:27:39.638+0000] {dag.py:3947} INFO - Setting next_dagrun for cron_format_dag to 2024-07-02 03:00:00+00:00, run_after=2024-07-03 03:00:00+00:00
[2024-07-26T07:27:39.650+0000] {processor.py:183} INFO - Processing /opt/airflow/dags/6_cron_dag.py took 0.107 seconds
[2024-07-26T07:28:10.476+0000] {processor.py:161} INFO - Started process (PID=3294) to work on /opt/airflow/dags/6_cron_dag.py
[2024-07-26T07:28:10.486+0000] {processor.py:830} INFO - Processing file /opt/airflow/dags/6_cron_dag.py for tasks to queue
[2024-07-26T07:28:10.495+0000] {logging_mixin.py:188} INFO - [2024-07-26T07:28:10.491+0000] {dagbag.py:545} INFO - Filling up the DagBag from /opt/airflow/dags/6_cron_dag.py
[2024-07-26T07:28:10.565+0000] {processor.py:840} INFO - DAG(s) 'cron_format_dag' retrieved from /opt/airflow/dags/6_cron_dag.py
[2024-07-26T07:28:10.592+0000] {logging_mixin.py:188} INFO - [2024-07-26T07:28:10.591+0000] {dag.py:3089} INFO - Sync 1 DAGs
[2024-07-26T07:28:10.620+0000] {logging_mixin.py:188} INFO - [2024-07-26T07:28:10.619+0000] {dag.py:3947} INFO - Setting next_dagrun for cron_format_dag to 2024-07-02 03:00:00+00:00, run_after=2024-07-03 03:00:00+00:00
[2024-07-26T07:28:10.633+0000] {processor.py:183} INFO - Processing /opt/airflow/dags/6_cron_dag.py took 0.184 seconds
[2024-07-26T07:28:40.714+0000] {processor.py:161} INFO - Started process (PID=3310) to work on /opt/airflow/dags/6_cron_dag.py
[2024-07-26T07:28:40.715+0000] {processor.py:830} INFO - Processing file /opt/airflow/dags/6_cron_dag.py for tasks to queue
[2024-07-26T07:28:40.716+0000] {logging_mixin.py:188} INFO - [2024-07-26T07:28:40.715+0000] {dagbag.py:545} INFO - Filling up the DagBag from /opt/airflow/dags/6_cron_dag.py
[2024-07-26T07:28:40.725+0000] {processor.py:840} INFO - DAG(s) 'cron_format_dag' retrieved from /opt/airflow/dags/6_cron_dag.py
[2024-07-26T07:28:40.753+0000] {logging_mixin.py:188} INFO - [2024-07-26T07:28:40.752+0000] {dag.py:3089} INFO - Sync 1 DAGs
[2024-07-26T07:28:40.838+0000] {logging_mixin.py:188} INFO - [2024-07-26T07:28:40.838+0000] {dag.py:3947} INFO - Setting next_dagrun for cron_format_dag to 2024-07-02 03:00:00+00:00, run_after=2024-07-03 03:00:00+00:00
[2024-07-26T07:28:40.856+0000] {processor.py:183} INFO - Processing /opt/airflow/dags/6_cron_dag.py took 0.148 seconds
[2024-07-26T07:29:11.601+0000] {processor.py:161} INFO - Started process (PID=3325) to work on /opt/airflow/dags/6_cron_dag.py
[2024-07-26T07:29:11.603+0000] {processor.py:830} INFO - Processing file /opt/airflow/dags/6_cron_dag.py for tasks to queue
[2024-07-26T07:29:11.604+0000] {logging_mixin.py:188} INFO - [2024-07-26T07:29:11.603+0000] {dagbag.py:545} INFO - Filling up the DagBag from /opt/airflow/dags/6_cron_dag.py
[2024-07-26T07:29:11.616+0000] {processor.py:840} INFO - DAG(s) 'cron_format_dag' retrieved from /opt/airflow/dags/6_cron_dag.py
[2024-07-26T07:29:11.654+0000] {logging_mixin.py:188} INFO - [2024-07-26T07:29:11.654+0000] {dag.py:3089} INFO - Sync 1 DAGs
[2024-07-26T07:29:11.668+0000] {logging_mixin.py:188} INFO - [2024-07-26T07:29:11.668+0000] {dag.py:3947} INFO - Setting next_dagrun for cron_format_dag to 2024-07-02 03:00:00+00:00, run_after=2024-07-03 03:00:00+00:00
[2024-07-26T07:29:11.860+0000] {processor.py:183} INFO - Processing /opt/airflow/dags/6_cron_dag.py took 0.266 seconds
[2024-07-26T07:29:42.008+0000] {processor.py:161} INFO - Started process (PID=3340) to work on /opt/airflow/dags/6_cron_dag.py
[2024-07-26T07:29:42.009+0000] {processor.py:830} INFO - Processing file /opt/airflow/dags/6_cron_dag.py for tasks to queue
[2024-07-26T07:29:42.010+0000] {logging_mixin.py:188} INFO - [2024-07-26T07:29:42.010+0000] {dagbag.py:545} INFO - Filling up the DagBag from /opt/airflow/dags/6_cron_dag.py
[2024-07-26T07:29:42.019+0000] {processor.py:840} INFO - DAG(s) 'cron_format_dag' retrieved from /opt/airflow/dags/6_cron_dag.py
[2024-07-26T07:29:42.041+0000] {logging_mixin.py:188} INFO - [2024-07-26T07:29:42.041+0000] {dag.py:3089} INFO - Sync 1 DAGs
[2024-07-26T07:29:42.056+0000] {logging_mixin.py:188} INFO - [2024-07-26T07:29:42.056+0000] {dag.py:3947} INFO - Setting next_dagrun for cron_format_dag to 2024-07-02 03:00:00+00:00, run_after=2024-07-03 03:00:00+00:00
[2024-07-26T07:29:42.065+0000] {processor.py:183} INFO - Processing /opt/airflow/dags/6_cron_dag.py took 0.062 seconds
[2024-07-26T07:30:12.077+0000] {processor.py:161} INFO - Started process (PID=3358) to work on /opt/airflow/dags/6_cron_dag.py
[2024-07-26T07:30:12.078+0000] {processor.py:830} INFO - Processing file /opt/airflow/dags/6_cron_dag.py for tasks to queue
[2024-07-26T07:30:12.078+0000] {logging_mixin.py:188} INFO - [2024-07-26T07:30:12.078+0000] {dagbag.py:545} INFO - Filling up the DagBag from /opt/airflow/dags/6_cron_dag.py
[2024-07-26T07:30:12.090+0000] {processor.py:840} INFO - DAG(s) 'cron_format_dag' retrieved from /opt/airflow/dags/6_cron_dag.py
[2024-07-26T07:30:12.114+0000] {logging_mixin.py:188} INFO - [2024-07-26T07:30:12.113+0000] {dag.py:3089} INFO - Sync 1 DAGs
[2024-07-26T07:30:12.125+0000] {logging_mixin.py:188} INFO - [2024-07-26T07:30:12.125+0000] {dag.py:3947} INFO - Setting next_dagrun for cron_format_dag to 2024-07-02 03:00:00+00:00, run_after=2024-07-03 03:00:00+00:00
[2024-07-26T07:30:12.131+0000] {processor.py:183} INFO - Processing /opt/airflow/dags/6_cron_dag.py took 0.057 seconds
[2024-07-26T07:30:42.994+0000] {processor.py:161} INFO - Started process (PID=3373) to work on /opt/airflow/dags/6_cron_dag.py
[2024-07-26T07:30:42.996+0000] {processor.py:830} INFO - Processing file /opt/airflow/dags/6_cron_dag.py for tasks to queue
[2024-07-26T07:30:42.998+0000] {logging_mixin.py:188} INFO - [2024-07-26T07:30:42.997+0000] {dagbag.py:545} INFO - Filling up the DagBag from /opt/airflow/dags/6_cron_dag.py
[2024-07-26T07:30:43.014+0000] {processor.py:840} INFO - DAG(s) 'cron_format_dag' retrieved from /opt/airflow/dags/6_cron_dag.py
[2024-07-26T07:30:43.036+0000] {logging_mixin.py:188} INFO - [2024-07-26T07:30:43.035+0000] {dag.py:3089} INFO - Sync 1 DAGs
[2024-07-26T07:30:43.066+0000] {logging_mixin.py:188} INFO - [2024-07-26T07:30:43.066+0000] {dag.py:3947} INFO - Setting next_dagrun for cron_format_dag to 2024-07-02 03:00:00+00:00, run_after=2024-07-03 03:00:00+00:00
[2024-07-26T07:30:43.080+0000] {processor.py:183} INFO - Processing /opt/airflow/dags/6_cron_dag.py took 0.099 seconds
[2024-07-26T07:31:14.010+0000] {processor.py:161} INFO - Started process (PID=3388) to work on /opt/airflow/dags/6_cron_dag.py
[2024-07-26T07:31:14.011+0000] {processor.py:830} INFO - Processing file /opt/airflow/dags/6_cron_dag.py for tasks to queue
[2024-07-26T07:31:14.012+0000] {logging_mixin.py:188} INFO - [2024-07-26T07:31:14.012+0000] {dagbag.py:545} INFO - Filling up the DagBag from /opt/airflow/dags/6_cron_dag.py
[2024-07-26T07:31:14.038+0000] {processor.py:840} INFO - DAG(s) 'cron_format_dag' retrieved from /opt/airflow/dags/6_cron_dag.py
[2024-07-26T07:31:14.094+0000] {logging_mixin.py:188} INFO - [2024-07-26T07:31:14.093+0000] {dag.py:3089} INFO - Sync 1 DAGs
[2024-07-26T07:31:14.110+0000] {logging_mixin.py:188} INFO - [2024-07-26T07:31:14.109+0000] {dag.py:3947} INFO - Setting next_dagrun for cron_format_dag to 2024-07-02 03:00:00+00:00, run_after=2024-07-03 03:00:00+00:00
[2024-07-26T07:31:14.128+0000] {processor.py:183} INFO - Processing /opt/airflow/dags/6_cron_dag.py took 0.123 seconds
[2024-07-26T07:31:44.981+0000] {processor.py:161} INFO - Started process (PID=3403) to work on /opt/airflow/dags/6_cron_dag.py
[2024-07-26T07:31:44.986+0000] {processor.py:830} INFO - Processing file /opt/airflow/dags/6_cron_dag.py for tasks to queue
[2024-07-26T07:31:44.994+0000] {logging_mixin.py:188} INFO - [2024-07-26T07:31:44.993+0000] {dagbag.py:545} INFO - Filling up the DagBag from /opt/airflow/dags/6_cron_dag.py
[2024-07-26T07:31:45.019+0000] {processor.py:840} INFO - DAG(s) 'cron_format_dag' retrieved from /opt/airflow/dags/6_cron_dag.py
[2024-07-26T07:31:45.049+0000] {logging_mixin.py:188} INFO - [2024-07-26T07:31:45.049+0000] {dag.py:3089} INFO - Sync 1 DAGs
[2024-07-26T07:31:45.081+0000] {logging_mixin.py:188} INFO - [2024-07-26T07:31:45.080+0000] {dag.py:3947} INFO - Setting next_dagrun for cron_format_dag to 2024-07-02 03:00:00+00:00, run_after=2024-07-03 03:00:00+00:00
[2024-07-26T07:31:45.105+0000] {processor.py:183} INFO - Processing /opt/airflow/dags/6_cron_dag.py took 0.139 seconds
[2024-07-26T07:32:15.290+0000] {processor.py:161} INFO - Started process (PID=3418) to work on /opt/airflow/dags/6_cron_dag.py
[2024-07-26T07:32:15.292+0000] {processor.py:830} INFO - Processing file /opt/airflow/dags/6_cron_dag.py for tasks to queue
[2024-07-26T07:32:15.294+0000] {logging_mixin.py:188} INFO - [2024-07-26T07:32:15.293+0000] {dagbag.py:545} INFO - Filling up the DagBag from /opt/airflow/dags/6_cron_dag.py
[2024-07-26T07:32:15.314+0000] {processor.py:840} INFO - DAG(s) 'cron_format_dag' retrieved from /opt/airflow/dags/6_cron_dag.py
[2024-07-26T07:32:15.335+0000] {logging_mixin.py:188} INFO - [2024-07-26T07:32:15.335+0000] {dag.py:3089} INFO - Sync 1 DAGs
[2024-07-26T07:32:15.362+0000] {logging_mixin.py:188} INFO - [2024-07-26T07:32:15.361+0000] {dag.py:3947} INFO - Setting next_dagrun for cron_format_dag to 2024-07-02 03:00:00+00:00, run_after=2024-07-03 03:00:00+00:00
[2024-07-26T07:32:15.375+0000] {processor.py:183} INFO - Processing /opt/airflow/dags/6_cron_dag.py took 0.099 seconds
[2024-07-26T07:32:46.161+0000] {processor.py:161} INFO - Started process (PID=3433) to work on /opt/airflow/dags/6_cron_dag.py
[2024-07-26T07:32:46.162+0000] {processor.py:830} INFO - Processing file /opt/airflow/dags/6_cron_dag.py for tasks to queue
[2024-07-26T07:32:46.164+0000] {logging_mixin.py:188} INFO - [2024-07-26T07:32:46.164+0000] {dagbag.py:545} INFO - Filling up the DagBag from /opt/airflow/dags/6_cron_dag.py
[2024-07-26T07:32:46.186+0000] {processor.py:840} INFO - DAG(s) 'cron_format_dag' retrieved from /opt/airflow/dags/6_cron_dag.py
[2024-07-26T07:32:46.240+0000] {logging_mixin.py:188} INFO - [2024-07-26T07:32:46.238+0000] {dag.py:3089} INFO - Sync 1 DAGs
[2024-07-26T07:32:46.254+0000] {logging_mixin.py:188} INFO - [2024-07-26T07:32:46.254+0000] {dag.py:3947} INFO - Setting next_dagrun for cron_format_dag to 2024-07-02 03:00:00+00:00, run_after=2024-07-03 03:00:00+00:00
[2024-07-26T07:32:46.265+0000] {processor.py:183} INFO - Processing /opt/airflow/dags/6_cron_dag.py took 0.112 seconds
[2024-07-26T07:33:16.402+0000] {processor.py:161} INFO - Started process (PID=3449) to work on /opt/airflow/dags/6_cron_dag.py
[2024-07-26T07:33:16.405+0000] {processor.py:830} INFO - Processing file /opt/airflow/dags/6_cron_dag.py for tasks to queue
[2024-07-26T07:33:16.407+0000] {logging_mixin.py:188} INFO - [2024-07-26T07:33:16.406+0000] {dagbag.py:545} INFO - Filling up the DagBag from /opt/airflow/dags/6_cron_dag.py
[2024-07-26T07:33:16.435+0000] {processor.py:840} INFO - DAG(s) 'cron_format_dag' retrieved from /opt/airflow/dags/6_cron_dag.py
[2024-07-26T07:33:16.472+0000] {logging_mixin.py:188} INFO - [2024-07-26T07:33:16.472+0000] {dag.py:3089} INFO - Sync 1 DAGs
[2024-07-26T07:33:16.487+0000] {logging_mixin.py:188} INFO - [2024-07-26T07:33:16.487+0000] {dag.py:3947} INFO - Setting next_dagrun for cron_format_dag to 2024-07-02 03:00:00+00:00, run_after=2024-07-03 03:00:00+00:00
[2024-07-26T07:33:16.500+0000] {processor.py:183} INFO - Processing /opt/airflow/dags/6_cron_dag.py took 0.123 seconds
[2024-07-26T07:33:46.596+0000] {processor.py:161} INFO - Started process (PID=3464) to work on /opt/airflow/dags/6_cron_dag.py
[2024-07-26T07:33:46.598+0000] {processor.py:830} INFO - Processing file /opt/airflow/dags/6_cron_dag.py for tasks to queue
[2024-07-26T07:33:46.599+0000] {logging_mixin.py:188} INFO - [2024-07-26T07:33:46.599+0000] {dagbag.py:545} INFO - Filling up the DagBag from /opt/airflow/dags/6_cron_dag.py
[2024-07-26T07:33:46.618+0000] {processor.py:840} INFO - DAG(s) 'cron_format_dag' retrieved from /opt/airflow/dags/6_cron_dag.py
[2024-07-26T07:33:46.645+0000] {logging_mixin.py:188} INFO - [2024-07-26T07:33:46.645+0000] {dag.py:3089} INFO - Sync 1 DAGs
[2024-07-26T07:33:46.659+0000] {logging_mixin.py:188} INFO - [2024-07-26T07:33:46.659+0000] {dag.py:3947} INFO - Setting next_dagrun for cron_format_dag to 2024-07-02 03:00:00+00:00, run_after=2024-07-03 03:00:00+00:00
[2024-07-26T07:33:46.671+0000] {processor.py:183} INFO - Processing /opt/airflow/dags/6_cron_dag.py took 0.084 seconds
[2024-07-26T07:34:17.377+0000] {processor.py:161} INFO - Started process (PID=3479) to work on /opt/airflow/dags/6_cron_dag.py
[2024-07-26T07:34:17.379+0000] {processor.py:830} INFO - Processing file /opt/airflow/dags/6_cron_dag.py for tasks to queue
[2024-07-26T07:34:17.381+0000] {logging_mixin.py:188} INFO - [2024-07-26T07:34:17.381+0000] {dagbag.py:545} INFO - Filling up the DagBag from /opt/airflow/dags/6_cron_dag.py
[2024-07-26T07:34:17.418+0000] {processor.py:840} INFO - DAG(s) 'cron_format_dag' retrieved from /opt/airflow/dags/6_cron_dag.py
[2024-07-26T07:34:17.446+0000] {logging_mixin.py:188} INFO - [2024-07-26T07:34:17.446+0000] {dag.py:3089} INFO - Sync 1 DAGs
[2024-07-26T07:34:17.460+0000] {logging_mixin.py:188} INFO - [2024-07-26T07:34:17.460+0000] {dag.py:3947} INFO - Setting next_dagrun for cron_format_dag to 2024-07-02 03:00:00+00:00, run_after=2024-07-03 03:00:00+00:00
[2024-07-26T07:34:17.474+0000] {processor.py:183} INFO - Processing /opt/airflow/dags/6_cron_dag.py took 0.108 seconds
[2024-07-26T07:34:47.999+0000] {processor.py:161} INFO - Started process (PID=3496) to work on /opt/airflow/dags/6_cron_dag.py
[2024-07-26T07:34:48.005+0000] {processor.py:830} INFO - Processing file /opt/airflow/dags/6_cron_dag.py for tasks to queue
[2024-07-26T07:34:48.011+0000] {logging_mixin.py:188} INFO - [2024-07-26T07:34:48.008+0000] {dagbag.py:545} INFO - Filling up the DagBag from /opt/airflow/dags/6_cron_dag.py
[2024-07-26T07:34:48.028+0000] {processor.py:840} INFO - DAG(s) 'cron_format_dag' retrieved from /opt/airflow/dags/6_cron_dag.py
[2024-07-26T07:34:48.065+0000] {logging_mixin.py:188} INFO - [2024-07-26T07:34:48.065+0000] {dag.py:3089} INFO - Sync 1 DAGs
[2024-07-26T07:34:48.366+0000] {logging_mixin.py:188} INFO - [2024-07-26T07:34:48.366+0000] {dag.py:3947} INFO - Setting next_dagrun for cron_format_dag to 2024-07-02 03:00:00+00:00, run_after=2024-07-03 03:00:00+00:00
[2024-07-26T07:34:48.376+0000] {processor.py:183} INFO - Processing /opt/airflow/dags/6_cron_dag.py took 0.402 seconds
[2024-07-26T07:35:18.648+0000] {processor.py:161} INFO - Started process (PID=3511) to work on /opt/airflow/dags/6_cron_dag.py
[2024-07-26T07:35:18.650+0000] {processor.py:830} INFO - Processing file /opt/airflow/dags/6_cron_dag.py for tasks to queue
[2024-07-26T07:35:18.651+0000] {logging_mixin.py:188} INFO - [2024-07-26T07:35:18.650+0000] {dagbag.py:545} INFO - Filling up the DagBag from /opt/airflow/dags/6_cron_dag.py
[2024-07-26T07:35:18.679+0000] {processor.py:840} INFO - DAG(s) 'cron_format_dag' retrieved from /opt/airflow/dags/6_cron_dag.py
[2024-07-26T07:35:18.715+0000] {logging_mixin.py:188} INFO - [2024-07-26T07:35:18.715+0000] {dag.py:3089} INFO - Sync 1 DAGs
[2024-07-26T07:35:18.733+0000] {logging_mixin.py:188} INFO - [2024-07-26T07:35:18.733+0000] {dag.py:3947} INFO - Setting next_dagrun for cron_format_dag to 2024-07-02 03:00:00+00:00, run_after=2024-07-03 03:00:00+00:00
[2024-07-26T07:35:18.748+0000] {processor.py:183} INFO - Processing /opt/airflow/dags/6_cron_dag.py took 0.109 seconds
[2024-07-26T07:35:48.851+0000] {processor.py:161} INFO - Started process (PID=3527) to work on /opt/airflow/dags/6_cron_dag.py
[2024-07-26T07:35:48.854+0000] {processor.py:830} INFO - Processing file /opt/airflow/dags/6_cron_dag.py for tasks to queue
[2024-07-26T07:35:48.855+0000] {logging_mixin.py:188} INFO - [2024-07-26T07:35:48.855+0000] {dagbag.py:545} INFO - Filling up the DagBag from /opt/airflow/dags/6_cron_dag.py
[2024-07-26T07:35:48.891+0000] {processor.py:840} INFO - DAG(s) 'cron_format_dag' retrieved from /opt/airflow/dags/6_cron_dag.py
[2024-07-26T07:35:48.916+0000] {logging_mixin.py:188} INFO - [2024-07-26T07:35:48.916+0000] {dag.py:3089} INFO - Sync 1 DAGs
[2024-07-26T07:35:48.937+0000] {logging_mixin.py:188} INFO - [2024-07-26T07:35:48.937+0000] {dag.py:3947} INFO - Setting next_dagrun for cron_format_dag to 2024-07-02 03:00:00+00:00, run_after=2024-07-03 03:00:00+00:00
[2024-07-26T07:35:48.966+0000] {processor.py:183} INFO - Processing /opt/airflow/dags/6_cron_dag.py took 0.124 seconds
[2024-07-26T07:36:19.033+0000] {processor.py:161} INFO - Started process (PID=3541) to work on /opt/airflow/dags/6_cron_dag.py
[2024-07-26T07:36:19.035+0000] {processor.py:830} INFO - Processing file /opt/airflow/dags/6_cron_dag.py for tasks to queue
[2024-07-26T07:36:19.036+0000] {logging_mixin.py:188} INFO - [2024-07-26T07:36:19.035+0000] {dagbag.py:545} INFO - Filling up the DagBag from /opt/airflow/dags/6_cron_dag.py
[2024-07-26T07:36:19.052+0000] {processor.py:840} INFO - DAG(s) 'cron_format_dag' retrieved from /opt/airflow/dags/6_cron_dag.py
[2024-07-26T07:36:19.076+0000] {logging_mixin.py:188} INFO - [2024-07-26T07:36:19.076+0000] {dag.py:3089} INFO - Sync 1 DAGs
[2024-07-26T07:36:19.106+0000] {logging_mixin.py:188} INFO - [2024-07-26T07:36:19.106+0000] {dag.py:3947} INFO - Setting next_dagrun for cron_format_dag to 2024-07-02 03:00:00+00:00, run_after=2024-07-03 03:00:00+00:00
[2024-07-26T07:36:19.115+0000] {processor.py:183} INFO - Processing /opt/airflow/dags/6_cron_dag.py took 0.097 seconds
[2024-07-26T07:36:50.121+0000] {processor.py:161} INFO - Started process (PID=3558) to work on /opt/airflow/dags/6_cron_dag.py
[2024-07-26T07:36:50.122+0000] {processor.py:830} INFO - Processing file /opt/airflow/dags/6_cron_dag.py for tasks to queue
[2024-07-26T07:36:50.124+0000] {logging_mixin.py:188} INFO - [2024-07-26T07:36:50.123+0000] {dagbag.py:545} INFO - Filling up the DagBag from /opt/airflow/dags/6_cron_dag.py
[2024-07-26T07:36:50.137+0000] {processor.py:840} INFO - DAG(s) 'cron_format_dag' retrieved from /opt/airflow/dags/6_cron_dag.py
[2024-07-26T07:36:50.157+0000] {logging_mixin.py:188} INFO - [2024-07-26T07:36:50.157+0000] {dag.py:3089} INFO - Sync 1 DAGs
[2024-07-26T07:36:50.174+0000] {logging_mixin.py:188} INFO - [2024-07-26T07:36:50.173+0000] {dag.py:3947} INFO - Setting next_dagrun for cron_format_dag to 2024-07-02 03:00:00+00:00, run_after=2024-07-03 03:00:00+00:00
[2024-07-26T07:36:50.184+0000] {processor.py:183} INFO - Processing /opt/airflow/dags/6_cron_dag.py took 0.072 seconds
[2024-07-26T07:37:20.793+0000] {processor.py:161} INFO - Started process (PID=3573) to work on /opt/airflow/dags/6_cron_dag.py
[2024-07-26T07:37:20.795+0000] {processor.py:830} INFO - Processing file /opt/airflow/dags/6_cron_dag.py for tasks to queue
[2024-07-26T07:37:20.797+0000] {logging_mixin.py:188} INFO - [2024-07-26T07:37:20.797+0000] {dagbag.py:545} INFO - Filling up the DagBag from /opt/airflow/dags/6_cron_dag.py
[2024-07-26T07:37:20.813+0000] {processor.py:840} INFO - DAG(s) 'cron_format_dag' retrieved from /opt/airflow/dags/6_cron_dag.py
[2024-07-26T07:37:20.835+0000] {logging_mixin.py:188} INFO - [2024-07-26T07:37:20.834+0000] {dag.py:3089} INFO - Sync 1 DAGs
[2024-07-26T07:37:20.849+0000] {logging_mixin.py:188} INFO - [2024-07-26T07:37:20.848+0000] {dag.py:3947} INFO - Setting next_dagrun for cron_format_dag to 2024-07-02 03:00:00+00:00, run_after=2024-07-03 03:00:00+00:00
[2024-07-26T07:37:21.088+0000] {processor.py:183} INFO - Processing /opt/airflow/dags/6_cron_dag.py took 0.317 seconds
[2024-07-26T07:37:51.336+0000] {processor.py:161} INFO - Started process (PID=3588) to work on /opt/airflow/dags/6_cron_dag.py
[2024-07-26T07:37:51.339+0000] {processor.py:830} INFO - Processing file /opt/airflow/dags/6_cron_dag.py for tasks to queue
[2024-07-26T07:37:51.341+0000] {logging_mixin.py:188} INFO - [2024-07-26T07:37:51.341+0000] {dagbag.py:545} INFO - Filling up the DagBag from /opt/airflow/dags/6_cron_dag.py
[2024-07-26T07:37:51.362+0000] {processor.py:840} INFO - DAG(s) 'cron_format_dag' retrieved from /opt/airflow/dags/6_cron_dag.py
[2024-07-26T07:37:51.397+0000] {logging_mixin.py:188} INFO - [2024-07-26T07:37:51.397+0000] {dag.py:3089} INFO - Sync 1 DAGs
[2024-07-26T07:37:51.413+0000] {logging_mixin.py:188} INFO - [2024-07-26T07:37:51.413+0000] {dag.py:3947} INFO - Setting next_dagrun for cron_format_dag to 2024-07-02 03:00:00+00:00, run_after=2024-07-03 03:00:00+00:00
[2024-07-26T07:37:51.426+0000] {processor.py:183} INFO - Processing /opt/airflow/dags/6_cron_dag.py took 0.119 seconds
[2024-07-26T07:38:22.199+0000] {processor.py:161} INFO - Started process (PID=3603) to work on /opt/airflow/dags/6_cron_dag.py
[2024-07-26T07:38:22.202+0000] {processor.py:830} INFO - Processing file /opt/airflow/dags/6_cron_dag.py for tasks to queue
[2024-07-26T07:38:22.204+0000] {logging_mixin.py:188} INFO - [2024-07-26T07:38:22.203+0000] {dagbag.py:545} INFO - Filling up the DagBag from /opt/airflow/dags/6_cron_dag.py
[2024-07-26T07:38:22.231+0000] {processor.py:840} INFO - DAG(s) 'cron_format_dag' retrieved from /opt/airflow/dags/6_cron_dag.py
[2024-07-26T07:38:22.291+0000] {logging_mixin.py:188} INFO - [2024-07-26T07:38:22.291+0000] {dag.py:3089} INFO - Sync 1 DAGs
[2024-07-26T07:38:22.307+0000] {logging_mixin.py:188} INFO - [2024-07-26T07:38:22.306+0000] {dag.py:3947} INFO - Setting next_dagrun for cron_format_dag to 2024-07-02 03:00:00+00:00, run_after=2024-07-03 03:00:00+00:00
[2024-07-26T07:38:22.318+0000] {processor.py:183} INFO - Processing /opt/airflow/dags/6_cron_dag.py took 0.135 seconds
[2024-07-26T07:38:53.097+0000] {processor.py:161} INFO - Started process (PID=3619) to work on /opt/airflow/dags/6_cron_dag.py
[2024-07-26T07:38:53.101+0000] {processor.py:830} INFO - Processing file /opt/airflow/dags/6_cron_dag.py for tasks to queue
[2024-07-26T07:38:53.102+0000] {logging_mixin.py:188} INFO - [2024-07-26T07:38:53.101+0000] {dagbag.py:545} INFO - Filling up the DagBag from /opt/airflow/dags/6_cron_dag.py
[2024-07-26T07:38:53.116+0000] {processor.py:840} INFO - DAG(s) 'cron_format_dag' retrieved from /opt/airflow/dags/6_cron_dag.py
[2024-07-26T07:38:53.156+0000] {logging_mixin.py:188} INFO - [2024-07-26T07:38:53.155+0000] {dag.py:3089} INFO - Sync 1 DAGs
[2024-07-26T07:38:53.178+0000] {logging_mixin.py:188} INFO - [2024-07-26T07:38:53.178+0000] {dag.py:3947} INFO - Setting next_dagrun for cron_format_dag to 2024-07-02 03:00:00+00:00, run_after=2024-07-03 03:00:00+00:00
[2024-07-26T07:38:53.189+0000] {processor.py:183} INFO - Processing /opt/airflow/dags/6_cron_dag.py took 0.101 seconds
[2024-07-26T07:39:23.898+0000] {processor.py:161} INFO - Started process (PID=3634) to work on /opt/airflow/dags/6_cron_dag.py
[2024-07-26T07:39:23.901+0000] {processor.py:830} INFO - Processing file /opt/airflow/dags/6_cron_dag.py for tasks to queue
[2024-07-26T07:39:23.903+0000] {logging_mixin.py:188} INFO - [2024-07-26T07:39:23.902+0000] {dagbag.py:545} INFO - Filling up the DagBag from /opt/airflow/dags/6_cron_dag.py
[2024-07-26T07:39:23.938+0000] {processor.py:840} INFO - DAG(s) 'cron_format_dag' retrieved from /opt/airflow/dags/6_cron_dag.py
[2024-07-26T07:39:23.966+0000] {logging_mixin.py:188} INFO - [2024-07-26T07:39:23.966+0000] {dag.py:3089} INFO - Sync 1 DAGs
[2024-07-26T07:39:23.982+0000] {logging_mixin.py:188} INFO - [2024-07-26T07:39:23.982+0000] {dag.py:3947} INFO - Setting next_dagrun for cron_format_dag to 2024-07-02 03:00:00+00:00, run_after=2024-07-03 03:00:00+00:00
[2024-07-26T07:39:23.996+0000] {processor.py:183} INFO - Processing /opt/airflow/dags/6_cron_dag.py took 0.108 seconds
[2024-07-26T07:39:55.015+0000] {processor.py:161} INFO - Started process (PID=3649) to work on /opt/airflow/dags/6_cron_dag.py
[2024-07-26T07:39:55.018+0000] {processor.py:830} INFO - Processing file /opt/airflow/dags/6_cron_dag.py for tasks to queue
[2024-07-26T07:39:55.021+0000] {logging_mixin.py:188} INFO - [2024-07-26T07:39:55.020+0000] {dagbag.py:545} INFO - Filling up the DagBag from /opt/airflow/dags/6_cron_dag.py
[2024-07-26T07:39:55.053+0000] {processor.py:840} INFO - DAG(s) 'cron_format_dag' retrieved from /opt/airflow/dags/6_cron_dag.py
[2024-07-26T07:39:55.101+0000] {logging_mixin.py:188} INFO - [2024-07-26T07:39:55.101+0000] {dag.py:3089} INFO - Sync 1 DAGs
[2024-07-26T07:39:55.135+0000] {logging_mixin.py:188} INFO - [2024-07-26T07:39:55.135+0000] {dag.py:3947} INFO - Setting next_dagrun for cron_format_dag to 2024-07-02 03:00:00+00:00, run_after=2024-07-03 03:00:00+00:00
[2024-07-26T07:39:55.407+0000] {processor.py:183} INFO - Processing /opt/airflow/dags/6_cron_dag.py took 0.413 seconds
[2024-07-26T07:40:25.663+0000] {processor.py:161} INFO - Started process (PID=3665) to work on /opt/airflow/dags/6_cron_dag.py
[2024-07-26T07:40:25.669+0000] {processor.py:830} INFO - Processing file /opt/airflow/dags/6_cron_dag.py for tasks to queue
[2024-07-26T07:40:25.672+0000] {logging_mixin.py:188} INFO - [2024-07-26T07:40:25.671+0000] {dagbag.py:545} INFO - Filling up the DagBag from /opt/airflow/dags/6_cron_dag.py
[2024-07-26T07:40:25.704+0000] {processor.py:840} INFO - DAG(s) 'cron_format_dag' retrieved from /opt/airflow/dags/6_cron_dag.py
[2024-07-26T07:40:25.733+0000] {logging_mixin.py:188} INFO - [2024-07-26T07:40:25.733+0000] {dag.py:3089} INFO - Sync 1 DAGs
[2024-07-26T07:40:25.983+0000] {logging_mixin.py:188} INFO - [2024-07-26T07:40:25.983+0000] {dag.py:3947} INFO - Setting next_dagrun for cron_format_dag to 2024-07-02 03:00:00+00:00, run_after=2024-07-03 03:00:00+00:00
[2024-07-26T07:40:25.992+0000] {processor.py:183} INFO - Processing /opt/airflow/dags/6_cron_dag.py took 0.371 seconds
