[2024-07-26T07:08:48.582+0000] {processor.py:161} INFO - Started process (PID=2714) to work on /opt/airflow/dags/7_postgres_dag.py
[2024-07-26T07:08:48.583+0000] {processor.py:830} INFO - Processing file /opt/airflow/dags/7_postgres_dag.py for tasks to queue
[2024-07-26T07:08:48.583+0000] {logging_mixin.py:188} INFO - [2024-07-26T07:08:48.583+0000] {dagbag.py:545} INFO - Filling up the DagBag from /opt/airflow/dags/7_postgres_dag.py
[2024-07-26T07:08:48.588+0000] {processor.py:840} INFO - DAG(s) 'postgres_dag' retrieved from /opt/airflow/dags/7_postgres_dag.py
[2024-07-26T07:08:48.685+0000] {logging_mixin.py:188} INFO - [2024-07-26T07:08:48.685+0000] {dag.py:3089} INFO - Sync 1 DAGs
[2024-07-26T07:08:48.690+0000] {logging_mixin.py:188} INFO - [2024-07-26T07:08:48.690+0000] {dag.py:3947} INFO - Setting next_dagrun for postgres_dag to 2024-07-25 00:00:00+00:00, run_after=2024-07-26 00:00:00+00:00
[2024-07-26T07:08:48.696+0000] {processor.py:183} INFO - Processing /opt/airflow/dags/7_postgres_dag.py took 0.115 seconds
[2024-07-26T07:09:19.401+0000] {processor.py:161} INFO - Started process (PID=2728) to work on /opt/airflow/dags/7_postgres_dag.py
[2024-07-26T07:09:19.404+0000] {processor.py:830} INFO - Processing file /opt/airflow/dags/7_postgres_dag.py for tasks to queue
[2024-07-26T07:09:19.405+0000] {logging_mixin.py:188} INFO - [2024-07-26T07:09:19.404+0000] {dagbag.py:545} INFO - Filling up the DagBag from /opt/airflow/dags/7_postgres_dag.py
[2024-07-26T07:09:19.412+0000] {processor.py:840} INFO - DAG(s) 'postgres_dag' retrieved from /opt/airflow/dags/7_postgres_dag.py
[2024-07-26T07:09:19.427+0000] {logging_mixin.py:188} INFO - [2024-07-26T07:09:19.426+0000] {dag.py:3089} INFO - Sync 1 DAGs
[2024-07-26T07:09:19.436+0000] {logging_mixin.py:188} INFO - [2024-07-26T07:09:19.436+0000] {dag.py:3947} INFO - Setting next_dagrun for postgres_dag to 2024-07-25 00:00:00+00:00, run_after=2024-07-26 00:00:00+00:00
[2024-07-26T07:09:19.444+0000] {processor.py:183} INFO - Processing /opt/airflow/dags/7_postgres_dag.py took 0.047 seconds
[2024-07-26T07:09:50.175+0000] {processor.py:161} INFO - Started process (PID=2742) to work on /opt/airflow/dags/7_postgres_dag.py
[2024-07-26T07:09:50.177+0000] {processor.py:830} INFO - Processing file /opt/airflow/dags/7_postgres_dag.py for tasks to queue
[2024-07-26T07:09:50.177+0000] {logging_mixin.py:188} INFO - [2024-07-26T07:09:50.177+0000] {dagbag.py:545} INFO - Filling up the DagBag from /opt/airflow/dags/7_postgres_dag.py
[2024-07-26T07:09:50.186+0000] {processor.py:840} INFO - DAG(s) 'postgres_dag' retrieved from /opt/airflow/dags/7_postgres_dag.py
[2024-07-26T07:09:50.199+0000] {logging_mixin.py:188} INFO - [2024-07-26T07:09:50.198+0000] {dag.py:3089} INFO - Sync 1 DAGs
[2024-07-26T07:09:50.209+0000] {logging_mixin.py:188} INFO - [2024-07-26T07:09:50.209+0000] {dag.py:3947} INFO - Setting next_dagrun for postgres_dag to 2024-07-25 00:00:00+00:00, run_after=2024-07-26 00:00:00+00:00
[2024-07-26T07:09:50.216+0000] {processor.py:183} INFO - Processing /opt/airflow/dags/7_postgres_dag.py took 0.043 seconds
[2024-07-26T07:10:20.792+0000] {processor.py:161} INFO - Started process (PID=2756) to work on /opt/airflow/dags/7_postgres_dag.py
[2024-07-26T07:10:20.793+0000] {processor.py:830} INFO - Processing file /opt/airflow/dags/7_postgres_dag.py for tasks to queue
[2024-07-26T07:10:20.794+0000] {logging_mixin.py:188} INFO - [2024-07-26T07:10:20.793+0000] {dagbag.py:545} INFO - Filling up the DagBag from /opt/airflow/dags/7_postgres_dag.py
[2024-07-26T07:10:20.803+0000] {processor.py:840} INFO - DAG(s) 'postgres_dag' retrieved from /opt/airflow/dags/7_postgres_dag.py
[2024-07-26T07:10:20.815+0000] {logging_mixin.py:188} INFO - [2024-07-26T07:10:20.815+0000] {dag.py:3089} INFO - Sync 1 DAGs
[2024-07-26T07:10:20.826+0000] {logging_mixin.py:188} INFO - [2024-07-26T07:10:20.825+0000] {dag.py:3947} INFO - Setting next_dagrun for postgres_dag to 2024-07-25 00:00:00+00:00, run_after=2024-07-26 00:00:00+00:00
[2024-07-26T07:10:20.843+0000] {processor.py:183} INFO - Processing /opt/airflow/dags/7_postgres_dag.py took 0.054 seconds
[2024-07-26T07:10:51.528+0000] {processor.py:161} INFO - Started process (PID=2771) to work on /opt/airflow/dags/7_postgres_dag.py
[2024-07-26T07:10:51.529+0000] {processor.py:830} INFO - Processing file /opt/airflow/dags/7_postgres_dag.py for tasks to queue
[2024-07-26T07:10:51.530+0000] {logging_mixin.py:188} INFO - [2024-07-26T07:10:51.530+0000] {dagbag.py:545} INFO - Filling up the DagBag from /opt/airflow/dags/7_postgres_dag.py
[2024-07-26T07:10:51.537+0000] {processor.py:840} INFO - DAG(s) 'postgres_dag' retrieved from /opt/airflow/dags/7_postgres_dag.py
[2024-07-26T07:10:51.557+0000] {logging_mixin.py:188} INFO - [2024-07-26T07:10:51.557+0000] {dag.py:3089} INFO - Sync 1 DAGs
[2024-07-26T07:10:51.567+0000] {logging_mixin.py:188} INFO - [2024-07-26T07:10:51.567+0000] {dag.py:3947} INFO - Setting next_dagrun for postgres_dag to 2024-07-25 00:00:00+00:00, run_after=2024-07-26 00:00:00+00:00
[2024-07-26T07:10:51.574+0000] {processor.py:183} INFO - Processing /opt/airflow/dags/7_postgres_dag.py took 0.049 seconds
[2024-07-26T07:11:22.213+0000] {processor.py:161} INFO - Started process (PID=2785) to work on /opt/airflow/dags/7_postgres_dag.py
[2024-07-26T07:11:22.214+0000] {processor.py:830} INFO - Processing file /opt/airflow/dags/7_postgres_dag.py for tasks to queue
[2024-07-26T07:11:22.214+0000] {logging_mixin.py:188} INFO - [2024-07-26T07:11:22.214+0000] {dagbag.py:545} INFO - Filling up the DagBag from /opt/airflow/dags/7_postgres_dag.py
[2024-07-26T07:11:22.223+0000] {processor.py:840} INFO - DAG(s) 'postgres_dag' retrieved from /opt/airflow/dags/7_postgres_dag.py
[2024-07-26T07:11:22.240+0000] {logging_mixin.py:188} INFO - [2024-07-26T07:11:22.240+0000] {dag.py:3089} INFO - Sync 1 DAGs
[2024-07-26T07:11:22.249+0000] {logging_mixin.py:188} INFO - [2024-07-26T07:11:22.249+0000] {dag.py:3947} INFO - Setting next_dagrun for postgres_dag to 2024-07-25 00:00:00+00:00, run_after=2024-07-26 00:00:00+00:00
[2024-07-26T07:11:22.255+0000] {processor.py:183} INFO - Processing /opt/airflow/dags/7_postgres_dag.py took 0.047 seconds
[2024-07-26T07:11:53.071+0000] {processor.py:161} INFO - Started process (PID=2799) to work on /opt/airflow/dags/7_postgres_dag.py
[2024-07-26T07:11:53.074+0000] {processor.py:830} INFO - Processing file /opt/airflow/dags/7_postgres_dag.py for tasks to queue
[2024-07-26T07:11:53.075+0000] {logging_mixin.py:188} INFO - [2024-07-26T07:11:53.075+0000] {dagbag.py:545} INFO - Filling up the DagBag from /opt/airflow/dags/7_postgres_dag.py
[2024-07-26T07:11:53.082+0000] {processor.py:840} INFO - DAG(s) 'postgres_dag' retrieved from /opt/airflow/dags/7_postgres_dag.py
[2024-07-26T07:11:53.094+0000] {logging_mixin.py:188} INFO - [2024-07-26T07:11:53.094+0000] {dag.py:3089} INFO - Sync 1 DAGs
[2024-07-26T07:11:53.101+0000] {logging_mixin.py:188} INFO - [2024-07-26T07:11:53.101+0000] {dag.py:3947} INFO - Setting next_dagrun for postgres_dag to 2024-07-25 00:00:00+00:00, run_after=2024-07-26 00:00:00+00:00
[2024-07-26T07:11:53.106+0000] {processor.py:183} INFO - Processing /opt/airflow/dags/7_postgres_dag.py took 0.040 seconds
[2024-07-26T07:12:23.823+0000] {processor.py:161} INFO - Started process (PID=2813) to work on /opt/airflow/dags/7_postgres_dag.py
[2024-07-26T07:12:23.824+0000] {processor.py:830} INFO - Processing file /opt/airflow/dags/7_postgres_dag.py for tasks to queue
[2024-07-26T07:12:23.825+0000] {logging_mixin.py:188} INFO - [2024-07-26T07:12:23.825+0000] {dagbag.py:545} INFO - Filling up the DagBag from /opt/airflow/dags/7_postgres_dag.py
[2024-07-26T07:12:23.830+0000] {processor.py:840} INFO - DAG(s) 'postgres_dag' retrieved from /opt/airflow/dags/7_postgres_dag.py
[2024-07-26T07:12:23.842+0000] {logging_mixin.py:188} INFO - [2024-07-26T07:12:23.842+0000] {dag.py:3089} INFO - Sync 1 DAGs
[2024-07-26T07:12:23.850+0000] {logging_mixin.py:188} INFO - [2024-07-26T07:12:23.850+0000] {dag.py:3947} INFO - Setting next_dagrun for postgres_dag to 2024-07-25 00:00:00+00:00, run_after=2024-07-26 00:00:00+00:00
[2024-07-26T07:12:23.855+0000] {processor.py:183} INFO - Processing /opt/airflow/dags/7_postgres_dag.py took 0.035 seconds
[2024-07-26T07:12:54.725+0000] {processor.py:161} INFO - Started process (PID=2828) to work on /opt/airflow/dags/7_postgres_dag.py
[2024-07-26T07:12:54.726+0000] {processor.py:830} INFO - Processing file /opt/airflow/dags/7_postgres_dag.py for tasks to queue
[2024-07-26T07:12:54.726+0000] {logging_mixin.py:188} INFO - [2024-07-26T07:12:54.726+0000] {dagbag.py:545} INFO - Filling up the DagBag from /opt/airflow/dags/7_postgres_dag.py
[2024-07-26T07:12:54.734+0000] {processor.py:840} INFO - DAG(s) 'postgres_dag' retrieved from /opt/airflow/dags/7_postgres_dag.py
[2024-07-26T07:12:54.746+0000] {logging_mixin.py:188} INFO - [2024-07-26T07:12:54.746+0000] {dag.py:3089} INFO - Sync 1 DAGs
[2024-07-26T07:12:54.754+0000] {logging_mixin.py:188} INFO - [2024-07-26T07:12:54.754+0000] {dag.py:3947} INFO - Setting next_dagrun for postgres_dag to 2024-07-25 00:00:00+00:00, run_after=2024-07-26 00:00:00+00:00
[2024-07-26T07:12:54.759+0000] {processor.py:183} INFO - Processing /opt/airflow/dags/7_postgres_dag.py took 0.038 seconds
[2024-07-26T07:13:25.775+0000] {processor.py:161} INFO - Started process (PID=2848) to work on /opt/airflow/dags/7_postgres_dag.py
[2024-07-26T07:13:25.776+0000] {processor.py:830} INFO - Processing file /opt/airflow/dags/7_postgres_dag.py for tasks to queue
[2024-07-26T07:13:25.776+0000] {logging_mixin.py:188} INFO - [2024-07-26T07:13:25.776+0000] {dagbag.py:545} INFO - Filling up the DagBag from /opt/airflow/dags/7_postgres_dag.py
[2024-07-26T07:13:25.781+0000] {processor.py:840} INFO - DAG(s) 'postgres_dag' retrieved from /opt/airflow/dags/7_postgres_dag.py
[2024-07-26T07:13:25.792+0000] {logging_mixin.py:188} INFO - [2024-07-26T07:13:25.792+0000] {dag.py:3089} INFO - Sync 1 DAGs
[2024-07-26T07:13:25.799+0000] {logging_mixin.py:188} INFO - [2024-07-26T07:13:25.799+0000] {dag.py:3947} INFO - Setting next_dagrun for postgres_dag to 2024-07-25 00:00:00+00:00, run_after=2024-07-26 00:00:00+00:00
[2024-07-26T07:13:25.804+0000] {processor.py:183} INFO - Processing /opt/airflow/dags/7_postgres_dag.py took 0.031 seconds
[2024-07-26T07:13:56.985+0000] {processor.py:161} INFO - Started process (PID=2863) to work on /opt/airflow/dags/7_postgres_dag.py
[2024-07-26T07:13:56.986+0000] {processor.py:830} INFO - Processing file /opt/airflow/dags/7_postgres_dag.py for tasks to queue
[2024-07-26T07:13:56.986+0000] {logging_mixin.py:188} INFO - [2024-07-26T07:13:56.986+0000] {dagbag.py:545} INFO - Filling up the DagBag from /opt/airflow/dags/7_postgres_dag.py
[2024-07-26T07:13:56.992+0000] {processor.py:840} INFO - DAG(s) 'postgres_dag' retrieved from /opt/airflow/dags/7_postgres_dag.py
[2024-07-26T07:13:57.004+0000] {logging_mixin.py:188} INFO - [2024-07-26T07:13:57.004+0000] {dag.py:3089} INFO - Sync 1 DAGs
[2024-07-26T07:13:57.011+0000] {logging_mixin.py:188} INFO - [2024-07-26T07:13:57.011+0000] {dag.py:3947} INFO - Setting next_dagrun for postgres_dag to 2024-07-25 00:00:00+00:00, run_after=2024-07-26 00:00:00+00:00
[2024-07-26T07:13:57.017+0000] {processor.py:183} INFO - Processing /opt/airflow/dags/7_postgres_dag.py took 0.034 seconds
[2024-07-26T07:14:27.919+0000] {processor.py:161} INFO - Started process (PID=2878) to work on /opt/airflow/dags/7_postgres_dag.py
[2024-07-26T07:14:27.920+0000] {processor.py:830} INFO - Processing file /opt/airflow/dags/7_postgres_dag.py for tasks to queue
[2024-07-26T07:14:27.921+0000] {logging_mixin.py:188} INFO - [2024-07-26T07:14:27.920+0000] {dagbag.py:545} INFO - Filling up the DagBag from /opt/airflow/dags/7_postgres_dag.py
[2024-07-26T07:14:27.928+0000] {processor.py:840} INFO - DAG(s) 'postgres_dag' retrieved from /opt/airflow/dags/7_postgres_dag.py
[2024-07-26T07:14:27.940+0000] {logging_mixin.py:188} INFO - [2024-07-26T07:14:27.940+0000] {dag.py:3089} INFO - Sync 1 DAGs
[2024-07-26T07:14:27.952+0000] {logging_mixin.py:188} INFO - [2024-07-26T07:14:27.952+0000] {dag.py:3947} INFO - Setting next_dagrun for postgres_dag to 2024-07-25 00:00:00+00:00, run_after=2024-07-26 00:00:00+00:00
[2024-07-26T07:14:27.959+0000] {processor.py:183} INFO - Processing /opt/airflow/dags/7_postgres_dag.py took 0.043 seconds
[2024-07-26T07:14:58.146+0000] {processor.py:161} INFO - Started process (PID=2893) to work on /opt/airflow/dags/7_postgres_dag.py
[2024-07-26T07:14:58.146+0000] {processor.py:830} INFO - Processing file /opt/airflow/dags/7_postgres_dag.py for tasks to queue
[2024-07-26T07:14:58.147+0000] {logging_mixin.py:188} INFO - [2024-07-26T07:14:58.147+0000] {dagbag.py:545} INFO - Filling up the DagBag from /opt/airflow/dags/7_postgres_dag.py
[2024-07-26T07:14:58.154+0000] {processor.py:840} INFO - DAG(s) 'postgres_dag' retrieved from /opt/airflow/dags/7_postgres_dag.py
[2024-07-26T07:14:58.174+0000] {logging_mixin.py:188} INFO - [2024-07-26T07:14:58.174+0000] {dag.py:3089} INFO - Sync 1 DAGs
[2024-07-26T07:14:58.185+0000] {logging_mixin.py:188} INFO - [2024-07-26T07:14:58.184+0000] {dag.py:3947} INFO - Setting next_dagrun for postgres_dag to 2024-07-25 00:00:00+00:00, run_after=2024-07-26 00:00:00+00:00
[2024-07-26T07:14:58.194+0000] {processor.py:183} INFO - Processing /opt/airflow/dags/7_postgres_dag.py took 0.051 seconds
[2024-07-26T07:15:29.151+0000] {processor.py:161} INFO - Started process (PID=2909) to work on /opt/airflow/dags/7_postgres_dag.py
[2024-07-26T07:15:29.152+0000] {processor.py:830} INFO - Processing file /opt/airflow/dags/7_postgres_dag.py for tasks to queue
[2024-07-26T07:15:29.152+0000] {logging_mixin.py:188} INFO - [2024-07-26T07:15:29.152+0000] {dagbag.py:545} INFO - Filling up the DagBag from /opt/airflow/dags/7_postgres_dag.py
[2024-07-26T07:15:29.157+0000] {processor.py:840} INFO - DAG(s) 'postgres_dag' retrieved from /opt/airflow/dags/7_postgres_dag.py
[2024-07-26T07:15:29.169+0000] {logging_mixin.py:188} INFO - [2024-07-26T07:15:29.168+0000] {dag.py:3089} INFO - Sync 1 DAGs
[2024-07-26T07:15:29.176+0000] {logging_mixin.py:188} INFO - [2024-07-26T07:15:29.176+0000] {dag.py:3947} INFO - Setting next_dagrun for postgres_dag to 2024-07-25 00:00:00+00:00, run_after=2024-07-26 00:00:00+00:00
[2024-07-26T07:15:29.182+0000] {processor.py:183} INFO - Processing /opt/airflow/dags/7_postgres_dag.py took 0.033 seconds
[2024-07-26T07:16:00.245+0000] {processor.py:161} INFO - Started process (PID=2925) to work on /opt/airflow/dags/7_postgres_dag.py
[2024-07-26T07:16:00.246+0000] {processor.py:830} INFO - Processing file /opt/airflow/dags/7_postgres_dag.py for tasks to queue
[2024-07-26T07:16:00.247+0000] {logging_mixin.py:188} INFO - [2024-07-26T07:16:00.247+0000] {dagbag.py:545} INFO - Filling up the DagBag from /opt/airflow/dags/7_postgres_dag.py
[2024-07-26T07:16:00.258+0000] {processor.py:840} INFO - DAG(s) 'postgres_dag' retrieved from /opt/airflow/dags/7_postgres_dag.py
[2024-07-26T07:16:00.273+0000] {logging_mixin.py:188} INFO - [2024-07-26T07:16:00.273+0000] {dag.py:3089} INFO - Sync 1 DAGs
[2024-07-26T07:16:00.281+0000] {logging_mixin.py:188} INFO - [2024-07-26T07:16:00.281+0000] {dag.py:3947} INFO - Setting next_dagrun for postgres_dag to 2024-07-25 00:00:00+00:00, run_after=2024-07-26 00:00:00+00:00
[2024-07-26T07:16:00.293+0000] {processor.py:183} INFO - Processing /opt/airflow/dags/7_postgres_dag.py took 0.059 seconds
[2024-07-26T07:16:30.618+0000] {processor.py:161} INFO - Started process (PID=2940) to work on /opt/airflow/dags/7_postgres_dag.py
[2024-07-26T07:16:30.619+0000] {processor.py:830} INFO - Processing file /opt/airflow/dags/7_postgres_dag.py for tasks to queue
[2024-07-26T07:16:30.619+0000] {logging_mixin.py:188} INFO - [2024-07-26T07:16:30.619+0000] {dagbag.py:545} INFO - Filling up the DagBag from /opt/airflow/dags/7_postgres_dag.py
[2024-07-26T07:16:30.627+0000] {processor.py:840} INFO - DAG(s) 'postgres_dag' retrieved from /opt/airflow/dags/7_postgres_dag.py
[2024-07-26T07:16:30.640+0000] {logging_mixin.py:188} INFO - [2024-07-26T07:16:30.640+0000] {dag.py:3089} INFO - Sync 1 DAGs
[2024-07-26T07:16:30.649+0000] {logging_mixin.py:188} INFO - [2024-07-26T07:16:30.649+0000] {dag.py:3947} INFO - Setting next_dagrun for postgres_dag to 2024-07-25 00:00:00+00:00, run_after=2024-07-26 00:00:00+00:00
[2024-07-26T07:16:30.656+0000] {processor.py:183} INFO - Processing /opt/airflow/dags/7_postgres_dag.py took 0.041 seconds
[2024-07-26T07:17:01.022+0000] {processor.py:161} INFO - Started process (PID=2956) to work on /opt/airflow/dags/7_postgres_dag.py
[2024-07-26T07:17:01.023+0000] {processor.py:830} INFO - Processing file /opt/airflow/dags/7_postgres_dag.py for tasks to queue
[2024-07-26T07:17:01.023+0000] {logging_mixin.py:188} INFO - [2024-07-26T07:17:01.023+0000] {dagbag.py:545} INFO - Filling up the DagBag from /opt/airflow/dags/7_postgres_dag.py
[2024-07-26T07:17:01.030+0000] {processor.py:840} INFO - DAG(s) 'postgres_dag' retrieved from /opt/airflow/dags/7_postgres_dag.py
[2024-07-26T07:17:01.041+0000] {logging_mixin.py:188} INFO - [2024-07-26T07:17:01.041+0000] {dag.py:3089} INFO - Sync 1 DAGs
[2024-07-26T07:17:01.049+0000] {logging_mixin.py:188} INFO - [2024-07-26T07:17:01.049+0000] {dag.py:3947} INFO - Setting next_dagrun for postgres_dag to 2024-07-25 00:00:00+00:00, run_after=2024-07-26 00:00:00+00:00
[2024-07-26T07:17:01.054+0000] {processor.py:183} INFO - Processing /opt/airflow/dags/7_postgres_dag.py took 0.035 seconds
[2024-07-26T07:17:31.756+0000] {processor.py:161} INFO - Started process (PID=2971) to work on /opt/airflow/dags/7_postgres_dag.py
[2024-07-26T07:17:31.757+0000] {processor.py:830} INFO - Processing file /opt/airflow/dags/7_postgres_dag.py for tasks to queue
[2024-07-26T07:17:31.757+0000] {logging_mixin.py:188} INFO - [2024-07-26T07:17:31.757+0000] {dagbag.py:545} INFO - Filling up the DagBag from /opt/airflow/dags/7_postgres_dag.py
[2024-07-26T07:17:31.763+0000] {processor.py:840} INFO - DAG(s) 'postgres_dag' retrieved from /opt/airflow/dags/7_postgres_dag.py
[2024-07-26T07:17:31.773+0000] {logging_mixin.py:188} INFO - [2024-07-26T07:17:31.773+0000] {dag.py:3089} INFO - Sync 1 DAGs
[2024-07-26T07:17:31.781+0000] {logging_mixin.py:188} INFO - [2024-07-26T07:17:31.781+0000] {dag.py:3947} INFO - Setting next_dagrun for postgres_dag to 2024-07-25 00:00:00+00:00, run_after=2024-07-26 00:00:00+00:00
[2024-07-26T07:17:31.786+0000] {processor.py:183} INFO - Processing /opt/airflow/dags/7_postgres_dag.py took 0.033 seconds
[2024-07-26T07:18:02.493+0000] {processor.py:161} INFO - Started process (PID=2986) to work on /opt/airflow/dags/7_postgres_dag.py
[2024-07-26T07:18:02.494+0000] {processor.py:830} INFO - Processing file /opt/airflow/dags/7_postgres_dag.py for tasks to queue
[2024-07-26T07:18:02.494+0000] {logging_mixin.py:188} INFO - [2024-07-26T07:18:02.494+0000] {dagbag.py:545} INFO - Filling up the DagBag from /opt/airflow/dags/7_postgres_dag.py
[2024-07-26T07:18:02.499+0000] {processor.py:840} INFO - DAG(s) 'postgres_dag' retrieved from /opt/airflow/dags/7_postgres_dag.py
[2024-07-26T07:18:02.509+0000] {logging_mixin.py:188} INFO - [2024-07-26T07:18:02.509+0000] {dag.py:3089} INFO - Sync 1 DAGs
[2024-07-26T07:18:02.516+0000] {logging_mixin.py:188} INFO - [2024-07-26T07:18:02.516+0000] {dag.py:3947} INFO - Setting next_dagrun for postgres_dag to 2024-07-25 00:00:00+00:00, run_after=2024-07-26 00:00:00+00:00
[2024-07-26T07:18:02.521+0000] {processor.py:183} INFO - Processing /opt/airflow/dags/7_postgres_dag.py took 0.030 seconds
[2024-07-26T07:18:32.671+0000] {processor.py:161} INFO - Started process (PID=3002) to work on /opt/airflow/dags/7_postgres_dag.py
[2024-07-26T07:18:32.672+0000] {processor.py:830} INFO - Processing file /opt/airflow/dags/7_postgres_dag.py for tasks to queue
[2024-07-26T07:18:32.672+0000] {logging_mixin.py:188} INFO - [2024-07-26T07:18:32.672+0000] {dagbag.py:545} INFO - Filling up the DagBag from /opt/airflow/dags/7_postgres_dag.py
[2024-07-26T07:18:32.680+0000] {processor.py:840} INFO - DAG(s) 'postgres_dag' retrieved from /opt/airflow/dags/7_postgres_dag.py
[2024-07-26T07:18:32.692+0000] {logging_mixin.py:188} INFO - [2024-07-26T07:18:32.692+0000] {dag.py:3089} INFO - Sync 1 DAGs
[2024-07-26T07:18:32.700+0000] {logging_mixin.py:188} INFO - [2024-07-26T07:18:32.700+0000] {dag.py:3947} INFO - Setting next_dagrun for postgres_dag to 2024-07-25 00:00:00+00:00, run_after=2024-07-26 00:00:00+00:00
[2024-07-26T07:18:32.705+0000] {processor.py:183} INFO - Processing /opt/airflow/dags/7_postgres_dag.py took 0.039 seconds
[2024-07-26T07:19:03.528+0000] {processor.py:161} INFO - Started process (PID=3017) to work on /opt/airflow/dags/7_postgres_dag.py
[2024-07-26T07:19:03.529+0000] {processor.py:830} INFO - Processing file /opt/airflow/dags/7_postgres_dag.py for tasks to queue
[2024-07-26T07:19:03.529+0000] {logging_mixin.py:188} INFO - [2024-07-26T07:19:03.529+0000] {dagbag.py:545} INFO - Filling up the DagBag from /opt/airflow/dags/7_postgres_dag.py
[2024-07-26T07:19:03.535+0000] {processor.py:840} INFO - DAG(s) 'postgres_dag' retrieved from /opt/airflow/dags/7_postgres_dag.py
[2024-07-26T07:19:03.550+0000] {logging_mixin.py:188} INFO - [2024-07-26T07:19:03.550+0000] {dag.py:3089} INFO - Sync 1 DAGs
[2024-07-26T07:19:03.566+0000] {logging_mixin.py:188} INFO - [2024-07-26T07:19:03.566+0000] {dag.py:3947} INFO - Setting next_dagrun for postgres_dag to 2024-07-25 00:00:00+00:00, run_after=2024-07-26 00:00:00+00:00
[2024-07-26T07:19:03.576+0000] {processor.py:183} INFO - Processing /opt/airflow/dags/7_postgres_dag.py took 0.051 seconds
[2024-07-26T07:19:33.853+0000] {processor.py:161} INFO - Started process (PID=3033) to work on /opt/airflow/dags/7_postgres_dag.py
[2024-07-26T07:19:33.853+0000] {processor.py:830} INFO - Processing file /opt/airflow/dags/7_postgres_dag.py for tasks to queue
[2024-07-26T07:19:33.854+0000] {logging_mixin.py:188} INFO - [2024-07-26T07:19:33.854+0000] {dagbag.py:545} INFO - Filling up the DagBag from /opt/airflow/dags/7_postgres_dag.py
[2024-07-26T07:19:33.861+0000] {processor.py:840} INFO - DAG(s) 'postgres_dag' retrieved from /opt/airflow/dags/7_postgres_dag.py
[2024-07-26T07:19:33.874+0000] {logging_mixin.py:188} INFO - [2024-07-26T07:19:33.874+0000] {dag.py:3089} INFO - Sync 1 DAGs
[2024-07-26T07:19:33.885+0000] {logging_mixin.py:188} INFO - [2024-07-26T07:19:33.883+0000] {dag.py:3947} INFO - Setting next_dagrun for postgres_dag to 2024-07-25 00:00:00+00:00, run_after=2024-07-26 00:00:00+00:00
[2024-07-26T07:19:33.890+0000] {processor.py:183} INFO - Processing /opt/airflow/dags/7_postgres_dag.py took 0.041 seconds
[2024-07-26T07:20:04.836+0000] {processor.py:161} INFO - Started process (PID=3048) to work on /opt/airflow/dags/7_postgres_dag.py
[2024-07-26T07:20:04.837+0000] {processor.py:830} INFO - Processing file /opt/airflow/dags/7_postgres_dag.py for tasks to queue
[2024-07-26T07:20:04.838+0000] {logging_mixin.py:188} INFO - [2024-07-26T07:20:04.837+0000] {dagbag.py:545} INFO - Filling up the DagBag from /opt/airflow/dags/7_postgres_dag.py
[2024-07-26T07:20:04.849+0000] {processor.py:840} INFO - DAG(s) 'postgres_dag' retrieved from /opt/airflow/dags/7_postgres_dag.py
[2024-07-26T07:20:04.867+0000] {logging_mixin.py:188} INFO - [2024-07-26T07:20:04.867+0000] {dag.py:3089} INFO - Sync 1 DAGs
[2024-07-26T07:20:04.875+0000] {logging_mixin.py:188} INFO - [2024-07-26T07:20:04.875+0000] {dag.py:3947} INFO - Setting next_dagrun for postgres_dag to 2024-07-25 00:00:00+00:00, run_after=2024-07-26 00:00:00+00:00
[2024-07-26T07:20:04.881+0000] {processor.py:183} INFO - Processing /opt/airflow/dags/7_postgres_dag.py took 0.049 seconds
[2024-07-26T07:20:35.609+0000] {processor.py:161} INFO - Started process (PID=3063) to work on /opt/airflow/dags/7_postgres_dag.py
[2024-07-26T07:20:35.609+0000] {processor.py:830} INFO - Processing file /opt/airflow/dags/7_postgres_dag.py for tasks to queue
[2024-07-26T07:20:35.609+0000] {logging_mixin.py:188} INFO - [2024-07-26T07:20:35.609+0000] {dagbag.py:545} INFO - Filling up the DagBag from /opt/airflow/dags/7_postgres_dag.py
[2024-07-26T07:20:35.613+0000] {processor.py:840} INFO - DAG(s) 'postgres_dag' retrieved from /opt/airflow/dags/7_postgres_dag.py
[2024-07-26T07:20:35.631+0000] {logging_mixin.py:188} INFO - [2024-07-26T07:20:35.630+0000] {dag.py:3089} INFO - Sync 1 DAGs
[2024-07-26T07:20:35.638+0000] {logging_mixin.py:188} INFO - [2024-07-26T07:20:35.638+0000] {dag.py:3947} INFO - Setting next_dagrun for postgres_dag to 2024-07-25 00:00:00+00:00, run_after=2024-07-26 00:00:00+00:00
[2024-07-26T07:20:35.643+0000] {processor.py:183} INFO - Processing /opt/airflow/dags/7_postgres_dag.py took 0.036 seconds
[2024-07-26T07:21:06.102+0000] {processor.py:161} INFO - Started process (PID=3082) to work on /opt/airflow/dags/7_postgres_dag.py
[2024-07-26T07:21:06.103+0000] {processor.py:830} INFO - Processing file /opt/airflow/dags/7_postgres_dag.py for tasks to queue
[2024-07-26T07:21:06.104+0000] {logging_mixin.py:188} INFO - [2024-07-26T07:21:06.104+0000] {dagbag.py:545} INFO - Filling up the DagBag from /opt/airflow/dags/7_postgres_dag.py
[2024-07-26T07:21:06.116+0000] {processor.py:840} INFO - DAG(s) 'postgres_dag' retrieved from /opt/airflow/dags/7_postgres_dag.py
[2024-07-26T07:21:06.142+0000] {logging_mixin.py:188} INFO - [2024-07-26T07:21:06.142+0000] {dag.py:3089} INFO - Sync 1 DAGs
[2024-07-26T07:21:06.160+0000] {logging_mixin.py:188} INFO - [2024-07-26T07:21:06.160+0000] {dag.py:3947} INFO - Setting next_dagrun for postgres_dag to 2024-07-25 00:00:00+00:00, run_after=2024-07-26 00:00:00+00:00
[2024-07-26T07:21:06.261+0000] {processor.py:183} INFO - Processing /opt/airflow/dags/7_postgres_dag.py took 0.163 seconds
[2024-07-26T07:21:37.166+0000] {processor.py:161} INFO - Started process (PID=3097) to work on /opt/airflow/dags/7_postgres_dag.py
[2024-07-26T07:21:37.167+0000] {processor.py:830} INFO - Processing file /opt/airflow/dags/7_postgres_dag.py for tasks to queue
[2024-07-26T07:21:37.168+0000] {logging_mixin.py:188} INFO - [2024-07-26T07:21:37.168+0000] {dagbag.py:545} INFO - Filling up the DagBag from /opt/airflow/dags/7_postgres_dag.py
[2024-07-26T07:21:37.178+0000] {processor.py:840} INFO - DAG(s) 'postgres_dag' retrieved from /opt/airflow/dags/7_postgres_dag.py
[2024-07-26T07:21:37.189+0000] {logging_mixin.py:188} INFO - [2024-07-26T07:21:37.189+0000] {dag.py:3089} INFO - Sync 1 DAGs
[2024-07-26T07:21:37.198+0000] {logging_mixin.py:188} INFO - [2024-07-26T07:21:37.198+0000] {dag.py:3947} INFO - Setting next_dagrun for postgres_dag to 2024-07-25 00:00:00+00:00, run_after=2024-07-26 00:00:00+00:00
[2024-07-26T07:21:37.206+0000] {processor.py:183} INFO - Processing /opt/airflow/dags/7_postgres_dag.py took 0.044 seconds
[2024-07-26T07:22:07.363+0000] {processor.py:161} INFO - Started process (PID=3114) to work on /opt/airflow/dags/7_postgres_dag.py
[2024-07-26T07:22:07.364+0000] {processor.py:830} INFO - Processing file /opt/airflow/dags/7_postgres_dag.py for tasks to queue
[2024-07-26T07:22:07.365+0000] {logging_mixin.py:188} INFO - [2024-07-26T07:22:07.364+0000] {dagbag.py:545} INFO - Filling up the DagBag from /opt/airflow/dags/7_postgres_dag.py
[2024-07-26T07:22:07.370+0000] {processor.py:840} INFO - DAG(s) 'postgres_dag' retrieved from /opt/airflow/dags/7_postgres_dag.py
[2024-07-26T07:22:07.389+0000] {logging_mixin.py:188} INFO - [2024-07-26T07:22:07.389+0000] {dag.py:3089} INFO - Sync 1 DAGs
[2024-07-26T07:22:07.405+0000] {logging_mixin.py:188} INFO - [2024-07-26T07:22:07.404+0000] {dag.py:3947} INFO - Setting next_dagrun for postgres_dag to 2024-07-25 00:00:00+00:00, run_after=2024-07-26 00:00:00+00:00
[2024-07-26T07:22:07.421+0000] {processor.py:183} INFO - Processing /opt/airflow/dags/7_postgres_dag.py took 0.062 seconds
[2024-07-26T07:22:37.621+0000] {processor.py:161} INFO - Started process (PID=3130) to work on /opt/airflow/dags/7_postgres_dag.py
[2024-07-26T07:22:37.622+0000] {processor.py:830} INFO - Processing file /opt/airflow/dags/7_postgres_dag.py for tasks to queue
[2024-07-26T07:22:37.623+0000] {logging_mixin.py:188} INFO - [2024-07-26T07:22:37.622+0000] {dagbag.py:545} INFO - Filling up the DagBag from /opt/airflow/dags/7_postgres_dag.py
[2024-07-26T07:22:37.628+0000] {processor.py:840} INFO - DAG(s) 'postgres_dag' retrieved from /opt/airflow/dags/7_postgres_dag.py
[2024-07-26T07:22:37.641+0000] {logging_mixin.py:188} INFO - [2024-07-26T07:22:37.640+0000] {dag.py:3089} INFO - Sync 1 DAGs
[2024-07-26T07:22:37.650+0000] {logging_mixin.py:188} INFO - [2024-07-26T07:22:37.650+0000] {dag.py:3947} INFO - Setting next_dagrun for postgres_dag to 2024-07-25 00:00:00+00:00, run_after=2024-07-26 00:00:00+00:00
[2024-07-26T07:22:37.656+0000] {processor.py:183} INFO - Processing /opt/airflow/dags/7_postgres_dag.py took 0.038 seconds
[2024-07-26T07:23:08.389+0000] {processor.py:161} INFO - Started process (PID=3145) to work on /opt/airflow/dags/7_postgres_dag.py
[2024-07-26T07:23:08.389+0000] {processor.py:830} INFO - Processing file /opt/airflow/dags/7_postgres_dag.py for tasks to queue
[2024-07-26T07:23:08.389+0000] {logging_mixin.py:188} INFO - [2024-07-26T07:23:08.389+0000] {dagbag.py:545} INFO - Filling up the DagBag from /opt/airflow/dags/7_postgres_dag.py
[2024-07-26T07:23:08.393+0000] {processor.py:840} INFO - DAG(s) 'postgres_dag' retrieved from /opt/airflow/dags/7_postgres_dag.py
[2024-07-26T07:23:08.402+0000] {logging_mixin.py:188} INFO - [2024-07-26T07:23:08.402+0000] {dag.py:3089} INFO - Sync 1 DAGs
[2024-07-26T07:23:08.409+0000] {logging_mixin.py:188} INFO - [2024-07-26T07:23:08.409+0000] {dag.py:3947} INFO - Setting next_dagrun for postgres_dag to 2024-07-25 00:00:00+00:00, run_after=2024-07-26 00:00:00+00:00
[2024-07-26T07:23:08.414+0000] {processor.py:183} INFO - Processing /opt/airflow/dags/7_postgres_dag.py took 0.028 seconds
[2024-07-26T07:23:39.226+0000] {processor.py:161} INFO - Started process (PID=3160) to work on /opt/airflow/dags/7_postgres_dag.py
[2024-07-26T07:23:39.227+0000] {processor.py:830} INFO - Processing file /opt/airflow/dags/7_postgres_dag.py for tasks to queue
[2024-07-26T07:23:39.227+0000] {logging_mixin.py:188} INFO - [2024-07-26T07:23:39.227+0000] {dagbag.py:545} INFO - Filling up the DagBag from /opt/airflow/dags/7_postgres_dag.py
[2024-07-26T07:23:39.232+0000] {processor.py:840} INFO - DAG(s) 'postgres_dag' retrieved from /opt/airflow/dags/7_postgres_dag.py
[2024-07-26T07:23:39.243+0000] {logging_mixin.py:188} INFO - [2024-07-26T07:23:39.243+0000] {dag.py:3089} INFO - Sync 1 DAGs
[2024-07-26T07:23:39.251+0000] {logging_mixin.py:188} INFO - [2024-07-26T07:23:39.251+0000] {dag.py:3947} INFO - Setting next_dagrun for postgres_dag to 2024-07-25 00:00:00+00:00, run_after=2024-07-26 00:00:00+00:00
[2024-07-26T07:23:39.257+0000] {processor.py:183} INFO - Processing /opt/airflow/dags/7_postgres_dag.py took 0.033 seconds
[2024-07-26T07:24:09.566+0000] {processor.py:161} INFO - Started process (PID=3175) to work on /opt/airflow/dags/7_postgres_dag.py
[2024-07-26T07:24:09.567+0000] {processor.py:830} INFO - Processing file /opt/airflow/dags/7_postgres_dag.py for tasks to queue
[2024-07-26T07:24:09.567+0000] {logging_mixin.py:188} INFO - [2024-07-26T07:24:09.567+0000] {dagbag.py:545} INFO - Filling up the DagBag from /opt/airflow/dags/7_postgres_dag.py
[2024-07-26T07:24:09.572+0000] {processor.py:840} INFO - DAG(s) 'postgres_dag' retrieved from /opt/airflow/dags/7_postgres_dag.py
[2024-07-26T07:24:09.581+0000] {logging_mixin.py:188} INFO - [2024-07-26T07:24:09.581+0000] {dag.py:3089} INFO - Sync 1 DAGs
[2024-07-26T07:24:09.589+0000] {logging_mixin.py:188} INFO - [2024-07-26T07:24:09.589+0000] {dag.py:3947} INFO - Setting next_dagrun for postgres_dag to 2024-07-25 00:00:00+00:00, run_after=2024-07-26 00:00:00+00:00
[2024-07-26T07:24:09.594+0000] {processor.py:183} INFO - Processing /opt/airflow/dags/7_postgres_dag.py took 0.030 seconds
[2024-07-26T07:24:40.343+0000] {processor.py:161} INFO - Started process (PID=3193) to work on /opt/airflow/dags/7_postgres_dag.py
[2024-07-26T07:24:40.345+0000] {processor.py:830} INFO - Processing file /opt/airflow/dags/7_postgres_dag.py for tasks to queue
[2024-07-26T07:24:40.346+0000] {logging_mixin.py:188} INFO - [2024-07-26T07:24:40.346+0000] {dagbag.py:545} INFO - Filling up the DagBag from /opt/airflow/dags/7_postgres_dag.py
[2024-07-26T07:24:40.351+0000] {processor.py:840} INFO - DAG(s) 'postgres_dag' retrieved from /opt/airflow/dags/7_postgres_dag.py
[2024-07-26T07:24:40.361+0000] {logging_mixin.py:188} INFO - [2024-07-26T07:24:40.361+0000] {dag.py:3089} INFO - Sync 1 DAGs
[2024-07-26T07:24:40.369+0000] {logging_mixin.py:188} INFO - [2024-07-26T07:24:40.368+0000] {dag.py:3947} INFO - Setting next_dagrun for postgres_dag to 2024-07-25 00:00:00+00:00, run_after=2024-07-26 00:00:00+00:00
[2024-07-26T07:24:40.374+0000] {processor.py:183} INFO - Processing /opt/airflow/dags/7_postgres_dag.py took 0.033 seconds
[2024-07-26T07:25:11.052+0000] {processor.py:161} INFO - Started process (PID=3208) to work on /opt/airflow/dags/7_postgres_dag.py
[2024-07-26T07:25:11.052+0000] {processor.py:830} INFO - Processing file /opt/airflow/dags/7_postgres_dag.py for tasks to queue
[2024-07-26T07:25:11.053+0000] {logging_mixin.py:188} INFO - [2024-07-26T07:25:11.053+0000] {dagbag.py:545} INFO - Filling up the DagBag from /opt/airflow/dags/7_postgres_dag.py
[2024-07-26T07:25:11.059+0000] {processor.py:840} INFO - DAG(s) 'postgres_dag' retrieved from /opt/airflow/dags/7_postgres_dag.py
[2024-07-26T07:25:11.077+0000] {logging_mixin.py:188} INFO - [2024-07-26T07:25:11.076+0000] {dag.py:3089} INFO - Sync 1 DAGs
[2024-07-26T07:25:11.086+0000] {logging_mixin.py:188} INFO - [2024-07-26T07:25:11.086+0000] {dag.py:3947} INFO - Setting next_dagrun for postgres_dag to 2024-07-25 00:00:00+00:00, run_after=2024-07-26 00:00:00+00:00
[2024-07-26T07:25:11.092+0000] {processor.py:183} INFO - Processing /opt/airflow/dags/7_postgres_dag.py took 0.043 seconds
[2024-07-26T07:25:21.291+0000] {processor.py:161} INFO - Started process (PID=3210) to work on /opt/airflow/dags/7_postgres_dag.py
[2024-07-26T07:25:21.295+0000] {processor.py:830} INFO - Processing file /opt/airflow/dags/7_postgres_dag.py for tasks to queue
[2024-07-26T07:25:21.297+0000] {logging_mixin.py:188} INFO - [2024-07-26T07:25:21.296+0000] {dagbag.py:545} INFO - Filling up the DagBag from /opt/airflow/dags/7_postgres_dag.py
[2024-07-26T07:25:21.317+0000] {processor.py:840} INFO - DAG(s) 'postgres_dag' retrieved from /opt/airflow/dags/7_postgres_dag.py
[2024-07-26T07:25:21.344+0000] {logging_mixin.py:188} INFO - [2024-07-26T07:25:21.344+0000] {dag.py:3089} INFO - Sync 1 DAGs
[2024-07-26T07:25:21.373+0000] {logging_mixin.py:188} INFO - [2024-07-26T07:25:21.373+0000] {dag.py:3947} INFO - Setting next_dagrun for postgres_dag to 2024-07-25 00:00:00+00:00, run_after=2024-07-26 00:00:00+00:00
[2024-07-26T07:25:21.382+0000] {processor.py:183} INFO - Processing /opt/airflow/dags/7_postgres_dag.py took 0.135 seconds
[2024-07-26T07:25:52.018+0000] {processor.py:161} INFO - Started process (PID=3225) to work on /opt/airflow/dags/7_postgres_dag.py
[2024-07-26T07:25:52.020+0000] {processor.py:830} INFO - Processing file /opt/airflow/dags/7_postgres_dag.py for tasks to queue
[2024-07-26T07:25:52.022+0000] {logging_mixin.py:188} INFO - [2024-07-26T07:25:52.021+0000] {dagbag.py:545} INFO - Filling up the DagBag from /opt/airflow/dags/7_postgres_dag.py
[2024-07-26T07:25:52.037+0000] {processor.py:840} INFO - DAG(s) 'postgres_dag' retrieved from /opt/airflow/dags/7_postgres_dag.py
[2024-07-26T07:25:52.072+0000] {logging_mixin.py:188} INFO - [2024-07-26T07:25:52.071+0000] {dag.py:3089} INFO - Sync 1 DAGs
[2024-07-26T07:25:52.091+0000] {logging_mixin.py:188} INFO - [2024-07-26T07:25:52.091+0000] {dag.py:3947} INFO - Setting next_dagrun for postgres_dag to 2024-07-25 00:00:00+00:00, run_after=2024-07-26 00:00:00+00:00
[2024-07-26T07:25:52.099+0000] {processor.py:183} INFO - Processing /opt/airflow/dags/7_postgres_dag.py took 0.092 seconds
[2024-07-26T07:26:22.190+0000] {processor.py:161} INFO - Started process (PID=3240) to work on /opt/airflow/dags/7_postgres_dag.py
[2024-07-26T07:26:22.192+0000] {processor.py:830} INFO - Processing file /opt/airflow/dags/7_postgres_dag.py for tasks to queue
[2024-07-26T07:26:22.192+0000] {logging_mixin.py:188} INFO - [2024-07-26T07:26:22.192+0000] {dagbag.py:545} INFO - Filling up the DagBag from /opt/airflow/dags/7_postgres_dag.py
[2024-07-26T07:26:22.199+0000] {processor.py:840} INFO - DAG(s) 'postgres_dag' retrieved from /opt/airflow/dags/7_postgres_dag.py
[2024-07-26T07:26:22.213+0000] {logging_mixin.py:188} INFO - [2024-07-26T07:26:22.213+0000] {dag.py:3089} INFO - Sync 1 DAGs
[2024-07-26T07:26:22.224+0000] {logging_mixin.py:188} INFO - [2024-07-26T07:26:22.224+0000] {dag.py:3947} INFO - Setting next_dagrun for postgres_dag to 2024-07-25 00:00:00+00:00, run_after=2024-07-26 00:00:00+00:00
[2024-07-26T07:26:22.234+0000] {processor.py:183} INFO - Processing /opt/airflow/dags/7_postgres_dag.py took 0.048 seconds
[2024-07-26T07:26:52.546+0000] {processor.py:161} INFO - Started process (PID=3255) to work on /opt/airflow/dags/7_postgres_dag.py
[2024-07-26T07:26:52.548+0000] {processor.py:830} INFO - Processing file /opt/airflow/dags/7_postgres_dag.py for tasks to queue
[2024-07-26T07:26:52.549+0000] {logging_mixin.py:188} INFO - [2024-07-26T07:26:52.548+0000] {dagbag.py:545} INFO - Filling up the DagBag from /opt/airflow/dags/7_postgres_dag.py
[2024-07-26T07:26:52.558+0000] {processor.py:840} INFO - DAG(s) 'postgres_dag' retrieved from /opt/airflow/dags/7_postgres_dag.py
[2024-07-26T07:26:52.575+0000] {logging_mixin.py:188} INFO - [2024-07-26T07:26:52.575+0000] {dag.py:3089} INFO - Sync 1 DAGs
[2024-07-26T07:26:52.586+0000] {logging_mixin.py:188} INFO - [2024-07-26T07:26:52.586+0000] {dag.py:3947} INFO - Setting next_dagrun for postgres_dag to 2024-07-25 00:00:00+00:00, run_after=2024-07-26 00:00:00+00:00
[2024-07-26T07:26:52.593+0000] {processor.py:183} INFO - Processing /opt/airflow/dags/7_postgres_dag.py took 0.053 seconds
[2024-07-26T07:27:23.239+0000] {processor.py:161} INFO - Started process (PID=3270) to work on /opt/airflow/dags/7_postgres_dag.py
[2024-07-26T07:27:23.240+0000] {processor.py:830} INFO - Processing file /opt/airflow/dags/7_postgres_dag.py for tasks to queue
[2024-07-26T07:27:23.241+0000] {logging_mixin.py:188} INFO - [2024-07-26T07:27:23.241+0000] {dagbag.py:545} INFO - Filling up the DagBag from /opt/airflow/dags/7_postgres_dag.py
[2024-07-26T07:27:23.254+0000] {processor.py:840} INFO - DAG(s) 'postgres_dag' retrieved from /opt/airflow/dags/7_postgres_dag.py
[2024-07-26T07:27:23.270+0000] {logging_mixin.py:188} INFO - [2024-07-26T07:27:23.270+0000] {dag.py:3089} INFO - Sync 1 DAGs
[2024-07-26T07:27:23.281+0000] {logging_mixin.py:188} INFO - [2024-07-26T07:27:23.280+0000] {dag.py:3947} INFO - Setting next_dagrun for postgres_dag to 2024-07-25 00:00:00+00:00, run_after=2024-07-26 00:00:00+00:00
[2024-07-26T07:27:23.288+0000] {processor.py:183} INFO - Processing /opt/airflow/dags/7_postgres_dag.py took 0.057 seconds
[2024-07-26T07:27:54.193+0000] {processor.py:161} INFO - Started process (PID=3285) to work on /opt/airflow/dags/7_postgres_dag.py
[2024-07-26T07:27:54.197+0000] {processor.py:830} INFO - Processing file /opt/airflow/dags/7_postgres_dag.py for tasks to queue
[2024-07-26T07:27:54.199+0000] {logging_mixin.py:188} INFO - [2024-07-26T07:27:54.198+0000] {dagbag.py:545} INFO - Filling up the DagBag from /opt/airflow/dags/7_postgres_dag.py
[2024-07-26T07:27:54.214+0000] {processor.py:840} INFO - DAG(s) 'postgres_dag' retrieved from /opt/airflow/dags/7_postgres_dag.py
[2024-07-26T07:27:54.236+0000] {logging_mixin.py:188} INFO - [2024-07-26T07:27:54.236+0000] {dag.py:3089} INFO - Sync 1 DAGs
[2024-07-26T07:27:54.252+0000] {logging_mixin.py:188} INFO - [2024-07-26T07:27:54.252+0000] {dag.py:3947} INFO - Setting next_dagrun for postgres_dag to 2024-07-25 00:00:00+00:00, run_after=2024-07-26 00:00:00+00:00
[2024-07-26T07:27:54.261+0000] {processor.py:183} INFO - Processing /opt/airflow/dags/7_postgres_dag.py took 0.144 seconds
[2024-07-26T07:28:10.476+0000] {processor.py:161} INFO - Started process (PID=3293) to work on /opt/airflow/dags/7_postgres_dag.py
[2024-07-26T07:28:10.486+0000] {processor.py:830} INFO - Processing file /opt/airflow/dags/7_postgres_dag.py for tasks to queue
[2024-07-26T07:28:10.495+0000] {logging_mixin.py:188} INFO - [2024-07-26T07:28:10.493+0000] {dagbag.py:545} INFO - Filling up the DagBag from /opt/airflow/dags/7_postgres_dag.py
[2024-07-26T07:28:10.566+0000] {processor.py:840} INFO - DAG(s) 'postgres_dag' retrieved from /opt/airflow/dags/7_postgres_dag.py
[2024-07-26T07:28:10.593+0000] {logging_mixin.py:188} INFO - [2024-07-26T07:28:10.592+0000] {dag.py:3089} INFO - Sync 1 DAGs
[2024-07-26T07:28:10.620+0000] {logging_mixin.py:188} INFO - [2024-07-26T07:28:10.619+0000] {dag.py:3947} INFO - Setting next_dagrun for postgres_dag to 2024-07-25 00:00:00+00:00, run_after=2024-07-26 00:00:00+00:00
[2024-07-26T07:28:10.633+0000] {processor.py:183} INFO - Processing /opt/airflow/dags/7_postgres_dag.py took 0.195 seconds
[2024-07-26T07:28:39.613+0000] {processor.py:161} INFO - Started process (PID=3309) to work on /opt/airflow/dags/7_postgres_dag.py
[2024-07-26T07:28:39.614+0000] {processor.py:830} INFO - Processing file /opt/airflow/dags/7_postgres_dag.py for tasks to queue
[2024-07-26T07:28:39.615+0000] {logging_mixin.py:188} INFO - [2024-07-26T07:28:39.615+0000] {dagbag.py:545} INFO - Filling up the DagBag from /opt/airflow/dags/7_postgres_dag.py
[2024-07-26T07:28:39.630+0000] {processor.py:840} INFO - DAG(s) 'postgres_dag' retrieved from /opt/airflow/dags/7_postgres_dag.py
[2024-07-26T07:28:39.659+0000] {logging_mixin.py:188} INFO - [2024-07-26T07:28:39.659+0000] {dag.py:3089} INFO - Sync 1 DAGs
[2024-07-26T07:28:39.675+0000] {logging_mixin.py:188} INFO - [2024-07-26T07:28:39.675+0000] {dag.py:3947} INFO - Setting next_dagrun for postgres_dag to 2024-07-25 00:00:00+00:00, run_after=2024-07-26 00:00:00+00:00
[2024-07-26T07:28:39.684+0000] {processor.py:183} INFO - Processing /opt/airflow/dags/7_postgres_dag.py took 0.082 seconds
[2024-07-26T07:29:10.453+0000] {processor.py:161} INFO - Started process (PID=3324) to work on /opt/airflow/dags/7_postgres_dag.py
[2024-07-26T07:29:10.455+0000] {processor.py:830} INFO - Processing file /opt/airflow/dags/7_postgres_dag.py for tasks to queue
[2024-07-26T07:29:10.456+0000] {logging_mixin.py:188} INFO - [2024-07-26T07:29:10.456+0000] {dagbag.py:545} INFO - Filling up the DagBag from /opt/airflow/dags/7_postgres_dag.py
[2024-07-26T07:29:10.466+0000] {processor.py:840} INFO - DAG(s) 'postgres_dag' retrieved from /opt/airflow/dags/7_postgres_dag.py
[2024-07-26T07:29:10.485+0000] {logging_mixin.py:188} INFO - [2024-07-26T07:29:10.484+0000] {dag.py:3089} INFO - Sync 1 DAGs
[2024-07-26T07:29:10.497+0000] {logging_mixin.py:188} INFO - [2024-07-26T07:29:10.497+0000] {dag.py:3947} INFO - Setting next_dagrun for postgres_dag to 2024-07-25 00:00:00+00:00, run_after=2024-07-26 00:00:00+00:00
[2024-07-26T07:29:10.821+0000] {processor.py:183} INFO - Processing /opt/airflow/dags/7_postgres_dag.py took 0.375 seconds
[2024-07-26T07:29:41.003+0000] {processor.py:161} INFO - Started process (PID=3339) to work on /opt/airflow/dags/7_postgres_dag.py
[2024-07-26T07:29:41.006+0000] {processor.py:830} INFO - Processing file /opt/airflow/dags/7_postgres_dag.py for tasks to queue
[2024-07-26T07:29:41.008+0000] {logging_mixin.py:188} INFO - [2024-07-26T07:29:41.007+0000] {dagbag.py:545} INFO - Filling up the DagBag from /opt/airflow/dags/7_postgres_dag.py
[2024-07-26T07:29:41.028+0000] {processor.py:840} INFO - DAG(s) 'postgres_dag' retrieved from /opt/airflow/dags/7_postgres_dag.py
[2024-07-26T07:29:41.073+0000] {logging_mixin.py:188} INFO - [2024-07-26T07:29:41.073+0000] {dag.py:3089} INFO - Sync 1 DAGs
[2024-07-26T07:29:41.087+0000] {logging_mixin.py:188} INFO - [2024-07-26T07:29:41.087+0000] {dag.py:3947} INFO - Setting next_dagrun for postgres_dag to 2024-07-25 00:00:00+00:00, run_after=2024-07-26 00:00:00+00:00
[2024-07-26T07:29:41.095+0000] {processor.py:183} INFO - Processing /opt/airflow/dags/7_postgres_dag.py took 0.123 seconds
[2024-07-26T07:30:12.010+0000] {processor.py:161} INFO - Started process (PID=3357) to work on /opt/airflow/dags/7_postgres_dag.py
[2024-07-26T07:30:12.012+0000] {processor.py:830} INFO - Processing file /opt/airflow/dags/7_postgres_dag.py for tasks to queue
[2024-07-26T07:30:12.013+0000] {logging_mixin.py:188} INFO - [2024-07-26T07:30:12.013+0000] {dagbag.py:545} INFO - Filling up the DagBag from /opt/airflow/dags/7_postgres_dag.py
[2024-07-26T07:30:12.026+0000] {processor.py:840} INFO - DAG(s) 'postgres_dag' retrieved from /opt/airflow/dags/7_postgres_dag.py
[2024-07-26T07:30:12.047+0000] {logging_mixin.py:188} INFO - [2024-07-26T07:30:12.046+0000] {dag.py:3089} INFO - Sync 1 DAGs
[2024-07-26T07:30:12.058+0000] {logging_mixin.py:188} INFO - [2024-07-26T07:30:12.058+0000] {dag.py:3947} INFO - Setting next_dagrun for postgres_dag to 2024-07-25 00:00:00+00:00, run_after=2024-07-26 00:00:00+00:00
[2024-07-26T07:30:12.065+0000] {processor.py:183} INFO - Processing /opt/airflow/dags/7_postgres_dag.py took 0.063 seconds
[2024-07-26T07:30:42.994+0000] {processor.py:161} INFO - Started process (PID=3372) to work on /opt/airflow/dags/7_postgres_dag.py
[2024-07-26T07:30:42.996+0000] {processor.py:830} INFO - Processing file /opt/airflow/dags/7_postgres_dag.py for tasks to queue
[2024-07-26T07:30:42.997+0000] {logging_mixin.py:188} INFO - [2024-07-26T07:30:42.997+0000] {dagbag.py:545} INFO - Filling up the DagBag from /opt/airflow/dags/7_postgres_dag.py
[2024-07-26T07:30:43.013+0000] {processor.py:840} INFO - DAG(s) 'postgres_dag' retrieved from /opt/airflow/dags/7_postgres_dag.py
[2024-07-26T07:30:43.035+0000] {logging_mixin.py:188} INFO - [2024-07-26T07:30:43.035+0000] {dag.py:3089} INFO - Sync 1 DAGs
[2024-07-26T07:30:43.056+0000] {logging_mixin.py:188} INFO - [2024-07-26T07:30:43.055+0000] {dag.py:3947} INFO - Setting next_dagrun for postgres_dag to 2024-07-25 00:00:00+00:00, run_after=2024-07-26 00:00:00+00:00
[2024-07-26T07:30:43.075+0000] {processor.py:183} INFO - Processing /opt/airflow/dags/7_postgres_dag.py took 0.093 seconds
[2024-07-26T07:31:14.009+0000] {processor.py:161} INFO - Started process (PID=3387) to work on /opt/airflow/dags/7_postgres_dag.py
[2024-07-26T07:31:14.011+0000] {processor.py:830} INFO - Processing file /opt/airflow/dags/7_postgres_dag.py for tasks to queue
[2024-07-26T07:31:14.012+0000] {logging_mixin.py:188} INFO - [2024-07-26T07:31:14.012+0000] {dagbag.py:545} INFO - Filling up the DagBag from /opt/airflow/dags/7_postgres_dag.py
[2024-07-26T07:31:14.028+0000] {processor.py:840} INFO - DAG(s) 'postgres_dag' retrieved from /opt/airflow/dags/7_postgres_dag.py
[2024-07-26T07:31:14.080+0000] {logging_mixin.py:188} INFO - [2024-07-26T07:31:14.077+0000] {dag.py:3089} INFO - Sync 1 DAGs
[2024-07-26T07:31:14.111+0000] {logging_mixin.py:188} INFO - [2024-07-26T07:31:14.111+0000] {dag.py:3947} INFO - Setting next_dagrun for postgres_dag to 2024-07-25 00:00:00+00:00, run_after=2024-07-26 00:00:00+00:00
[2024-07-26T07:31:14.128+0000] {processor.py:183} INFO - Processing /opt/airflow/dags/7_postgres_dag.py took 0.126 seconds
[2024-07-26T07:31:44.981+0000] {processor.py:161} INFO - Started process (PID=3402) to work on /opt/airflow/dags/7_postgres_dag.py
[2024-07-26T07:31:44.988+0000] {processor.py:830} INFO - Processing file /opt/airflow/dags/7_postgres_dag.py for tasks to queue
[2024-07-26T07:31:44.994+0000] {logging_mixin.py:188} INFO - [2024-07-26T07:31:44.993+0000] {dagbag.py:545} INFO - Filling up the DagBag from /opt/airflow/dags/7_postgres_dag.py
[2024-07-26T07:31:45.020+0000] {processor.py:840} INFO - DAG(s) 'postgres_dag' retrieved from /opt/airflow/dags/7_postgres_dag.py
[2024-07-26T07:31:45.048+0000] {logging_mixin.py:188} INFO - [2024-07-26T07:31:45.048+0000] {dag.py:3089} INFO - Sync 1 DAGs
[2024-07-26T07:31:45.069+0000] {logging_mixin.py:188} INFO - [2024-07-26T07:31:45.068+0000] {dag.py:3947} INFO - Setting next_dagrun for postgres_dag to 2024-07-25 00:00:00+00:00, run_after=2024-07-26 00:00:00+00:00
[2024-07-26T07:31:45.105+0000] {processor.py:183} INFO - Processing /opt/airflow/dags/7_postgres_dag.py took 0.142 seconds
[2024-07-26T07:32:15.290+0000] {processor.py:161} INFO - Started process (PID=3417) to work on /opt/airflow/dags/7_postgres_dag.py
[2024-07-26T07:32:15.293+0000] {processor.py:830} INFO - Processing file /opt/airflow/dags/7_postgres_dag.py for tasks to queue
[2024-07-26T07:32:15.295+0000] {logging_mixin.py:188} INFO - [2024-07-26T07:32:15.295+0000] {dagbag.py:545} INFO - Filling up the DagBag from /opt/airflow/dags/7_postgres_dag.py
[2024-07-26T07:32:15.314+0000] {processor.py:840} INFO - DAG(s) 'postgres_dag' retrieved from /opt/airflow/dags/7_postgres_dag.py
[2024-07-26T07:32:15.336+0000] {logging_mixin.py:188} INFO - [2024-07-26T07:32:15.335+0000] {dag.py:3089} INFO - Sync 1 DAGs
[2024-07-26T07:32:15.362+0000] {logging_mixin.py:188} INFO - [2024-07-26T07:32:15.361+0000] {dag.py:3947} INFO - Setting next_dagrun for postgres_dag to 2024-07-25 00:00:00+00:00, run_after=2024-07-26 00:00:00+00:00
[2024-07-26T07:32:15.375+0000] {processor.py:183} INFO - Processing /opt/airflow/dags/7_postgres_dag.py took 0.100 seconds
[2024-07-26T07:32:46.159+0000] {processor.py:161} INFO - Started process (PID=3432) to work on /opt/airflow/dags/7_postgres_dag.py
[2024-07-26T07:32:46.160+0000] {processor.py:830} INFO - Processing file /opt/airflow/dags/7_postgres_dag.py for tasks to queue
[2024-07-26T07:32:46.164+0000] {logging_mixin.py:188} INFO - [2024-07-26T07:32:46.163+0000] {dagbag.py:545} INFO - Filling up the DagBag from /opt/airflow/dags/7_postgres_dag.py
[2024-07-26T07:32:46.187+0000] {processor.py:840} INFO - DAG(s) 'postgres_dag' retrieved from /opt/airflow/dags/7_postgres_dag.py
[2024-07-26T07:32:46.237+0000] {logging_mixin.py:188} INFO - [2024-07-26T07:32:46.237+0000] {dag.py:3089} INFO - Sync 1 DAGs
[2024-07-26T07:32:46.251+0000] {logging_mixin.py:188} INFO - [2024-07-26T07:32:46.251+0000] {dag.py:3947} INFO - Setting next_dagrun for postgres_dag to 2024-07-25 00:00:00+00:00, run_after=2024-07-26 00:00:00+00:00
[2024-07-26T07:32:46.262+0000] {processor.py:183} INFO - Processing /opt/airflow/dags/7_postgres_dag.py took 0.113 seconds
[2024-07-26T07:33:16.402+0000] {processor.py:161} INFO - Started process (PID=3448) to work on /opt/airflow/dags/7_postgres_dag.py
[2024-07-26T07:33:16.405+0000] {processor.py:830} INFO - Processing file /opt/airflow/dags/7_postgres_dag.py for tasks to queue
[2024-07-26T07:33:16.408+0000] {logging_mixin.py:188} INFO - [2024-07-26T07:33:16.407+0000] {dagbag.py:545} INFO - Filling up the DagBag from /opt/airflow/dags/7_postgres_dag.py
[2024-07-26T07:33:16.428+0000] {processor.py:840} INFO - DAG(s) 'postgres_dag' retrieved from /opt/airflow/dags/7_postgres_dag.py
[2024-07-26T07:33:16.472+0000] {logging_mixin.py:188} INFO - [2024-07-26T07:33:16.471+0000] {dag.py:3089} INFO - Sync 1 DAGs
[2024-07-26T07:33:16.487+0000] {logging_mixin.py:188} INFO - [2024-07-26T07:33:16.487+0000] {dag.py:3947} INFO - Setting next_dagrun for postgres_dag to 2024-07-25 00:00:00+00:00, run_after=2024-07-26 00:00:00+00:00
[2024-07-26T07:33:16.499+0000] {processor.py:183} INFO - Processing /opt/airflow/dags/7_postgres_dag.py took 0.126 seconds
[2024-07-26T07:33:46.596+0000] {processor.py:161} INFO - Started process (PID=3463) to work on /opt/airflow/dags/7_postgres_dag.py
[2024-07-26T07:33:46.598+0000] {processor.py:830} INFO - Processing file /opt/airflow/dags/7_postgres_dag.py for tasks to queue
[2024-07-26T07:33:46.600+0000] {logging_mixin.py:188} INFO - [2024-07-26T07:33:46.600+0000] {dagbag.py:545} INFO - Filling up the DagBag from /opt/airflow/dags/7_postgres_dag.py
[2024-07-26T07:33:46.618+0000] {processor.py:840} INFO - DAG(s) 'postgres_dag' retrieved from /opt/airflow/dags/7_postgres_dag.py
[2024-07-26T07:33:46.646+0000] {logging_mixin.py:188} INFO - [2024-07-26T07:33:46.646+0000] {dag.py:3089} INFO - Sync 1 DAGs
[2024-07-26T07:33:46.659+0000] {logging_mixin.py:188} INFO - [2024-07-26T07:33:46.659+0000] {dag.py:3947} INFO - Setting next_dagrun for postgres_dag to 2024-07-25 00:00:00+00:00, run_after=2024-07-26 00:00:00+00:00
[2024-07-26T07:33:46.671+0000] {processor.py:183} INFO - Processing /opt/airflow/dags/7_postgres_dag.py took 0.093 seconds
[2024-07-26T07:34:17.377+0000] {processor.py:161} INFO - Started process (PID=3478) to work on /opt/airflow/dags/7_postgres_dag.py
[2024-07-26T07:34:17.379+0000] {processor.py:830} INFO - Processing file /opt/airflow/dags/7_postgres_dag.py for tasks to queue
[2024-07-26T07:34:17.380+0000] {logging_mixin.py:188} INFO - [2024-07-26T07:34:17.380+0000] {dagbag.py:545} INFO - Filling up the DagBag from /opt/airflow/dags/7_postgres_dag.py
[2024-07-26T07:34:17.419+0000] {processor.py:840} INFO - DAG(s) 'postgres_dag' retrieved from /opt/airflow/dags/7_postgres_dag.py
[2024-07-26T07:34:17.447+0000] {logging_mixin.py:188} INFO - [2024-07-26T07:34:17.447+0000] {dag.py:3089} INFO - Sync 1 DAGs
[2024-07-26T07:34:17.462+0000] {logging_mixin.py:188} INFO - [2024-07-26T07:34:17.462+0000] {dag.py:3947} INFO - Setting next_dagrun for postgres_dag to 2024-07-25 00:00:00+00:00, run_after=2024-07-26 00:00:00+00:00
[2024-07-26T07:34:17.474+0000] {processor.py:183} INFO - Processing /opt/airflow/dags/7_postgres_dag.py took 0.110 seconds
[2024-07-26T07:34:47.999+0000] {processor.py:161} INFO - Started process (PID=3495) to work on /opt/airflow/dags/7_postgres_dag.py
[2024-07-26T07:34:48.005+0000] {processor.py:830} INFO - Processing file /opt/airflow/dags/7_postgres_dag.py for tasks to queue
[2024-07-26T07:34:48.011+0000] {logging_mixin.py:188} INFO - [2024-07-26T07:34:48.011+0000] {dagbag.py:545} INFO - Filling up the DagBag from /opt/airflow/dags/7_postgres_dag.py
[2024-07-26T07:34:48.034+0000] {processor.py:840} INFO - DAG(s) 'postgres_dag' retrieved from /opt/airflow/dags/7_postgres_dag.py
[2024-07-26T07:34:48.058+0000] {logging_mixin.py:188} INFO - [2024-07-26T07:34:48.058+0000] {dag.py:3089} INFO - Sync 1 DAGs
[2024-07-26T07:34:48.367+0000] {logging_mixin.py:188} INFO - [2024-07-26T07:34:48.367+0000] {dag.py:3947} INFO - Setting next_dagrun for postgres_dag to 2024-07-25 00:00:00+00:00, run_after=2024-07-26 00:00:00+00:00
[2024-07-26T07:34:48.376+0000] {processor.py:183} INFO - Processing /opt/airflow/dags/7_postgres_dag.py took 0.406 seconds
[2024-07-26T07:35:18.648+0000] {processor.py:161} INFO - Started process (PID=3510) to work on /opt/airflow/dags/7_postgres_dag.py
[2024-07-26T07:35:18.650+0000] {processor.py:830} INFO - Processing file /opt/airflow/dags/7_postgres_dag.py for tasks to queue
[2024-07-26T07:35:18.651+0000] {logging_mixin.py:188} INFO - [2024-07-26T07:35:18.651+0000] {dagbag.py:545} INFO - Filling up the DagBag from /opt/airflow/dags/7_postgres_dag.py
[2024-07-26T07:35:18.666+0000] {processor.py:840} INFO - DAG(s) 'postgres_dag' retrieved from /opt/airflow/dags/7_postgres_dag.py
[2024-07-26T07:35:18.715+0000] {logging_mixin.py:188} INFO - [2024-07-26T07:35:18.715+0000] {dag.py:3089} INFO - Sync 1 DAGs
[2024-07-26T07:35:18.732+0000] {logging_mixin.py:188} INFO - [2024-07-26T07:35:18.732+0000] {dag.py:3947} INFO - Setting next_dagrun for postgres_dag to 2024-07-25 00:00:00+00:00, run_after=2024-07-26 00:00:00+00:00
[2024-07-26T07:35:18.748+0000] {processor.py:183} INFO - Processing /opt/airflow/dags/7_postgres_dag.py took 0.110 seconds
[2024-07-26T07:35:48.851+0000] {processor.py:161} INFO - Started process (PID=3526) to work on /opt/airflow/dags/7_postgres_dag.py
[2024-07-26T07:35:48.854+0000] {processor.py:830} INFO - Processing file /opt/airflow/dags/7_postgres_dag.py for tasks to queue
[2024-07-26T07:35:48.855+0000] {logging_mixin.py:188} INFO - [2024-07-26T07:35:48.855+0000] {dagbag.py:545} INFO - Filling up the DagBag from /opt/airflow/dags/7_postgres_dag.py
[2024-07-26T07:35:48.875+0000] {processor.py:840} INFO - DAG(s) 'postgres_dag' retrieved from /opt/airflow/dags/7_postgres_dag.py
[2024-07-26T07:35:48.916+0000] {logging_mixin.py:188} INFO - [2024-07-26T07:35:48.916+0000] {dag.py:3089} INFO - Sync 1 DAGs
[2024-07-26T07:35:48.941+0000] {logging_mixin.py:188} INFO - [2024-07-26T07:35:48.941+0000] {dag.py:3947} INFO - Setting next_dagrun for postgres_dag to 2024-07-25 00:00:00+00:00, run_after=2024-07-26 00:00:00+00:00
[2024-07-26T07:35:48.969+0000] {processor.py:183} INFO - Processing /opt/airflow/dags/7_postgres_dag.py took 0.138 seconds
[2024-07-26T07:36:19.129+0000] {processor.py:161} INFO - Started process (PID=3542) to work on /opt/airflow/dags/7_postgres_dag.py
[2024-07-26T07:36:19.129+0000] {processor.py:830} INFO - Processing file /opt/airflow/dags/7_postgres_dag.py for tasks to queue
[2024-07-26T07:36:19.131+0000] {logging_mixin.py:188} INFO - [2024-07-26T07:36:19.130+0000] {dagbag.py:545} INFO - Filling up the DagBag from /opt/airflow/dags/7_postgres_dag.py
[2024-07-26T07:36:19.140+0000] {processor.py:840} INFO - DAG(s) 'postgres_dag' retrieved from /opt/airflow/dags/7_postgres_dag.py
[2024-07-26T07:36:19.158+0000] {logging_mixin.py:188} INFO - [2024-07-26T07:36:19.157+0000] {dag.py:3089} INFO - Sync 1 DAGs
[2024-07-26T07:36:19.171+0000] {logging_mixin.py:188} INFO - [2024-07-26T07:36:19.171+0000] {dag.py:3947} INFO - Setting next_dagrun for postgres_dag to 2024-07-25 00:00:00+00:00, run_after=2024-07-26 00:00:00+00:00
[2024-07-26T07:36:19.180+0000] {processor.py:183} INFO - Processing /opt/airflow/dags/7_postgres_dag.py took 0.056 seconds
[2024-07-26T07:36:50.119+0000] {processor.py:161} INFO - Started process (PID=3557) to work on /opt/airflow/dags/7_postgres_dag.py
[2024-07-26T07:36:50.121+0000] {processor.py:830} INFO - Processing file /opt/airflow/dags/7_postgres_dag.py for tasks to queue
[2024-07-26T07:36:50.123+0000] {logging_mixin.py:188} INFO - [2024-07-26T07:36:50.122+0000] {dagbag.py:545} INFO - Filling up the DagBag from /opt/airflow/dags/7_postgres_dag.py
[2024-07-26T07:36:50.137+0000] {processor.py:840} INFO - DAG(s) 'postgres_dag' retrieved from /opt/airflow/dags/7_postgres_dag.py
[2024-07-26T07:36:50.158+0000] {logging_mixin.py:188} INFO - [2024-07-26T07:36:50.157+0000] {dag.py:3089} INFO - Sync 1 DAGs
[2024-07-26T07:36:50.176+0000] {logging_mixin.py:188} INFO - [2024-07-26T07:36:50.176+0000] {dag.py:3947} INFO - Setting next_dagrun for postgres_dag to 2024-07-25 00:00:00+00:00, run_after=2024-07-26 00:00:00+00:00
[2024-07-26T07:36:50.186+0000] {processor.py:183} INFO - Processing /opt/airflow/dags/7_postgres_dag.py took 0.077 seconds
[2024-07-26T07:37:20.793+0000] {processor.py:161} INFO - Started process (PID=3572) to work on /opt/airflow/dags/7_postgres_dag.py
[2024-07-26T07:37:20.795+0000] {processor.py:830} INFO - Processing file /opt/airflow/dags/7_postgres_dag.py for tasks to queue
[2024-07-26T07:37:20.796+0000] {logging_mixin.py:188} INFO - [2024-07-26T07:37:20.796+0000] {dagbag.py:545} INFO - Filling up the DagBag from /opt/airflow/dags/7_postgres_dag.py
[2024-07-26T07:37:20.813+0000] {processor.py:840} INFO - DAG(s) 'postgres_dag' retrieved from /opt/airflow/dags/7_postgres_dag.py
[2024-07-26T07:37:20.835+0000] {logging_mixin.py:188} INFO - [2024-07-26T07:37:20.835+0000] {dag.py:3089} INFO - Sync 1 DAGs
[2024-07-26T07:37:20.851+0000] {logging_mixin.py:188} INFO - [2024-07-26T07:37:20.851+0000] {dag.py:3947} INFO - Setting next_dagrun for postgres_dag to 2024-07-25 00:00:00+00:00, run_after=2024-07-26 00:00:00+00:00
[2024-07-26T07:37:21.088+0000] {processor.py:183} INFO - Processing /opt/airflow/dags/7_postgres_dag.py took 0.320 seconds
[2024-07-26T07:37:23.159+0000] {processor.py:161} INFO - Started process (PID=3575) to work on /opt/airflow/dags/7_postgres_dag.py
[2024-07-26T07:37:23.161+0000] {processor.py:830} INFO - Processing file /opt/airflow/dags/7_postgres_dag.py for tasks to queue
[2024-07-26T07:37:23.162+0000] {logging_mixin.py:188} INFO - [2024-07-26T07:37:23.161+0000] {dagbag.py:545} INFO - Filling up the DagBag from /opt/airflow/dags/7_postgres_dag.py
[2024-07-26T07:37:23.178+0000] {processor.py:840} INFO - DAG(s) 'postgres_dag' retrieved from /opt/airflow/dags/7_postgres_dag.py
[2024-07-26T07:37:23.209+0000] {logging_mixin.py:188} INFO - [2024-07-26T07:37:23.209+0000] {dag.py:3089} INFO - Sync 1 DAGs
[2024-07-26T07:37:23.223+0000] {logging_mixin.py:188} INFO - [2024-07-26T07:37:23.223+0000] {dag.py:3947} INFO - Setting next_dagrun for postgres_dag to 2024-07-25 00:00:00+00:00, run_after=2024-07-26 00:00:00+00:00
[2024-07-26T07:37:23.326+0000] {processor.py:183} INFO - Processing /opt/airflow/dags/7_postgres_dag.py took 0.176 seconds
[2024-07-26T07:37:53.471+0000] {processor.py:161} INFO - Started process (PID=3590) to work on /opt/airflow/dags/7_postgres_dag.py
[2024-07-26T07:37:53.473+0000] {processor.py:830} INFO - Processing file /opt/airflow/dags/7_postgres_dag.py for tasks to queue
[2024-07-26T07:37:53.474+0000] {logging_mixin.py:188} INFO - [2024-07-26T07:37:53.473+0000] {dagbag.py:545} INFO - Filling up the DagBag from /opt/airflow/dags/7_postgres_dag.py
[2024-07-26T07:37:53.484+0000] {processor.py:840} INFO - DAG(s) 'postgres_dag' retrieved from /opt/airflow/dags/7_postgres_dag.py
[2024-07-26T07:37:53.503+0000] {logging_mixin.py:188} INFO - [2024-07-26T07:37:53.503+0000] {dag.py:3089} INFO - Sync 1 DAGs
[2024-07-26T07:37:53.513+0000] {logging_mixin.py:188} INFO - [2024-07-26T07:37:53.513+0000] {dag.py:3947} INFO - Setting next_dagrun for postgres_dag to 2024-07-25 00:00:00+00:00, run_after=2024-07-26 00:00:00+00:00
[2024-07-26T07:37:53.519+0000] {processor.py:183} INFO - Processing /opt/airflow/dags/7_postgres_dag.py took 0.055 seconds
[2024-07-26T07:38:24.233+0000] {processor.py:161} INFO - Started process (PID=3605) to work on /opt/airflow/dags/7_postgres_dag.py
[2024-07-26T07:38:24.234+0000] {processor.py:830} INFO - Processing file /opt/airflow/dags/7_postgres_dag.py for tasks to queue
[2024-07-26T07:38:24.234+0000] {logging_mixin.py:188} INFO - [2024-07-26T07:38:24.234+0000] {dagbag.py:545} INFO - Filling up the DagBag from /opt/airflow/dags/7_postgres_dag.py
[2024-07-26T07:38:24.240+0000] {processor.py:840} INFO - DAG(s) 'postgres_dag' retrieved from /opt/airflow/dags/7_postgres_dag.py
[2024-07-26T07:38:24.252+0000] {logging_mixin.py:188} INFO - [2024-07-26T07:38:24.252+0000] {dag.py:3089} INFO - Sync 1 DAGs
[2024-07-26T07:38:24.260+0000] {logging_mixin.py:188} INFO - [2024-07-26T07:38:24.260+0000] {dag.py:3947} INFO - Setting next_dagrun for postgres_dag to 2024-07-25 00:00:00+00:00, run_after=2024-07-26 00:00:00+00:00
[2024-07-26T07:38:24.265+0000] {processor.py:183} INFO - Processing /opt/airflow/dags/7_postgres_dag.py took 0.036 seconds
[2024-07-26T07:38:55.174+0000] {processor.py:161} INFO - Started process (PID=3621) to work on /opt/airflow/dags/7_postgres_dag.py
[2024-07-26T07:38:55.178+0000] {processor.py:830} INFO - Processing file /opt/airflow/dags/7_postgres_dag.py for tasks to queue
[2024-07-26T07:38:55.179+0000] {logging_mixin.py:188} INFO - [2024-07-26T07:38:55.178+0000] {dagbag.py:545} INFO - Filling up the DagBag from /opt/airflow/dags/7_postgres_dag.py
[2024-07-26T07:38:55.192+0000] {processor.py:840} INFO - DAG(s) 'postgres_dag' retrieved from /opt/airflow/dags/7_postgres_dag.py
[2024-07-26T07:38:55.210+0000] {logging_mixin.py:188} INFO - [2024-07-26T07:38:55.210+0000] {dag.py:3089} INFO - Sync 1 DAGs
[2024-07-26T07:38:55.220+0000] {logging_mixin.py:188} INFO - [2024-07-26T07:38:55.220+0000] {dag.py:3947} INFO - Setting next_dagrun for postgres_dag to 2024-07-25 00:00:00+00:00, run_after=2024-07-26 00:00:00+00:00
[2024-07-26T07:38:55.226+0000] {processor.py:183} INFO - Processing /opt/airflow/dags/7_postgres_dag.py took 0.068 seconds
[2024-07-26T07:39:26.047+0000] {processor.py:161} INFO - Started process (PID=3636) to work on /opt/airflow/dags/7_postgres_dag.py
[2024-07-26T07:39:26.049+0000] {processor.py:830} INFO - Processing file /opt/airflow/dags/7_postgres_dag.py for tasks to queue
[2024-07-26T07:39:26.050+0000] {logging_mixin.py:188} INFO - [2024-07-26T07:39:26.049+0000] {dagbag.py:545} INFO - Filling up the DagBag from /opt/airflow/dags/7_postgres_dag.py
[2024-07-26T07:39:26.068+0000] {processor.py:840} INFO - DAG(s) 'postgres_dag' retrieved from /opt/airflow/dags/7_postgres_dag.py
[2024-07-26T07:39:26.094+0000] {logging_mixin.py:188} INFO - [2024-07-26T07:39:26.094+0000] {dag.py:3089} INFO - Sync 1 DAGs
[2024-07-26T07:39:26.107+0000] {logging_mixin.py:188} INFO - [2024-07-26T07:39:26.107+0000] {dag.py:3947} INFO - Setting next_dagrun for postgres_dag to 2024-07-25 00:00:00+00:00, run_after=2024-07-26 00:00:00+00:00
[2024-07-26T07:39:26.115+0000] {processor.py:183} INFO - Processing /opt/airflow/dags/7_postgres_dag.py took 0.080 seconds
[2024-07-26T07:39:56.471+0000] {processor.py:161} INFO - Started process (PID=3651) to work on /opt/airflow/dags/7_postgres_dag.py
[2024-07-26T07:39:56.473+0000] {processor.py:830} INFO - Processing file /opt/airflow/dags/7_postgres_dag.py for tasks to queue
[2024-07-26T07:39:56.474+0000] {logging_mixin.py:188} INFO - [2024-07-26T07:39:56.474+0000] {dagbag.py:545} INFO - Filling up the DagBag from /opt/airflow/dags/7_postgres_dag.py
[2024-07-26T07:39:56.491+0000] {processor.py:840} INFO - DAG(s) 'postgres_dag' retrieved from /opt/airflow/dags/7_postgres_dag.py
[2024-07-26T07:39:56.556+0000] {logging_mixin.py:188} INFO - [2024-07-26T07:39:56.555+0000] {dag.py:3089} INFO - Sync 1 DAGs
[2024-07-26T07:39:56.580+0000] {logging_mixin.py:188} INFO - [2024-07-26T07:39:56.580+0000] {dag.py:3947} INFO - Setting next_dagrun for postgres_dag to 2024-07-25 00:00:00+00:00, run_after=2024-07-26 00:00:00+00:00
[2024-07-26T07:39:56.844+0000] {processor.py:183} INFO - Processing /opt/airflow/dags/7_postgres_dag.py took 0.393 seconds
[2024-07-26T07:40:27.081+0000] {processor.py:161} INFO - Started process (PID=3667) to work on /opt/airflow/dags/7_postgres_dag.py
[2024-07-26T07:40:27.083+0000] {processor.py:830} INFO - Processing file /opt/airflow/dags/7_postgres_dag.py for tasks to queue
[2024-07-26T07:40:27.087+0000] {logging_mixin.py:188} INFO - [2024-07-26T07:40:27.084+0000] {dagbag.py:545} INFO - Filling up the DagBag from /opt/airflow/dags/7_postgres_dag.py
[2024-07-26T07:40:27.146+0000] {processor.py:840} INFO - DAG(s) 'postgres_dag' retrieved from /opt/airflow/dags/7_postgres_dag.py
[2024-07-26T07:40:27.187+0000] {logging_mixin.py:188} INFO - [2024-07-26T07:40:27.186+0000] {dag.py:3089} INFO - Sync 1 DAGs
[2024-07-26T07:40:27.218+0000] {logging_mixin.py:188} INFO - [2024-07-26T07:40:27.218+0000] {dag.py:3947} INFO - Setting next_dagrun for postgres_dag to 2024-07-25 00:00:00+00:00, run_after=2024-07-26 00:00:00+00:00
[2024-07-26T07:40:27.239+0000] {processor.py:183} INFO - Processing /opt/airflow/dags/7_postgres_dag.py took 0.176 seconds
