[2024-07-26T07:08:48.284+0000] {processor.py:161} INFO - Started process (PID=2713) to work on /opt/airflow/dags/8_minio_dag.py
[2024-07-26T07:08:48.284+0000] {processor.py:830} INFO - Processing file /opt/airflow/dags/8_minio_dag.py for tasks to queue
[2024-07-26T07:08:48.285+0000] {logging_mixin.py:188} INFO - [2024-07-26T07:08:48.285+0000] {dagbag.py:545} INFO - Filling up the DagBag from /opt/airflow/dags/8_minio_dag.py
[2024-07-26T07:08:48.302+0000] {processor.py:840} INFO - DAG(s) 'minio_dag' retrieved from /opt/airflow/dags/8_minio_dag.py
[2024-07-26T07:08:48.555+0000] {logging_mixin.py:188} INFO - [2024-07-26T07:08:48.555+0000] {dag.py:3089} INFO - Sync 1 DAGs
[2024-07-26T07:08:48.562+0000] {logging_mixin.py:188} INFO - [2024-07-26T07:08:48.562+0000] {dag.py:3947} INFO - Setting next_dagrun for minio_dag to 2024-07-26 00:00:00+00:00, run_after=2024-07-27 00:00:00+00:00
[2024-07-26T07:08:48.571+0000] {processor.py:183} INFO - Processing /opt/airflow/dags/8_minio_dag.py took 0.292 seconds
[2024-07-26T07:09:19.325+0000] {processor.py:161} INFO - Started process (PID=2727) to work on /opt/airflow/dags/8_minio_dag.py
[2024-07-26T07:09:19.326+0000] {processor.py:830} INFO - Processing file /opt/airflow/dags/8_minio_dag.py for tasks to queue
[2024-07-26T07:09:19.327+0000] {logging_mixin.py:188} INFO - [2024-07-26T07:09:19.327+0000] {dagbag.py:545} INFO - Filling up the DagBag from /opt/airflow/dags/8_minio_dag.py
[2024-07-26T07:09:19.343+0000] {processor.py:840} INFO - DAG(s) 'minio_dag' retrieved from /opt/airflow/dags/8_minio_dag.py
[2024-07-26T07:09:19.362+0000] {logging_mixin.py:188} INFO - [2024-07-26T07:09:19.362+0000] {dag.py:3089} INFO - Sync 1 DAGs
[2024-07-26T07:09:19.376+0000] {logging_mixin.py:188} INFO - [2024-07-26T07:09:19.376+0000] {dag.py:3947} INFO - Setting next_dagrun for minio_dag to 2024-07-26 00:00:00+00:00, run_after=2024-07-27 00:00:00+00:00
[2024-07-26T07:09:19.388+0000] {processor.py:183} INFO - Processing /opt/airflow/dags/8_minio_dag.py took 0.071 seconds
[2024-07-26T07:09:50.078+0000] {processor.py:161} INFO - Started process (PID=2741) to work on /opt/airflow/dags/8_minio_dag.py
[2024-07-26T07:09:50.083+0000] {processor.py:830} INFO - Processing file /opt/airflow/dags/8_minio_dag.py for tasks to queue
[2024-07-26T07:09:50.084+0000] {logging_mixin.py:188} INFO - [2024-07-26T07:09:50.083+0000] {dagbag.py:545} INFO - Filling up the DagBag from /opt/airflow/dags/8_minio_dag.py
[2024-07-26T07:09:50.099+0000] {processor.py:840} INFO - DAG(s) 'minio_dag' retrieved from /opt/airflow/dags/8_minio_dag.py
[2024-07-26T07:09:50.134+0000] {logging_mixin.py:188} INFO - [2024-07-26T07:09:50.134+0000] {dag.py:3089} INFO - Sync 1 DAGs
[2024-07-26T07:09:50.153+0000] {logging_mixin.py:188} INFO - [2024-07-26T07:09:50.153+0000] {dag.py:3947} INFO - Setting next_dagrun for minio_dag to 2024-07-26 00:00:00+00:00, run_after=2024-07-27 00:00:00+00:00
[2024-07-26T07:09:50.163+0000] {processor.py:183} INFO - Processing /opt/airflow/dags/8_minio_dag.py took 0.097 seconds
[2024-07-26T07:10:20.692+0000] {processor.py:161} INFO - Started process (PID=2755) to work on /opt/airflow/dags/8_minio_dag.py
[2024-07-26T07:10:20.693+0000] {processor.py:830} INFO - Processing file /opt/airflow/dags/8_minio_dag.py for tasks to queue
[2024-07-26T07:10:20.694+0000] {logging_mixin.py:188} INFO - [2024-07-26T07:10:20.694+0000] {dagbag.py:545} INFO - Filling up the DagBag from /opt/airflow/dags/8_minio_dag.py
[2024-07-26T07:10:20.711+0000] {processor.py:840} INFO - DAG(s) 'minio_dag' retrieved from /opt/airflow/dags/8_minio_dag.py
[2024-07-26T07:10:20.746+0000] {logging_mixin.py:188} INFO - [2024-07-26T07:10:20.745+0000] {dag.py:3089} INFO - Sync 1 DAGs
[2024-07-26T07:10:20.766+0000] {logging_mixin.py:188} INFO - [2024-07-26T07:10:20.766+0000] {dag.py:3947} INFO - Setting next_dagrun for minio_dag to 2024-07-26 00:00:00+00:00, run_after=2024-07-27 00:00:00+00:00
[2024-07-26T07:10:20.779+0000] {processor.py:183} INFO - Processing /opt/airflow/dags/8_minio_dag.py took 0.095 seconds
[2024-07-26T07:10:51.442+0000] {processor.py:161} INFO - Started process (PID=2770) to work on /opt/airflow/dags/8_minio_dag.py
[2024-07-26T07:10:51.449+0000] {processor.py:830} INFO - Processing file /opt/airflow/dags/8_minio_dag.py for tasks to queue
[2024-07-26T07:10:51.451+0000] {logging_mixin.py:188} INFO - [2024-07-26T07:10:51.451+0000] {dagbag.py:545} INFO - Filling up the DagBag from /opt/airflow/dags/8_minio_dag.py
[2024-07-26T07:10:51.458+0000] {processor.py:840} INFO - DAG(s) 'minio_dag' retrieved from /opt/airflow/dags/8_minio_dag.py
[2024-07-26T07:10:51.477+0000] {logging_mixin.py:188} INFO - [2024-07-26T07:10:51.477+0000] {dag.py:3089} INFO - Sync 1 DAGs
[2024-07-26T07:10:51.495+0000] {logging_mixin.py:188} INFO - [2024-07-26T07:10:51.495+0000] {dag.py:3947} INFO - Setting next_dagrun for minio_dag to 2024-07-26 00:00:00+00:00, run_after=2024-07-27 00:00:00+00:00
[2024-07-26T07:10:51.520+0000] {processor.py:183} INFO - Processing /opt/airflow/dags/8_minio_dag.py took 0.083 seconds
[2024-07-26T07:11:22.100+0000] {processor.py:161} INFO - Started process (PID=2784) to work on /opt/airflow/dags/8_minio_dag.py
[2024-07-26T07:11:22.104+0000] {processor.py:830} INFO - Processing file /opt/airflow/dags/8_minio_dag.py for tasks to queue
[2024-07-26T07:11:22.106+0000] {logging_mixin.py:188} INFO - [2024-07-26T07:11:22.105+0000] {dagbag.py:545} INFO - Filling up the DagBag from /opt/airflow/dags/8_minio_dag.py
[2024-07-26T07:11:22.132+0000] {processor.py:840} INFO - DAG(s) 'minio_dag' retrieved from /opt/airflow/dags/8_minio_dag.py
[2024-07-26T07:11:22.166+0000] {logging_mixin.py:188} INFO - [2024-07-26T07:11:22.166+0000] {dag.py:3089} INFO - Sync 1 DAGs
[2024-07-26T07:11:22.187+0000] {logging_mixin.py:188} INFO - [2024-07-26T07:11:22.187+0000] {dag.py:3947} INFO - Setting next_dagrun for minio_dag to 2024-07-26 00:00:00+00:00, run_after=2024-07-27 00:00:00+00:00
[2024-07-26T07:11:22.199+0000] {processor.py:183} INFO - Processing /opt/airflow/dags/8_minio_dag.py took 0.110 seconds
[2024-07-26T07:11:52.917+0000] {processor.py:161} INFO - Started process (PID=2798) to work on /opt/airflow/dags/8_minio_dag.py
[2024-07-26T07:11:52.922+0000] {processor.py:830} INFO - Processing file /opt/airflow/dags/8_minio_dag.py for tasks to queue
[2024-07-26T07:11:52.924+0000] {logging_mixin.py:188} INFO - [2024-07-26T07:11:52.924+0000] {dagbag.py:545} INFO - Filling up the DagBag from /opt/airflow/dags/8_minio_dag.py
[2024-07-26T07:11:52.943+0000] {processor.py:840} INFO - DAG(s) 'minio_dag' retrieved from /opt/airflow/dags/8_minio_dag.py
[2024-07-26T07:11:53.012+0000] {logging_mixin.py:188} INFO - [2024-07-26T07:11:53.011+0000] {dag.py:3089} INFO - Sync 1 DAGs
[2024-07-26T07:11:53.037+0000] {logging_mixin.py:188} INFO - [2024-07-26T07:11:53.037+0000] {dag.py:3947} INFO - Setting next_dagrun for minio_dag to 2024-07-26 00:00:00+00:00, run_after=2024-07-27 00:00:00+00:00
[2024-07-26T07:11:53.051+0000] {processor.py:183} INFO - Processing /opt/airflow/dags/8_minio_dag.py took 0.155 seconds
[2024-07-26T07:12:23.682+0000] {processor.py:161} INFO - Started process (PID=2812) to work on /opt/airflow/dags/8_minio_dag.py
[2024-07-26T07:12:23.694+0000] {processor.py:830} INFO - Processing file /opt/airflow/dags/8_minio_dag.py for tasks to queue
[2024-07-26T07:12:23.698+0000] {logging_mixin.py:188} INFO - [2024-07-26T07:12:23.698+0000] {dagbag.py:545} INFO - Filling up the DagBag from /opt/airflow/dags/8_minio_dag.py
[2024-07-26T07:12:23.717+0000] {processor.py:840} INFO - DAG(s) 'minio_dag' retrieved from /opt/airflow/dags/8_minio_dag.py
[2024-07-26T07:12:23.747+0000] {logging_mixin.py:188} INFO - [2024-07-26T07:12:23.747+0000] {dag.py:3089} INFO - Sync 1 DAGs
[2024-07-26T07:12:23.791+0000] {logging_mixin.py:188} INFO - [2024-07-26T07:12:23.791+0000] {dag.py:3947} INFO - Setting next_dagrun for minio_dag to 2024-07-26 00:00:00+00:00, run_after=2024-07-27 00:00:00+00:00
[2024-07-26T07:12:23.806+0000] {processor.py:183} INFO - Processing /opt/airflow/dags/8_minio_dag.py took 0.131 seconds
[2024-07-26T07:12:54.561+0000] {processor.py:161} INFO - Started process (PID=2827) to work on /opt/airflow/dags/8_minio_dag.py
[2024-07-26T07:12:54.564+0000] {processor.py:830} INFO - Processing file /opt/airflow/dags/8_minio_dag.py for tasks to queue
[2024-07-26T07:12:54.566+0000] {logging_mixin.py:188} INFO - [2024-07-26T07:12:54.566+0000] {dagbag.py:545} INFO - Filling up the DagBag from /opt/airflow/dags/8_minio_dag.py
[2024-07-26T07:12:54.584+0000] {processor.py:840} INFO - DAG(s) 'minio_dag' retrieved from /opt/airflow/dags/8_minio_dag.py
[2024-07-26T07:12:54.648+0000] {logging_mixin.py:188} INFO - [2024-07-26T07:12:54.648+0000] {dag.py:3089} INFO - Sync 1 DAGs
[2024-07-26T07:12:54.677+0000] {logging_mixin.py:188} INFO - [2024-07-26T07:12:54.676+0000] {dag.py:3947} INFO - Setting next_dagrun for minio_dag to 2024-07-26 00:00:00+00:00, run_after=2024-07-27 00:00:00+00:00
[2024-07-26T07:12:54.710+0000] {processor.py:183} INFO - Processing /opt/airflow/dags/8_minio_dag.py took 0.163 seconds
[2024-07-26T07:13:25.557+0000] {processor.py:161} INFO - Started process (PID=2841) to work on /opt/airflow/dags/8_minio_dag.py
[2024-07-26T07:13:25.568+0000] {processor.py:830} INFO - Processing file /opt/airflow/dags/8_minio_dag.py for tasks to queue
[2024-07-26T07:13:25.578+0000] {logging_mixin.py:188} INFO - [2024-07-26T07:13:25.573+0000] {dagbag.py:545} INFO - Filling up the DagBag from /opt/airflow/dags/8_minio_dag.py
[2024-07-26T07:13:25.638+0000] {processor.py:840} INFO - DAG(s) 'minio_dag' retrieved from /opt/airflow/dags/8_minio_dag.py
[2024-07-26T07:13:25.697+0000] {logging_mixin.py:188} INFO - [2024-07-26T07:13:25.697+0000] {dag.py:3089} INFO - Sync 1 DAGs
[2024-07-26T07:13:25.741+0000] {logging_mixin.py:188} INFO - [2024-07-26T07:13:25.741+0000] {dag.py:3947} INFO - Setting next_dagrun for minio_dag to 2024-07-26 00:00:00+00:00, run_after=2024-07-27 00:00:00+00:00
[2024-07-26T07:13:25.762+0000] {processor.py:183} INFO - Processing /opt/airflow/dags/8_minio_dag.py took 0.222 seconds
[2024-07-26T07:13:56.840+0000] {processor.py:161} INFO - Started process (PID=2862) to work on /opt/airflow/dags/8_minio_dag.py
[2024-07-26T07:13:56.843+0000] {processor.py:830} INFO - Processing file /opt/airflow/dags/8_minio_dag.py for tasks to queue
[2024-07-26T07:13:56.845+0000] {logging_mixin.py:188} INFO - [2024-07-26T07:13:56.845+0000] {dagbag.py:545} INFO - Filling up the DagBag from /opt/airflow/dags/8_minio_dag.py
[2024-07-26T07:13:56.862+0000] {processor.py:840} INFO - DAG(s) 'minio_dag' retrieved from /opt/airflow/dags/8_minio_dag.py
[2024-07-26T07:13:56.917+0000] {logging_mixin.py:188} INFO - [2024-07-26T07:13:56.917+0000] {dag.py:3089} INFO - Sync 1 DAGs
[2024-07-26T07:13:56.950+0000] {logging_mixin.py:188} INFO - [2024-07-26T07:13:56.950+0000] {dag.py:3947} INFO - Setting next_dagrun for minio_dag to 2024-07-26 00:00:00+00:00, run_after=2024-07-27 00:00:00+00:00
[2024-07-26T07:13:56.974+0000] {processor.py:183} INFO - Processing /opt/airflow/dags/8_minio_dag.py took 0.161 seconds
[2024-07-26T07:14:27.775+0000] {processor.py:161} INFO - Started process (PID=2877) to work on /opt/airflow/dags/8_minio_dag.py
[2024-07-26T07:14:27.780+0000] {processor.py:830} INFO - Processing file /opt/airflow/dags/8_minio_dag.py for tasks to queue
[2024-07-26T07:14:27.782+0000] {logging_mixin.py:188} INFO - [2024-07-26T07:14:27.781+0000] {dagbag.py:545} INFO - Filling up the DagBag from /opt/airflow/dags/8_minio_dag.py
[2024-07-26T07:14:27.803+0000] {processor.py:840} INFO - DAG(s) 'minio_dag' retrieved from /opt/airflow/dags/8_minio_dag.py
[2024-07-26T07:14:27.852+0000] {logging_mixin.py:188} INFO - [2024-07-26T07:14:27.852+0000] {dag.py:3089} INFO - Sync 1 DAGs
[2024-07-26T07:14:27.890+0000] {logging_mixin.py:188} INFO - [2024-07-26T07:14:27.889+0000] {dag.py:3947} INFO - Setting next_dagrun for minio_dag to 2024-07-26 00:00:00+00:00, run_after=2024-07-27 00:00:00+00:00
[2024-07-26T07:14:27.903+0000] {processor.py:183} INFO - Processing /opt/airflow/dags/8_minio_dag.py took 0.157 seconds
[2024-07-26T07:14:58.019+0000] {processor.py:161} INFO - Started process (PID=2892) to work on /opt/airflow/dags/8_minio_dag.py
[2024-07-26T07:14:58.021+0000] {processor.py:830} INFO - Processing file /opt/airflow/dags/8_minio_dag.py for tasks to queue
[2024-07-26T07:14:58.022+0000] {logging_mixin.py:188} INFO - [2024-07-26T07:14:58.022+0000] {dagbag.py:545} INFO - Filling up the DagBag from /opt/airflow/dags/8_minio_dag.py
[2024-07-26T07:14:58.042+0000] {processor.py:840} INFO - DAG(s) 'minio_dag' retrieved from /opt/airflow/dags/8_minio_dag.py
[2024-07-26T07:14:58.099+0000] {logging_mixin.py:188} INFO - [2024-07-26T07:14:58.099+0000] {dag.py:3089} INFO - Sync 1 DAGs
[2024-07-26T07:14:58.118+0000] {logging_mixin.py:188} INFO - [2024-07-26T07:14:58.117+0000] {dag.py:3947} INFO - Setting next_dagrun for minio_dag to 2024-07-26 00:00:00+00:00, run_after=2024-07-27 00:00:00+00:00
[2024-07-26T07:14:58.131+0000] {processor.py:183} INFO - Processing /opt/airflow/dags/8_minio_dag.py took 0.119 seconds
[2024-07-26T07:15:29.017+0000] {processor.py:161} INFO - Started process (PID=2908) to work on /opt/airflow/dags/8_minio_dag.py
[2024-07-26T07:15:29.024+0000] {processor.py:830} INFO - Processing file /opt/airflow/dags/8_minio_dag.py for tasks to queue
[2024-07-26T07:15:29.029+0000] {logging_mixin.py:188} INFO - [2024-07-26T07:15:29.026+0000] {dagbag.py:545} INFO - Filling up the DagBag from /opt/airflow/dags/8_minio_dag.py
[2024-07-26T07:15:29.051+0000] {processor.py:840} INFO - DAG(s) 'minio_dag' retrieved from /opt/airflow/dags/8_minio_dag.py
[2024-07-26T07:15:29.100+0000] {logging_mixin.py:188} INFO - [2024-07-26T07:15:29.100+0000] {dag.py:3089} INFO - Sync 1 DAGs
[2024-07-26T07:15:29.126+0000] {logging_mixin.py:188} INFO - [2024-07-26T07:15:29.126+0000] {dag.py:3947} INFO - Setting next_dagrun for minio_dag to 2024-07-26 00:00:00+00:00, run_after=2024-07-27 00:00:00+00:00
[2024-07-26T07:15:29.140+0000] {processor.py:183} INFO - Processing /opt/airflow/dags/8_minio_dag.py took 0.137 seconds
[2024-07-26T07:15:59.996+0000] {processor.py:161} INFO - Started process (PID=2924) to work on /opt/airflow/dags/8_minio_dag.py
[2024-07-26T07:15:59.998+0000] {processor.py:830} INFO - Processing file /opt/airflow/dags/8_minio_dag.py for tasks to queue
[2024-07-26T07:16:00.000+0000] {logging_mixin.py:188} INFO - [2024-07-26T07:15:59.999+0000] {dagbag.py:545} INFO - Filling up the DagBag from /opt/airflow/dags/8_minio_dag.py
[2024-07-26T07:16:00.045+0000] {processor.py:840} INFO - DAG(s) 'minio_dag' retrieved from /opt/airflow/dags/8_minio_dag.py
[2024-07-26T07:16:00.141+0000] {logging_mixin.py:188} INFO - [2024-07-26T07:16:00.140+0000] {dag.py:3089} INFO - Sync 1 DAGs
[2024-07-26T07:16:00.186+0000] {logging_mixin.py:188} INFO - [2024-07-26T07:16:00.186+0000] {dag.py:3947} INFO - Setting next_dagrun for minio_dag to 2024-07-26 00:00:00+00:00, run_after=2024-07-27 00:00:00+00:00
[2024-07-26T07:16:00.206+0000] {processor.py:183} INFO - Processing /opt/airflow/dags/8_minio_dag.py took 0.219 seconds
[2024-07-26T07:16:30.488+0000] {processor.py:161} INFO - Started process (PID=2939) to work on /opt/airflow/dags/8_minio_dag.py
[2024-07-26T07:16:30.490+0000] {processor.py:830} INFO - Processing file /opt/airflow/dags/8_minio_dag.py for tasks to queue
[2024-07-26T07:16:30.491+0000] {logging_mixin.py:188} INFO - [2024-07-26T07:16:30.491+0000] {dagbag.py:545} INFO - Filling up the DagBag from /opt/airflow/dags/8_minio_dag.py
[2024-07-26T07:16:30.520+0000] {processor.py:840} INFO - DAG(s) 'minio_dag' retrieved from /opt/airflow/dags/8_minio_dag.py
[2024-07-26T07:16:30.561+0000] {logging_mixin.py:188} INFO - [2024-07-26T07:16:30.561+0000] {dag.py:3089} INFO - Sync 1 DAGs
[2024-07-26T07:16:30.581+0000] {logging_mixin.py:188} INFO - [2024-07-26T07:16:30.581+0000] {dag.py:3947} INFO - Setting next_dagrun for minio_dag to 2024-07-26 00:00:00+00:00, run_after=2024-07-27 00:00:00+00:00
[2024-07-26T07:16:30.595+0000] {processor.py:183} INFO - Processing /opt/airflow/dags/8_minio_dag.py took 0.114 seconds
[2024-07-26T07:17:00.917+0000] {processor.py:161} INFO - Started process (PID=2955) to work on /opt/airflow/dags/8_minio_dag.py
[2024-07-26T07:17:00.928+0000] {processor.py:830} INFO - Processing file /opt/airflow/dags/8_minio_dag.py for tasks to queue
[2024-07-26T07:17:00.930+0000] {logging_mixin.py:188} INFO - [2024-07-26T07:17:00.930+0000] {dagbag.py:545} INFO - Filling up the DagBag from /opt/airflow/dags/8_minio_dag.py
[2024-07-26T07:17:00.946+0000] {processor.py:840} INFO - DAG(s) 'minio_dag' retrieved from /opt/airflow/dags/8_minio_dag.py
[2024-07-26T07:17:00.970+0000] {logging_mixin.py:188} INFO - [2024-07-26T07:17:00.970+0000] {dag.py:3089} INFO - Sync 1 DAGs
[2024-07-26T07:17:00.987+0000] {logging_mixin.py:188} INFO - [2024-07-26T07:17:00.987+0000] {dag.py:3947} INFO - Setting next_dagrun for minio_dag to 2024-07-26 00:00:00+00:00, run_after=2024-07-27 00:00:00+00:00
[2024-07-26T07:17:01.002+0000] {processor.py:183} INFO - Processing /opt/airflow/dags/8_minio_dag.py took 0.092 seconds
[2024-07-26T07:17:31.678+0000] {processor.py:161} INFO - Started process (PID=2970) to work on /opt/airflow/dags/8_minio_dag.py
[2024-07-26T07:17:31.679+0000] {processor.py:830} INFO - Processing file /opt/airflow/dags/8_minio_dag.py for tasks to queue
[2024-07-26T07:17:31.680+0000] {logging_mixin.py:188} INFO - [2024-07-26T07:17:31.680+0000] {dagbag.py:545} INFO - Filling up the DagBag from /opt/airflow/dags/8_minio_dag.py
[2024-07-26T07:17:31.694+0000] {processor.py:840} INFO - DAG(s) 'minio_dag' retrieved from /opt/airflow/dags/8_minio_dag.py
[2024-07-26T07:17:31.716+0000] {logging_mixin.py:188} INFO - [2024-07-26T07:17:31.716+0000] {dag.py:3089} INFO - Sync 1 DAGs
[2024-07-26T07:17:31.731+0000] {logging_mixin.py:188} INFO - [2024-07-26T07:17:31.731+0000] {dag.py:3947} INFO - Setting next_dagrun for minio_dag to 2024-07-26 00:00:00+00:00, run_after=2024-07-27 00:00:00+00:00
[2024-07-26T07:17:31.743+0000] {processor.py:183} INFO - Processing /opt/airflow/dags/8_minio_dag.py took 0.072 seconds
[2024-07-26T07:18:02.400+0000] {processor.py:161} INFO - Started process (PID=2985) to work on /opt/airflow/dags/8_minio_dag.py
[2024-07-26T07:18:02.401+0000] {processor.py:830} INFO - Processing file /opt/airflow/dags/8_minio_dag.py for tasks to queue
[2024-07-26T07:18:02.402+0000] {logging_mixin.py:188} INFO - [2024-07-26T07:18:02.402+0000] {dagbag.py:545} INFO - Filling up the DagBag from /opt/airflow/dags/8_minio_dag.py
[2024-07-26T07:18:02.411+0000] {processor.py:840} INFO - DAG(s) 'minio_dag' retrieved from /opt/airflow/dags/8_minio_dag.py
[2024-07-26T07:18:02.442+0000] {logging_mixin.py:188} INFO - [2024-07-26T07:18:02.442+0000] {dag.py:3089} INFO - Sync 1 DAGs
[2024-07-26T07:18:02.462+0000] {logging_mixin.py:188} INFO - [2024-07-26T07:18:02.462+0000] {dag.py:3947} INFO - Setting next_dagrun for minio_dag to 2024-07-26 00:00:00+00:00, run_after=2024-07-27 00:00:00+00:00
[2024-07-26T07:18:02.478+0000] {processor.py:183} INFO - Processing /opt/airflow/dags/8_minio_dag.py took 0.083 seconds
[2024-07-26T07:18:32.593+0000] {processor.py:161} INFO - Started process (PID=3001) to work on /opt/airflow/dags/8_minio_dag.py
[2024-07-26T07:18:32.593+0000] {processor.py:830} INFO - Processing file /opt/airflow/dags/8_minio_dag.py for tasks to queue
[2024-07-26T07:18:32.594+0000] {logging_mixin.py:188} INFO - [2024-07-26T07:18:32.594+0000] {dagbag.py:545} INFO - Filling up the DagBag from /opt/airflow/dags/8_minio_dag.py
[2024-07-26T07:18:32.601+0000] {processor.py:840} INFO - DAG(s) 'minio_dag' retrieved from /opt/airflow/dags/8_minio_dag.py
[2024-07-26T07:18:32.621+0000] {logging_mixin.py:188} INFO - [2024-07-26T07:18:32.620+0000] {dag.py:3089} INFO - Sync 1 DAGs
[2024-07-26T07:18:32.639+0000] {logging_mixin.py:188} INFO - [2024-07-26T07:18:32.639+0000] {dag.py:3947} INFO - Setting next_dagrun for minio_dag to 2024-07-26 00:00:00+00:00, run_after=2024-07-27 00:00:00+00:00
[2024-07-26T07:18:32.653+0000] {processor.py:183} INFO - Processing /opt/airflow/dags/8_minio_dag.py took 0.063 seconds
[2024-07-26T07:19:03.472+0000] {processor.py:161} INFO - Started process (PID=3016) to work on /opt/airflow/dags/8_minio_dag.py
[2024-07-26T07:19:03.473+0000] {processor.py:830} INFO - Processing file /opt/airflow/dags/8_minio_dag.py for tasks to queue
[2024-07-26T07:19:03.474+0000] {logging_mixin.py:188} INFO - [2024-07-26T07:19:03.473+0000] {dagbag.py:545} INFO - Filling up the DagBag from /opt/airflow/dags/8_minio_dag.py
[2024-07-26T07:19:03.480+0000] {processor.py:840} INFO - DAG(s) 'minio_dag' retrieved from /opt/airflow/dags/8_minio_dag.py
[2024-07-26T07:19:03.497+0000] {logging_mixin.py:188} INFO - [2024-07-26T07:19:03.497+0000] {dag.py:3089} INFO - Sync 1 DAGs
[2024-07-26T07:19:03.509+0000] {logging_mixin.py:188} INFO - [2024-07-26T07:19:03.509+0000] {dag.py:3947} INFO - Setting next_dagrun for minio_dag to 2024-07-26 00:00:00+00:00, run_after=2024-07-27 00:00:00+00:00
[2024-07-26T07:19:03.516+0000] {processor.py:183} INFO - Processing /opt/airflow/dags/8_minio_dag.py took 0.046 seconds
[2024-07-26T07:19:33.712+0000] {processor.py:161} INFO - Started process (PID=3032) to work on /opt/airflow/dags/8_minio_dag.py
[2024-07-26T07:19:33.713+0000] {processor.py:830} INFO - Processing file /opt/airflow/dags/8_minio_dag.py for tasks to queue
[2024-07-26T07:19:33.714+0000] {logging_mixin.py:188} INFO - [2024-07-26T07:19:33.714+0000] {dagbag.py:545} INFO - Filling up the DagBag from /opt/airflow/dags/8_minio_dag.py
[2024-07-26T07:19:33.728+0000] {processor.py:840} INFO - DAG(s) 'minio_dag' retrieved from /opt/airflow/dags/8_minio_dag.py
[2024-07-26T07:19:33.809+0000] {logging_mixin.py:188} INFO - [2024-07-26T07:19:33.809+0000] {dag.py:3089} INFO - Sync 1 DAGs
[2024-07-26T07:19:33.822+0000] {logging_mixin.py:188} INFO - [2024-07-26T07:19:33.822+0000] {dag.py:3947} INFO - Setting next_dagrun for minio_dag to 2024-07-26 00:00:00+00:00, run_after=2024-07-27 00:00:00+00:00
[2024-07-26T07:19:33.841+0000] {processor.py:183} INFO - Processing /opt/airflow/dags/8_minio_dag.py took 0.138 seconds
[2024-07-26T07:20:04.721+0000] {processor.py:161} INFO - Started process (PID=3047) to work on /opt/airflow/dags/8_minio_dag.py
[2024-07-26T07:20:04.723+0000] {processor.py:830} INFO - Processing file /opt/airflow/dags/8_minio_dag.py for tasks to queue
[2024-07-26T07:20:04.724+0000] {logging_mixin.py:188} INFO - [2024-07-26T07:20:04.724+0000] {dagbag.py:545} INFO - Filling up the DagBag from /opt/airflow/dags/8_minio_dag.py
[2024-07-26T07:20:04.758+0000] {processor.py:840} INFO - DAG(s) 'minio_dag' retrieved from /opt/airflow/dags/8_minio_dag.py
[2024-07-26T07:20:04.782+0000] {logging_mixin.py:188} INFO - [2024-07-26T07:20:04.781+0000] {dag.py:3089} INFO - Sync 1 DAGs
[2024-07-26T07:20:04.799+0000] {logging_mixin.py:188} INFO - [2024-07-26T07:20:04.799+0000] {dag.py:3947} INFO - Setting next_dagrun for minio_dag to 2024-07-26 00:00:00+00:00, run_after=2024-07-27 00:00:00+00:00
[2024-07-26T07:20:04.813+0000] {processor.py:183} INFO - Processing /opt/airflow/dags/8_minio_dag.py took 0.098 seconds
[2024-07-26T07:20:35.541+0000] {processor.py:161} INFO - Started process (PID=3062) to work on /opt/airflow/dags/8_minio_dag.py
[2024-07-26T07:20:35.543+0000] {processor.py:830} INFO - Processing file /opt/airflow/dags/8_minio_dag.py for tasks to queue
[2024-07-26T07:20:35.543+0000] {logging_mixin.py:188} INFO - [2024-07-26T07:20:35.543+0000] {dagbag.py:545} INFO - Filling up the DagBag from /opt/airflow/dags/8_minio_dag.py
[2024-07-26T07:20:35.561+0000] {processor.py:840} INFO - DAG(s) 'minio_dag' retrieved from /opt/airflow/dags/8_minio_dag.py
[2024-07-26T07:20:35.576+0000] {logging_mixin.py:188} INFO - [2024-07-26T07:20:35.575+0000] {dag.py:3089} INFO - Sync 1 DAGs
[2024-07-26T07:20:35.590+0000] {logging_mixin.py:188} INFO - [2024-07-26T07:20:35.590+0000] {dag.py:3947} INFO - Setting next_dagrun for minio_dag to 2024-07-26 00:00:00+00:00, run_after=2024-07-27 00:00:00+00:00
[2024-07-26T07:20:35.599+0000] {processor.py:183} INFO - Processing /opt/airflow/dags/8_minio_dag.py took 0.075 seconds
[2024-07-26T07:21:05.755+0000] {processor.py:161} INFO - Started process (PID=3081) to work on /opt/airflow/dags/8_minio_dag.py
[2024-07-26T07:21:05.757+0000] {processor.py:830} INFO - Processing file /opt/airflow/dags/8_minio_dag.py for tasks to queue
[2024-07-26T07:21:05.758+0000] {logging_mixin.py:188} INFO - [2024-07-26T07:21:05.758+0000] {dagbag.py:545} INFO - Filling up the DagBag from /opt/airflow/dags/8_minio_dag.py
[2024-07-26T07:21:05.774+0000] {processor.py:840} INFO - DAG(s) 'minio_dag' retrieved from /opt/airflow/dags/8_minio_dag.py
[2024-07-26T07:21:05.799+0000] {logging_mixin.py:188} INFO - [2024-07-26T07:21:05.799+0000] {dag.py:3089} INFO - Sync 1 DAGs
[2024-07-26T07:21:05.816+0000] {logging_mixin.py:188} INFO - [2024-07-26T07:21:05.816+0000] {dag.py:3947} INFO - Setting next_dagrun for minio_dag to 2024-07-26 00:00:00+00:00, run_after=2024-07-27 00:00:00+00:00
[2024-07-26T07:21:06.084+0000] {processor.py:183} INFO - Processing /opt/airflow/dags/8_minio_dag.py took 0.339 seconds
[2024-07-26T07:21:37.038+0000] {processor.py:161} INFO - Started process (PID=3096) to work on /opt/airflow/dags/8_minio_dag.py
[2024-07-26T07:21:37.041+0000] {processor.py:830} INFO - Processing file /opt/airflow/dags/8_minio_dag.py for tasks to queue
[2024-07-26T07:21:37.044+0000] {logging_mixin.py:188} INFO - [2024-07-26T07:21:37.043+0000] {dagbag.py:545} INFO - Filling up the DagBag from /opt/airflow/dags/8_minio_dag.py
[2024-07-26T07:21:37.063+0000] {processor.py:840} INFO - DAG(s) 'minio_dag' retrieved from /opt/airflow/dags/8_minio_dag.py
[2024-07-26T07:21:37.107+0000] {logging_mixin.py:188} INFO - [2024-07-26T07:21:37.107+0000] {dag.py:3089} INFO - Sync 1 DAGs
[2024-07-26T07:21:37.133+0000] {logging_mixin.py:188} INFO - [2024-07-26T07:21:37.133+0000] {dag.py:3947} INFO - Setting next_dagrun for minio_dag to 2024-07-26 00:00:00+00:00, run_after=2024-07-27 00:00:00+00:00
[2024-07-26T07:21:37.148+0000] {processor.py:183} INFO - Processing /opt/airflow/dags/8_minio_dag.py took 0.121 seconds
[2024-07-26T07:22:07.247+0000] {processor.py:161} INFO - Started process (PID=3113) to work on /opt/airflow/dags/8_minio_dag.py
[2024-07-26T07:22:07.254+0000] {processor.py:830} INFO - Processing file /opt/airflow/dags/8_minio_dag.py for tasks to queue
[2024-07-26T07:22:07.255+0000] {logging_mixin.py:188} INFO - [2024-07-26T07:22:07.255+0000] {dagbag.py:545} INFO - Filling up the DagBag from /opt/airflow/dags/8_minio_dag.py
[2024-07-26T07:22:07.275+0000] {processor.py:840} INFO - DAG(s) 'minio_dag' retrieved from /opt/airflow/dags/8_minio_dag.py
[2024-07-26T07:22:07.313+0000] {logging_mixin.py:188} INFO - [2024-07-26T07:22:07.313+0000] {dag.py:3089} INFO - Sync 1 DAGs
[2024-07-26T07:22:07.328+0000] {logging_mixin.py:188} INFO - [2024-07-26T07:22:07.328+0000] {dag.py:3947} INFO - Setting next_dagrun for minio_dag to 2024-07-26 00:00:00+00:00, run_after=2024-07-27 00:00:00+00:00
[2024-07-26T07:22:07.343+0000] {processor.py:183} INFO - Processing /opt/airflow/dags/8_minio_dag.py took 0.111 seconds
[2024-07-26T07:22:37.534+0000] {processor.py:161} INFO - Started process (PID=3129) to work on /opt/airflow/dags/8_minio_dag.py
[2024-07-26T07:22:37.535+0000] {processor.py:830} INFO - Processing file /opt/airflow/dags/8_minio_dag.py for tasks to queue
[2024-07-26T07:22:37.536+0000] {logging_mixin.py:188} INFO - [2024-07-26T07:22:37.536+0000] {dagbag.py:545} INFO - Filling up the DagBag from /opt/airflow/dags/8_minio_dag.py
[2024-07-26T07:22:37.546+0000] {processor.py:840} INFO - DAG(s) 'minio_dag' retrieved from /opt/airflow/dags/8_minio_dag.py
[2024-07-26T07:22:37.574+0000] {logging_mixin.py:188} INFO - [2024-07-26T07:22:37.574+0000] {dag.py:3089} INFO - Sync 1 DAGs
[2024-07-26T07:22:37.592+0000] {logging_mixin.py:188} INFO - [2024-07-26T07:22:37.592+0000] {dag.py:3947} INFO - Setting next_dagrun for minio_dag to 2024-07-26 00:00:00+00:00, run_after=2024-07-27 00:00:00+00:00
[2024-07-26T07:22:37.607+0000] {processor.py:183} INFO - Processing /opt/airflow/dags/8_minio_dag.py took 0.079 seconds
[2024-07-26T07:23:08.340+0000] {processor.py:161} INFO - Started process (PID=3144) to work on /opt/airflow/dags/8_minio_dag.py
[2024-07-26T07:23:08.341+0000] {processor.py:830} INFO - Processing file /opt/airflow/dags/8_minio_dag.py for tasks to queue
[2024-07-26T07:23:08.342+0000] {logging_mixin.py:188} INFO - [2024-07-26T07:23:08.342+0000] {dagbag.py:545} INFO - Filling up the DagBag from /opt/airflow/dags/8_minio_dag.py
[2024-07-26T07:23:08.352+0000] {processor.py:840} INFO - DAG(s) 'minio_dag' retrieved from /opt/airflow/dags/8_minio_dag.py
[2024-07-26T07:23:08.363+0000] {logging_mixin.py:188} INFO - [2024-07-26T07:23:08.363+0000] {dag.py:3089} INFO - Sync 1 DAGs
[2024-07-26T07:23:08.371+0000] {logging_mixin.py:188} INFO - [2024-07-26T07:23:08.371+0000] {dag.py:3947} INFO - Setting next_dagrun for minio_dag to 2024-07-26 00:00:00+00:00, run_after=2024-07-27 00:00:00+00:00
[2024-07-26T07:23:08.379+0000] {processor.py:183} INFO - Processing /opt/airflow/dags/8_minio_dag.py took 0.042 seconds
[2024-07-26T07:23:39.165+0000] {processor.py:161} INFO - Started process (PID=3159) to work on /opt/airflow/dags/8_minio_dag.py
[2024-07-26T07:23:39.167+0000] {processor.py:830} INFO - Processing file /opt/airflow/dags/8_minio_dag.py for tasks to queue
[2024-07-26T07:23:39.168+0000] {logging_mixin.py:188} INFO - [2024-07-26T07:23:39.168+0000] {dagbag.py:545} INFO - Filling up the DagBag from /opt/airflow/dags/8_minio_dag.py
[2024-07-26T07:23:39.178+0000] {processor.py:840} INFO - DAG(s) 'minio_dag' retrieved from /opt/airflow/dags/8_minio_dag.py
[2024-07-26T07:23:39.195+0000] {logging_mixin.py:188} INFO - [2024-07-26T07:23:39.195+0000] {dag.py:3089} INFO - Sync 1 DAGs
[2024-07-26T07:23:39.204+0000] {logging_mixin.py:188} INFO - [2024-07-26T07:23:39.204+0000] {dag.py:3947} INFO - Setting next_dagrun for minio_dag to 2024-07-26 00:00:00+00:00, run_after=2024-07-27 00:00:00+00:00
[2024-07-26T07:23:39.214+0000] {processor.py:183} INFO - Processing /opt/airflow/dags/8_minio_dag.py took 0.054 seconds
[2024-07-26T07:24:09.505+0000] {processor.py:161} INFO - Started process (PID=3174) to work on /opt/airflow/dags/8_minio_dag.py
[2024-07-26T07:24:09.508+0000] {processor.py:830} INFO - Processing file /opt/airflow/dags/8_minio_dag.py for tasks to queue
[2024-07-26T07:24:09.511+0000] {logging_mixin.py:188} INFO - [2024-07-26T07:24:09.511+0000] {dagbag.py:545} INFO - Filling up the DagBag from /opt/airflow/dags/8_minio_dag.py
[2024-07-26T07:24:09.521+0000] {processor.py:840} INFO - DAG(s) 'minio_dag' retrieved from /opt/airflow/dags/8_minio_dag.py
[2024-07-26T07:24:09.542+0000] {logging_mixin.py:188} INFO - [2024-07-26T07:24:09.542+0000] {dag.py:3089} INFO - Sync 1 DAGs
[2024-07-26T07:24:09.552+0000] {logging_mixin.py:188} INFO - [2024-07-26T07:24:09.551+0000] {dag.py:3947} INFO - Setting next_dagrun for minio_dag to 2024-07-26 00:00:00+00:00, run_after=2024-07-27 00:00:00+00:00
[2024-07-26T07:24:09.560+0000] {processor.py:183} INFO - Processing /opt/airflow/dags/8_minio_dag.py took 0.063 seconds
[2024-07-26T07:24:40.283+0000] {processor.py:161} INFO - Started process (PID=3192) to work on /opt/airflow/dags/8_minio_dag.py
[2024-07-26T07:24:40.286+0000] {processor.py:830} INFO - Processing file /opt/airflow/dags/8_minio_dag.py for tasks to queue
[2024-07-26T07:24:40.288+0000] {logging_mixin.py:188} INFO - [2024-07-26T07:24:40.287+0000] {dagbag.py:545} INFO - Filling up the DagBag from /opt/airflow/dags/8_minio_dag.py
[2024-07-26T07:24:40.296+0000] {processor.py:840} INFO - DAG(s) 'minio_dag' retrieved from /opt/airflow/dags/8_minio_dag.py
[2024-07-26T07:24:40.318+0000] {logging_mixin.py:188} INFO - [2024-07-26T07:24:40.318+0000] {dag.py:3089} INFO - Sync 1 DAGs
[2024-07-26T07:24:40.331+0000] {logging_mixin.py:188} INFO - [2024-07-26T07:24:40.331+0000] {dag.py:3947} INFO - Setting next_dagrun for minio_dag to 2024-07-26 00:00:00+00:00, run_after=2024-07-27 00:00:00+00:00
[2024-07-26T07:24:40.342+0000] {processor.py:183} INFO - Processing /opt/airflow/dags/8_minio_dag.py took 0.063 seconds
[2024-07-26T07:25:10.956+0000] {processor.py:161} INFO - Started process (PID=3207) to work on /opt/airflow/dags/8_minio_dag.py
[2024-07-26T07:25:10.958+0000] {processor.py:830} INFO - Processing file /opt/airflow/dags/8_minio_dag.py for tasks to queue
[2024-07-26T07:25:10.963+0000] {logging_mixin.py:188} INFO - [2024-07-26T07:25:10.963+0000] {dagbag.py:545} INFO - Filling up the DagBag from /opt/airflow/dags/8_minio_dag.py
[2024-07-26T07:25:10.987+0000] {processor.py:840} INFO - DAG(s) 'minio_dag' retrieved from /opt/airflow/dags/8_minio_dag.py
[2024-07-26T07:25:11.014+0000] {logging_mixin.py:188} INFO - [2024-07-26T07:25:11.014+0000] {dag.py:3089} INFO - Sync 1 DAGs
[2024-07-26T07:25:11.028+0000] {logging_mixin.py:188} INFO - [2024-07-26T07:25:11.028+0000] {dag.py:3947} INFO - Setting next_dagrun for minio_dag to 2024-07-26 00:00:00+00:00, run_after=2024-07-27 00:00:00+00:00
[2024-07-26T07:25:11.038+0000] {processor.py:183} INFO - Processing /opt/airflow/dags/8_minio_dag.py took 0.089 seconds
[2024-07-26T07:25:41.766+0000] {processor.py:161} INFO - Started process (PID=3223) to work on /opt/airflow/dags/8_minio_dag.py
[2024-07-26T07:25:41.768+0000] {processor.py:830} INFO - Processing file /opt/airflow/dags/8_minio_dag.py for tasks to queue
[2024-07-26T07:25:41.768+0000] {logging_mixin.py:188} INFO - [2024-07-26T07:25:41.768+0000] {dagbag.py:545} INFO - Filling up the DagBag from /opt/airflow/dags/8_minio_dag.py
[2024-07-26T07:25:41.782+0000] {processor.py:840} INFO - DAG(s) 'minio_dag' retrieved from /opt/airflow/dags/8_minio_dag.py
[2024-07-26T07:25:41.802+0000] {logging_mixin.py:188} INFO - [2024-07-26T07:25:41.802+0000] {dag.py:3089} INFO - Sync 1 DAGs
[2024-07-26T07:25:41.811+0000] {logging_mixin.py:188} INFO - [2024-07-26T07:25:41.811+0000] {dag.py:3947} INFO - Setting next_dagrun for minio_dag to 2024-07-26 00:00:00+00:00, run_after=2024-07-27 00:00:00+00:00
[2024-07-26T07:25:41.821+0000] {processor.py:183} INFO - Processing /opt/airflow/dags/8_minio_dag.py took 0.061 seconds
[2024-07-26T07:26:11.940+0000] {processor.py:161} INFO - Started process (PID=3238) to work on /opt/airflow/dags/8_minio_dag.py
[2024-07-26T07:26:11.940+0000] {processor.py:830} INFO - Processing file /opt/airflow/dags/8_minio_dag.py for tasks to queue
[2024-07-26T07:26:11.941+0000] {logging_mixin.py:188} INFO - [2024-07-26T07:26:11.941+0000] {dagbag.py:545} INFO - Filling up the DagBag from /opt/airflow/dags/8_minio_dag.py
[2024-07-26T07:26:11.951+0000] {processor.py:840} INFO - DAG(s) 'minio_dag' retrieved from /opt/airflow/dags/8_minio_dag.py
[2024-07-26T07:26:11.969+0000] {logging_mixin.py:188} INFO - [2024-07-26T07:26:11.969+0000] {dag.py:3089} INFO - Sync 1 DAGs
[2024-07-26T07:26:11.989+0000] {logging_mixin.py:188} INFO - [2024-07-26T07:26:11.989+0000] {dag.py:3947} INFO - Setting next_dagrun for minio_dag to 2024-07-26 00:00:00+00:00, run_after=2024-07-27 00:00:00+00:00
[2024-07-26T07:26:11.997+0000] {processor.py:183} INFO - Processing /opt/airflow/dags/8_minio_dag.py took 0.062 seconds
[2024-07-26T07:26:42.246+0000] {processor.py:161} INFO - Started process (PID=3253) to work on /opt/airflow/dags/8_minio_dag.py
[2024-07-26T07:26:42.247+0000] {processor.py:830} INFO - Processing file /opt/airflow/dags/8_minio_dag.py for tasks to queue
[2024-07-26T07:26:42.248+0000] {logging_mixin.py:188} INFO - [2024-07-26T07:26:42.248+0000] {dagbag.py:545} INFO - Filling up the DagBag from /opt/airflow/dags/8_minio_dag.py
[2024-07-26T07:26:42.254+0000] {processor.py:840} INFO - DAG(s) 'minio_dag' retrieved from /opt/airflow/dags/8_minio_dag.py
[2024-07-26T07:26:42.274+0000] {logging_mixin.py:188} INFO - [2024-07-26T07:26:42.274+0000] {dag.py:3089} INFO - Sync 1 DAGs
[2024-07-26T07:26:42.288+0000] {logging_mixin.py:188} INFO - [2024-07-26T07:26:42.288+0000] {dag.py:3947} INFO - Setting next_dagrun for minio_dag to 2024-07-26 00:00:00+00:00, run_after=2024-07-27 00:00:00+00:00
[2024-07-26T07:26:42.384+0000] {processor.py:183} INFO - Processing /opt/airflow/dags/8_minio_dag.py took 0.142 seconds
[2024-07-26T07:27:13.019+0000] {processor.py:161} INFO - Started process (PID=3268) to work on /opt/airflow/dags/8_minio_dag.py
[2024-07-26T07:27:13.019+0000] {processor.py:830} INFO - Processing file /opt/airflow/dags/8_minio_dag.py for tasks to queue
[2024-07-26T07:27:13.020+0000] {logging_mixin.py:188} INFO - [2024-07-26T07:27:13.020+0000] {dagbag.py:545} INFO - Filling up the DagBag from /opt/airflow/dags/8_minio_dag.py
[2024-07-26T07:27:13.030+0000] {processor.py:840} INFO - DAG(s) 'minio_dag' retrieved from /opt/airflow/dags/8_minio_dag.py
[2024-07-26T07:27:13.043+0000] {logging_mixin.py:188} INFO - [2024-07-26T07:27:13.043+0000] {dag.py:3089} INFO - Sync 1 DAGs
[2024-07-26T07:27:13.053+0000] {logging_mixin.py:188} INFO - [2024-07-26T07:27:13.053+0000] {dag.py:3947} INFO - Setting next_dagrun for minio_dag to 2024-07-26 00:00:00+00:00, run_after=2024-07-27 00:00:00+00:00
[2024-07-26T07:27:13.059+0000] {processor.py:183} INFO - Processing /opt/airflow/dags/8_minio_dag.py took 0.044 seconds
[2024-07-26T07:27:43.864+0000] {processor.py:161} INFO - Started process (PID=3283) to work on /opt/airflow/dags/8_minio_dag.py
[2024-07-26T07:27:43.865+0000] {processor.py:830} INFO - Processing file /opt/airflow/dags/8_minio_dag.py for tasks to queue
[2024-07-26T07:27:43.865+0000] {logging_mixin.py:188} INFO - [2024-07-26T07:27:43.865+0000] {dagbag.py:545} INFO - Filling up the DagBag from /opt/airflow/dags/8_minio_dag.py
[2024-07-26T07:27:43.871+0000] {processor.py:840} INFO - DAG(s) 'minio_dag' retrieved from /opt/airflow/dags/8_minio_dag.py
[2024-07-26T07:27:43.887+0000] {logging_mixin.py:188} INFO - [2024-07-26T07:27:43.887+0000] {dag.py:3089} INFO - Sync 1 DAGs
[2024-07-26T07:27:43.898+0000] {logging_mixin.py:188} INFO - [2024-07-26T07:27:43.898+0000] {dag.py:3947} INFO - Setting next_dagrun for minio_dag to 2024-07-26 00:00:00+00:00, run_after=2024-07-27 00:00:00+00:00
[2024-07-26T07:27:43.906+0000] {processor.py:183} INFO - Processing /opt/airflow/dags/8_minio_dag.py took 0.044 seconds
[2024-07-26T07:28:15.037+0000] {processor.py:161} INFO - Started process (PID=3299) to work on /opt/airflow/dags/8_minio_dag.py
[2024-07-26T07:28:15.038+0000] {processor.py:830} INFO - Processing file /opt/airflow/dags/8_minio_dag.py for tasks to queue
[2024-07-26T07:28:15.038+0000] {logging_mixin.py:188} INFO - [2024-07-26T07:28:15.038+0000] {dagbag.py:545} INFO - Filling up the DagBag from /opt/airflow/dags/8_minio_dag.py
[2024-07-26T07:28:15.044+0000] {processor.py:840} INFO - DAG(s) 'minio_dag' retrieved from /opt/airflow/dags/8_minio_dag.py
[2024-07-26T07:28:15.057+0000] {logging_mixin.py:188} INFO - [2024-07-26T07:28:15.057+0000] {dag.py:3089} INFO - Sync 1 DAGs
[2024-07-26T07:28:15.068+0000] {logging_mixin.py:188} INFO - [2024-07-26T07:28:15.068+0000] {dag.py:3947} INFO - Setting next_dagrun for minio_dag to 2024-07-26 00:00:00+00:00, run_after=2024-07-27 00:00:00+00:00
[2024-07-26T07:28:15.075+0000] {processor.py:183} INFO - Processing /opt/airflow/dags/8_minio_dag.py took 0.042 seconds
[2024-07-26T07:28:36.501+0000] {processor.py:161} INFO - Started process (PID=3308) to work on /opt/airflow/dags/8_minio_dag.py
[2024-07-26T07:28:36.503+0000] {processor.py:830} INFO - Processing file /opt/airflow/dags/8_minio_dag.py for tasks to queue
[2024-07-26T07:28:36.504+0000] {logging_mixin.py:188} INFO - [2024-07-26T07:28:36.504+0000] {dagbag.py:545} INFO - Filling up the DagBag from /opt/airflow/dags/8_minio_dag.py
[2024-07-26T07:28:36.523+0000] {processor.py:840} INFO - DAG(s) 'minio_dag' retrieved from /opt/airflow/dags/8_minio_dag.py
[2024-07-26T07:28:36.561+0000] {logging_mixin.py:188} INFO - [2024-07-26T07:28:36.561+0000] {dag.py:3089} INFO - Sync 1 DAGs
[2024-07-26T07:28:36.578+0000] {logging_mixin.py:188} INFO - [2024-07-26T07:28:36.578+0000] {dag.py:3947} INFO - Setting next_dagrun for minio_dag to 2024-07-26 00:00:00+00:00, run_after=2024-07-27 00:00:00+00:00
[2024-07-26T07:28:36.589+0000] {processor.py:183} INFO - Processing /opt/airflow/dags/8_minio_dag.py took 0.098 seconds
[2024-07-26T07:29:07.392+0000] {processor.py:161} INFO - Started process (PID=3323) to work on /opt/airflow/dags/8_minio_dag.py
[2024-07-26T07:29:07.394+0000] {processor.py:830} INFO - Processing file /opt/airflow/dags/8_minio_dag.py for tasks to queue
[2024-07-26T07:29:07.395+0000] {logging_mixin.py:188} INFO - [2024-07-26T07:29:07.394+0000] {dagbag.py:545} INFO - Filling up the DagBag from /opt/airflow/dags/8_minio_dag.py
[2024-07-26T07:29:07.411+0000] {processor.py:840} INFO - DAG(s) 'minio_dag' retrieved from /opt/airflow/dags/8_minio_dag.py
[2024-07-26T07:29:07.474+0000] {logging_mixin.py:188} INFO - [2024-07-26T07:29:07.474+0000] {dag.py:3089} INFO - Sync 1 DAGs
[2024-07-26T07:29:07.491+0000] {logging_mixin.py:188} INFO - [2024-07-26T07:29:07.491+0000] {dag.py:3947} INFO - Setting next_dagrun for minio_dag to 2024-07-26 00:00:00+00:00, run_after=2024-07-27 00:00:00+00:00
[2024-07-26T07:29:07.502+0000] {processor.py:183} INFO - Processing /opt/airflow/dags/8_minio_dag.py took 0.121 seconds
[2024-07-26T07:29:17.368+0000] {processor.py:161} INFO - Started process (PID=3330) to work on /opt/airflow/dags/8_minio_dag.py
[2024-07-26T07:29:17.369+0000] {processor.py:830} INFO - Processing file /opt/airflow/dags/8_minio_dag.py for tasks to queue
[2024-07-26T07:29:17.370+0000] {logging_mixin.py:188} INFO - [2024-07-26T07:29:17.370+0000] {dagbag.py:545} INFO - Filling up the DagBag from /opt/airflow/dags/8_minio_dag.py
[2024-07-26T07:29:17.381+0000] {processor.py:840} INFO - DAG(s) 'minio_dag' retrieved from /opt/airflow/dags/8_minio_dag.py
[2024-07-26T07:29:17.400+0000] {logging_mixin.py:188} INFO - [2024-07-26T07:29:17.400+0000] {dag.py:3089} INFO - Sync 1 DAGs
[2024-07-26T07:29:17.412+0000] {logging_mixin.py:188} INFO - [2024-07-26T07:29:17.412+0000] {dag.py:3947} INFO - Setting next_dagrun for minio_dag to 2024-07-26 00:00:00+00:00, run_after=2024-07-27 00:00:00+00:00
[2024-07-26T07:29:17.559+0000] {processor.py:183} INFO - Processing /opt/airflow/dags/8_minio_dag.py took 0.197 seconds
[2024-07-26T07:29:48.444+0000] {processor.py:161} INFO - Started process (PID=3345) to work on /opt/airflow/dags/8_minio_dag.py
[2024-07-26T07:29:48.445+0000] {processor.py:830} INFO - Processing file /opt/airflow/dags/8_minio_dag.py for tasks to queue
[2024-07-26T07:29:48.446+0000] {logging_mixin.py:188} INFO - [2024-07-26T07:29:48.446+0000] {dagbag.py:545} INFO - Filling up the DagBag from /opt/airflow/dags/8_minio_dag.py
[2024-07-26T07:29:48.455+0000] {processor.py:840} INFO - DAG(s) 'minio_dag' retrieved from /opt/airflow/dags/8_minio_dag.py
[2024-07-26T07:29:48.471+0000] {logging_mixin.py:188} INFO - [2024-07-26T07:29:48.471+0000] {dag.py:3089} INFO - Sync 1 DAGs
[2024-07-26T07:29:48.484+0000] {logging_mixin.py:188} INFO - [2024-07-26T07:29:48.484+0000] {dag.py:3947} INFO - Setting next_dagrun for minio_dag to 2024-07-26 00:00:00+00:00, run_after=2024-07-27 00:00:00+00:00
[2024-07-26T07:29:48.491+0000] {processor.py:183} INFO - Processing /opt/airflow/dags/8_minio_dag.py took 0.052 seconds
[2024-07-26T07:30:04.819+0000] {processor.py:161} INFO - Started process (PID=3354) to work on /opt/airflow/dags/8_minio_dag.py
[2024-07-26T07:30:04.822+0000] {processor.py:830} INFO - Processing file /opt/airflow/dags/8_minio_dag.py for tasks to queue
[2024-07-26T07:30:04.825+0000] {logging_mixin.py:188} INFO - [2024-07-26T07:30:04.824+0000] {dagbag.py:545} INFO - Filling up the DagBag from /opt/airflow/dags/8_minio_dag.py
[2024-07-26T07:30:04.860+0000] {processor.py:840} INFO - DAG(s) 'minio_dag' retrieved from /opt/airflow/dags/8_minio_dag.py
[2024-07-26T07:30:04.937+0000] {logging_mixin.py:188} INFO - [2024-07-26T07:30:04.937+0000] {dag.py:3089} INFO - Sync 1 DAGs
[2024-07-26T07:30:04.951+0000] {logging_mixin.py:188} INFO - [2024-07-26T07:30:04.951+0000] {dag.py:3947} INFO - Setting next_dagrun for minio_dag to 2024-07-26 00:00:00+00:00, run_after=2024-07-27 00:00:00+00:00
[2024-07-26T07:30:04.963+0000] {processor.py:183} INFO - Processing /opt/airflow/dags/8_minio_dag.py took 0.164 seconds
[2024-07-26T07:30:05.846+0000] {processor.py:161} INFO - Started process (PID=3355) to work on /opt/airflow/dags/8_minio_dag.py
[2024-07-26T07:30:05.846+0000] {processor.py:830} INFO - Processing file /opt/airflow/dags/8_minio_dag.py for tasks to queue
[2024-07-26T07:30:05.847+0000] {logging_mixin.py:188} INFO - [2024-07-26T07:30:05.846+0000] {dagbag.py:545} INFO - Filling up the DagBag from /opt/airflow/dags/8_minio_dag.py
[2024-07-26T07:30:05.854+0000] {processor.py:840} INFO - DAG(s) 'minio_dag' retrieved from /opt/airflow/dags/8_minio_dag.py
[2024-07-26T07:30:05.869+0000] {logging_mixin.py:188} INFO - [2024-07-26T07:30:05.869+0000] {dag.py:3089} INFO - Sync 1 DAGs
[2024-07-26T07:30:05.880+0000] {logging_mixin.py:188} INFO - [2024-07-26T07:30:05.880+0000] {dag.py:3947} INFO - Setting next_dagrun for minio_dag to 2024-07-26 00:00:00+00:00, run_after=2024-07-27 00:00:00+00:00
[2024-07-26T07:30:05.889+0000] {processor.py:183} INFO - Processing /opt/airflow/dags/8_minio_dag.py took 0.049 seconds
[2024-07-26T07:30:08.912+0000] {processor.py:161} INFO - Started process (PID=3356) to work on /opt/airflow/dags/8_minio_dag.py
[2024-07-26T07:30:08.918+0000] {processor.py:830} INFO - Processing file /opt/airflow/dags/8_minio_dag.py for tasks to queue
[2024-07-26T07:30:08.919+0000] {logging_mixin.py:188} INFO - [2024-07-26T07:30:08.919+0000] {dagbag.py:545} INFO - Filling up the DagBag from /opt/airflow/dags/8_minio_dag.py
[2024-07-26T07:30:08.936+0000] {processor.py:840} INFO - DAG(s) 'minio_dag' retrieved from /opt/airflow/dags/8_minio_dag.py
[2024-07-26T07:30:08.957+0000] {logging_mixin.py:188} INFO - [2024-07-26T07:30:08.957+0000] {dag.py:3089} INFO - Sync 1 DAGs
[2024-07-26T07:30:08.969+0000] {logging_mixin.py:188} INFO - [2024-07-26T07:30:08.969+0000] {dag.py:3947} INFO - Setting next_dagrun for minio_dag to 2024-07-26 00:00:00+00:00, run_after=2024-07-27 00:00:00+00:00
[2024-07-26T07:30:08.977+0000] {processor.py:183} INFO - Processing /opt/airflow/dags/8_minio_dag.py took 0.075 seconds
[2024-07-26T07:30:39.886+0000] {processor.py:161} INFO - Started process (PID=3371) to work on /opt/airflow/dags/8_minio_dag.py
[2024-07-26T07:30:39.891+0000] {processor.py:830} INFO - Processing file /opt/airflow/dags/8_minio_dag.py for tasks to queue
[2024-07-26T07:30:39.892+0000] {logging_mixin.py:188} INFO - [2024-07-26T07:30:39.892+0000] {dagbag.py:545} INFO - Filling up the DagBag from /opt/airflow/dags/8_minio_dag.py
[2024-07-26T07:30:39.908+0000] {processor.py:840} INFO - DAG(s) 'minio_dag' retrieved from /opt/airflow/dags/8_minio_dag.py
[2024-07-26T07:30:39.944+0000] {logging_mixin.py:188} INFO - [2024-07-26T07:30:39.944+0000] {dag.py:3089} INFO - Sync 1 DAGs
[2024-07-26T07:30:39.958+0000] {logging_mixin.py:188} INFO - [2024-07-26T07:30:39.958+0000] {dag.py:3947} INFO - Setting next_dagrun for minio_dag to 2024-07-26 00:00:00+00:00, run_after=2024-07-27 00:00:00+00:00
[2024-07-26T07:30:39.966+0000] {processor.py:183} INFO - Processing /opt/airflow/dags/8_minio_dag.py took 0.105 seconds
[2024-07-26T07:31:10.966+0000] {processor.py:161} INFO - Started process (PID=3386) to work on /opt/airflow/dags/8_minio_dag.py
[2024-07-26T07:31:10.969+0000] {processor.py:830} INFO - Processing file /opt/airflow/dags/8_minio_dag.py for tasks to queue
[2024-07-26T07:31:10.970+0000] {logging_mixin.py:188} INFO - [2024-07-26T07:31:10.969+0000] {dagbag.py:545} INFO - Filling up the DagBag from /opt/airflow/dags/8_minio_dag.py
[2024-07-26T07:31:10.991+0000] {processor.py:840} INFO - DAG(s) 'minio_dag' retrieved from /opt/airflow/dags/8_minio_dag.py
[2024-07-26T07:31:11.019+0000] {logging_mixin.py:188} INFO - [2024-07-26T07:31:11.019+0000] {dag.py:3089} INFO - Sync 1 DAGs
[2024-07-26T07:31:11.035+0000] {logging_mixin.py:188} INFO - [2024-07-26T07:31:11.035+0000] {dag.py:3947} INFO - Setting next_dagrun for minio_dag to 2024-07-26 00:00:00+00:00, run_after=2024-07-27 00:00:00+00:00
[2024-07-26T07:31:11.044+0000] {processor.py:183} INFO - Processing /opt/airflow/dags/8_minio_dag.py took 0.088 seconds
[2024-07-26T07:31:41.943+0000] {processor.py:161} INFO - Started process (PID=3401) to work on /opt/airflow/dags/8_minio_dag.py
[2024-07-26T07:31:41.946+0000] {processor.py:830} INFO - Processing file /opt/airflow/dags/8_minio_dag.py for tasks to queue
[2024-07-26T07:31:41.948+0000] {logging_mixin.py:188} INFO - [2024-07-26T07:31:41.947+0000] {dagbag.py:545} INFO - Filling up the DagBag from /opt/airflow/dags/8_minio_dag.py
[2024-07-26T07:31:41.964+0000] {processor.py:840} INFO - DAG(s) 'minio_dag' retrieved from /opt/airflow/dags/8_minio_dag.py
[2024-07-26T07:31:41.999+0000] {logging_mixin.py:188} INFO - [2024-07-26T07:31:41.999+0000] {dag.py:3089} INFO - Sync 1 DAGs
[2024-07-26T07:31:42.022+0000] {logging_mixin.py:188} INFO - [2024-07-26T07:31:42.022+0000] {dag.py:3947} INFO - Setting next_dagrun for minio_dag to 2024-07-26 00:00:00+00:00, run_after=2024-07-27 00:00:00+00:00
[2024-07-26T07:31:42.030+0000] {processor.py:183} INFO - Processing /opt/airflow/dags/8_minio_dag.py took 0.116 seconds
[2024-07-26T07:32:12.180+0000] {processor.py:161} INFO - Started process (PID=3416) to work on /opt/airflow/dags/8_minio_dag.py
[2024-07-26T07:32:12.182+0000] {processor.py:830} INFO - Processing file /opt/airflow/dags/8_minio_dag.py for tasks to queue
[2024-07-26T07:32:12.183+0000] {logging_mixin.py:188} INFO - [2024-07-26T07:32:12.183+0000] {dagbag.py:545} INFO - Filling up the DagBag from /opt/airflow/dags/8_minio_dag.py
[2024-07-26T07:32:12.206+0000] {processor.py:840} INFO - DAG(s) 'minio_dag' retrieved from /opt/airflow/dags/8_minio_dag.py
[2024-07-26T07:32:12.236+0000] {logging_mixin.py:188} INFO - [2024-07-26T07:32:12.236+0000] {dag.py:3089} INFO - Sync 1 DAGs
[2024-07-26T07:32:12.252+0000] {logging_mixin.py:188} INFO - [2024-07-26T07:32:12.252+0000] {dag.py:3947} INFO - Setting next_dagrun for minio_dag to 2024-07-26 00:00:00+00:00, run_after=2024-07-27 00:00:00+00:00
[2024-07-26T07:32:12.277+0000] {processor.py:183} INFO - Processing /opt/airflow/dags/8_minio_dag.py took 0.108 seconds
[2024-07-26T07:32:43.064+0000] {processor.py:161} INFO - Started process (PID=3431) to work on /opt/airflow/dags/8_minio_dag.py
[2024-07-26T07:32:43.074+0000] {processor.py:830} INFO - Processing file /opt/airflow/dags/8_minio_dag.py for tasks to queue
[2024-07-26T07:32:43.076+0000] {logging_mixin.py:188} INFO - [2024-07-26T07:32:43.075+0000] {dagbag.py:545} INFO - Filling up the DagBag from /opt/airflow/dags/8_minio_dag.py
[2024-07-26T07:32:43.100+0000] {processor.py:840} INFO - DAG(s) 'minio_dag' retrieved from /opt/airflow/dags/8_minio_dag.py
[2024-07-26T07:32:43.127+0000] {logging_mixin.py:188} INFO - [2024-07-26T07:32:43.127+0000] {dag.py:3089} INFO - Sync 1 DAGs
[2024-07-26T07:32:43.162+0000] {logging_mixin.py:188} INFO - [2024-07-26T07:32:43.161+0000] {dag.py:3947} INFO - Setting next_dagrun for minio_dag to 2024-07-26 00:00:00+00:00, run_after=2024-07-27 00:00:00+00:00
[2024-07-26T07:32:43.171+0000] {processor.py:183} INFO - Processing /opt/airflow/dags/8_minio_dag.py took 0.126 seconds
[2024-07-26T07:32:50.380+0000] {processor.py:161} INFO - Started process (PID=3435) to work on /opt/airflow/dags/8_minio_dag.py
[2024-07-26T07:32:50.382+0000] {processor.py:830} INFO - Processing file /opt/airflow/dags/8_minio_dag.py for tasks to queue
[2024-07-26T07:32:50.385+0000] {logging_mixin.py:188} INFO - [2024-07-26T07:32:50.384+0000] {dagbag.py:545} INFO - Filling up the DagBag from /opt/airflow/dags/8_minio_dag.py
[2024-07-26T07:32:50.424+0000] {processor.py:840} INFO - DAG(s) 'minio_dag' retrieved from /opt/airflow/dags/8_minio_dag.py
[2024-07-26T07:32:50.464+0000] {logging_mixin.py:188} INFO - [2024-07-26T07:32:50.464+0000] {dag.py:3089} INFO - Sync 1 DAGs
[2024-07-26T07:32:50.482+0000] {logging_mixin.py:188} INFO - [2024-07-26T07:32:50.482+0000] {dag.py:3947} INFO - Setting next_dagrun for minio_dag to 2024-07-26 00:00:00+00:00, run_after=2024-07-27 00:00:00+00:00
[2024-07-26T07:32:50.492+0000] {processor.py:183} INFO - Processing /opt/airflow/dags/8_minio_dag.py took 0.131 seconds
[2024-07-26T07:33:20.641+0000] {processor.py:161} INFO - Started process (PID=3451) to work on /opt/airflow/dags/8_minio_dag.py
[2024-07-26T07:33:20.643+0000] {processor.py:830} INFO - Processing file /opt/airflow/dags/8_minio_dag.py for tasks to queue
[2024-07-26T07:33:20.644+0000] {logging_mixin.py:188} INFO - [2024-07-26T07:33:20.644+0000] {dagbag.py:545} INFO - Filling up the DagBag from /opt/airflow/dags/8_minio_dag.py
[2024-07-26T07:33:20.659+0000] {processor.py:840} INFO - DAG(s) 'minio_dag' retrieved from /opt/airflow/dags/8_minio_dag.py
[2024-07-26T07:33:20.699+0000] {logging_mixin.py:188} INFO - [2024-07-26T07:33:20.698+0000] {dag.py:3089} INFO - Sync 1 DAGs
[2024-07-26T07:33:20.715+0000] {logging_mixin.py:188} INFO - [2024-07-26T07:33:20.715+0000] {dag.py:3947} INFO - Setting next_dagrun for minio_dag to 2024-07-26 00:00:00+00:00, run_after=2024-07-27 00:00:00+00:00
[2024-07-26T07:33:20.724+0000] {processor.py:183} INFO - Processing /opt/airflow/dags/8_minio_dag.py took 0.094 seconds
[2024-07-26T07:33:50.835+0000] {processor.py:161} INFO - Started process (PID=3467) to work on /opt/airflow/dags/8_minio_dag.py
[2024-07-26T07:33:50.836+0000] {processor.py:830} INFO - Processing file /opt/airflow/dags/8_minio_dag.py for tasks to queue
[2024-07-26T07:33:50.838+0000] {logging_mixin.py:188} INFO - [2024-07-26T07:33:50.837+0000] {dagbag.py:545} INFO - Filling up the DagBag from /opt/airflow/dags/8_minio_dag.py
[2024-07-26T07:33:50.852+0000] {processor.py:840} INFO - DAG(s) 'minio_dag' retrieved from /opt/airflow/dags/8_minio_dag.py
[2024-07-26T07:33:50.897+0000] {logging_mixin.py:188} INFO - [2024-07-26T07:33:50.897+0000] {dag.py:3089} INFO - Sync 1 DAGs
[2024-07-26T07:33:50.913+0000] {logging_mixin.py:188} INFO - [2024-07-26T07:33:50.913+0000] {dag.py:3947} INFO - Setting next_dagrun for minio_dag to 2024-07-26 00:00:00+00:00, run_after=2024-07-27 00:00:00+00:00
[2024-07-26T07:33:50.921+0000] {processor.py:183} INFO - Processing /opt/airflow/dags/8_minio_dag.py took 0.099 seconds
[2024-07-26T07:34:21.649+0000] {processor.py:161} INFO - Started process (PID=3482) to work on /opt/airflow/dags/8_minio_dag.py
[2024-07-26T07:34:21.651+0000] {processor.py:830} INFO - Processing file /opt/airflow/dags/8_minio_dag.py for tasks to queue
[2024-07-26T07:34:21.652+0000] {logging_mixin.py:188} INFO - [2024-07-26T07:34:21.652+0000] {dagbag.py:545} INFO - Filling up the DagBag from /opt/airflow/dags/8_minio_dag.py
[2024-07-26T07:34:21.665+0000] {processor.py:840} INFO - DAG(s) 'minio_dag' retrieved from /opt/airflow/dags/8_minio_dag.py
[2024-07-26T07:34:21.691+0000] {logging_mixin.py:188} INFO - [2024-07-26T07:34:21.691+0000] {dag.py:3089} INFO - Sync 1 DAGs
[2024-07-26T07:34:21.705+0000] {logging_mixin.py:188} INFO - [2024-07-26T07:34:21.705+0000] {dag.py:3947} INFO - Setting next_dagrun for minio_dag to 2024-07-26 00:00:00+00:00, run_after=2024-07-27 00:00:00+00:00
[2024-07-26T07:34:21.713+0000] {processor.py:183} INFO - Processing /opt/airflow/dags/8_minio_dag.py took 0.077 seconds
[2024-07-26T07:34:52.466+0000] {processor.py:161} INFO - Started process (PID=3498) to work on /opt/airflow/dags/8_minio_dag.py
[2024-07-26T07:34:52.468+0000] {processor.py:830} INFO - Processing file /opt/airflow/dags/8_minio_dag.py for tasks to queue
[2024-07-26T07:34:52.470+0000] {logging_mixin.py:188} INFO - [2024-07-26T07:34:52.469+0000] {dagbag.py:545} INFO - Filling up the DagBag from /opt/airflow/dags/8_minio_dag.py
[2024-07-26T07:34:52.487+0000] {processor.py:840} INFO - DAG(s) 'minio_dag' retrieved from /opt/airflow/dags/8_minio_dag.py
[2024-07-26T07:34:52.537+0000] {logging_mixin.py:188} INFO - [2024-07-26T07:34:52.536+0000] {dag.py:3089} INFO - Sync 1 DAGs
[2024-07-26T07:34:52.744+0000] {logging_mixin.py:188} INFO - [2024-07-26T07:34:52.744+0000] {dag.py:3947} INFO - Setting next_dagrun for minio_dag to 2024-07-26 00:00:00+00:00, run_after=2024-07-27 00:00:00+00:00
[2024-07-26T07:34:52.750+0000] {processor.py:183} INFO - Processing /opt/airflow/dags/8_minio_dag.py took 0.320 seconds
[2024-07-26T07:35:22.887+0000] {processor.py:161} INFO - Started process (PID=3513) to work on /opt/airflow/dags/8_minio_dag.py
[2024-07-26T07:35:22.889+0000] {processor.py:830} INFO - Processing file /opt/airflow/dags/8_minio_dag.py for tasks to queue
[2024-07-26T07:35:22.890+0000] {logging_mixin.py:188} INFO - [2024-07-26T07:35:22.889+0000] {dagbag.py:545} INFO - Filling up the DagBag from /opt/airflow/dags/8_minio_dag.py
[2024-07-26T07:35:22.906+0000] {processor.py:840} INFO - DAG(s) 'minio_dag' retrieved from /opt/airflow/dags/8_minio_dag.py
[2024-07-26T07:35:22.935+0000] {logging_mixin.py:188} INFO - [2024-07-26T07:35:22.935+0000] {dag.py:3089} INFO - Sync 1 DAGs
[2024-07-26T07:35:22.960+0000] {logging_mixin.py:188} INFO - [2024-07-26T07:35:22.960+0000] {dag.py:3947} INFO - Setting next_dagrun for minio_dag to 2024-07-26 00:00:00+00:00, run_after=2024-07-27 00:00:00+00:00
[2024-07-26T07:35:22.968+0000] {processor.py:183} INFO - Processing /opt/airflow/dags/8_minio_dag.py took 0.101 seconds
[2024-07-26T07:35:53.073+0000] {processor.py:161} INFO - Started process (PID=3529) to work on /opt/airflow/dags/8_minio_dag.py
[2024-07-26T07:35:53.075+0000] {processor.py:830} INFO - Processing file /opt/airflow/dags/8_minio_dag.py for tasks to queue
[2024-07-26T07:35:53.077+0000] {logging_mixin.py:188} INFO - [2024-07-26T07:35:53.076+0000] {dagbag.py:545} INFO - Filling up the DagBag from /opt/airflow/dags/8_minio_dag.py
[2024-07-26T07:35:53.096+0000] {processor.py:840} INFO - DAG(s) 'minio_dag' retrieved from /opt/airflow/dags/8_minio_dag.py
[2024-07-26T07:35:53.142+0000] {logging_mixin.py:188} INFO - [2024-07-26T07:35:53.142+0000] {dag.py:3089} INFO - Sync 1 DAGs
[2024-07-26T07:35:53.158+0000] {logging_mixin.py:188} INFO - [2024-07-26T07:35:53.158+0000] {dag.py:3947} INFO - Setting next_dagrun for minio_dag to 2024-07-26 00:00:00+00:00, run_after=2024-07-27 00:00:00+00:00
[2024-07-26T07:35:53.167+0000] {processor.py:183} INFO - Processing /opt/airflow/dags/8_minio_dag.py took 0.113 seconds
[2024-07-26T07:36:23.286+0000] {processor.py:161} INFO - Started process (PID=3544) to work on /opt/airflow/dags/8_minio_dag.py
[2024-07-26T07:36:23.287+0000] {processor.py:830} INFO - Processing file /opt/airflow/dags/8_minio_dag.py for tasks to queue
[2024-07-26T07:36:23.288+0000] {logging_mixin.py:188} INFO - [2024-07-26T07:36:23.288+0000] {dagbag.py:545} INFO - Filling up the DagBag from /opt/airflow/dags/8_minio_dag.py
[2024-07-26T07:36:23.304+0000] {processor.py:840} INFO - DAG(s) 'minio_dag' retrieved from /opt/airflow/dags/8_minio_dag.py
[2024-07-26T07:36:23.332+0000] {logging_mixin.py:188} INFO - [2024-07-26T07:36:23.332+0000] {dag.py:3089} INFO - Sync 1 DAGs
[2024-07-26T07:36:23.345+0000] {logging_mixin.py:188} INFO - [2024-07-26T07:36:23.345+0000] {dag.py:3947} INFO - Setting next_dagrun for minio_dag to 2024-07-26 00:00:00+00:00, run_after=2024-07-27 00:00:00+00:00
[2024-07-26T07:36:23.352+0000] {processor.py:183} INFO - Processing /opt/airflow/dags/8_minio_dag.py took 0.075 seconds
[2024-07-26T07:36:54.239+0000] {processor.py:161} INFO - Started process (PID=3560) to work on /opt/airflow/dags/8_minio_dag.py
[2024-07-26T07:36:54.240+0000] {processor.py:830} INFO - Processing file /opt/airflow/dags/8_minio_dag.py for tasks to queue
[2024-07-26T07:36:54.241+0000] {logging_mixin.py:188} INFO - [2024-07-26T07:36:54.241+0000] {dagbag.py:545} INFO - Filling up the DagBag from /opt/airflow/dags/8_minio_dag.py
[2024-07-26T07:36:54.247+0000] {processor.py:840} INFO - DAG(s) 'minio_dag' retrieved from /opt/airflow/dags/8_minio_dag.py
[2024-07-26T07:36:54.264+0000] {logging_mixin.py:188} INFO - [2024-07-26T07:36:54.264+0000] {dag.py:3089} INFO - Sync 1 DAGs
[2024-07-26T07:36:54.274+0000] {logging_mixin.py:188} INFO - [2024-07-26T07:36:54.274+0000] {dag.py:3947} INFO - Setting next_dagrun for minio_dag to 2024-07-26 00:00:00+00:00, run_after=2024-07-27 00:00:00+00:00
[2024-07-26T07:36:54.280+0000] {processor.py:183} INFO - Processing /opt/airflow/dags/8_minio_dag.py took 0.044 seconds
[2024-07-26T07:37:24.348+0000] {processor.py:161} INFO - Started process (PID=3576) to work on /opt/airflow/dags/8_minio_dag.py
[2024-07-26T07:37:24.349+0000] {processor.py:830} INFO - Processing file /opt/airflow/dags/8_minio_dag.py for tasks to queue
[2024-07-26T07:37:24.350+0000] {logging_mixin.py:188} INFO - [2024-07-26T07:37:24.350+0000] {dagbag.py:545} INFO - Filling up the DagBag from /opt/airflow/dags/8_minio_dag.py
[2024-07-26T07:37:24.358+0000] {processor.py:840} INFO - DAG(s) 'minio_dag' retrieved from /opt/airflow/dags/8_minio_dag.py
[2024-07-26T07:37:24.373+0000] {logging_mixin.py:188} INFO - [2024-07-26T07:37:24.373+0000] {dag.py:3089} INFO - Sync 1 DAGs
[2024-07-26T07:37:24.384+0000] {logging_mixin.py:188} INFO - [2024-07-26T07:37:24.383+0000] {dag.py:3947} INFO - Setting next_dagrun for minio_dag to 2024-07-26 00:00:00+00:00, run_after=2024-07-27 00:00:00+00:00
[2024-07-26T07:37:24.504+0000] {processor.py:183} INFO - Processing /opt/airflow/dags/8_minio_dag.py took 0.162 seconds
[2024-07-26T07:37:54.563+0000] {processor.py:161} INFO - Started process (PID=3591) to work on /opt/airflow/dags/8_minio_dag.py
[2024-07-26T07:37:54.564+0000] {processor.py:830} INFO - Processing file /opt/airflow/dags/8_minio_dag.py for tasks to queue
[2024-07-26T07:37:54.565+0000] {logging_mixin.py:188} INFO - [2024-07-26T07:37:54.565+0000] {dagbag.py:545} INFO - Filling up the DagBag from /opt/airflow/dags/8_minio_dag.py
[2024-07-26T07:37:54.575+0000] {processor.py:840} INFO - DAG(s) 'minio_dag' retrieved from /opt/airflow/dags/8_minio_dag.py
[2024-07-26T07:37:54.593+0000] {logging_mixin.py:188} INFO - [2024-07-26T07:37:54.593+0000] {dag.py:3089} INFO - Sync 1 DAGs
[2024-07-26T07:37:54.605+0000] {logging_mixin.py:188} INFO - [2024-07-26T07:37:54.605+0000] {dag.py:3947} INFO - Setting next_dagrun for minio_dag to 2024-07-26 00:00:00+00:00, run_after=2024-07-27 00:00:00+00:00
[2024-07-26T07:37:54.612+0000] {processor.py:183} INFO - Processing /opt/airflow/dags/8_minio_dag.py took 0.056 seconds
[2024-07-26T07:38:25.246+0000] {processor.py:161} INFO - Started process (PID=3606) to work on /opt/airflow/dags/8_minio_dag.py
[2024-07-26T07:38:25.247+0000] {processor.py:830} INFO - Processing file /opt/airflow/dags/8_minio_dag.py for tasks to queue
[2024-07-26T07:38:25.247+0000] {logging_mixin.py:188} INFO - [2024-07-26T07:38:25.247+0000] {dagbag.py:545} INFO - Filling up the DagBag from /opt/airflow/dags/8_minio_dag.py
[2024-07-26T07:38:25.253+0000] {processor.py:840} INFO - DAG(s) 'minio_dag' retrieved from /opt/airflow/dags/8_minio_dag.py
[2024-07-26T07:38:25.265+0000] {logging_mixin.py:188} INFO - [2024-07-26T07:38:25.265+0000] {dag.py:3089} INFO - Sync 1 DAGs
[2024-07-26T07:38:25.275+0000] {logging_mixin.py:188} INFO - [2024-07-26T07:38:25.274+0000] {dag.py:3947} INFO - Setting next_dagrun for minio_dag to 2024-07-26 00:00:00+00:00, run_after=2024-07-27 00:00:00+00:00
[2024-07-26T07:38:25.280+0000] {processor.py:183} INFO - Processing /opt/airflow/dags/8_minio_dag.py took 0.039 seconds
[2024-07-26T07:38:56.228+0000] {processor.py:161} INFO - Started process (PID=3622) to work on /opt/airflow/dags/8_minio_dag.py
[2024-07-26T07:38:56.229+0000] {processor.py:830} INFO - Processing file /opt/airflow/dags/8_minio_dag.py for tasks to queue
[2024-07-26T07:38:56.230+0000] {logging_mixin.py:188} INFO - [2024-07-26T07:38:56.229+0000] {dagbag.py:545} INFO - Filling up the DagBag from /opt/airflow/dags/8_minio_dag.py
[2024-07-26T07:38:56.244+0000] {processor.py:840} INFO - DAG(s) 'minio_dag' retrieved from /opt/airflow/dags/8_minio_dag.py
[2024-07-26T07:38:56.265+0000] {logging_mixin.py:188} INFO - [2024-07-26T07:38:56.265+0000] {dag.py:3089} INFO - Sync 1 DAGs
[2024-07-26T07:38:56.275+0000] {logging_mixin.py:188} INFO - [2024-07-26T07:38:56.275+0000] {dag.py:3947} INFO - Setting next_dagrun for minio_dag to 2024-07-26 00:00:00+00:00, run_after=2024-07-27 00:00:00+00:00
[2024-07-26T07:38:56.280+0000] {processor.py:183} INFO - Processing /opt/airflow/dags/8_minio_dag.py took 0.059 seconds
[2024-07-26T07:39:27.072+0000] {processor.py:161} INFO - Started process (PID=3637) to work on /opt/airflow/dags/8_minio_dag.py
[2024-07-26T07:39:27.073+0000] {processor.py:830} INFO - Processing file /opt/airflow/dags/8_minio_dag.py for tasks to queue
[2024-07-26T07:39:27.073+0000] {logging_mixin.py:188} INFO - [2024-07-26T07:39:27.073+0000] {dagbag.py:545} INFO - Filling up the DagBag from /opt/airflow/dags/8_minio_dag.py
[2024-07-26T07:39:27.081+0000] {processor.py:840} INFO - DAG(s) 'minio_dag' retrieved from /opt/airflow/dags/8_minio_dag.py
[2024-07-26T07:39:27.097+0000] {logging_mixin.py:188} INFO - [2024-07-26T07:39:27.097+0000] {dag.py:3089} INFO - Sync 1 DAGs
[2024-07-26T07:39:27.114+0000] {logging_mixin.py:188} INFO - [2024-07-26T07:39:27.114+0000] {dag.py:3947} INFO - Setting next_dagrun for minio_dag to 2024-07-26 00:00:00+00:00, run_after=2024-07-27 00:00:00+00:00
[2024-07-26T07:39:27.123+0000] {processor.py:183} INFO - Processing /opt/airflow/dags/8_minio_dag.py took 0.062 seconds
[2024-07-26T07:39:57.495+0000] {processor.py:161} INFO - Started process (PID=3652) to work on /opt/airflow/dags/8_minio_dag.py
[2024-07-26T07:39:57.498+0000] {processor.py:830} INFO - Processing file /opt/airflow/dags/8_minio_dag.py for tasks to queue
[2024-07-26T07:39:57.502+0000] {logging_mixin.py:188} INFO - [2024-07-26T07:39:57.499+0000] {dagbag.py:545} INFO - Filling up the DagBag from /opt/airflow/dags/8_minio_dag.py
[2024-07-26T07:39:57.533+0000] {processor.py:840} INFO - DAG(s) 'minio_dag' retrieved from /opt/airflow/dags/8_minio_dag.py
[2024-07-26T07:39:57.581+0000] {logging_mixin.py:188} INFO - [2024-07-26T07:39:57.580+0000] {dag.py:3089} INFO - Sync 1 DAGs
[2024-07-26T07:39:57.603+0000] {logging_mixin.py:188} INFO - [2024-07-26T07:39:57.603+0000] {dag.py:3947} INFO - Setting next_dagrun for minio_dag to 2024-07-26 00:00:00+00:00, run_after=2024-07-27 00:00:00+00:00
[2024-07-26T07:39:57.779+0000] {processor.py:183} INFO - Processing /opt/airflow/dags/8_minio_dag.py took 0.294 seconds
[2024-07-26T07:40:28.210+0000] {processor.py:161} INFO - Started process (PID=3668) to work on /opt/airflow/dags/8_minio_dag.py
[2024-07-26T07:40:28.212+0000] {processor.py:830} INFO - Processing file /opt/airflow/dags/8_minio_dag.py for tasks to queue
[2024-07-26T07:40:28.213+0000] {logging_mixin.py:188} INFO - [2024-07-26T07:40:28.213+0000] {dagbag.py:545} INFO - Filling up the DagBag from /opt/airflow/dags/8_minio_dag.py
[2024-07-26T07:40:28.228+0000] {processor.py:840} INFO - DAG(s) 'minio_dag' retrieved from /opt/airflow/dags/8_minio_dag.py
[2024-07-26T07:40:28.267+0000] {logging_mixin.py:188} INFO - [2024-07-26T07:40:28.267+0000] {dag.py:3089} INFO - Sync 1 DAGs
[2024-07-26T07:40:28.284+0000] {logging_mixin.py:188} INFO - [2024-07-26T07:40:28.284+0000] {dag.py:3947} INFO - Setting next_dagrun for minio_dag to 2024-07-26 00:00:00+00:00, run_after=2024-07-27 00:00:00+00:00
[2024-07-26T07:40:28.297+0000] {processor.py:183} INFO - Processing /opt/airflow/dags/8_minio_dag.py took 0.112 seconds
