[2024-07-26T07:08:48.284+0000] {processor.py:161} INFO - Started process (PID=2712) to work on /opt/airflow/dags/9_postgres_to_s3_dag.py
[2024-07-26T07:08:48.284+0000] {processor.py:830} INFO - Processing file /opt/airflow/dags/9_postgres_to_s3_dag.py for tasks to queue
[2024-07-26T07:08:48.285+0000] {logging_mixin.py:188} INFO - [2024-07-26T07:08:48.285+0000] {dagbag.py:545} INFO - Filling up the DagBag from /opt/airflow/dags/9_postgres_to_s3_dag.py
[2024-07-26T07:08:48.299+0000] {processor.py:840} INFO - DAG(s) '8_postgres_to_s3_dag.py' retrieved from /opt/airflow/dags/9_postgres_to_s3_dag.py
[2024-07-26T07:08:48.555+0000] {logging_mixin.py:188} INFO - [2024-07-26T07:08:48.555+0000] {dag.py:3089} INFO - Sync 1 DAGs
[2024-07-26T07:08:48.563+0000] {logging_mixin.py:188} INFO - [2024-07-26T07:08:48.563+0000] {dag.py:3947} INFO - Setting next_dagrun for 8_postgres_to_s3_dag.py to 2024-07-26 00:00:00+00:00, run_after=2024-07-27 00:00:00+00:00
[2024-07-26T07:08:48.571+0000] {processor.py:183} INFO - Processing /opt/airflow/dags/9_postgres_to_s3_dag.py took 0.292 seconds
[2024-07-26T07:09:19.325+0000] {processor.py:161} INFO - Started process (PID=2726) to work on /opt/airflow/dags/9_postgres_to_s3_dag.py
[2024-07-26T07:09:19.326+0000] {processor.py:830} INFO - Processing file /opt/airflow/dags/9_postgres_to_s3_dag.py for tasks to queue
[2024-07-26T07:09:19.328+0000] {logging_mixin.py:188} INFO - [2024-07-26T07:09:19.328+0000] {dagbag.py:545} INFO - Filling up the DagBag from /opt/airflow/dags/9_postgres_to_s3_dag.py
[2024-07-26T07:09:19.344+0000] {processor.py:840} INFO - DAG(s) '8_postgres_to_s3_dag.py' retrieved from /opt/airflow/dags/9_postgres_to_s3_dag.py
[2024-07-26T07:09:19.362+0000] {logging_mixin.py:188} INFO - [2024-07-26T07:09:19.362+0000] {dag.py:3089} INFO - Sync 1 DAGs
[2024-07-26T07:09:19.377+0000] {logging_mixin.py:188} INFO - [2024-07-26T07:09:19.377+0000] {dag.py:3947} INFO - Setting next_dagrun for 8_postgres_to_s3_dag.py to 2024-07-26 00:00:00+00:00, run_after=2024-07-27 00:00:00+00:00
[2024-07-26T07:09:19.388+0000] {processor.py:183} INFO - Processing /opt/airflow/dags/9_postgres_to_s3_dag.py took 0.071 seconds
[2024-07-26T07:09:50.052+0000] {processor.py:161} INFO - Started process (PID=2740) to work on /opt/airflow/dags/9_postgres_to_s3_dag.py
[2024-07-26T07:09:50.066+0000] {processor.py:830} INFO - Processing file /opt/airflow/dags/9_postgres_to_s3_dag.py for tasks to queue
[2024-07-26T07:09:50.068+0000] {logging_mixin.py:188} INFO - [2024-07-26T07:09:50.067+0000] {dagbag.py:545} INFO - Filling up the DagBag from /opt/airflow/dags/9_postgres_to_s3_dag.py
[2024-07-26T07:09:50.091+0000] {processor.py:840} INFO - DAG(s) '8_postgres_to_s3_dag.py' retrieved from /opt/airflow/dags/9_postgres_to_s3_dag.py
[2024-07-26T07:09:50.122+0000] {logging_mixin.py:188} INFO - [2024-07-26T07:09:50.122+0000] {dag.py:3089} INFO - Sync 1 DAGs
[2024-07-26T07:09:50.153+0000] {logging_mixin.py:188} INFO - [2024-07-26T07:09:50.153+0000] {dag.py:3947} INFO - Setting next_dagrun for 8_postgres_to_s3_dag.py to 2024-07-26 00:00:00+00:00, run_after=2024-07-27 00:00:00+00:00
[2024-07-26T07:09:50.163+0000] {processor.py:183} INFO - Processing /opt/airflow/dags/9_postgres_to_s3_dag.py took 0.118 seconds
[2024-07-26T07:10:20.688+0000] {processor.py:161} INFO - Started process (PID=2754) to work on /opt/airflow/dags/9_postgres_to_s3_dag.py
[2024-07-26T07:10:20.691+0000] {processor.py:830} INFO - Processing file /opt/airflow/dags/9_postgres_to_s3_dag.py for tasks to queue
[2024-07-26T07:10:20.695+0000] {logging_mixin.py:188} INFO - [2024-07-26T07:10:20.694+0000] {dagbag.py:545} INFO - Filling up the DagBag from /opt/airflow/dags/9_postgres_to_s3_dag.py
[2024-07-26T07:10:20.717+0000] {processor.py:840} INFO - DAG(s) '8_postgres_to_s3_dag.py' retrieved from /opt/airflow/dags/9_postgres_to_s3_dag.py
[2024-07-26T07:10:20.756+0000] {logging_mixin.py:188} INFO - [2024-07-26T07:10:20.756+0000] {dag.py:3089} INFO - Sync 1 DAGs
[2024-07-26T07:10:20.773+0000] {logging_mixin.py:188} INFO - [2024-07-26T07:10:20.773+0000] {dag.py:3947} INFO - Setting next_dagrun for 8_postgres_to_s3_dag.py to 2024-07-26 00:00:00+00:00, run_after=2024-07-27 00:00:00+00:00
[2024-07-26T07:10:20.790+0000] {processor.py:183} INFO - Processing /opt/airflow/dags/9_postgres_to_s3_dag.py took 0.109 seconds
[2024-07-26T07:10:51.438+0000] {processor.py:161} INFO - Started process (PID=2769) to work on /opt/airflow/dags/9_postgres_to_s3_dag.py
[2024-07-26T07:10:51.439+0000] {processor.py:830} INFO - Processing file /opt/airflow/dags/9_postgres_to_s3_dag.py for tasks to queue
[2024-07-26T07:10:51.440+0000] {logging_mixin.py:188} INFO - [2024-07-26T07:10:51.439+0000] {dagbag.py:545} INFO - Filling up the DagBag from /opt/airflow/dags/9_postgres_to_s3_dag.py
[2024-07-26T07:10:51.448+0000] {processor.py:840} INFO - DAG(s) '8_postgres_to_s3_dag.py' retrieved from /opt/airflow/dags/9_postgres_to_s3_dag.py
[2024-07-26T07:10:51.469+0000] {logging_mixin.py:188} INFO - [2024-07-26T07:10:51.469+0000] {dag.py:3089} INFO - Sync 1 DAGs
[2024-07-26T07:10:51.486+0000] {logging_mixin.py:188} INFO - [2024-07-26T07:10:51.486+0000] {dag.py:3947} INFO - Setting next_dagrun for 8_postgres_to_s3_dag.py to 2024-07-26 00:00:00+00:00, run_after=2024-07-27 00:00:00+00:00
[2024-07-26T07:10:51.511+0000] {processor.py:183} INFO - Processing /opt/airflow/dags/9_postgres_to_s3_dag.py took 0.079 seconds
[2024-07-26T07:11:22.100+0000] {processor.py:161} INFO - Started process (PID=2783) to work on /opt/airflow/dags/9_postgres_to_s3_dag.py
[2024-07-26T07:11:22.104+0000] {processor.py:830} INFO - Processing file /opt/airflow/dags/9_postgres_to_s3_dag.py for tasks to queue
[2024-07-26T07:11:22.106+0000] {logging_mixin.py:188} INFO - [2024-07-26T07:11:22.105+0000] {dagbag.py:545} INFO - Filling up the DagBag from /opt/airflow/dags/9_postgres_to_s3_dag.py
[2024-07-26T07:11:22.126+0000] {processor.py:840} INFO - DAG(s) '8_postgres_to_s3_dag.py' retrieved from /opt/airflow/dags/9_postgres_to_s3_dag.py
[2024-07-26T07:11:22.166+0000] {logging_mixin.py:188} INFO - [2024-07-26T07:11:22.165+0000] {dag.py:3089} INFO - Sync 1 DAGs
[2024-07-26T07:11:22.185+0000] {logging_mixin.py:188} INFO - [2024-07-26T07:11:22.185+0000] {dag.py:3947} INFO - Setting next_dagrun for 8_postgres_to_s3_dag.py to 2024-07-26 00:00:00+00:00, run_after=2024-07-27 00:00:00+00:00
[2024-07-26T07:11:22.199+0000] {processor.py:183} INFO - Processing /opt/airflow/dags/9_postgres_to_s3_dag.py took 0.110 seconds
[2024-07-26T07:11:52.917+0000] {processor.py:161} INFO - Started process (PID=2797) to work on /opt/airflow/dags/9_postgres_to_s3_dag.py
[2024-07-26T07:11:52.922+0000] {processor.py:830} INFO - Processing file /opt/airflow/dags/9_postgres_to_s3_dag.py for tasks to queue
[2024-07-26T07:11:52.923+0000] {logging_mixin.py:188} INFO - [2024-07-26T07:11:52.923+0000] {dagbag.py:545} INFO - Filling up the DagBag from /opt/airflow/dags/9_postgres_to_s3_dag.py
[2024-07-26T07:11:52.944+0000] {processor.py:840} INFO - DAG(s) '8_postgres_to_s3_dag.py' retrieved from /opt/airflow/dags/9_postgres_to_s3_dag.py
[2024-07-26T07:11:53.012+0000] {logging_mixin.py:188} INFO - [2024-07-26T07:11:53.011+0000] {dag.py:3089} INFO - Sync 1 DAGs
[2024-07-26T07:11:53.032+0000] {logging_mixin.py:188} INFO - [2024-07-26T07:11:53.032+0000] {dag.py:3947} INFO - Setting next_dagrun for 8_postgres_to_s3_dag.py to 2024-07-26 00:00:00+00:00, run_after=2024-07-27 00:00:00+00:00
[2024-07-26T07:11:53.046+0000] {processor.py:183} INFO - Processing /opt/airflow/dags/9_postgres_to_s3_dag.py took 0.151 seconds
[2024-07-26T07:12:23.682+0000] {processor.py:161} INFO - Started process (PID=2811) to work on /opt/airflow/dags/9_postgres_to_s3_dag.py
[2024-07-26T07:12:23.694+0000] {processor.py:830} INFO - Processing file /opt/airflow/dags/9_postgres_to_s3_dag.py for tasks to queue
[2024-07-26T07:12:23.699+0000] {logging_mixin.py:188} INFO - [2024-07-26T07:12:23.699+0000] {dagbag.py:545} INFO - Filling up the DagBag from /opt/airflow/dags/9_postgres_to_s3_dag.py
[2024-07-26T07:12:23.718+0000] {processor.py:840} INFO - DAG(s) '8_postgres_to_s3_dag.py' retrieved from /opt/airflow/dags/9_postgres_to_s3_dag.py
[2024-07-26T07:12:23.747+0000] {logging_mixin.py:188} INFO - [2024-07-26T07:12:23.747+0000] {dag.py:3089} INFO - Sync 1 DAGs
[2024-07-26T07:12:23.797+0000] {logging_mixin.py:188} INFO - [2024-07-26T07:12:23.797+0000] {dag.py:3947} INFO - Setting next_dagrun for 8_postgres_to_s3_dag.py to 2024-07-26 00:00:00+00:00, run_after=2024-07-27 00:00:00+00:00
[2024-07-26T07:12:23.812+0000] {processor.py:183} INFO - Processing /opt/airflow/dags/9_postgres_to_s3_dag.py took 0.137 seconds
[2024-07-26T07:12:54.561+0000] {processor.py:161} INFO - Started process (PID=2826) to work on /opt/airflow/dags/9_postgres_to_s3_dag.py
[2024-07-26T07:12:54.564+0000] {processor.py:830} INFO - Processing file /opt/airflow/dags/9_postgres_to_s3_dag.py for tasks to queue
[2024-07-26T07:12:54.565+0000] {logging_mixin.py:188} INFO - [2024-07-26T07:12:54.565+0000] {dagbag.py:545} INFO - Filling up the DagBag from /opt/airflow/dags/9_postgres_to_s3_dag.py
[2024-07-26T07:12:54.606+0000] {processor.py:840} INFO - DAG(s) '8_postgres_to_s3_dag.py' retrieved from /opt/airflow/dags/9_postgres_to_s3_dag.py
[2024-07-26T07:12:54.649+0000] {logging_mixin.py:188} INFO - [2024-07-26T07:12:54.648+0000] {dag.py:3089} INFO - Sync 1 DAGs
[2024-07-26T07:12:54.672+0000] {logging_mixin.py:188} INFO - [2024-07-26T07:12:54.672+0000] {dag.py:3947} INFO - Setting next_dagrun for 8_postgres_to_s3_dag.py to 2024-07-26 00:00:00+00:00, run_after=2024-07-27 00:00:00+00:00
[2024-07-26T07:12:54.709+0000] {processor.py:183} INFO - Processing /opt/airflow/dags/9_postgres_to_s3_dag.py took 0.170 seconds
[2024-07-26T07:13:25.558+0000] {processor.py:161} INFO - Started process (PID=2840) to work on /opt/airflow/dags/9_postgres_to_s3_dag.py
[2024-07-26T07:13:25.568+0000] {processor.py:830} INFO - Processing file /opt/airflow/dags/9_postgres_to_s3_dag.py for tasks to queue
[2024-07-26T07:13:25.578+0000] {logging_mixin.py:188} INFO - [2024-07-26T07:13:25.573+0000] {dagbag.py:545} INFO - Filling up the DagBag from /opt/airflow/dags/9_postgres_to_s3_dag.py
[2024-07-26T07:13:25.638+0000] {processor.py:840} INFO - DAG(s) '8_postgres_to_s3_dag.py' retrieved from /opt/airflow/dags/9_postgres_to_s3_dag.py
[2024-07-26T07:13:25.698+0000] {logging_mixin.py:188} INFO - [2024-07-26T07:13:25.698+0000] {dag.py:3089} INFO - Sync 1 DAGs
[2024-07-26T07:13:25.740+0000] {logging_mixin.py:188} INFO - [2024-07-26T07:13:25.740+0000] {dag.py:3947} INFO - Setting next_dagrun for 8_postgres_to_s3_dag.py to 2024-07-26 00:00:00+00:00, run_after=2024-07-27 00:00:00+00:00
[2024-07-26T07:13:25.762+0000] {processor.py:183} INFO - Processing /opt/airflow/dags/9_postgres_to_s3_dag.py took 0.223 seconds
[2024-07-26T07:13:56.840+0000] {processor.py:161} INFO - Started process (PID=2861) to work on /opt/airflow/dags/9_postgres_to_s3_dag.py
[2024-07-26T07:13:56.843+0000] {processor.py:830} INFO - Processing file /opt/airflow/dags/9_postgres_to_s3_dag.py for tasks to queue
[2024-07-26T07:13:56.844+0000] {logging_mixin.py:188} INFO - [2024-07-26T07:13:56.844+0000] {dagbag.py:545} INFO - Filling up the DagBag from /opt/airflow/dags/9_postgres_to_s3_dag.py
[2024-07-26T07:13:56.873+0000] {processor.py:840} INFO - DAG(s) '8_postgres_to_s3_dag.py' retrieved from /opt/airflow/dags/9_postgres_to_s3_dag.py
[2024-07-26T07:13:56.917+0000] {logging_mixin.py:188} INFO - [2024-07-26T07:13:56.916+0000] {dag.py:3089} INFO - Sync 1 DAGs
[2024-07-26T07:13:56.949+0000] {logging_mixin.py:188} INFO - [2024-07-26T07:13:56.949+0000] {dag.py:3947} INFO - Setting next_dagrun for 8_postgres_to_s3_dag.py to 2024-07-26 00:00:00+00:00, run_after=2024-07-27 00:00:00+00:00
[2024-07-26T07:13:56.970+0000] {processor.py:183} INFO - Processing /opt/airflow/dags/9_postgres_to_s3_dag.py took 0.159 seconds
[2024-07-26T07:14:27.775+0000] {processor.py:161} INFO - Started process (PID=2876) to work on /opt/airflow/dags/9_postgres_to_s3_dag.py
[2024-07-26T07:14:27.779+0000] {processor.py:830} INFO - Processing file /opt/airflow/dags/9_postgres_to_s3_dag.py for tasks to queue
[2024-07-26T07:14:27.781+0000] {logging_mixin.py:188} INFO - [2024-07-26T07:14:27.780+0000] {dagbag.py:545} INFO - Filling up the DagBag from /opt/airflow/dags/9_postgres_to_s3_dag.py
[2024-07-26T07:14:27.803+0000] {processor.py:840} INFO - DAG(s) '8_postgres_to_s3_dag.py' retrieved from /opt/airflow/dags/9_postgres_to_s3_dag.py
[2024-07-26T07:14:27.848+0000] {logging_mixin.py:188} INFO - [2024-07-26T07:14:27.847+0000] {dag.py:3089} INFO - Sync 1 DAGs
[2024-07-26T07:14:27.877+0000] {logging_mixin.py:188} INFO - [2024-07-26T07:14:27.876+0000] {dag.py:3947} INFO - Setting next_dagrun for 8_postgres_to_s3_dag.py to 2024-07-26 00:00:00+00:00, run_after=2024-07-27 00:00:00+00:00
[2024-07-26T07:14:27.904+0000] {processor.py:183} INFO - Processing /opt/airflow/dags/9_postgres_to_s3_dag.py took 0.165 seconds
[2024-07-26T07:14:58.019+0000] {processor.py:161} INFO - Started process (PID=2891) to work on /opt/airflow/dags/9_postgres_to_s3_dag.py
[2024-07-26T07:14:58.021+0000] {processor.py:830} INFO - Processing file /opt/airflow/dags/9_postgres_to_s3_dag.py for tasks to queue
[2024-07-26T07:14:58.022+0000] {logging_mixin.py:188} INFO - [2024-07-26T07:14:58.022+0000] {dagbag.py:545} INFO - Filling up the DagBag from /opt/airflow/dags/9_postgres_to_s3_dag.py
[2024-07-26T07:14:58.042+0000] {processor.py:840} INFO - DAG(s) '8_postgres_to_s3_dag.py' retrieved from /opt/airflow/dags/9_postgres_to_s3_dag.py
[2024-07-26T07:14:58.100+0000] {logging_mixin.py:188} INFO - [2024-07-26T07:14:58.100+0000] {dag.py:3089} INFO - Sync 1 DAGs
[2024-07-26T07:14:58.122+0000] {logging_mixin.py:188} INFO - [2024-07-26T07:14:58.122+0000] {dag.py:3947} INFO - Setting next_dagrun for 8_postgres_to_s3_dag.py to 2024-07-26 00:00:00+00:00, run_after=2024-07-27 00:00:00+00:00
[2024-07-26T07:14:58.136+0000] {processor.py:183} INFO - Processing /opt/airflow/dags/9_postgres_to_s3_dag.py took 0.134 seconds
[2024-07-26T07:15:29.017+0000] {processor.py:161} INFO - Started process (PID=2907) to work on /opt/airflow/dags/9_postgres_to_s3_dag.py
[2024-07-26T07:15:29.025+0000] {processor.py:830} INFO - Processing file /opt/airflow/dags/9_postgres_to_s3_dag.py for tasks to queue
[2024-07-26T07:15:29.030+0000] {logging_mixin.py:188} INFO - [2024-07-26T07:15:29.030+0000] {dagbag.py:545} INFO - Filling up the DagBag from /opt/airflow/dags/9_postgres_to_s3_dag.py
[2024-07-26T07:15:29.064+0000] {processor.py:840} INFO - DAG(s) '8_postgres_to_s3_dag.py' retrieved from /opt/airflow/dags/9_postgres_to_s3_dag.py
[2024-07-26T07:15:29.097+0000] {logging_mixin.py:188} INFO - [2024-07-26T07:15:29.097+0000] {dag.py:3089} INFO - Sync 1 DAGs
[2024-07-26T07:15:29.125+0000] {logging_mixin.py:188} INFO - [2024-07-26T07:15:29.125+0000] {dag.py:3947} INFO - Setting next_dagrun for 8_postgres_to_s3_dag.py to 2024-07-26 00:00:00+00:00, run_after=2024-07-27 00:00:00+00:00
[2024-07-26T07:15:29.139+0000] {processor.py:183} INFO - Processing /opt/airflow/dags/9_postgres_to_s3_dag.py took 0.137 seconds
[2024-07-26T07:15:59.996+0000] {processor.py:161} INFO - Started process (PID=2923) to work on /opt/airflow/dags/9_postgres_to_s3_dag.py
[2024-07-26T07:15:59.998+0000] {processor.py:830} INFO - Processing file /opt/airflow/dags/9_postgres_to_s3_dag.py for tasks to queue
[2024-07-26T07:16:00.000+0000] {logging_mixin.py:188} INFO - [2024-07-26T07:15:59.999+0000] {dagbag.py:545} INFO - Filling up the DagBag from /opt/airflow/dags/9_postgres_to_s3_dag.py
[2024-07-26T07:16:00.045+0000] {processor.py:840} INFO - DAG(s) '8_postgres_to_s3_dag.py' retrieved from /opt/airflow/dags/9_postgres_to_s3_dag.py
[2024-07-26T07:16:00.140+0000] {logging_mixin.py:188} INFO - [2024-07-26T07:16:00.140+0000] {dag.py:3089} INFO - Sync 1 DAGs
[2024-07-26T07:16:00.184+0000] {logging_mixin.py:188} INFO - [2024-07-26T07:16:00.184+0000] {dag.py:3947} INFO - Setting next_dagrun for 8_postgres_to_s3_dag.py to 2024-07-26 00:00:00+00:00, run_after=2024-07-27 00:00:00+00:00
[2024-07-26T07:16:00.202+0000] {processor.py:183} INFO - Processing /opt/airflow/dags/9_postgres_to_s3_dag.py took 0.215 seconds
[2024-07-26T07:16:30.488+0000] {processor.py:161} INFO - Started process (PID=2938) to work on /opt/airflow/dags/9_postgres_to_s3_dag.py
[2024-07-26T07:16:30.490+0000] {processor.py:830} INFO - Processing file /opt/airflow/dags/9_postgres_to_s3_dag.py for tasks to queue
[2024-07-26T07:16:30.491+0000] {logging_mixin.py:188} INFO - [2024-07-26T07:16:30.491+0000] {dagbag.py:545} INFO - Filling up the DagBag from /opt/airflow/dags/9_postgres_to_s3_dag.py
[2024-07-26T07:16:30.520+0000] {processor.py:840} INFO - DAG(s) '8_postgres_to_s3_dag.py' retrieved from /opt/airflow/dags/9_postgres_to_s3_dag.py
[2024-07-26T07:16:30.561+0000] {logging_mixin.py:188} INFO - [2024-07-26T07:16:30.561+0000] {dag.py:3089} INFO - Sync 1 DAGs
[2024-07-26T07:16:30.579+0000] {logging_mixin.py:188} INFO - [2024-07-26T07:16:30.579+0000] {dag.py:3947} INFO - Setting next_dagrun for 8_postgres_to_s3_dag.py to 2024-07-26 00:00:00+00:00, run_after=2024-07-27 00:00:00+00:00
[2024-07-26T07:16:30.595+0000] {processor.py:183} INFO - Processing /opt/airflow/dags/9_postgres_to_s3_dag.py took 0.114 seconds
[2024-07-26T07:17:00.916+0000] {processor.py:161} INFO - Started process (PID=2954) to work on /opt/airflow/dags/9_postgres_to_s3_dag.py
[2024-07-26T07:17:00.928+0000] {processor.py:830} INFO - Processing file /opt/airflow/dags/9_postgres_to_s3_dag.py for tasks to queue
[2024-07-26T07:17:00.929+0000] {logging_mixin.py:188} INFO - [2024-07-26T07:17:00.929+0000] {dagbag.py:545} INFO - Filling up the DagBag from /opt/airflow/dags/9_postgres_to_s3_dag.py
[2024-07-26T07:17:00.948+0000] {processor.py:840} INFO - DAG(s) '8_postgres_to_s3_dag.py' retrieved from /opt/airflow/dags/9_postgres_to_s3_dag.py
[2024-07-26T07:17:00.970+0000] {logging_mixin.py:188} INFO - [2024-07-26T07:17:00.970+0000] {dag.py:3089} INFO - Sync 1 DAGs
[2024-07-26T07:17:00.987+0000] {logging_mixin.py:188} INFO - [2024-07-26T07:17:00.987+0000] {dag.py:3947} INFO - Setting next_dagrun for 8_postgres_to_s3_dag.py to 2024-07-26 00:00:00+00:00, run_after=2024-07-27 00:00:00+00:00
[2024-07-26T07:17:01.002+0000] {processor.py:183} INFO - Processing /opt/airflow/dags/9_postgres_to_s3_dag.py took 0.095 seconds
[2024-07-26T07:17:31.678+0000] {processor.py:161} INFO - Started process (PID=2969) to work on /opt/airflow/dags/9_postgres_to_s3_dag.py
[2024-07-26T07:17:31.679+0000] {processor.py:830} INFO - Processing file /opt/airflow/dags/9_postgres_to_s3_dag.py for tasks to queue
[2024-07-26T07:17:31.680+0000] {logging_mixin.py:188} INFO - [2024-07-26T07:17:31.680+0000] {dagbag.py:545} INFO - Filling up the DagBag from /opt/airflow/dags/9_postgres_to_s3_dag.py
[2024-07-26T07:17:31.694+0000] {processor.py:840} INFO - DAG(s) '8_postgres_to_s3_dag.py' retrieved from /opt/airflow/dags/9_postgres_to_s3_dag.py
[2024-07-26T07:17:31.717+0000] {logging_mixin.py:188} INFO - [2024-07-26T07:17:31.717+0000] {dag.py:3089} INFO - Sync 1 DAGs
[2024-07-26T07:17:31.736+0000] {logging_mixin.py:188} INFO - [2024-07-26T07:17:31.736+0000] {dag.py:3947} INFO - Setting next_dagrun for 8_postgres_to_s3_dag.py to 2024-07-26 00:00:00+00:00, run_after=2024-07-27 00:00:00+00:00
[2024-07-26T07:17:31.748+0000] {processor.py:183} INFO - Processing /opt/airflow/dags/9_postgres_to_s3_dag.py took 0.081 seconds
[2024-07-26T07:18:02.397+0000] {processor.py:161} INFO - Started process (PID=2984) to work on /opt/airflow/dags/9_postgres_to_s3_dag.py
[2024-07-26T07:18:02.400+0000] {processor.py:830} INFO - Processing file /opt/airflow/dags/9_postgres_to_s3_dag.py for tasks to queue
[2024-07-26T07:18:02.401+0000] {logging_mixin.py:188} INFO - [2024-07-26T07:18:02.401+0000] {dagbag.py:545} INFO - Filling up the DagBag from /opt/airflow/dags/9_postgres_to_s3_dag.py
[2024-07-26T07:18:02.426+0000] {processor.py:840} INFO - DAG(s) '8_postgres_to_s3_dag.py' retrieved from /opt/airflow/dags/9_postgres_to_s3_dag.py
[2024-07-26T07:18:02.455+0000] {logging_mixin.py:188} INFO - [2024-07-26T07:18:02.455+0000] {dag.py:3089} INFO - Sync 1 DAGs
[2024-07-26T07:18:02.474+0000] {logging_mixin.py:188} INFO - [2024-07-26T07:18:02.474+0000] {dag.py:3947} INFO - Setting next_dagrun for 8_postgres_to_s3_dag.py to 2024-07-26 00:00:00+00:00, run_after=2024-07-27 00:00:00+00:00
[2024-07-26T07:18:02.485+0000] {processor.py:183} INFO - Processing /opt/airflow/dags/9_postgres_to_s3_dag.py took 0.097 seconds
[2024-07-26T07:18:32.593+0000] {processor.py:161} INFO - Started process (PID=3000) to work on /opt/airflow/dags/9_postgres_to_s3_dag.py
[2024-07-26T07:18:32.594+0000] {processor.py:830} INFO - Processing file /opt/airflow/dags/9_postgres_to_s3_dag.py for tasks to queue
[2024-07-26T07:18:32.594+0000] {logging_mixin.py:188} INFO - [2024-07-26T07:18:32.594+0000] {dagbag.py:545} INFO - Filling up the DagBag from /opt/airflow/dags/9_postgres_to_s3_dag.py
[2024-07-26T07:18:32.609+0000] {processor.py:840} INFO - DAG(s) '8_postgres_to_s3_dag.py' retrieved from /opt/airflow/dags/9_postgres_to_s3_dag.py
[2024-07-26T07:18:32.626+0000] {logging_mixin.py:188} INFO - [2024-07-26T07:18:32.626+0000] {dag.py:3089} INFO - Sync 1 DAGs
[2024-07-26T07:18:32.640+0000] {logging_mixin.py:188} INFO - [2024-07-26T07:18:32.639+0000] {dag.py:3947} INFO - Setting next_dagrun for 8_postgres_to_s3_dag.py to 2024-07-26 00:00:00+00:00, run_after=2024-07-27 00:00:00+00:00
[2024-07-26T07:18:32.653+0000] {processor.py:183} INFO - Processing /opt/airflow/dags/9_postgres_to_s3_dag.py took 0.064 seconds
[2024-07-26T07:19:03.354+0000] {processor.py:161} INFO - Started process (PID=3015) to work on /opt/airflow/dags/9_postgres_to_s3_dag.py
[2024-07-26T07:19:03.356+0000] {processor.py:830} INFO - Processing file /opt/airflow/dags/9_postgres_to_s3_dag.py for tasks to queue
[2024-07-26T07:19:03.358+0000] {logging_mixin.py:188} INFO - [2024-07-26T07:19:03.357+0000] {dagbag.py:545} INFO - Filling up the DagBag from /opt/airflow/dags/9_postgres_to_s3_dag.py
[2024-07-26T07:19:03.373+0000] {processor.py:840} INFO - DAG(s) '8_postgres_to_s3_dag.py' retrieved from /opt/airflow/dags/9_postgres_to_s3_dag.py
[2024-07-26T07:19:03.412+0000] {logging_mixin.py:188} INFO - [2024-07-26T07:19:03.412+0000] {dag.py:3089} INFO - Sync 1 DAGs
[2024-07-26T07:19:03.431+0000] {logging_mixin.py:188} INFO - [2024-07-26T07:19:03.430+0000] {dag.py:3947} INFO - Setting next_dagrun for 8_postgres_to_s3_dag.py to 2024-07-26 00:00:00+00:00, run_after=2024-07-27 00:00:00+00:00
[2024-07-26T07:19:03.459+0000] {processor.py:183} INFO - Processing /opt/airflow/dags/9_postgres_to_s3_dag.py took 0.117 seconds
[2024-07-26T07:19:33.712+0000] {processor.py:161} INFO - Started process (PID=3031) to work on /opt/airflow/dags/9_postgres_to_s3_dag.py
[2024-07-26T07:19:33.713+0000] {processor.py:830} INFO - Processing file /opt/airflow/dags/9_postgres_to_s3_dag.py for tasks to queue
[2024-07-26T07:19:33.715+0000] {logging_mixin.py:188} INFO - [2024-07-26T07:19:33.715+0000] {dagbag.py:545} INFO - Filling up the DagBag from /opt/airflow/dags/9_postgres_to_s3_dag.py
[2024-07-26T07:19:33.728+0000] {processor.py:840} INFO - DAG(s) '8_postgres_to_s3_dag.py' retrieved from /opt/airflow/dags/9_postgres_to_s3_dag.py
[2024-07-26T07:19:33.805+0000] {logging_mixin.py:188} INFO - [2024-07-26T07:19:33.799+0000] {dag.py:3089} INFO - Sync 1 DAGs
[2024-07-26T07:19:33.821+0000] {logging_mixin.py:188} INFO - [2024-07-26T07:19:33.821+0000] {dag.py:3947} INFO - Setting next_dagrun for 8_postgres_to_s3_dag.py to 2024-07-26 00:00:00+00:00, run_after=2024-07-27 00:00:00+00:00
[2024-07-26T07:19:33.839+0000] {processor.py:183} INFO - Processing /opt/airflow/dags/9_postgres_to_s3_dag.py took 0.136 seconds
[2024-07-26T07:20:04.721+0000] {processor.py:161} INFO - Started process (PID=3046) to work on /opt/airflow/dags/9_postgres_to_s3_dag.py
[2024-07-26T07:20:04.723+0000] {processor.py:830} INFO - Processing file /opt/airflow/dags/9_postgres_to_s3_dag.py for tasks to queue
[2024-07-26T07:20:04.724+0000] {logging_mixin.py:188} INFO - [2024-07-26T07:20:04.724+0000] {dagbag.py:545} INFO - Filling up the DagBag from /opt/airflow/dags/9_postgres_to_s3_dag.py
[2024-07-26T07:20:04.758+0000] {processor.py:840} INFO - DAG(s) '8_postgres_to_s3_dag.py' retrieved from /opt/airflow/dags/9_postgres_to_s3_dag.py
[2024-07-26T07:20:04.781+0000] {logging_mixin.py:188} INFO - [2024-07-26T07:20:04.781+0000] {dag.py:3089} INFO - Sync 1 DAGs
[2024-07-26T07:20:04.798+0000] {logging_mixin.py:188} INFO - [2024-07-26T07:20:04.798+0000] {dag.py:3947} INFO - Setting next_dagrun for 8_postgres_to_s3_dag.py to 2024-07-26 00:00:00+00:00, run_after=2024-07-27 00:00:00+00:00
[2024-07-26T07:20:04.813+0000] {processor.py:183} INFO - Processing /opt/airflow/dags/9_postgres_to_s3_dag.py took 0.098 seconds
[2024-07-26T07:20:35.517+0000] {processor.py:161} INFO - Started process (PID=3061) to work on /opt/airflow/dags/9_postgres_to_s3_dag.py
[2024-07-26T07:20:35.524+0000] {processor.py:830} INFO - Processing file /opt/airflow/dags/9_postgres_to_s3_dag.py for tasks to queue
[2024-07-26T07:20:35.534+0000] {logging_mixin.py:188} INFO - [2024-07-26T07:20:35.526+0000] {dagbag.py:545} INFO - Filling up the DagBag from /opt/airflow/dags/9_postgres_to_s3_dag.py
[2024-07-26T07:20:35.553+0000] {processor.py:840} INFO - DAG(s) '8_postgres_to_s3_dag.py' retrieved from /opt/airflow/dags/9_postgres_to_s3_dag.py
[2024-07-26T07:20:35.575+0000] {logging_mixin.py:188} INFO - [2024-07-26T07:20:35.575+0000] {dag.py:3089} INFO - Sync 1 DAGs
[2024-07-26T07:20:35.589+0000] {logging_mixin.py:188} INFO - [2024-07-26T07:20:35.589+0000] {dag.py:3947} INFO - Setting next_dagrun for 8_postgres_to_s3_dag.py to 2024-07-26 00:00:00+00:00, run_after=2024-07-27 00:00:00+00:00
[2024-07-26T07:20:35.600+0000] {processor.py:183} INFO - Processing /opt/airflow/dags/9_postgres_to_s3_dag.py took 0.101 seconds
[2024-07-26T07:21:05.755+0000] {processor.py:161} INFO - Started process (PID=3080) to work on /opt/airflow/dags/9_postgres_to_s3_dag.py
[2024-07-26T07:21:05.757+0000] {processor.py:830} INFO - Processing file /opt/airflow/dags/9_postgres_to_s3_dag.py for tasks to queue
[2024-07-26T07:21:05.759+0000] {logging_mixin.py:188} INFO - [2024-07-26T07:21:05.759+0000] {dagbag.py:545} INFO - Filling up the DagBag from /opt/airflow/dags/9_postgres_to_s3_dag.py
[2024-07-26T07:21:05.775+0000] {processor.py:840} INFO - DAG(s) '8_postgres_to_s3_dag.py' retrieved from /opt/airflow/dags/9_postgres_to_s3_dag.py
[2024-07-26T07:21:05.799+0000] {logging_mixin.py:188} INFO - [2024-07-26T07:21:05.799+0000] {dag.py:3089} INFO - Sync 1 DAGs
[2024-07-26T07:21:05.817+0000] {logging_mixin.py:188} INFO - [2024-07-26T07:21:05.817+0000] {dag.py:3947} INFO - Setting next_dagrun for 8_postgres_to_s3_dag.py to 2024-07-26 00:00:00+00:00, run_after=2024-07-27 00:00:00+00:00
[2024-07-26T07:21:06.084+0000] {processor.py:183} INFO - Processing /opt/airflow/dags/9_postgres_to_s3_dag.py took 0.346 seconds
[2024-07-26T07:21:37.038+0000] {processor.py:161} INFO - Started process (PID=3095) to work on /opt/airflow/dags/9_postgres_to_s3_dag.py
[2024-07-26T07:21:37.042+0000] {processor.py:830} INFO - Processing file /opt/airflow/dags/9_postgres_to_s3_dag.py for tasks to queue
[2024-07-26T07:21:37.044+0000] {logging_mixin.py:188} INFO - [2024-07-26T07:21:37.043+0000] {dagbag.py:545} INFO - Filling up the DagBag from /opt/airflow/dags/9_postgres_to_s3_dag.py
[2024-07-26T07:21:37.063+0000] {processor.py:840} INFO - DAG(s) '8_postgres_to_s3_dag.py' retrieved from /opt/airflow/dags/9_postgres_to_s3_dag.py
[2024-07-26T07:21:37.107+0000] {logging_mixin.py:188} INFO - [2024-07-26T07:21:37.107+0000] {dag.py:3089} INFO - Sync 1 DAGs
[2024-07-26T07:21:37.133+0000] {logging_mixin.py:188} INFO - [2024-07-26T07:21:37.133+0000] {dag.py:3947} INFO - Setting next_dagrun for 8_postgres_to_s3_dag.py to 2024-07-26 00:00:00+00:00, run_after=2024-07-27 00:00:00+00:00
[2024-07-26T07:21:37.148+0000] {processor.py:183} INFO - Processing /opt/airflow/dags/9_postgres_to_s3_dag.py took 0.126 seconds
[2024-07-26T07:22:07.231+0000] {processor.py:161} INFO - Started process (PID=3112) to work on /opt/airflow/dags/9_postgres_to_s3_dag.py
[2024-07-26T07:22:07.233+0000] {processor.py:830} INFO - Processing file /opt/airflow/dags/9_postgres_to_s3_dag.py for tasks to queue
[2024-07-26T07:22:07.236+0000] {logging_mixin.py:188} INFO - [2024-07-26T07:22:07.234+0000] {dagbag.py:545} INFO - Filling up the DagBag from /opt/airflow/dags/9_postgres_to_s3_dag.py
[2024-07-26T07:22:07.254+0000] {processor.py:840} INFO - DAG(s) '8_postgres_to_s3_dag.py' retrieved from /opt/airflow/dags/9_postgres_to_s3_dag.py
[2024-07-26T07:22:07.312+0000] {logging_mixin.py:188} INFO - [2024-07-26T07:22:07.312+0000] {dag.py:3089} INFO - Sync 1 DAGs
[2024-07-26T07:22:07.330+0000] {logging_mixin.py:188} INFO - [2024-07-26T07:22:07.330+0000] {dag.py:3947} INFO - Setting next_dagrun for 8_postgres_to_s3_dag.py to 2024-07-26 00:00:00+00:00, run_after=2024-07-27 00:00:00+00:00
[2024-07-26T07:22:07.343+0000] {processor.py:183} INFO - Processing /opt/airflow/dags/9_postgres_to_s3_dag.py took 0.124 seconds
[2024-07-26T07:22:37.533+0000] {processor.py:161} INFO - Started process (PID=3128) to work on /opt/airflow/dags/9_postgres_to_s3_dag.py
[2024-07-26T07:22:37.534+0000] {processor.py:830} INFO - Processing file /opt/airflow/dags/9_postgres_to_s3_dag.py for tasks to queue
[2024-07-26T07:22:37.535+0000] {logging_mixin.py:188} INFO - [2024-07-26T07:22:37.535+0000] {dagbag.py:545} INFO - Filling up the DagBag from /opt/airflow/dags/9_postgres_to_s3_dag.py
[2024-07-26T07:22:37.546+0000] {processor.py:840} INFO - DAG(s) '8_postgres_to_s3_dag.py' retrieved from /opt/airflow/dags/9_postgres_to_s3_dag.py
[2024-07-26T07:22:37.570+0000] {logging_mixin.py:188} INFO - [2024-07-26T07:22:37.569+0000] {dag.py:3089} INFO - Sync 1 DAGs
[2024-07-26T07:22:37.587+0000] {logging_mixin.py:188} INFO - [2024-07-26T07:22:37.587+0000] {dag.py:3947} INFO - Setting next_dagrun for 8_postgres_to_s3_dag.py to 2024-07-26 00:00:00+00:00, run_after=2024-07-27 00:00:00+00:00
[2024-07-26T07:22:37.601+0000] {processor.py:183} INFO - Processing /opt/airflow/dags/9_postgres_to_s3_dag.py took 0.075 seconds
[2024-07-26T07:23:08.339+0000] {processor.py:161} INFO - Started process (PID=3143) to work on /opt/airflow/dags/9_postgres_to_s3_dag.py
[2024-07-26T07:23:08.340+0000] {processor.py:830} INFO - Processing file /opt/airflow/dags/9_postgres_to_s3_dag.py for tasks to queue
[2024-07-26T07:23:08.341+0000] {logging_mixin.py:188} INFO - [2024-07-26T07:23:08.340+0000] {dagbag.py:545} INFO - Filling up the DagBag from /opt/airflow/dags/9_postgres_to_s3_dag.py
[2024-07-26T07:23:08.347+0000] {processor.py:840} INFO - DAG(s) '8_postgres_to_s3_dag.py' retrieved from /opt/airflow/dags/9_postgres_to_s3_dag.py
[2024-07-26T07:23:08.360+0000] {logging_mixin.py:188} INFO - [2024-07-26T07:23:08.359+0000] {dag.py:3089} INFO - Sync 1 DAGs
[2024-07-26T07:23:08.371+0000] {logging_mixin.py:188} INFO - [2024-07-26T07:23:08.371+0000] {dag.py:3947} INFO - Setting next_dagrun for 8_postgres_to_s3_dag.py to 2024-07-26 00:00:00+00:00, run_after=2024-07-27 00:00:00+00:00
[2024-07-26T07:23:08.379+0000] {processor.py:183} INFO - Processing /opt/airflow/dags/9_postgres_to_s3_dag.py took 0.045 seconds
[2024-07-26T07:23:39.162+0000] {processor.py:161} INFO - Started process (PID=3158) to work on /opt/airflow/dags/9_postgres_to_s3_dag.py
[2024-07-26T07:23:39.167+0000] {processor.py:830} INFO - Processing file /opt/airflow/dags/9_postgres_to_s3_dag.py for tasks to queue
[2024-07-26T07:23:39.167+0000] {logging_mixin.py:188} INFO - [2024-07-26T07:23:39.167+0000] {dagbag.py:545} INFO - Filling up the DagBag from /opt/airflow/dags/9_postgres_to_s3_dag.py
[2024-07-26T07:23:39.177+0000] {processor.py:840} INFO - DAG(s) '8_postgres_to_s3_dag.py' retrieved from /opt/airflow/dags/9_postgres_to_s3_dag.py
[2024-07-26T07:23:39.196+0000] {logging_mixin.py:188} INFO - [2024-07-26T07:23:39.196+0000] {dag.py:3089} INFO - Sync 1 DAGs
[2024-07-26T07:23:39.208+0000] {logging_mixin.py:188} INFO - [2024-07-26T07:23:39.208+0000] {dag.py:3947} INFO - Setting next_dagrun for 8_postgres_to_s3_dag.py to 2024-07-26 00:00:00+00:00, run_after=2024-07-27 00:00:00+00:00
[2024-07-26T07:23:39.218+0000] {processor.py:183} INFO - Processing /opt/airflow/dags/9_postgres_to_s3_dag.py took 0.063 seconds
[2024-07-26T07:24:09.499+0000] {processor.py:161} INFO - Started process (PID=3173) to work on /opt/airflow/dags/9_postgres_to_s3_dag.py
[2024-07-26T07:24:09.500+0000] {processor.py:830} INFO - Processing file /opt/airflow/dags/9_postgres_to_s3_dag.py for tasks to queue
[2024-07-26T07:24:09.502+0000] {logging_mixin.py:188} INFO - [2024-07-26T07:24:09.501+0000] {dagbag.py:545} INFO - Filling up the DagBag from /opt/airflow/dags/9_postgres_to_s3_dag.py
[2024-07-26T07:24:09.514+0000] {processor.py:840} INFO - DAG(s) '8_postgres_to_s3_dag.py' retrieved from /opt/airflow/dags/9_postgres_to_s3_dag.py
[2024-07-26T07:24:09.529+0000] {logging_mixin.py:188} INFO - [2024-07-26T07:24:09.529+0000] {dag.py:3089} INFO - Sync 1 DAGs
[2024-07-26T07:24:09.539+0000] {logging_mixin.py:188} INFO - [2024-07-26T07:24:09.539+0000] {dag.py:3947} INFO - Setting next_dagrun for 8_postgres_to_s3_dag.py to 2024-07-26 00:00:00+00:00, run_after=2024-07-27 00:00:00+00:00
[2024-07-26T07:24:09.554+0000] {processor.py:183} INFO - Processing /opt/airflow/dags/9_postgres_to_s3_dag.py took 0.067 seconds
[2024-07-26T07:24:40.277+0000] {processor.py:161} INFO - Started process (PID=3191) to work on /opt/airflow/dags/9_postgres_to_s3_dag.py
[2024-07-26T07:24:40.278+0000] {processor.py:830} INFO - Processing file /opt/airflow/dags/9_postgres_to_s3_dag.py for tasks to queue
[2024-07-26T07:24:40.279+0000] {logging_mixin.py:188} INFO - [2024-07-26T07:24:40.278+0000] {dagbag.py:545} INFO - Filling up the DagBag from /opt/airflow/dags/9_postgres_to_s3_dag.py
[2024-07-26T07:24:40.285+0000] {processor.py:840} INFO - DAG(s) '8_postgres_to_s3_dag.py' retrieved from /opt/airflow/dags/9_postgres_to_s3_dag.py
[2024-07-26T07:24:40.304+0000] {logging_mixin.py:188} INFO - [2024-07-26T07:24:40.304+0000] {dag.py:3089} INFO - Sync 1 DAGs
[2024-07-26T07:24:40.318+0000] {logging_mixin.py:188} INFO - [2024-07-26T07:24:40.317+0000] {dag.py:3947} INFO - Setting next_dagrun for 8_postgres_to_s3_dag.py to 2024-07-26 00:00:00+00:00, run_after=2024-07-27 00:00:00+00:00
[2024-07-26T07:24:40.329+0000] {processor.py:183} INFO - Processing /opt/airflow/dags/9_postgres_to_s3_dag.py took 0.055 seconds
[2024-07-26T07:25:10.955+0000] {processor.py:161} INFO - Started process (PID=3206) to work on /opt/airflow/dags/9_postgres_to_s3_dag.py
[2024-07-26T07:25:10.957+0000] {processor.py:830} INFO - Processing file /opt/airflow/dags/9_postgres_to_s3_dag.py for tasks to queue
[2024-07-26T07:25:10.961+0000] {logging_mixin.py:188} INFO - [2024-07-26T07:25:10.959+0000] {dagbag.py:545} INFO - Filling up the DagBag from /opt/airflow/dags/9_postgres_to_s3_dag.py
[2024-07-26T07:25:10.987+0000] {processor.py:840} INFO - DAG(s) '8_postgres_to_s3_dag.py' retrieved from /opt/airflow/dags/9_postgres_to_s3_dag.py
[2024-07-26T07:25:11.014+0000] {logging_mixin.py:188} INFO - [2024-07-26T07:25:11.014+0000] {dag.py:3089} INFO - Sync 1 DAGs
[2024-07-26T07:25:11.027+0000] {logging_mixin.py:188} INFO - [2024-07-26T07:25:11.027+0000] {dag.py:3947} INFO - Setting next_dagrun for 8_postgres_to_s3_dag.py to 2024-07-26 00:00:00+00:00, run_after=2024-07-27 00:00:00+00:00
[2024-07-26T07:25:11.038+0000] {processor.py:183} INFO - Processing /opt/airflow/dags/9_postgres_to_s3_dag.py took 0.094 seconds
[2024-07-26T07:25:41.764+0000] {processor.py:161} INFO - Started process (PID=3222) to work on /opt/airflow/dags/9_postgres_to_s3_dag.py
[2024-07-26T07:25:41.766+0000] {processor.py:830} INFO - Processing file /opt/airflow/dags/9_postgres_to_s3_dag.py for tasks to queue
[2024-07-26T07:25:41.767+0000] {logging_mixin.py:188} INFO - [2024-07-26T07:25:41.766+0000] {dagbag.py:545} INFO - Filling up the DagBag from /opt/airflow/dags/9_postgres_to_s3_dag.py
[2024-07-26T07:25:41.782+0000] {processor.py:840} INFO - DAG(s) '8_postgres_to_s3_dag.py' retrieved from /opt/airflow/dags/9_postgres_to_s3_dag.py
[2024-07-26T07:25:41.797+0000] {logging_mixin.py:188} INFO - [2024-07-26T07:25:41.797+0000] {dag.py:3089} INFO - Sync 1 DAGs
[2024-07-26T07:25:41.811+0000] {logging_mixin.py:188} INFO - [2024-07-26T07:25:41.811+0000] {dag.py:3947} INFO - Setting next_dagrun for 8_postgres_to_s3_dag.py to 2024-07-26 00:00:00+00:00, run_after=2024-07-27 00:00:00+00:00
[2024-07-26T07:25:41.821+0000] {processor.py:183} INFO - Processing /opt/airflow/dags/9_postgres_to_s3_dag.py took 0.064 seconds
[2024-07-26T07:26:11.940+0000] {processor.py:161} INFO - Started process (PID=3237) to work on /opt/airflow/dags/9_postgres_to_s3_dag.py
[2024-07-26T07:26:11.941+0000] {processor.py:830} INFO - Processing file /opt/airflow/dags/9_postgres_to_s3_dag.py for tasks to queue
[2024-07-26T07:26:11.941+0000] {logging_mixin.py:188} INFO - [2024-07-26T07:26:11.941+0000] {dagbag.py:545} INFO - Filling up the DagBag from /opt/airflow/dags/9_postgres_to_s3_dag.py
[2024-07-26T07:26:11.951+0000] {processor.py:840} INFO - DAG(s) '8_postgres_to_s3_dag.py' retrieved from /opt/airflow/dags/9_postgres_to_s3_dag.py
[2024-07-26T07:26:11.968+0000] {logging_mixin.py:188} INFO - [2024-07-26T07:26:11.968+0000] {dag.py:3089} INFO - Sync 1 DAGs
[2024-07-26T07:26:11.988+0000] {logging_mixin.py:188} INFO - [2024-07-26T07:26:11.988+0000] {dag.py:3947} INFO - Setting next_dagrun for 8_postgres_to_s3_dag.py to 2024-07-26 00:00:00+00:00, run_after=2024-07-27 00:00:00+00:00
[2024-07-26T07:26:11.997+0000] {processor.py:183} INFO - Processing /opt/airflow/dags/9_postgres_to_s3_dag.py took 0.062 seconds
[2024-07-26T07:26:42.180+0000] {processor.py:161} INFO - Started process (PID=3252) to work on /opt/airflow/dags/9_postgres_to_s3_dag.py
[2024-07-26T07:26:42.181+0000] {processor.py:830} INFO - Processing file /opt/airflow/dags/9_postgres_to_s3_dag.py for tasks to queue
[2024-07-26T07:26:42.182+0000] {logging_mixin.py:188} INFO - [2024-07-26T07:26:42.182+0000] {dagbag.py:545} INFO - Filling up the DagBag from /opt/airflow/dags/9_postgres_to_s3_dag.py
[2024-07-26T07:26:42.195+0000] {processor.py:840} INFO - DAG(s) '8_postgres_to_s3_dag.py' retrieved from /opt/airflow/dags/9_postgres_to_s3_dag.py
[2024-07-26T07:26:42.212+0000] {logging_mixin.py:188} INFO - [2024-07-26T07:26:42.211+0000] {dag.py:3089} INFO - Sync 1 DAGs
[2024-07-26T07:26:42.222+0000] {logging_mixin.py:188} INFO - [2024-07-26T07:26:42.222+0000] {dag.py:3947} INFO - Setting next_dagrun for 8_postgres_to_s3_dag.py to 2024-07-26 00:00:00+00:00, run_after=2024-07-27 00:00:00+00:00
[2024-07-26T07:26:42.338+0000] {processor.py:183} INFO - Processing /opt/airflow/dags/9_postgres_to_s3_dag.py took 0.161 seconds
[2024-07-26T07:27:12.947+0000] {processor.py:161} INFO - Started process (PID=3267) to work on /opt/airflow/dags/9_postgres_to_s3_dag.py
[2024-07-26T07:27:12.949+0000] {processor.py:830} INFO - Processing file /opt/airflow/dags/9_postgres_to_s3_dag.py for tasks to queue
[2024-07-26T07:27:12.949+0000] {logging_mixin.py:188} INFO - [2024-07-26T07:27:12.949+0000] {dagbag.py:545} INFO - Filling up the DagBag from /opt/airflow/dags/9_postgres_to_s3_dag.py
[2024-07-26T07:27:12.958+0000] {processor.py:840} INFO - DAG(s) '8_postgres_to_s3_dag.py' retrieved from /opt/airflow/dags/9_postgres_to_s3_dag.py
[2024-07-26T07:27:12.973+0000] {logging_mixin.py:188} INFO - [2024-07-26T07:27:12.973+0000] {dag.py:3089} INFO - Sync 1 DAGs
[2024-07-26T07:27:12.989+0000] {logging_mixin.py:188} INFO - [2024-07-26T07:27:12.989+0000] {dag.py:3947} INFO - Setting next_dagrun for 8_postgres_to_s3_dag.py to 2024-07-26 00:00:00+00:00, run_after=2024-07-27 00:00:00+00:00
[2024-07-26T07:27:13.004+0000] {processor.py:183} INFO - Processing /opt/airflow/dags/9_postgres_to_s3_dag.py took 0.059 seconds
[2024-07-26T07:27:43.816+0000] {processor.py:161} INFO - Started process (PID=3282) to work on /opt/airflow/dags/9_postgres_to_s3_dag.py
[2024-07-26T07:27:43.816+0000] {processor.py:830} INFO - Processing file /opt/airflow/dags/9_postgres_to_s3_dag.py for tasks to queue
[2024-07-26T07:27:43.817+0000] {logging_mixin.py:188} INFO - [2024-07-26T07:27:43.817+0000] {dagbag.py:545} INFO - Filling up the DagBag from /opt/airflow/dags/9_postgres_to_s3_dag.py
[2024-07-26T07:27:43.823+0000] {processor.py:840} INFO - DAG(s) '8_postgres_to_s3_dag.py' retrieved from /opt/airflow/dags/9_postgres_to_s3_dag.py
[2024-07-26T07:27:43.833+0000] {logging_mixin.py:188} INFO - [2024-07-26T07:27:43.833+0000] {dag.py:3089} INFO - Sync 1 DAGs
[2024-07-26T07:27:43.842+0000] {logging_mixin.py:188} INFO - [2024-07-26T07:27:43.842+0000] {dag.py:3947} INFO - Setting next_dagrun for 8_postgres_to_s3_dag.py to 2024-07-26 00:00:00+00:00, run_after=2024-07-27 00:00:00+00:00
[2024-07-26T07:27:43.852+0000] {processor.py:183} INFO - Processing /opt/airflow/dags/9_postgres_to_s3_dag.py took 0.038 seconds
[2024-07-26T07:28:14.918+0000] {processor.py:161} INFO - Started process (PID=3298) to work on /opt/airflow/dags/9_postgres_to_s3_dag.py
[2024-07-26T07:28:14.919+0000] {processor.py:830} INFO - Processing file /opt/airflow/dags/9_postgres_to_s3_dag.py for tasks to queue
[2024-07-26T07:28:14.919+0000] {logging_mixin.py:188} INFO - [2024-07-26T07:28:14.919+0000] {dagbag.py:545} INFO - Filling up the DagBag from /opt/airflow/dags/9_postgres_to_s3_dag.py
[2024-07-26T07:28:14.931+0000] {processor.py:840} INFO - DAG(s) '8_postgres_to_s3_dag.py' retrieved from /opt/airflow/dags/9_postgres_to_s3_dag.py
[2024-07-26T07:28:14.979+0000] {logging_mixin.py:188} INFO - [2024-07-26T07:28:14.978+0000] {dag.py:3089} INFO - Sync 1 DAGs
[2024-07-26T07:28:14.997+0000] {logging_mixin.py:188} INFO - [2024-07-26T07:28:14.997+0000] {dag.py:3947} INFO - Setting next_dagrun for 8_postgres_to_s3_dag.py to 2024-07-26 00:00:00+00:00, run_after=2024-07-27 00:00:00+00:00
[2024-07-26T07:28:15.020+0000] {processor.py:183} INFO - Processing /opt/airflow/dags/9_postgres_to_s3_dag.py took 0.108 seconds
[2024-07-26T07:28:45.893+0000] {processor.py:161} INFO - Started process (PID=3314) to work on /opt/airflow/dags/9_postgres_to_s3_dag.py
[2024-07-26T07:28:45.894+0000] {processor.py:830} INFO - Processing file /opt/airflow/dags/9_postgres_to_s3_dag.py for tasks to queue
[2024-07-26T07:28:45.894+0000] {logging_mixin.py:188} INFO - [2024-07-26T07:28:45.894+0000] {dagbag.py:545} INFO - Filling up the DagBag from /opt/airflow/dags/9_postgres_to_s3_dag.py
[2024-07-26T07:28:45.912+0000] {processor.py:840} INFO - DAG(s) '8_postgres_to_s3_dag.py' retrieved from /opt/airflow/dags/9_postgres_to_s3_dag.py
[2024-07-26T07:28:45.938+0000] {logging_mixin.py:188} INFO - [2024-07-26T07:28:45.938+0000] {dag.py:3089} INFO - Sync 1 DAGs
[2024-07-26T07:28:45.961+0000] {logging_mixin.py:188} INFO - [2024-07-26T07:28:45.961+0000] {dag.py:3947} INFO - Setting next_dagrun for 8_postgres_to_s3_dag.py to 2024-07-26 00:00:00+00:00, run_after=2024-07-27 00:00:00+00:00
[2024-07-26T07:28:45.975+0000] {processor.py:183} INFO - Processing /opt/airflow/dags/9_postgres_to_s3_dag.py took 0.085 seconds
[2024-07-26T07:29:16.285+0000] {processor.py:161} INFO - Started process (PID=3329) to work on /opt/airflow/dags/9_postgres_to_s3_dag.py
[2024-07-26T07:29:16.285+0000] {processor.py:830} INFO - Processing file /opt/airflow/dags/9_postgres_to_s3_dag.py for tasks to queue
[2024-07-26T07:29:16.286+0000] {logging_mixin.py:188} INFO - [2024-07-26T07:29:16.286+0000] {dagbag.py:545} INFO - Filling up the DagBag from /opt/airflow/dags/9_postgres_to_s3_dag.py
[2024-07-26T07:29:16.294+0000] {processor.py:840} INFO - DAG(s) '8_postgres_to_s3_dag.py' retrieved from /opt/airflow/dags/9_postgres_to_s3_dag.py
[2024-07-26T07:29:16.320+0000] {logging_mixin.py:188} INFO - [2024-07-26T07:29:16.320+0000] {dag.py:3089} INFO - Sync 1 DAGs
[2024-07-26T07:29:16.333+0000] {logging_mixin.py:188} INFO - [2024-07-26T07:29:16.333+0000] {dag.py:3947} INFO - Setting next_dagrun for 8_postgres_to_s3_dag.py to 2024-07-26 00:00:00+00:00, run_after=2024-07-27 00:00:00+00:00
[2024-07-26T07:29:16.426+0000] {processor.py:183} INFO - Processing /opt/airflow/dags/9_postgres_to_s3_dag.py took 0.145 seconds
[2024-07-26T07:29:47.339+0000] {processor.py:161} INFO - Started process (PID=3344) to work on /opt/airflow/dags/9_postgres_to_s3_dag.py
[2024-07-26T07:29:47.340+0000] {processor.py:830} INFO - Processing file /opt/airflow/dags/9_postgres_to_s3_dag.py for tasks to queue
[2024-07-26T07:29:47.340+0000] {logging_mixin.py:188} INFO - [2024-07-26T07:29:47.340+0000] {dagbag.py:545} INFO - Filling up the DagBag from /opt/airflow/dags/9_postgres_to_s3_dag.py
[2024-07-26T07:29:47.347+0000] {processor.py:840} INFO - DAG(s) '8_postgres_to_s3_dag.py' retrieved from /opt/airflow/dags/9_postgres_to_s3_dag.py
[2024-07-26T07:29:47.368+0000] {logging_mixin.py:188} INFO - [2024-07-26T07:29:47.368+0000] {dag.py:3089} INFO - Sync 1 DAGs
[2024-07-26T07:29:47.397+0000] {logging_mixin.py:188} INFO - [2024-07-26T07:29:47.396+0000] {dag.py:3947} INFO - Setting next_dagrun for 8_postgres_to_s3_dag.py to 2024-07-26 00:00:00+00:00, run_after=2024-07-27 00:00:00+00:00
[2024-07-26T07:29:47.411+0000] {processor.py:183} INFO - Processing /opt/airflow/dags/9_postgres_to_s3_dag.py took 0.077 seconds
[2024-07-26T07:30:18.375+0000] {processor.py:161} INFO - Started process (PID=3362) to work on /opt/airflow/dags/9_postgres_to_s3_dag.py
[2024-07-26T07:30:18.375+0000] {processor.py:830} INFO - Processing file /opt/airflow/dags/9_postgres_to_s3_dag.py for tasks to queue
[2024-07-26T07:30:18.376+0000] {logging_mixin.py:188} INFO - [2024-07-26T07:30:18.376+0000] {dagbag.py:545} INFO - Filling up the DagBag from /opt/airflow/dags/9_postgres_to_s3_dag.py
[2024-07-26T07:30:18.393+0000] {processor.py:840} INFO - DAG(s) '8_postgres_to_s3_dag.py' retrieved from /opt/airflow/dags/9_postgres_to_s3_dag.py
[2024-07-26T07:30:18.410+0000] {logging_mixin.py:188} INFO - [2024-07-26T07:30:18.410+0000] {dag.py:3089} INFO - Sync 1 DAGs
[2024-07-26T07:30:18.421+0000] {logging_mixin.py:188} INFO - [2024-07-26T07:30:18.421+0000] {dag.py:3947} INFO - Setting next_dagrun for 8_postgres_to_s3_dag.py to 2024-07-26 00:00:00+00:00, run_after=2024-07-27 00:00:00+00:00
[2024-07-26T07:30:18.429+0000] {processor.py:183} INFO - Processing /opt/airflow/dags/9_postgres_to_s3_dag.py took 0.057 seconds
[2024-07-26T07:30:49.363+0000] {processor.py:161} INFO - Started process (PID=3377) to work on /opt/airflow/dags/9_postgres_to_s3_dag.py
[2024-07-26T07:30:49.364+0000] {processor.py:830} INFO - Processing file /opt/airflow/dags/9_postgres_to_s3_dag.py for tasks to queue
[2024-07-26T07:30:49.365+0000] {logging_mixin.py:188} INFO - [2024-07-26T07:30:49.364+0000] {dagbag.py:545} INFO - Filling up the DagBag from /opt/airflow/dags/9_postgres_to_s3_dag.py
[2024-07-26T07:30:49.371+0000] {processor.py:840} INFO - DAG(s) '8_postgres_to_s3_dag.py' retrieved from /opt/airflow/dags/9_postgres_to_s3_dag.py
[2024-07-26T07:30:49.406+0000] {logging_mixin.py:188} INFO - [2024-07-26T07:30:49.405+0000] {dag.py:3089} INFO - Sync 1 DAGs
[2024-07-26T07:30:49.423+0000] {logging_mixin.py:188} INFO - [2024-07-26T07:30:49.423+0000] {dag.py:3947} INFO - Setting next_dagrun for 8_postgres_to_s3_dag.py to 2024-07-26 00:00:00+00:00, run_after=2024-07-27 00:00:00+00:00
[2024-07-26T07:30:49.432+0000] {processor.py:183} INFO - Processing /opt/airflow/dags/9_postgres_to_s3_dag.py took 0.074 seconds
[2024-07-26T07:31:20.396+0000] {processor.py:161} INFO - Started process (PID=3392) to work on /opt/airflow/dags/9_postgres_to_s3_dag.py
[2024-07-26T07:31:20.399+0000] {processor.py:830} INFO - Processing file /opt/airflow/dags/9_postgres_to_s3_dag.py for tasks to queue
[2024-07-26T07:31:20.400+0000] {logging_mixin.py:188} INFO - [2024-07-26T07:31:20.400+0000] {dagbag.py:545} INFO - Filling up the DagBag from /opt/airflow/dags/9_postgres_to_s3_dag.py
[2024-07-26T07:31:20.411+0000] {processor.py:840} INFO - DAG(s) '8_postgres_to_s3_dag.py' retrieved from /opt/airflow/dags/9_postgres_to_s3_dag.py
[2024-07-26T07:31:20.450+0000] {logging_mixin.py:188} INFO - [2024-07-26T07:31:20.450+0000] {dag.py:3089} INFO - Sync 1 DAGs
[2024-07-26T07:31:20.464+0000] {logging_mixin.py:188} INFO - [2024-07-26T07:31:20.464+0000] {dag.py:3947} INFO - Setting next_dagrun for 8_postgres_to_s3_dag.py to 2024-07-26 00:00:00+00:00, run_after=2024-07-27 00:00:00+00:00
[2024-07-26T07:31:20.471+0000] {processor.py:183} INFO - Processing /opt/airflow/dags/9_postgres_to_s3_dag.py took 0.084 seconds
[2024-07-26T07:31:51.589+0000] {processor.py:161} INFO - Started process (PID=3407) to work on /opt/airflow/dags/9_postgres_to_s3_dag.py
[2024-07-26T07:31:51.595+0000] {processor.py:830} INFO - Processing file /opt/airflow/dags/9_postgres_to_s3_dag.py for tasks to queue
[2024-07-26T07:31:51.600+0000] {logging_mixin.py:188} INFO - [2024-07-26T07:31:51.598+0000] {dagbag.py:545} INFO - Filling up the DagBag from /opt/airflow/dags/9_postgres_to_s3_dag.py
[2024-07-26T07:31:51.655+0000] {processor.py:840} INFO - DAG(s) '8_postgres_to_s3_dag.py' retrieved from /opt/airflow/dags/9_postgres_to_s3_dag.py
[2024-07-26T07:31:51.671+0000] {logging_mixin.py:188} INFO - [2024-07-26T07:31:51.671+0000] {dag.py:3089} INFO - Sync 1 DAGs
[2024-07-26T07:31:51.681+0000] {logging_mixin.py:188} INFO - [2024-07-26T07:31:51.681+0000] {dag.py:3947} INFO - Setting next_dagrun for 8_postgres_to_s3_dag.py to 2024-07-26 00:00:00+00:00, run_after=2024-07-27 00:00:00+00:00
[2024-07-26T07:31:51.752+0000] {processor.py:183} INFO - Processing /opt/airflow/dags/9_postgres_to_s3_dag.py took 0.166 seconds
[2024-07-26T07:32:22.636+0000] {processor.py:161} INFO - Started process (PID=3422) to work on /opt/airflow/dags/9_postgres_to_s3_dag.py
[2024-07-26T07:32:22.636+0000] {processor.py:830} INFO - Processing file /opt/airflow/dags/9_postgres_to_s3_dag.py for tasks to queue
[2024-07-26T07:32:22.637+0000] {logging_mixin.py:188} INFO - [2024-07-26T07:32:22.637+0000] {dagbag.py:545} INFO - Filling up the DagBag from /opt/airflow/dags/9_postgres_to_s3_dag.py
[2024-07-26T07:32:22.642+0000] {processor.py:840} INFO - DAG(s) '8_postgres_to_s3_dag.py' retrieved from /opt/airflow/dags/9_postgres_to_s3_dag.py
[2024-07-26T07:32:22.665+0000] {logging_mixin.py:188} INFO - [2024-07-26T07:32:22.665+0000] {dag.py:3089} INFO - Sync 1 DAGs
[2024-07-26T07:32:22.698+0000] {logging_mixin.py:188} INFO - [2024-07-26T07:32:22.698+0000] {dag.py:3947} INFO - Setting next_dagrun for 8_postgres_to_s3_dag.py to 2024-07-26 00:00:00+00:00, run_after=2024-07-27 00:00:00+00:00
[2024-07-26T07:32:22.716+0000] {processor.py:183} INFO - Processing /opt/airflow/dags/9_postgres_to_s3_dag.py took 0.083 seconds
[2024-07-26T07:32:53.614+0000] {processor.py:161} INFO - Started process (PID=3438) to work on /opt/airflow/dags/9_postgres_to_s3_dag.py
[2024-07-26T07:32:53.615+0000] {processor.py:830} INFO - Processing file /opt/airflow/dags/9_postgres_to_s3_dag.py for tasks to queue
[2024-07-26T07:32:53.615+0000] {logging_mixin.py:188} INFO - [2024-07-26T07:32:53.615+0000] {dagbag.py:545} INFO - Filling up the DagBag from /opt/airflow/dags/9_postgres_to_s3_dag.py
[2024-07-26T07:32:53.624+0000] {processor.py:840} INFO - DAG(s) '8_postgres_to_s3_dag.py' retrieved from /opt/airflow/dags/9_postgres_to_s3_dag.py
[2024-07-26T07:32:53.653+0000] {logging_mixin.py:188} INFO - [2024-07-26T07:32:53.653+0000] {dag.py:3089} INFO - Sync 1 DAGs
[2024-07-26T07:32:53.670+0000] {logging_mixin.py:188} INFO - [2024-07-26T07:32:53.670+0000] {dag.py:3947} INFO - Setting next_dagrun for 8_postgres_to_s3_dag.py to 2024-07-26 00:00:00+00:00, run_after=2024-07-27 00:00:00+00:00
[2024-07-26T07:32:53.682+0000] {processor.py:183} INFO - Processing /opt/airflow/dags/9_postgres_to_s3_dag.py took 0.074 seconds
[2024-07-26T07:33:12.184+0000] {processor.py:161} INFO - Started process (PID=3447) to work on /opt/airflow/dags/9_postgres_to_s3_dag.py
[2024-07-26T07:33:12.186+0000] {processor.py:830} INFO - Processing file /opt/airflow/dags/9_postgres_to_s3_dag.py for tasks to queue
[2024-07-26T07:33:12.187+0000] {logging_mixin.py:188} INFO - [2024-07-26T07:33:12.186+0000] {dagbag.py:545} INFO - Filling up the DagBag from /opt/airflow/dags/9_postgres_to_s3_dag.py
[2024-07-26T07:33:12.222+0000] {processor.py:840} INFO - DAG(s) '8_postgres_to_s3_dag.py' retrieved from /opt/airflow/dags/9_postgres_to_s3_dag.py
[2024-07-26T07:33:12.256+0000] {logging_mixin.py:188} INFO - [2024-07-26T07:33:12.256+0000] {dag.py:3089} INFO - Sync 1 DAGs
[2024-07-26T07:33:12.284+0000] {logging_mixin.py:188} INFO - [2024-07-26T07:33:12.283+0000] {dag.py:3947} INFO - Setting next_dagrun for 8_postgres_to_s3_dag.py to 2024-07-26 00:00:00+00:00, run_after=2024-07-27 00:00:00+00:00
[2024-07-26T07:33:12.293+0000] {processor.py:183} INFO - Processing /opt/airflow/dags/9_postgres_to_s3_dag.py took 0.122 seconds
[2024-07-26T07:33:42.412+0000] {processor.py:161} INFO - Started process (PID=3462) to work on /opt/airflow/dags/9_postgres_to_s3_dag.py
[2024-07-26T07:33:42.414+0000] {processor.py:830} INFO - Processing file /opt/airflow/dags/9_postgres_to_s3_dag.py for tasks to queue
[2024-07-26T07:33:42.416+0000] {logging_mixin.py:188} INFO - [2024-07-26T07:33:42.415+0000] {dagbag.py:545} INFO - Filling up the DagBag from /opt/airflow/dags/9_postgres_to_s3_dag.py
[2024-07-26T07:33:42.440+0000] {processor.py:840} INFO - DAG(s) '8_postgres_to_s3_dag.py' retrieved from /opt/airflow/dags/9_postgres_to_s3_dag.py
[2024-07-26T07:33:42.469+0000] {logging_mixin.py:188} INFO - [2024-07-26T07:33:42.469+0000] {dag.py:3089} INFO - Sync 1 DAGs
[2024-07-26T07:33:42.486+0000] {logging_mixin.py:188} INFO - [2024-07-26T07:33:42.485+0000] {dag.py:3947} INFO - Setting next_dagrun for 8_postgres_to_s3_dag.py to 2024-07-26 00:00:00+00:00, run_after=2024-07-27 00:00:00+00:00
[2024-07-26T07:33:42.494+0000] {processor.py:183} INFO - Processing /opt/airflow/dags/9_postgres_to_s3_dag.py took 0.092 seconds
[2024-07-26T07:33:47.714+0000] {processor.py:161} INFO - Started process (PID=3466) to work on /opt/airflow/dags/9_postgres_to_s3_dag.py
[2024-07-26T07:33:47.715+0000] {processor.py:830} INFO - Processing file /opt/airflow/dags/9_postgres_to_s3_dag.py for tasks to queue
[2024-07-26T07:33:47.716+0000] {logging_mixin.py:188} INFO - [2024-07-26T07:33:47.716+0000] {dagbag.py:545} INFO - Filling up the DagBag from /opt/airflow/dags/9_postgres_to_s3_dag.py
[2024-07-26T07:33:47.728+0000] {processor.py:840} INFO - DAG(s) '8_postgres_to_s3_dag.py' retrieved from /opt/airflow/dags/9_postgres_to_s3_dag.py
[2024-07-26T07:33:47.746+0000] {logging_mixin.py:188} INFO - [2024-07-26T07:33:47.745+0000] {dag.py:3089} INFO - Sync 1 DAGs
[2024-07-26T07:33:47.758+0000] {logging_mixin.py:188} INFO - [2024-07-26T07:33:47.757+0000] {dag.py:3947} INFO - Setting next_dagrun for 8_postgres_to_s3_dag.py to 2024-07-26 00:00:00+00:00, run_after=2024-07-27 00:00:00+00:00
[2024-07-26T07:33:47.765+0000] {processor.py:183} INFO - Processing /opt/airflow/dags/9_postgres_to_s3_dag.py took 0.057 seconds
[2024-07-26T07:34:18.515+0000] {processor.py:161} INFO - Started process (PID=3481) to work on /opt/airflow/dags/9_postgres_to_s3_dag.py
[2024-07-26T07:34:18.517+0000] {processor.py:830} INFO - Processing file /opt/airflow/dags/9_postgres_to_s3_dag.py for tasks to queue
[2024-07-26T07:34:18.518+0000] {logging_mixin.py:188} INFO - [2024-07-26T07:34:18.517+0000] {dagbag.py:545} INFO - Filling up the DagBag from /opt/airflow/dags/9_postgres_to_s3_dag.py
[2024-07-26T07:34:18.527+0000] {processor.py:840} INFO - DAG(s) '8_postgres_to_s3_dag.py' retrieved from /opt/airflow/dags/9_postgres_to_s3_dag.py
[2024-07-26T07:34:18.544+0000] {logging_mixin.py:188} INFO - [2024-07-26T07:34:18.543+0000] {dag.py:3089} INFO - Sync 1 DAGs
[2024-07-26T07:34:18.554+0000] {logging_mixin.py:188} INFO - [2024-07-26T07:34:18.554+0000] {dag.py:3947} INFO - Setting next_dagrun for 8_postgres_to_s3_dag.py to 2024-07-26 00:00:00+00:00, run_after=2024-07-27 00:00:00+00:00
[2024-07-26T07:34:18.561+0000] {processor.py:183} INFO - Processing /opt/airflow/dags/9_postgres_to_s3_dag.py took 0.053 seconds
[2024-07-26T07:34:23.759+0000] {processor.py:161} INFO - Started process (PID=3483) to work on /opt/airflow/dags/9_postgres_to_s3_dag.py
[2024-07-26T07:34:23.759+0000] {processor.py:830} INFO - Processing file /opt/airflow/dags/9_postgres_to_s3_dag.py for tasks to queue
[2024-07-26T07:34:23.760+0000] {logging_mixin.py:188} INFO - [2024-07-26T07:34:23.760+0000] {dagbag.py:545} INFO - Filling up the DagBag from /opt/airflow/dags/9_postgres_to_s3_dag.py
[2024-07-26T07:34:23.770+0000] {processor.py:840} INFO - DAG(s) '8_postgres_to_s3_dag.py' retrieved from /opt/airflow/dags/9_postgres_to_s3_dag.py
[2024-07-26T07:34:23.790+0000] {logging_mixin.py:188} INFO - [2024-07-26T07:34:23.790+0000] {dag.py:3089} INFO - Sync 1 DAGs
[2024-07-26T07:34:23.802+0000] {logging_mixin.py:188} INFO - [2024-07-26T07:34:23.802+0000] {dag.py:3947} INFO - Setting next_dagrun for 8_postgres_to_s3_dag.py to 2024-07-26 00:00:00+00:00, run_after=2024-07-27 00:00:00+00:00
[2024-07-26T07:34:23.809+0000] {processor.py:183} INFO - Processing /opt/airflow/dags/9_postgres_to_s3_dag.py took 0.053 seconds
[2024-07-26T07:34:33.460+0000] {processor.py:161} INFO - Started process (PID=3493) to work on /opt/airflow/dags/9_postgres_to_s3_dag.py
[2024-07-26T07:34:33.462+0000] {processor.py:830} INFO - Processing file /opt/airflow/dags/9_postgres_to_s3_dag.py for tasks to queue
[2024-07-26T07:34:33.463+0000] {logging_mixin.py:188} INFO - [2024-07-26T07:34:33.462+0000] {dagbag.py:545} INFO - Filling up the DagBag from /opt/airflow/dags/9_postgres_to_s3_dag.py
[2024-07-26T07:34:33.481+0000] {processor.py:840} INFO - DAG(s) '8_postgres_to_s3_dag.py' retrieved from /opt/airflow/dags/9_postgres_to_s3_dag.py
[2024-07-26T07:34:33.518+0000] {logging_mixin.py:188} INFO - [2024-07-26T07:34:33.518+0000] {dag.py:3089} INFO - Sync 1 DAGs
[2024-07-26T07:34:33.534+0000] {logging_mixin.py:188} INFO - [2024-07-26T07:34:33.534+0000] {dag.py:3947} INFO - Setting next_dagrun for 8_postgres_to_s3_dag.py to 2024-07-26 00:00:00+00:00, run_after=2024-07-27 00:00:00+00:00
[2024-07-26T07:34:33.745+0000] {processor.py:183} INFO - Processing /opt/airflow/dags/9_postgres_to_s3_dag.py took 0.311 seconds
[2024-07-26T07:35:04.171+0000] {processor.py:161} INFO - Started process (PID=3508) to work on /opt/airflow/dags/9_postgres_to_s3_dag.py
[2024-07-26T07:35:04.174+0000] {processor.py:830} INFO - Processing file /opt/airflow/dags/9_postgres_to_s3_dag.py for tasks to queue
[2024-07-26T07:35:04.177+0000] {logging_mixin.py:188} INFO - [2024-07-26T07:35:04.175+0000] {dagbag.py:545} INFO - Filling up the DagBag from /opt/airflow/dags/9_postgres_to_s3_dag.py
[2024-07-26T07:35:04.221+0000] {processor.py:840} INFO - DAG(s) '8_postgres_to_s3_dag.py' retrieved from /opt/airflow/dags/9_postgres_to_s3_dag.py
[2024-07-26T07:35:04.247+0000] {logging_mixin.py:188} INFO - [2024-07-26T07:35:04.247+0000] {dag.py:3089} INFO - Sync 1 DAGs
[2024-07-26T07:35:04.284+0000] {logging_mixin.py:188} INFO - [2024-07-26T07:35:04.284+0000] {dag.py:3947} INFO - Setting next_dagrun for 8_postgres_to_s3_dag.py to 2024-07-26 00:00:00+00:00, run_after=2024-07-27 00:00:00+00:00
[2024-07-26T07:35:04.291+0000] {processor.py:183} INFO - Processing /opt/airflow/dags/9_postgres_to_s3_dag.py took 0.127 seconds
[2024-07-26T07:35:34.368+0000] {processor.py:161} INFO - Started process (PID=3524) to work on /opt/airflow/dags/9_postgres_to_s3_dag.py
[2024-07-26T07:35:34.370+0000] {processor.py:830} INFO - Processing file /opt/airflow/dags/9_postgres_to_s3_dag.py for tasks to queue
[2024-07-26T07:35:34.371+0000] {logging_mixin.py:188} INFO - [2024-07-26T07:35:34.370+0000] {dagbag.py:545} INFO - Filling up the DagBag from /opt/airflow/dags/9_postgres_to_s3_dag.py
[2024-07-26T07:35:34.388+0000] {processor.py:840} INFO - DAG(s) '8_postgres_to_s3_dag.py' retrieved from /opt/airflow/dags/9_postgres_to_s3_dag.py
[2024-07-26T07:35:34.447+0000] {logging_mixin.py:188} INFO - [2024-07-26T07:35:34.446+0000] {dag.py:3089} INFO - Sync 1 DAGs
[2024-07-26T07:35:34.471+0000] {logging_mixin.py:188} INFO - [2024-07-26T07:35:34.470+0000] {dag.py:3947} INFO - Setting next_dagrun for 8_postgres_to_s3_dag.py to 2024-07-26 00:00:00+00:00, run_after=2024-07-27 00:00:00+00:00
[2024-07-26T07:35:34.496+0000] {processor.py:183} INFO - Processing /opt/airflow/dags/9_postgres_to_s3_dag.py took 0.145 seconds
[2024-07-26T07:36:04.705+0000] {processor.py:161} INFO - Started process (PID=3539) to work on /opt/airflow/dags/9_postgres_to_s3_dag.py
[2024-07-26T07:36:04.708+0000] {processor.py:830} INFO - Processing file /opt/airflow/dags/9_postgres_to_s3_dag.py for tasks to queue
[2024-07-26T07:36:04.709+0000] {logging_mixin.py:188} INFO - [2024-07-26T07:36:04.708+0000] {dagbag.py:545} INFO - Filling up the DagBag from /opt/airflow/dags/9_postgres_to_s3_dag.py
[2024-07-26T07:36:04.732+0000] {processor.py:840} INFO - DAG(s) '8_postgres_to_s3_dag.py' retrieved from /opt/airflow/dags/9_postgres_to_s3_dag.py
[2024-07-26T07:36:04.758+0000] {logging_mixin.py:188} INFO - [2024-07-26T07:36:04.758+0000] {dag.py:3089} INFO - Sync 1 DAGs
[2024-07-26T07:36:04.773+0000] {logging_mixin.py:188} INFO - [2024-07-26T07:36:04.773+0000] {dag.py:3947} INFO - Setting next_dagrun for 8_postgres_to_s3_dag.py to 2024-07-26 00:00:00+00:00, run_after=2024-07-27 00:00:00+00:00
[2024-07-26T07:36:04.781+0000] {processor.py:183} INFO - Processing /opt/airflow/dags/9_postgres_to_s3_dag.py took 0.086 seconds
[2024-07-26T07:36:34.912+0000] {processor.py:161} INFO - Started process (PID=3554) to work on /opt/airflow/dags/9_postgres_to_s3_dag.py
[2024-07-26T07:36:34.915+0000] {processor.py:830} INFO - Processing file /opt/airflow/dags/9_postgres_to_s3_dag.py for tasks to queue
[2024-07-26T07:36:34.916+0000] {logging_mixin.py:188} INFO - [2024-07-26T07:36:34.916+0000] {dagbag.py:545} INFO - Filling up the DagBag from /opt/airflow/dags/9_postgres_to_s3_dag.py
[2024-07-26T07:36:34.937+0000] {processor.py:840} INFO - DAG(s) '8_postgres_to_s3_dag.py' retrieved from /opt/airflow/dags/9_postgres_to_s3_dag.py
[2024-07-26T07:36:34.987+0000] {logging_mixin.py:188} INFO - [2024-07-26T07:36:34.986+0000] {dag.py:3089} INFO - Sync 1 DAGs
[2024-07-26T07:36:35.004+0000] {logging_mixin.py:188} INFO - [2024-07-26T07:36:35.004+0000] {dag.py:3947} INFO - Setting next_dagrun for 8_postgres_to_s3_dag.py to 2024-07-26 00:00:00+00:00, run_after=2024-07-27 00:00:00+00:00
[2024-07-26T07:36:35.013+0000] {processor.py:183} INFO - Processing /opt/airflow/dags/9_postgres_to_s3_dag.py took 0.114 seconds
[2024-07-26T07:36:35.916+0000] {processor.py:161} INFO - Started process (PID=3555) to work on /opt/airflow/dags/9_postgres_to_s3_dag.py
[2024-07-26T07:36:35.917+0000] {processor.py:830} INFO - Processing file /opt/airflow/dags/9_postgres_to_s3_dag.py for tasks to queue
[2024-07-26T07:36:35.918+0000] {logging_mixin.py:188} INFO - [2024-07-26T07:36:35.917+0000] {dagbag.py:545} INFO - Filling up the DagBag from /opt/airflow/dags/9_postgres_to_s3_dag.py
[2024-07-26T07:36:35.929+0000] {processor.py:840} INFO - DAG(s) '8_postgres_to_s3_dag.py' retrieved from /opt/airflow/dags/9_postgres_to_s3_dag.py
[2024-07-26T07:36:35.946+0000] {logging_mixin.py:188} INFO - [2024-07-26T07:36:35.946+0000] {dag.py:3089} INFO - Sync 1 DAGs
[2024-07-26T07:36:35.956+0000] {logging_mixin.py:188} INFO - [2024-07-26T07:36:35.956+0000] {dag.py:3947} INFO - Setting next_dagrun for 8_postgres_to_s3_dag.py to 2024-07-26 00:00:00+00:00, run_after=2024-07-27 00:00:00+00:00
[2024-07-26T07:36:35.964+0000] {processor.py:183} INFO - Processing /opt/airflow/dags/9_postgres_to_s3_dag.py took 0.054 seconds
[2024-07-26T07:37:06.529+0000] {processor.py:161} INFO - Started process (PID=3570) to work on /opt/airflow/dags/9_postgres_to_s3_dag.py
[2024-07-26T07:37:06.530+0000] {processor.py:830} INFO - Processing file /opt/airflow/dags/9_postgres_to_s3_dag.py for tasks to queue
[2024-07-26T07:37:06.532+0000] {logging_mixin.py:188} INFO - [2024-07-26T07:37:06.531+0000] {dagbag.py:545} INFO - Filling up the DagBag from /opt/airflow/dags/9_postgres_to_s3_dag.py
[2024-07-26T07:37:06.549+0000] {processor.py:840} INFO - DAG(s) '8_postgres_to_s3_dag.py' retrieved from /opt/airflow/dags/9_postgres_to_s3_dag.py
[2024-07-26T07:37:06.571+0000] {logging_mixin.py:188} INFO - [2024-07-26T07:37:06.571+0000] {dag.py:3089} INFO - Sync 1 DAGs
[2024-07-26T07:37:06.586+0000] {logging_mixin.py:188} INFO - [2024-07-26T07:37:06.586+0000] {dag.py:3947} INFO - Setting next_dagrun for 8_postgres_to_s3_dag.py to 2024-07-26 00:00:00+00:00, run_after=2024-07-27 00:00:00+00:00
[2024-07-26T07:37:06.595+0000] {processor.py:183} INFO - Processing /opt/airflow/dags/9_postgres_to_s3_dag.py took 0.078 seconds
[2024-07-26T07:37:36.959+0000] {processor.py:161} INFO - Started process (PID=3586) to work on /opt/airflow/dags/9_postgres_to_s3_dag.py
[2024-07-26T07:37:36.960+0000] {processor.py:830} INFO - Processing file /opt/airflow/dags/9_postgres_to_s3_dag.py for tasks to queue
[2024-07-26T07:37:36.961+0000] {logging_mixin.py:188} INFO - [2024-07-26T07:37:36.961+0000] {dagbag.py:545} INFO - Filling up the DagBag from /opt/airflow/dags/9_postgres_to_s3_dag.py
[2024-07-26T07:37:36.973+0000] {processor.py:840} INFO - DAG(s) '8_postgres_to_s3_dag.py' retrieved from /opt/airflow/dags/9_postgres_to_s3_dag.py
[2024-07-26T07:37:36.989+0000] {logging_mixin.py:188} INFO - [2024-07-26T07:37:36.989+0000] {dag.py:3089} INFO - Sync 1 DAGs
[2024-07-26T07:37:37.193+0000] {logging_mixin.py:188} INFO - [2024-07-26T07:37:37.193+0000] {dag.py:3947} INFO - Setting next_dagrun for 8_postgres_to_s3_dag.py to 2024-07-26 00:00:00+00:00, run_after=2024-07-27 00:00:00+00:00
[2024-07-26T07:37:37.201+0000] {processor.py:183} INFO - Processing /opt/airflow/dags/9_postgres_to_s3_dag.py took 0.249 seconds
[2024-07-26T07:38:07.879+0000] {processor.py:161} INFO - Started process (PID=3601) to work on /opt/airflow/dags/9_postgres_to_s3_dag.py
[2024-07-26T07:38:07.883+0000] {processor.py:830} INFO - Processing file /opt/airflow/dags/9_postgres_to_s3_dag.py for tasks to queue
[2024-07-26T07:38:07.891+0000] {logging_mixin.py:188} INFO - [2024-07-26T07:38:07.888+0000] {dagbag.py:545} INFO - Filling up the DagBag from /opt/airflow/dags/9_postgres_to_s3_dag.py
[2024-07-26T07:38:07.928+0000] {processor.py:840} INFO - DAG(s) '8_postgres_to_s3_dag.py' retrieved from /opt/airflow/dags/9_postgres_to_s3_dag.py
[2024-07-26T07:38:07.949+0000] {logging_mixin.py:188} INFO - [2024-07-26T07:38:07.949+0000] {dag.py:3089} INFO - Sync 1 DAGs
[2024-07-26T07:38:07.962+0000] {logging_mixin.py:188} INFO - [2024-07-26T07:38:07.962+0000] {dag.py:3947} INFO - Setting next_dagrun for 8_postgres_to_s3_dag.py to 2024-07-26 00:00:00+00:00, run_after=2024-07-27 00:00:00+00:00
[2024-07-26T07:38:07.970+0000] {processor.py:183} INFO - Processing /opt/airflow/dags/9_postgres_to_s3_dag.py took 0.104 seconds
[2024-07-26T07:38:38.716+0000] {processor.py:161} INFO - Started process (PID=3616) to work on /opt/airflow/dags/9_postgres_to_s3_dag.py
[2024-07-26T07:38:38.719+0000] {processor.py:830} INFO - Processing file /opt/airflow/dags/9_postgres_to_s3_dag.py for tasks to queue
[2024-07-26T07:38:38.721+0000] {logging_mixin.py:188} INFO - [2024-07-26T07:38:38.721+0000] {dagbag.py:545} INFO - Filling up the DagBag from /opt/airflow/dags/9_postgres_to_s3_dag.py
[2024-07-26T07:38:38.747+0000] {processor.py:840} INFO - DAG(s) '8_postgres_to_s3_dag.py' retrieved from /opt/airflow/dags/9_postgres_to_s3_dag.py
[2024-07-26T07:38:38.772+0000] {logging_mixin.py:188} INFO - [2024-07-26T07:38:38.772+0000] {dag.py:3089} INFO - Sync 1 DAGs
[2024-07-26T07:38:38.789+0000] {logging_mixin.py:188} INFO - [2024-07-26T07:38:38.789+0000] {dag.py:3947} INFO - Setting next_dagrun for 8_postgres_to_s3_dag.py to 2024-07-26 00:00:00+00:00, run_after=2024-07-27 00:00:00+00:00
[2024-07-26T07:38:38.798+0000] {processor.py:183} INFO - Processing /opt/airflow/dags/9_postgres_to_s3_dag.py took 0.097 seconds
[2024-07-26T07:38:40.866+0000] {processor.py:161} INFO - Started process (PID=3617) to work on /opt/airflow/dags/9_postgres_to_s3_dag.py
[2024-07-26T07:38:40.868+0000] {processor.py:830} INFO - Processing file /opt/airflow/dags/9_postgres_to_s3_dag.py for tasks to queue
[2024-07-26T07:38:40.869+0000] {logging_mixin.py:188} INFO - [2024-07-26T07:38:40.868+0000] {dagbag.py:545} INFO - Filling up the DagBag from /opt/airflow/dags/9_postgres_to_s3_dag.py
[2024-07-26T07:38:40.895+0000] {processor.py:840} INFO - DAG(s) '8_postgres_to_s3_dag.py' retrieved from /opt/airflow/dags/9_postgres_to_s3_dag.py
[2024-07-26T07:38:40.949+0000] {logging_mixin.py:188} INFO - [2024-07-26T07:38:40.949+0000] {dag.py:3089} INFO - Sync 1 DAGs
[2024-07-26T07:38:40.964+0000] {logging_mixin.py:188} INFO - [2024-07-26T07:38:40.964+0000] {dag.py:3947} INFO - Setting next_dagrun for 8_postgres_to_s3_dag.py to 2024-07-26 00:00:00+00:00, run_after=2024-07-27 00:00:00+00:00
[2024-07-26T07:38:40.974+0000] {processor.py:183} INFO - Processing /opt/airflow/dags/9_postgres_to_s3_dag.py took 0.134 seconds
[2024-07-26T07:39:11.721+0000] {processor.py:161} INFO - Started process (PID=3632) to work on /opt/airflow/dags/9_postgres_to_s3_dag.py
[2024-07-26T07:39:11.725+0000] {processor.py:830} INFO - Processing file /opt/airflow/dags/9_postgres_to_s3_dag.py for tasks to queue
[2024-07-26T07:39:11.726+0000] {logging_mixin.py:188} INFO - [2024-07-26T07:39:11.725+0000] {dagbag.py:545} INFO - Filling up the DagBag from /opt/airflow/dags/9_postgres_to_s3_dag.py
[2024-07-26T07:39:11.742+0000] {processor.py:840} INFO - DAG(s) '8_postgres_to_s3_dag.py' retrieved from /opt/airflow/dags/9_postgres_to_s3_dag.py
[2024-07-26T07:39:11.775+0000] {logging_mixin.py:188} INFO - [2024-07-26T07:39:11.775+0000] {dag.py:3089} INFO - Sync 1 DAGs
[2024-07-26T07:39:11.789+0000] {logging_mixin.py:188} INFO - [2024-07-26T07:39:11.789+0000] {dag.py:3947} INFO - Setting next_dagrun for 8_postgres_to_s3_dag.py to 2024-07-26 00:00:00+00:00, run_after=2024-07-27 00:00:00+00:00
[2024-07-26T07:39:11.797+0000] {processor.py:183} INFO - Processing /opt/airflow/dags/9_postgres_to_s3_dag.py took 0.086 seconds
[2024-07-26T07:39:42.680+0000] {processor.py:161} INFO - Started process (PID=3647) to work on /opt/airflow/dags/9_postgres_to_s3_dag.py
[2024-07-26T07:39:42.682+0000] {processor.py:830} INFO - Processing file /opt/airflow/dags/9_postgres_to_s3_dag.py for tasks to queue
[2024-07-26T07:39:42.684+0000] {logging_mixin.py:188} INFO - [2024-07-26T07:39:42.683+0000] {dagbag.py:545} INFO - Filling up the DagBag from /opt/airflow/dags/9_postgres_to_s3_dag.py
[2024-07-26T07:39:42.714+0000] {processor.py:840} INFO - DAG(s) '8_postgres_to_s3_dag.py' retrieved from /opt/airflow/dags/9_postgres_to_s3_dag.py
[2024-07-26T07:39:42.744+0000] {logging_mixin.py:188} INFO - [2024-07-26T07:39:42.744+0000] {dag.py:3089} INFO - Sync 1 DAGs
[2024-07-26T07:39:42.758+0000] {logging_mixin.py:188} INFO - [2024-07-26T07:39:42.758+0000] {dag.py:3947} INFO - Setting next_dagrun for 8_postgres_to_s3_dag.py to 2024-07-26 00:00:00+00:00, run_after=2024-07-27 00:00:00+00:00
[2024-07-26T07:39:42.767+0000] {processor.py:183} INFO - Processing /opt/airflow/dags/9_postgres_to_s3_dag.py took 0.100 seconds
[2024-07-26T07:40:13.147+0000] {processor.py:161} INFO - Started process (PID=3662) to work on /opt/airflow/dags/9_postgres_to_s3_dag.py
[2024-07-26T07:40:13.149+0000] {processor.py:830} INFO - Processing file /opt/airflow/dags/9_postgres_to_s3_dag.py for tasks to queue
[2024-07-26T07:40:13.151+0000] {logging_mixin.py:188} INFO - [2024-07-26T07:40:13.150+0000] {dagbag.py:545} INFO - Filling up the DagBag from /opt/airflow/dags/9_postgres_to_s3_dag.py
[2024-07-26T07:40:13.180+0000] {processor.py:840} INFO - DAG(s) '8_postgres_to_s3_dag.py' retrieved from /opt/airflow/dags/9_postgres_to_s3_dag.py
[2024-07-26T07:40:13.210+0000] {logging_mixin.py:188} INFO - [2024-07-26T07:40:13.210+0000] {dag.py:3089} INFO - Sync 1 DAGs
[2024-07-26T07:40:13.443+0000] {logging_mixin.py:188} INFO - [2024-07-26T07:40:13.443+0000] {dag.py:3947} INFO - Setting next_dagrun for 8_postgres_to_s3_dag.py to 2024-07-26 00:00:00+00:00, run_after=2024-07-27 00:00:00+00:00
[2024-07-26T07:40:13.450+0000] {processor.py:183} INFO - Processing /opt/airflow/dags/9_postgres_to_s3_dag.py took 0.313 seconds
[2024-07-26T07:40:23.293+0000] {processor.py:161} INFO - Started process (PID=3664) to work on /opt/airflow/dags/9_postgres_to_s3_dag.py
[2024-07-26T07:40:23.294+0000] {processor.py:830} INFO - Processing file /opt/airflow/dags/9_postgres_to_s3_dag.py for tasks to queue
[2024-07-26T07:40:23.296+0000] {logging_mixin.py:188} INFO - [2024-07-26T07:40:23.295+0000] {dagbag.py:545} INFO - Filling up the DagBag from /opt/airflow/dags/9_postgres_to_s3_dag.py
[2024-07-26T07:40:23.313+0000] {processor.py:840} INFO - DAG(s) '8_postgres_to_s3_dag.py' retrieved from /opt/airflow/dags/9_postgres_to_s3_dag.py
[2024-07-26T07:40:23.346+0000] {logging_mixin.py:188} INFO - [2024-07-26T07:40:23.346+0000] {dag.py:3089} INFO - Sync 1 DAGs
[2024-07-26T07:40:23.585+0000] {logging_mixin.py:188} INFO - [2024-07-26T07:40:23.585+0000] {dag.py:3947} INFO - Setting next_dagrun for 8_postgres_to_s3_dag.py to 2024-07-26 00:00:00+00:00, run_after=2024-07-27 00:00:00+00:00
[2024-07-26T07:40:23.600+0000] {processor.py:183} INFO - Processing /opt/airflow/dags/9_postgres_to_s3_dag.py took 0.319 seconds
