[2024-07-25T15:48:39.354+0000] {local_task_job_runner.py:120} INFO - ::group::Pre task execution logs
[2024-07-25T15:48:39.363+0000] {taskinstance.py:2076} INFO - Dependencies all met for dep_context=non-requeueable deps ti=<TaskInstance: python_taskflow_dag.greet manual__2024-07-25T15:48:37.536454+00:00 [queued]>
[2024-07-25T15:48:39.365+0000] {taskinstance.py:2076} INFO - Dependencies all met for dep_context=requeueable deps ti=<TaskInstance: python_taskflow_dag.greet manual__2024-07-25T15:48:37.536454+00:00 [queued]>
[2024-07-25T15:48:39.366+0000] {taskinstance.py:2306} INFO - Starting attempt 1 of 6
[2024-07-25T15:48:39.369+0000] {taskinstance.py:2330} INFO - Executing <Task(_PythonDecoratedOperator): greet> on 2024-07-25 15:48:37.536454+00:00
[2024-07-25T15:48:39.372+0000] {warnings.py:112} WARNING - /home/***/.local/lib/python3.12/site-packages/***/task/task_runner/standard_task_runner.py:62: DeprecationWarning: This process (pid=560) is multi-threaded, use of fork() may lead to deadlocks in the child.
  pid = os.fork()

[2024-07-25T15:48:39.372+0000] {standard_task_runner.py:64} INFO - Started process 561 to run task
[2024-07-25T15:48:39.373+0000] {standard_task_runner.py:90} INFO - Running: ['***', 'tasks', 'run', 'python_taskflow_dag', 'greet', 'manual__2024-07-25T15:48:37.536454+00:00', '--job-id', '14', '--raw', '--subdir', 'DAGS_FOLDER/python_taskflow_dag.py', '--cfg-path', '/tmp/tmp247e55cs']
[2024-07-25T15:48:39.373+0000] {standard_task_runner.py:91} INFO - Job 14: Subtask greet
[2024-07-25T15:48:39.388+0000] {task_command.py:426} INFO - Running <TaskInstance: python_taskflow_dag.greet manual__2024-07-25T15:48:37.536454+00:00 [running]> on host 31e8b1faccd6
[2024-07-25T15:48:39.422+0000] {taskinstance.py:2648} INFO - Exporting env vars: AIRFLOW_CTX_DAG_OWNER='Pattkit' AIRFLOW_CTX_DAG_ID='python_taskflow_dag' AIRFLOW_CTX_TASK_ID='greet' AIRFLOW_CTX_EXECUTION_DATE='2024-07-25T15:48:37.536454+00:00' AIRFLOW_CTX_TRY_NUMBER='1' AIRFLOW_CTX_DAG_RUN_ID='manual__2024-07-25T15:48:37.536454+00:00'
[2024-07-25T15:48:39.423+0000] {taskinstance.py:430} INFO - ::endgroup::
[2024-07-25T15:48:39.423+0000] {logging_mixin.py:188} INFO - My name is Pattakit Charoensedtakul, and I am 20 years old.
[2024-07-25T15:48:39.423+0000] {python.py:237} INFO - Done. Returned value was: None
[2024-07-25T15:48:39.424+0000] {taskinstance.py:441} INFO - ::group::Post task execution logs
[2024-07-25T15:48:39.428+0000] {taskinstance.py:1206} INFO - Marking task as SUCCESS. dag_id=python_taskflow_dag, task_id=greet, run_id=manual__2024-07-25T15:48:37.536454+00:00, execution_date=20240725T154837, start_date=20240725T154839, end_date=20240725T154839
[2024-07-25T15:48:39.473+0000] {local_task_job_runner.py:243} INFO - Task exited with return code 0
[2024-07-25T15:48:39.485+0000] {taskinstance.py:3503} INFO - 0 downstream tasks scheduled from follow-on schedule check
[2024-07-25T15:48:39.486+0000] {local_task_job_runner.py:222} INFO - ::endgroup::
