[2024-07-25T18:03:37.170+0000] {processor.py:161} INFO - Started process (PID=1687) to work on /opt/airflow/dags/2_python_dag.py
[2024-07-25T18:03:37.171+0000] {processor.py:830} INFO - Processing file /opt/airflow/dags/2_python_dag.py for tasks to queue
[2024-07-25T18:03:37.171+0000] {logging_mixin.py:188} INFO - [2024-07-25T18:03:37.171+0000] {dagbag.py:545} INFO - Filling up the DagBag from /opt/airflow/dags/2_python_dag.py
[2024-07-25T18:03:37.181+0000] {processor.py:840} INFO - DAG(s) 'python_dag' retrieved from /opt/airflow/dags/2_python_dag.py
[2024-07-25T18:03:37.220+0000] {logging_mixin.py:188} INFO - [2024-07-25T18:03:37.219+0000] {dag.py:3089} INFO - Sync 1 DAGs
[2024-07-25T18:03:37.229+0000] {logging_mixin.py:188} INFO - [2024-07-25T18:03:37.229+0000] {dag.py:3947} INFO - Setting next_dagrun for python_dag to 2024-07-24 00:00:00+00:00, run_after=2024-07-25 00:00:00+00:00
[2024-07-25T18:03:37.239+0000] {processor.py:183} INFO - Processing /opt/airflow/dags/2_python_dag.py took 0.071 seconds
[2024-07-25T18:04:07.646+0000] {processor.py:161} INFO - Started process (PID=1699) to work on /opt/airflow/dags/2_python_dag.py
[2024-07-25T18:04:07.647+0000] {processor.py:830} INFO - Processing file /opt/airflow/dags/2_python_dag.py for tasks to queue
[2024-07-25T18:04:07.648+0000] {logging_mixin.py:188} INFO - [2024-07-25T18:04:07.648+0000] {dagbag.py:545} INFO - Filling up the DagBag from /opt/airflow/dags/2_python_dag.py
[2024-07-25T18:04:07.654+0000] {processor.py:840} INFO - DAG(s) 'python_dag' retrieved from /opt/airflow/dags/2_python_dag.py
[2024-07-25T18:04:07.668+0000] {logging_mixin.py:188} INFO - [2024-07-25T18:04:07.668+0000] {dag.py:3089} INFO - Sync 1 DAGs
[2024-07-25T18:04:07.676+0000] {logging_mixin.py:188} INFO - [2024-07-25T18:04:07.676+0000] {dag.py:3947} INFO - Setting next_dagrun for python_dag to 2024-07-24 00:00:00+00:00, run_after=2024-07-25 00:00:00+00:00
[2024-07-25T18:04:07.685+0000] {processor.py:183} INFO - Processing /opt/airflow/dags/2_python_dag.py took 0.041 seconds
[2024-07-25T18:04:38.149+0000] {processor.py:161} INFO - Started process (PID=1711) to work on /opt/airflow/dags/2_python_dag.py
[2024-07-25T18:04:38.149+0000] {processor.py:830} INFO - Processing file /opt/airflow/dags/2_python_dag.py for tasks to queue
[2024-07-25T18:04:38.150+0000] {logging_mixin.py:188} INFO - [2024-07-25T18:04:38.150+0000] {dagbag.py:545} INFO - Filling up the DagBag from /opt/airflow/dags/2_python_dag.py
[2024-07-25T18:04:38.160+0000] {processor.py:840} INFO - DAG(s) 'python_dag' retrieved from /opt/airflow/dags/2_python_dag.py
[2024-07-25T18:04:38.172+0000] {logging_mixin.py:188} INFO - [2024-07-25T18:04:38.171+0000] {dag.py:3089} INFO - Sync 1 DAGs
[2024-07-25T18:04:38.183+0000] {logging_mixin.py:188} INFO - [2024-07-25T18:04:38.183+0000] {dag.py:3947} INFO - Setting next_dagrun for python_dag to 2024-07-24 00:00:00+00:00, run_after=2024-07-25 00:00:00+00:00
[2024-07-25T18:04:38.191+0000] {processor.py:183} INFO - Processing /opt/airflow/dags/2_python_dag.py took 0.043 seconds
[2024-07-25T18:05:08.623+0000] {processor.py:161} INFO - Started process (PID=1723) to work on /opt/airflow/dags/2_python_dag.py
[2024-07-25T18:05:08.624+0000] {processor.py:830} INFO - Processing file /opt/airflow/dags/2_python_dag.py for tasks to queue
[2024-07-25T18:05:08.624+0000] {logging_mixin.py:188} INFO - [2024-07-25T18:05:08.624+0000] {dagbag.py:545} INFO - Filling up the DagBag from /opt/airflow/dags/2_python_dag.py
[2024-07-25T18:05:08.635+0000] {processor.py:840} INFO - DAG(s) 'python_dag' retrieved from /opt/airflow/dags/2_python_dag.py
[2024-07-25T18:05:08.646+0000] {logging_mixin.py:188} INFO - [2024-07-25T18:05:08.646+0000] {dag.py:3089} INFO - Sync 1 DAGs
[2024-07-25T18:05:08.656+0000] {logging_mixin.py:188} INFO - [2024-07-25T18:05:08.656+0000] {dag.py:3947} INFO - Setting next_dagrun for python_dag to 2024-07-24 00:00:00+00:00, run_after=2024-07-25 00:00:00+00:00
[2024-07-25T18:05:08.664+0000] {processor.py:183} INFO - Processing /opt/airflow/dags/2_python_dag.py took 0.043 seconds
[2024-07-25T18:05:39.059+0000] {processor.py:161} INFO - Started process (PID=1735) to work on /opt/airflow/dags/2_python_dag.py
[2024-07-25T18:05:39.060+0000] {processor.py:830} INFO - Processing file /opt/airflow/dags/2_python_dag.py for tasks to queue
[2024-07-25T18:05:39.060+0000] {logging_mixin.py:188} INFO - [2024-07-25T18:05:39.060+0000] {dagbag.py:545} INFO - Filling up the DagBag from /opt/airflow/dags/2_python_dag.py
[2024-07-25T18:05:39.069+0000] {processor.py:840} INFO - DAG(s) 'python_dag' retrieved from /opt/airflow/dags/2_python_dag.py
[2024-07-25T18:05:39.080+0000] {logging_mixin.py:188} INFO - [2024-07-25T18:05:39.080+0000] {dag.py:3089} INFO - Sync 1 DAGs
[2024-07-25T18:05:39.088+0000] {logging_mixin.py:188} INFO - [2024-07-25T18:05:39.088+0000] {dag.py:3947} INFO - Setting next_dagrun for python_dag to 2024-07-24 00:00:00+00:00, run_after=2024-07-25 00:00:00+00:00
[2024-07-25T18:05:39.096+0000] {processor.py:183} INFO - Processing /opt/airflow/dags/2_python_dag.py took 0.039 seconds
[2024-07-25T18:06:09.629+0000] {processor.py:161} INFO - Started process (PID=1748) to work on /opt/airflow/dags/2_python_dag.py
[2024-07-25T18:06:09.630+0000] {processor.py:830} INFO - Processing file /opt/airflow/dags/2_python_dag.py for tasks to queue
[2024-07-25T18:06:09.631+0000] {logging_mixin.py:188} INFO - [2024-07-25T18:06:09.631+0000] {dagbag.py:545} INFO - Filling up the DagBag from /opt/airflow/dags/2_python_dag.py
[2024-07-25T18:06:09.639+0000] {processor.py:840} INFO - DAG(s) 'python_dag' retrieved from /opt/airflow/dags/2_python_dag.py
[2024-07-25T18:06:09.654+0000] {logging_mixin.py:188} INFO - [2024-07-25T18:06:09.654+0000] {dag.py:3089} INFO - Sync 1 DAGs
[2024-07-25T18:06:09.665+0000] {logging_mixin.py:188} INFO - [2024-07-25T18:06:09.665+0000] {dag.py:3947} INFO - Setting next_dagrun for python_dag to 2024-07-24 00:00:00+00:00, run_after=2024-07-25 00:00:00+00:00
[2024-07-25T18:06:09.675+0000] {processor.py:183} INFO - Processing /opt/airflow/dags/2_python_dag.py took 0.049 seconds
[2024-07-25T18:06:40.338+0000] {processor.py:161} INFO - Started process (PID=1760) to work on /opt/airflow/dags/2_python_dag.py
[2024-07-25T18:06:40.339+0000] {processor.py:830} INFO - Processing file /opt/airflow/dags/2_python_dag.py for tasks to queue
[2024-07-25T18:06:40.340+0000] {logging_mixin.py:188} INFO - [2024-07-25T18:06:40.340+0000] {dagbag.py:545} INFO - Filling up the DagBag from /opt/airflow/dags/2_python_dag.py
[2024-07-25T18:06:40.349+0000] {processor.py:840} INFO - DAG(s) 'python_dag' retrieved from /opt/airflow/dags/2_python_dag.py
[2024-07-25T18:06:40.369+0000] {logging_mixin.py:188} INFO - [2024-07-25T18:06:40.369+0000] {dag.py:3089} INFO - Sync 1 DAGs
[2024-07-25T18:06:40.377+0000] {logging_mixin.py:188} INFO - [2024-07-25T18:06:40.377+0000] {dag.py:3947} INFO - Setting next_dagrun for python_dag to 2024-07-24 00:00:00+00:00, run_after=2024-07-25 00:00:00+00:00
[2024-07-25T18:06:40.385+0000] {processor.py:183} INFO - Processing /opt/airflow/dags/2_python_dag.py took 0.049 seconds
[2024-07-25T18:07:10.943+0000] {processor.py:161} INFO - Started process (PID=1772) to work on /opt/airflow/dags/2_python_dag.py
[2024-07-25T18:07:10.943+0000] {processor.py:830} INFO - Processing file /opt/airflow/dags/2_python_dag.py for tasks to queue
[2024-07-25T18:07:10.944+0000] {logging_mixin.py:188} INFO - [2024-07-25T18:07:10.944+0000] {dagbag.py:545} INFO - Filling up the DagBag from /opt/airflow/dags/2_python_dag.py
[2024-07-25T18:07:10.952+0000] {processor.py:840} INFO - DAG(s) 'python_dag' retrieved from /opt/airflow/dags/2_python_dag.py
[2024-07-25T18:07:10.969+0000] {logging_mixin.py:188} INFO - [2024-07-25T18:07:10.969+0000] {dag.py:3089} INFO - Sync 1 DAGs
[2024-07-25T18:07:10.977+0000] {logging_mixin.py:188} INFO - [2024-07-25T18:07:10.977+0000] {dag.py:3947} INFO - Setting next_dagrun for python_dag to 2024-07-24 00:00:00+00:00, run_after=2024-07-25 00:00:00+00:00
[2024-07-25T18:07:10.985+0000] {processor.py:183} INFO - Processing /opt/airflow/dags/2_python_dag.py took 0.044 seconds
[2024-07-25T18:07:41.500+0000] {processor.py:161} INFO - Started process (PID=1784) to work on /opt/airflow/dags/2_python_dag.py
[2024-07-25T18:07:41.501+0000] {processor.py:830} INFO - Processing file /opt/airflow/dags/2_python_dag.py for tasks to queue
[2024-07-25T18:07:41.502+0000] {logging_mixin.py:188} INFO - [2024-07-25T18:07:41.502+0000] {dagbag.py:545} INFO - Filling up the DagBag from /opt/airflow/dags/2_python_dag.py
[2024-07-25T18:07:41.507+0000] {processor.py:840} INFO - DAG(s) 'python_dag' retrieved from /opt/airflow/dags/2_python_dag.py
[2024-07-25T18:07:41.522+0000] {logging_mixin.py:188} INFO - [2024-07-25T18:07:41.522+0000] {dag.py:3089} INFO - Sync 1 DAGs
[2024-07-25T18:07:41.530+0000] {logging_mixin.py:188} INFO - [2024-07-25T18:07:41.530+0000] {dag.py:3947} INFO - Setting next_dagrun for python_dag to 2024-07-24 00:00:00+00:00, run_after=2024-07-25 00:00:00+00:00
[2024-07-25T18:07:41.540+0000] {processor.py:183} INFO - Processing /opt/airflow/dags/2_python_dag.py took 0.042 seconds
[2024-07-25T18:08:12.031+0000] {processor.py:161} INFO - Started process (PID=1796) to work on /opt/airflow/dags/2_python_dag.py
[2024-07-25T18:08:12.032+0000] {processor.py:830} INFO - Processing file /opt/airflow/dags/2_python_dag.py for tasks to queue
[2024-07-25T18:08:12.032+0000] {logging_mixin.py:188} INFO - [2024-07-25T18:08:12.032+0000] {dagbag.py:545} INFO - Filling up the DagBag from /opt/airflow/dags/2_python_dag.py
[2024-07-25T18:08:12.041+0000] {processor.py:840} INFO - DAG(s) 'python_dag' retrieved from /opt/airflow/dags/2_python_dag.py
[2024-07-25T18:08:12.054+0000] {logging_mixin.py:188} INFO - [2024-07-25T18:08:12.054+0000] {dag.py:3089} INFO - Sync 1 DAGs
[2024-07-25T18:08:12.062+0000] {logging_mixin.py:188} INFO - [2024-07-25T18:08:12.062+0000] {dag.py:3947} INFO - Setting next_dagrun for python_dag to 2024-07-24 00:00:00+00:00, run_after=2024-07-25 00:00:00+00:00
[2024-07-25T18:08:12.073+0000] {processor.py:183} INFO - Processing /opt/airflow/dags/2_python_dag.py took 0.044 seconds
[2024-07-25T18:08:42.520+0000] {processor.py:161} INFO - Started process (PID=1814) to work on /opt/airflow/dags/2_python_dag.py
[2024-07-25T18:08:42.521+0000] {processor.py:830} INFO - Processing file /opt/airflow/dags/2_python_dag.py for tasks to queue
[2024-07-25T18:08:42.521+0000] {logging_mixin.py:188} INFO - [2024-07-25T18:08:42.521+0000] {dagbag.py:545} INFO - Filling up the DagBag from /opt/airflow/dags/2_python_dag.py
[2024-07-25T18:08:42.526+0000] {processor.py:840} INFO - DAG(s) 'python_dag' retrieved from /opt/airflow/dags/2_python_dag.py
[2024-07-25T18:08:42.539+0000] {logging_mixin.py:188} INFO - [2024-07-25T18:08:42.539+0000] {dag.py:3089} INFO - Sync 1 DAGs
[2024-07-25T18:08:42.547+0000] {logging_mixin.py:188} INFO - [2024-07-25T18:08:42.547+0000] {dag.py:3947} INFO - Setting next_dagrun for python_dag to 2024-07-24 00:00:00+00:00, run_after=2024-07-25 00:00:00+00:00
[2024-07-25T18:08:42.555+0000] {processor.py:183} INFO - Processing /opt/airflow/dags/2_python_dag.py took 0.037 seconds
[2024-07-25T18:09:13.029+0000] {processor.py:161} INFO - Started process (PID=1826) to work on /opt/airflow/dags/2_python_dag.py
[2024-07-25T18:09:13.030+0000] {processor.py:830} INFO - Processing file /opt/airflow/dags/2_python_dag.py for tasks to queue
[2024-07-25T18:09:13.031+0000] {logging_mixin.py:188} INFO - [2024-07-25T18:09:13.030+0000] {dagbag.py:545} INFO - Filling up the DagBag from /opt/airflow/dags/2_python_dag.py
[2024-07-25T18:09:13.068+0000] {processor.py:840} INFO - DAG(s) 'python_dag' retrieved from /opt/airflow/dags/2_python_dag.py
[2024-07-25T18:09:13.084+0000] {logging_mixin.py:188} INFO - [2024-07-25T18:09:13.083+0000] {dag.py:3089} INFO - Sync 1 DAGs
[2024-07-25T18:09:13.092+0000] {logging_mixin.py:188} INFO - [2024-07-25T18:09:13.092+0000] {dag.py:3947} INFO - Setting next_dagrun for python_dag to 2024-07-24 00:00:00+00:00, run_after=2024-07-25 00:00:00+00:00
[2024-07-25T18:09:13.100+0000] {processor.py:183} INFO - Processing /opt/airflow/dags/2_python_dag.py took 0.072 seconds
[2024-07-25T18:09:43.592+0000] {processor.py:161} INFO - Started process (PID=1838) to work on /opt/airflow/dags/2_python_dag.py
[2024-07-25T18:09:43.593+0000] {processor.py:830} INFO - Processing file /opt/airflow/dags/2_python_dag.py for tasks to queue
[2024-07-25T18:09:43.594+0000] {logging_mixin.py:188} INFO - [2024-07-25T18:09:43.594+0000] {dagbag.py:545} INFO - Filling up the DagBag from /opt/airflow/dags/2_python_dag.py
[2024-07-25T18:09:43.604+0000] {processor.py:840} INFO - DAG(s) 'python_dag' retrieved from /opt/airflow/dags/2_python_dag.py
[2024-07-25T18:09:43.625+0000] {logging_mixin.py:188} INFO - [2024-07-25T18:09:43.625+0000] {dag.py:3089} INFO - Sync 1 DAGs
[2024-07-25T18:09:43.635+0000] {logging_mixin.py:188} INFO - [2024-07-25T18:09:43.635+0000] {dag.py:3947} INFO - Setting next_dagrun for python_dag to 2024-07-24 00:00:00+00:00, run_after=2024-07-25 00:00:00+00:00
[2024-07-25T18:09:43.643+0000] {processor.py:183} INFO - Processing /opt/airflow/dags/2_python_dag.py took 0.054 seconds
[2024-07-25T18:10:14.189+0000] {processor.py:161} INFO - Started process (PID=1850) to work on /opt/airflow/dags/2_python_dag.py
[2024-07-25T18:10:14.190+0000] {processor.py:830} INFO - Processing file /opt/airflow/dags/2_python_dag.py for tasks to queue
[2024-07-25T18:10:14.190+0000] {logging_mixin.py:188} INFO - [2024-07-25T18:10:14.190+0000] {dagbag.py:545} INFO - Filling up the DagBag from /opt/airflow/dags/2_python_dag.py
[2024-07-25T18:10:14.200+0000] {processor.py:840} INFO - DAG(s) 'python_dag' retrieved from /opt/airflow/dags/2_python_dag.py
[2024-07-25T18:10:14.216+0000] {logging_mixin.py:188} INFO - [2024-07-25T18:10:14.216+0000] {dag.py:3089} INFO - Sync 1 DAGs
[2024-07-25T18:10:14.228+0000] {logging_mixin.py:188} INFO - [2024-07-25T18:10:14.228+0000] {dag.py:3947} INFO - Setting next_dagrun for python_dag to 2024-07-24 00:00:00+00:00, run_after=2024-07-25 00:00:00+00:00
[2024-07-25T18:10:14.239+0000] {processor.py:183} INFO - Processing /opt/airflow/dags/2_python_dag.py took 0.052 seconds
[2024-07-25T18:10:44.768+0000] {processor.py:161} INFO - Started process (PID=1862) to work on /opt/airflow/dags/2_python_dag.py
[2024-07-25T18:10:44.769+0000] {processor.py:830} INFO - Processing file /opt/airflow/dags/2_python_dag.py for tasks to queue
[2024-07-25T18:10:44.769+0000] {logging_mixin.py:188} INFO - [2024-07-25T18:10:44.769+0000] {dagbag.py:545} INFO - Filling up the DagBag from /opt/airflow/dags/2_python_dag.py
[2024-07-25T18:10:44.780+0000] {processor.py:840} INFO - DAG(s) 'python_dag' retrieved from /opt/airflow/dags/2_python_dag.py
[2024-07-25T18:10:44.793+0000] {logging_mixin.py:188} INFO - [2024-07-25T18:10:44.793+0000] {dag.py:3089} INFO - Sync 1 DAGs
[2024-07-25T18:10:44.803+0000] {logging_mixin.py:188} INFO - [2024-07-25T18:10:44.803+0000] {dag.py:3947} INFO - Setting next_dagrun for python_dag to 2024-07-24 00:00:00+00:00, run_after=2024-07-25 00:00:00+00:00
[2024-07-25T18:10:44.810+0000] {processor.py:183} INFO - Processing /opt/airflow/dags/2_python_dag.py took 0.044 seconds
[2024-07-25T18:11:15.268+0000] {processor.py:161} INFO - Started process (PID=1874) to work on /opt/airflow/dags/2_python_dag.py
[2024-07-25T18:11:15.269+0000] {processor.py:830} INFO - Processing file /opt/airflow/dags/2_python_dag.py for tasks to queue
[2024-07-25T18:11:15.270+0000] {logging_mixin.py:188} INFO - [2024-07-25T18:11:15.270+0000] {dagbag.py:545} INFO - Filling up the DagBag from /opt/airflow/dags/2_python_dag.py
[2024-07-25T18:11:15.274+0000] {processor.py:840} INFO - DAG(s) 'python_dag' retrieved from /opt/airflow/dags/2_python_dag.py
[2024-07-25T18:11:15.293+0000] {logging_mixin.py:188} INFO - [2024-07-25T18:11:15.293+0000] {dag.py:3089} INFO - Sync 1 DAGs
[2024-07-25T18:11:15.304+0000] {logging_mixin.py:188} INFO - [2024-07-25T18:11:15.304+0000] {dag.py:3947} INFO - Setting next_dagrun for python_dag to 2024-07-24 00:00:00+00:00, run_after=2024-07-25 00:00:00+00:00
[2024-07-25T18:11:15.316+0000] {processor.py:183} INFO - Processing /opt/airflow/dags/2_python_dag.py took 0.050 seconds
[2024-07-25T18:11:45.943+0000] {processor.py:161} INFO - Started process (PID=1886) to work on /opt/airflow/dags/2_python_dag.py
[2024-07-25T18:11:45.944+0000] {processor.py:830} INFO - Processing file /opt/airflow/dags/2_python_dag.py for tasks to queue
[2024-07-25T18:11:45.944+0000] {logging_mixin.py:188} INFO - [2024-07-25T18:11:45.944+0000] {dagbag.py:545} INFO - Filling up the DagBag from /opt/airflow/dags/2_python_dag.py
[2024-07-25T18:11:45.951+0000] {processor.py:840} INFO - DAG(s) 'python_dag' retrieved from /opt/airflow/dags/2_python_dag.py
[2024-07-25T18:11:45.975+0000] {logging_mixin.py:188} INFO - [2024-07-25T18:11:45.975+0000] {dag.py:3089} INFO - Sync 1 DAGs
[2024-07-25T18:11:45.985+0000] {logging_mixin.py:188} INFO - [2024-07-25T18:11:45.985+0000] {dag.py:3947} INFO - Setting next_dagrun for python_dag to 2024-07-24 00:00:00+00:00, run_after=2024-07-25 00:00:00+00:00
[2024-07-25T18:11:45.995+0000] {processor.py:183} INFO - Processing /opt/airflow/dags/2_python_dag.py took 0.054 seconds
[2024-07-25T18:12:16.425+0000] {processor.py:161} INFO - Started process (PID=1898) to work on /opt/airflow/dags/2_python_dag.py
[2024-07-25T18:12:16.426+0000] {processor.py:830} INFO - Processing file /opt/airflow/dags/2_python_dag.py for tasks to queue
[2024-07-25T18:12:16.426+0000] {logging_mixin.py:188} INFO - [2024-07-25T18:12:16.426+0000] {dagbag.py:545} INFO - Filling up the DagBag from /opt/airflow/dags/2_python_dag.py
[2024-07-25T18:12:16.432+0000] {processor.py:840} INFO - DAG(s) 'python_dag' retrieved from /opt/airflow/dags/2_python_dag.py
[2024-07-25T18:12:16.445+0000] {logging_mixin.py:188} INFO - [2024-07-25T18:12:16.445+0000] {dag.py:3089} INFO - Sync 1 DAGs
[2024-07-25T18:12:16.456+0000] {logging_mixin.py:188} INFO - [2024-07-25T18:12:16.456+0000] {dag.py:3947} INFO - Setting next_dagrun for python_dag to 2024-07-24 00:00:00+00:00, run_after=2024-07-25 00:00:00+00:00
[2024-07-25T18:12:16.465+0000] {processor.py:183} INFO - Processing /opt/airflow/dags/2_python_dag.py took 0.042 seconds
[2024-07-25T18:12:47.012+0000] {processor.py:161} INFO - Started process (PID=1910) to work on /opt/airflow/dags/2_python_dag.py
[2024-07-25T18:12:47.013+0000] {processor.py:830} INFO - Processing file /opt/airflow/dags/2_python_dag.py for tasks to queue
[2024-07-25T18:12:47.014+0000] {logging_mixin.py:188} INFO - [2024-07-25T18:12:47.013+0000] {dagbag.py:545} INFO - Filling up the DagBag from /opt/airflow/dags/2_python_dag.py
[2024-07-25T18:12:47.021+0000] {processor.py:840} INFO - DAG(s) 'python_dag' retrieved from /opt/airflow/dags/2_python_dag.py
[2024-07-25T18:12:47.041+0000] {logging_mixin.py:188} INFO - [2024-07-25T18:12:47.041+0000] {dag.py:3089} INFO - Sync 1 DAGs
[2024-07-25T18:12:47.054+0000] {logging_mixin.py:188} INFO - [2024-07-25T18:12:47.054+0000] {dag.py:3947} INFO - Setting next_dagrun for python_dag to 2024-07-24 00:00:00+00:00, run_after=2024-07-25 00:00:00+00:00
[2024-07-25T18:12:47.063+0000] {processor.py:183} INFO - Processing /opt/airflow/dags/2_python_dag.py took 0.054 seconds
[2024-07-25T18:13:17.661+0000] {processor.py:161} INFO - Started process (PID=1922) to work on /opt/airflow/dags/2_python_dag.py
[2024-07-25T18:13:17.661+0000] {processor.py:830} INFO - Processing file /opt/airflow/dags/2_python_dag.py for tasks to queue
[2024-07-25T18:13:17.662+0000] {logging_mixin.py:188} INFO - [2024-07-25T18:13:17.662+0000] {dagbag.py:545} INFO - Filling up the DagBag from /opt/airflow/dags/2_python_dag.py
[2024-07-25T18:13:17.676+0000] {processor.py:840} INFO - DAG(s) 'python_dag' retrieved from /opt/airflow/dags/2_python_dag.py
[2024-07-25T18:13:17.695+0000] {logging_mixin.py:188} INFO - [2024-07-25T18:13:17.695+0000] {dag.py:3089} INFO - Sync 1 DAGs
[2024-07-25T18:13:17.712+0000] {logging_mixin.py:188} INFO - [2024-07-25T18:13:17.711+0000] {dag.py:3947} INFO - Setting next_dagrun for python_dag to 2024-07-24 00:00:00+00:00, run_after=2024-07-25 00:00:00+00:00
[2024-07-25T18:13:17.739+0000] {processor.py:183} INFO - Processing /opt/airflow/dags/2_python_dag.py took 0.081 seconds
[2024-07-25T18:13:48.315+0000] {processor.py:161} INFO - Started process (PID=1934) to work on /opt/airflow/dags/2_python_dag.py
[2024-07-25T18:13:48.316+0000] {processor.py:830} INFO - Processing file /opt/airflow/dags/2_python_dag.py for tasks to queue
[2024-07-25T18:13:48.317+0000] {logging_mixin.py:188} INFO - [2024-07-25T18:13:48.316+0000] {dagbag.py:545} INFO - Filling up the DagBag from /opt/airflow/dags/2_python_dag.py
[2024-07-25T18:13:48.329+0000] {processor.py:840} INFO - DAG(s) 'python_dag' retrieved from /opt/airflow/dags/2_python_dag.py
[2024-07-25T18:13:48.347+0000] {logging_mixin.py:188} INFO - [2024-07-25T18:13:48.347+0000] {dag.py:3089} INFO - Sync 1 DAGs
[2024-07-25T18:13:48.357+0000] {logging_mixin.py:188} INFO - [2024-07-25T18:13:48.357+0000] {dag.py:3947} INFO - Setting next_dagrun for python_dag to 2024-07-24 00:00:00+00:00, run_after=2024-07-25 00:00:00+00:00
[2024-07-25T18:13:48.366+0000] {processor.py:183} INFO - Processing /opt/airflow/dags/2_python_dag.py took 0.053 seconds
[2024-07-25T18:14:18.974+0000] {processor.py:161} INFO - Started process (PID=1946) to work on /opt/airflow/dags/2_python_dag.py
[2024-07-25T18:14:18.975+0000] {processor.py:830} INFO - Processing file /opt/airflow/dags/2_python_dag.py for tasks to queue
[2024-07-25T18:14:18.975+0000] {logging_mixin.py:188} INFO - [2024-07-25T18:14:18.975+0000] {dagbag.py:545} INFO - Filling up the DagBag from /opt/airflow/dags/2_python_dag.py
[2024-07-25T18:14:18.982+0000] {processor.py:840} INFO - DAG(s) 'python_dag' retrieved from /opt/airflow/dags/2_python_dag.py
[2024-07-25T18:14:18.998+0000] {logging_mixin.py:188} INFO - [2024-07-25T18:14:18.997+0000] {dag.py:3089} INFO - Sync 1 DAGs
[2024-07-25T18:14:19.006+0000] {logging_mixin.py:188} INFO - [2024-07-25T18:14:19.005+0000] {dag.py:3947} INFO - Setting next_dagrun for python_dag to 2024-07-24 00:00:00+00:00, run_after=2024-07-25 00:00:00+00:00
[2024-07-25T18:14:19.011+0000] {processor.py:183} INFO - Processing /opt/airflow/dags/2_python_dag.py took 0.039 seconds
[2024-07-25T18:14:49.439+0000] {processor.py:161} INFO - Started process (PID=1958) to work on /opt/airflow/dags/2_python_dag.py
[2024-07-25T18:14:49.439+0000] {processor.py:830} INFO - Processing file /opt/airflow/dags/2_python_dag.py for tasks to queue
[2024-07-25T18:14:49.440+0000] {logging_mixin.py:188} INFO - [2024-07-25T18:14:49.440+0000] {dagbag.py:545} INFO - Filling up the DagBag from /opt/airflow/dags/2_python_dag.py
[2024-07-25T18:14:49.447+0000] {processor.py:840} INFO - DAG(s) 'python_dag' retrieved from /opt/airflow/dags/2_python_dag.py
[2024-07-25T18:14:49.459+0000] {logging_mixin.py:188} INFO - [2024-07-25T18:14:49.459+0000] {dag.py:3089} INFO - Sync 1 DAGs
[2024-07-25T18:14:49.468+0000] {logging_mixin.py:188} INFO - [2024-07-25T18:14:49.468+0000] {dag.py:3947} INFO - Setting next_dagrun for python_dag to 2024-07-24 00:00:00+00:00, run_after=2024-07-25 00:00:00+00:00
[2024-07-25T18:14:49.477+0000] {processor.py:183} INFO - Processing /opt/airflow/dags/2_python_dag.py took 0.040 seconds
[2024-07-25T18:15:20.017+0000] {processor.py:161} INFO - Started process (PID=1970) to work on /opt/airflow/dags/2_python_dag.py
[2024-07-25T18:15:20.018+0000] {processor.py:830} INFO - Processing file /opt/airflow/dags/2_python_dag.py for tasks to queue
[2024-07-25T18:15:20.019+0000] {logging_mixin.py:188} INFO - [2024-07-25T18:15:20.019+0000] {dagbag.py:545} INFO - Filling up the DagBag from /opt/airflow/dags/2_python_dag.py
[2024-07-25T18:15:20.025+0000] {processor.py:840} INFO - DAG(s) 'python_dag' retrieved from /opt/airflow/dags/2_python_dag.py
[2024-07-25T18:15:20.044+0000] {logging_mixin.py:188} INFO - [2024-07-25T18:15:20.044+0000] {dag.py:3089} INFO - Sync 1 DAGs
[2024-07-25T18:15:20.053+0000] {logging_mixin.py:188} INFO - [2024-07-25T18:15:20.053+0000] {dag.py:3947} INFO - Setting next_dagrun for python_dag to 2024-07-24 00:00:00+00:00, run_after=2024-07-25 00:00:00+00:00
[2024-07-25T18:15:20.065+0000] {processor.py:183} INFO - Processing /opt/airflow/dags/2_python_dag.py took 0.050 seconds
[2024-07-25T18:15:50.676+0000] {processor.py:161} INFO - Started process (PID=1982) to work on /opt/airflow/dags/2_python_dag.py
[2024-07-25T18:15:50.677+0000] {processor.py:830} INFO - Processing file /opt/airflow/dags/2_python_dag.py for tasks to queue
[2024-07-25T18:15:50.678+0000] {logging_mixin.py:188} INFO - [2024-07-25T18:15:50.678+0000] {dagbag.py:545} INFO - Filling up the DagBag from /opt/airflow/dags/2_python_dag.py
[2024-07-25T18:15:50.684+0000] {processor.py:840} INFO - DAG(s) 'python_dag' retrieved from /opt/airflow/dags/2_python_dag.py
[2024-07-25T18:15:50.697+0000] {logging_mixin.py:188} INFO - [2024-07-25T18:15:50.697+0000] {dag.py:3089} INFO - Sync 1 DAGs
[2024-07-25T18:15:50.707+0000] {logging_mixin.py:188} INFO - [2024-07-25T18:15:50.707+0000] {dag.py:3947} INFO - Setting next_dagrun for python_dag to 2024-07-24 00:00:00+00:00, run_after=2024-07-25 00:00:00+00:00
[2024-07-25T18:15:50.729+0000] {processor.py:183} INFO - Processing /opt/airflow/dags/2_python_dag.py took 0.054 seconds
[2024-07-25T18:16:21.601+0000] {processor.py:161} INFO - Started process (PID=1994) to work on /opt/airflow/dags/2_python_dag.py
[2024-07-25T18:16:21.602+0000] {processor.py:830} INFO - Processing file /opt/airflow/dags/2_python_dag.py for tasks to queue
[2024-07-25T18:16:21.603+0000] {logging_mixin.py:188} INFO - [2024-07-25T18:16:21.602+0000] {dagbag.py:545} INFO - Filling up the DagBag from /opt/airflow/dags/2_python_dag.py
[2024-07-25T18:16:21.608+0000] {processor.py:840} INFO - DAG(s) 'python_dag' retrieved from /opt/airflow/dags/2_python_dag.py
[2024-07-25T18:16:21.626+0000] {logging_mixin.py:188} INFO - [2024-07-25T18:16:21.626+0000] {dag.py:3089} INFO - Sync 1 DAGs
[2024-07-25T18:16:21.635+0000] {logging_mixin.py:188} INFO - [2024-07-25T18:16:21.635+0000] {dag.py:3947} INFO - Setting next_dagrun for python_dag to 2024-07-24 00:00:00+00:00, run_after=2024-07-25 00:00:00+00:00
[2024-07-25T18:16:21.647+0000] {processor.py:183} INFO - Processing /opt/airflow/dags/2_python_dag.py took 0.048 seconds
[2024-07-25T18:16:52.180+0000] {processor.py:161} INFO - Started process (PID=2006) to work on /opt/airflow/dags/2_python_dag.py
[2024-07-25T18:16:52.181+0000] {processor.py:830} INFO - Processing file /opt/airflow/dags/2_python_dag.py for tasks to queue
[2024-07-25T18:16:52.181+0000] {logging_mixin.py:188} INFO - [2024-07-25T18:16:52.181+0000] {dagbag.py:545} INFO - Filling up the DagBag from /opt/airflow/dags/2_python_dag.py
[2024-07-25T18:16:52.191+0000] {processor.py:840} INFO - DAG(s) 'python_dag' retrieved from /opt/airflow/dags/2_python_dag.py
[2024-07-25T18:16:52.209+0000] {logging_mixin.py:188} INFO - [2024-07-25T18:16:52.209+0000] {dag.py:3089} INFO - Sync 1 DAGs
[2024-07-25T18:16:52.220+0000] {logging_mixin.py:188} INFO - [2024-07-25T18:16:52.220+0000] {dag.py:3947} INFO - Setting next_dagrun for python_dag to 2024-07-24 00:00:00+00:00, run_after=2024-07-25 00:00:00+00:00
[2024-07-25T18:16:52.230+0000] {processor.py:183} INFO - Processing /opt/airflow/dags/2_python_dag.py took 0.052 seconds
[2024-07-25T18:17:22.860+0000] {processor.py:161} INFO - Started process (PID=2018) to work on /opt/airflow/dags/2_python_dag.py
[2024-07-25T18:17:22.861+0000] {processor.py:830} INFO - Processing file /opt/airflow/dags/2_python_dag.py for tasks to queue
[2024-07-25T18:17:22.861+0000] {logging_mixin.py:188} INFO - [2024-07-25T18:17:22.861+0000] {dagbag.py:545} INFO - Filling up the DagBag from /opt/airflow/dags/2_python_dag.py
[2024-07-25T18:17:22.871+0000] {processor.py:840} INFO - DAG(s) 'python_dag' retrieved from /opt/airflow/dags/2_python_dag.py
[2024-07-25T18:17:22.891+0000] {logging_mixin.py:188} INFO - [2024-07-25T18:17:22.891+0000] {dag.py:3089} INFO - Sync 1 DAGs
[2024-07-25T18:17:22.900+0000] {logging_mixin.py:188} INFO - [2024-07-25T18:17:22.900+0000] {dag.py:3947} INFO - Setting next_dagrun for python_dag to 2024-07-24 00:00:00+00:00, run_after=2024-07-25 00:00:00+00:00
[2024-07-25T18:17:22.910+0000] {processor.py:183} INFO - Processing /opt/airflow/dags/2_python_dag.py took 0.052 seconds
[2024-07-25T18:17:53.309+0000] {processor.py:161} INFO - Started process (PID=2030) to work on /opt/airflow/dags/2_python_dag.py
[2024-07-25T18:17:53.310+0000] {processor.py:830} INFO - Processing file /opt/airflow/dags/2_python_dag.py for tasks to queue
[2024-07-25T18:17:53.310+0000] {logging_mixin.py:188} INFO - [2024-07-25T18:17:53.310+0000] {dagbag.py:545} INFO - Filling up the DagBag from /opt/airflow/dags/2_python_dag.py
[2024-07-25T18:17:53.319+0000] {processor.py:840} INFO - DAG(s) 'python_dag' retrieved from /opt/airflow/dags/2_python_dag.py
[2024-07-25T18:17:53.331+0000] {logging_mixin.py:188} INFO - [2024-07-25T18:17:53.331+0000] {dag.py:3089} INFO - Sync 1 DAGs
[2024-07-25T18:17:53.340+0000] {logging_mixin.py:188} INFO - [2024-07-25T18:17:53.340+0000] {dag.py:3947} INFO - Setting next_dagrun for python_dag to 2024-07-24 00:00:00+00:00, run_after=2024-07-25 00:00:00+00:00
[2024-07-25T18:17:53.349+0000] {processor.py:183} INFO - Processing /opt/airflow/dags/2_python_dag.py took 0.041 seconds
[2024-07-25T18:18:23.793+0000] {processor.py:161} INFO - Started process (PID=2042) to work on /opt/airflow/dags/2_python_dag.py
[2024-07-25T18:18:23.794+0000] {processor.py:830} INFO - Processing file /opt/airflow/dags/2_python_dag.py for tasks to queue
[2024-07-25T18:18:23.794+0000] {logging_mixin.py:188} INFO - [2024-07-25T18:18:23.794+0000] {dagbag.py:545} INFO - Filling up the DagBag from /opt/airflow/dags/2_python_dag.py
[2024-07-25T18:18:23.803+0000] {processor.py:840} INFO - DAG(s) 'python_dag' retrieved from /opt/airflow/dags/2_python_dag.py
[2024-07-25T18:18:23.815+0000] {logging_mixin.py:188} INFO - [2024-07-25T18:18:23.815+0000] {dag.py:3089} INFO - Sync 1 DAGs
[2024-07-25T18:18:23.824+0000] {logging_mixin.py:188} INFO - [2024-07-25T18:18:23.824+0000] {dag.py:3947} INFO - Setting next_dagrun for python_dag to 2024-07-24 00:00:00+00:00, run_after=2024-07-25 00:00:00+00:00
[2024-07-25T18:18:23.832+0000] {processor.py:183} INFO - Processing /opt/airflow/dags/2_python_dag.py took 0.041 seconds
[2024-07-25T18:18:54.451+0000] {processor.py:161} INFO - Started process (PID=2054) to work on /opt/airflow/dags/2_python_dag.py
[2024-07-25T18:18:54.452+0000] {processor.py:830} INFO - Processing file /opt/airflow/dags/2_python_dag.py for tasks to queue
[2024-07-25T18:18:54.453+0000] {logging_mixin.py:188} INFO - [2024-07-25T18:18:54.453+0000] {dagbag.py:545} INFO - Filling up the DagBag from /opt/airflow/dags/2_python_dag.py
[2024-07-25T18:18:54.463+0000] {processor.py:840} INFO - DAG(s) 'python_dag' retrieved from /opt/airflow/dags/2_python_dag.py
[2024-07-25T18:18:54.482+0000] {logging_mixin.py:188} INFO - [2024-07-25T18:18:54.482+0000] {dag.py:3089} INFO - Sync 1 DAGs
[2024-07-25T18:18:54.494+0000] {logging_mixin.py:188} INFO - [2024-07-25T18:18:54.494+0000] {dag.py:3947} INFO - Setting next_dagrun for python_dag to 2024-07-24 00:00:00+00:00, run_after=2024-07-25 00:00:00+00:00
[2024-07-25T18:18:54.506+0000] {processor.py:183} INFO - Processing /opt/airflow/dags/2_python_dag.py took 0.058 seconds
[2024-07-25T18:19:25.102+0000] {processor.py:161} INFO - Started process (PID=2066) to work on /opt/airflow/dags/2_python_dag.py
[2024-07-25T18:19:25.102+0000] {processor.py:830} INFO - Processing file /opt/airflow/dags/2_python_dag.py for tasks to queue
[2024-07-25T18:19:25.103+0000] {logging_mixin.py:188} INFO - [2024-07-25T18:19:25.103+0000] {dagbag.py:545} INFO - Filling up the DagBag from /opt/airflow/dags/2_python_dag.py
[2024-07-25T18:19:25.111+0000] {processor.py:840} INFO - DAG(s) 'python_dag' retrieved from /opt/airflow/dags/2_python_dag.py
[2024-07-25T18:19:25.132+0000] {logging_mixin.py:188} INFO - [2024-07-25T18:19:25.132+0000] {dag.py:3089} INFO - Sync 1 DAGs
[2024-07-25T18:19:25.143+0000] {logging_mixin.py:188} INFO - [2024-07-25T18:19:25.143+0000] {dag.py:3947} INFO - Setting next_dagrun for python_dag to 2024-07-24 00:00:00+00:00, run_after=2024-07-25 00:00:00+00:00
[2024-07-25T18:19:25.148+0000] {processor.py:183} INFO - Processing /opt/airflow/dags/2_python_dag.py took 0.049 seconds
[2024-07-25T18:19:55.717+0000] {processor.py:161} INFO - Started process (PID=2078) to work on /opt/airflow/dags/2_python_dag.py
[2024-07-25T18:19:55.718+0000] {processor.py:830} INFO - Processing file /opt/airflow/dags/2_python_dag.py for tasks to queue
[2024-07-25T18:19:55.719+0000] {logging_mixin.py:188} INFO - [2024-07-25T18:19:55.719+0000] {dagbag.py:545} INFO - Filling up the DagBag from /opt/airflow/dags/2_python_dag.py
[2024-07-25T18:19:55.725+0000] {processor.py:840} INFO - DAG(s) 'python_dag' retrieved from /opt/airflow/dags/2_python_dag.py
[2024-07-25T18:19:55.741+0000] {logging_mixin.py:188} INFO - [2024-07-25T18:19:55.741+0000] {dag.py:3089} INFO - Sync 1 DAGs
[2024-07-25T18:19:55.750+0000] {logging_mixin.py:188} INFO - [2024-07-25T18:19:55.750+0000] {dag.py:3947} INFO - Setting next_dagrun for python_dag to 2024-07-24 00:00:00+00:00, run_after=2024-07-25 00:00:00+00:00
[2024-07-25T18:19:55.761+0000] {processor.py:183} INFO - Processing /opt/airflow/dags/2_python_dag.py took 0.046 seconds
[2024-07-25T18:20:26.290+0000] {processor.py:161} INFO - Started process (PID=2090) to work on /opt/airflow/dags/2_python_dag.py
[2024-07-25T18:20:26.290+0000] {processor.py:830} INFO - Processing file /opt/airflow/dags/2_python_dag.py for tasks to queue
[2024-07-25T18:20:26.291+0000] {logging_mixin.py:188} INFO - [2024-07-25T18:20:26.291+0000] {dagbag.py:545} INFO - Filling up the DagBag from /opt/airflow/dags/2_python_dag.py
[2024-07-25T18:20:26.300+0000] {processor.py:840} INFO - DAG(s) 'python_dag' retrieved from /opt/airflow/dags/2_python_dag.py
[2024-07-25T18:20:26.312+0000] {logging_mixin.py:188} INFO - [2024-07-25T18:20:26.312+0000] {dag.py:3089} INFO - Sync 1 DAGs
[2024-07-25T18:20:26.321+0000] {logging_mixin.py:188} INFO - [2024-07-25T18:20:26.321+0000] {dag.py:3947} INFO - Setting next_dagrun for python_dag to 2024-07-24 00:00:00+00:00, run_after=2024-07-25 00:00:00+00:00
[2024-07-25T18:20:26.328+0000] {processor.py:183} INFO - Processing /opt/airflow/dags/2_python_dag.py took 0.040 seconds
[2024-07-25T18:20:56.896+0000] {processor.py:161} INFO - Started process (PID=2102) to work on /opt/airflow/dags/2_python_dag.py
[2024-07-25T18:20:56.896+0000] {processor.py:830} INFO - Processing file /opt/airflow/dags/2_python_dag.py for tasks to queue
[2024-07-25T18:20:56.897+0000] {logging_mixin.py:188} INFO - [2024-07-25T18:20:56.897+0000] {dagbag.py:545} INFO - Filling up the DagBag from /opt/airflow/dags/2_python_dag.py
[2024-07-25T18:20:56.904+0000] {processor.py:840} INFO - DAG(s) 'python_dag' retrieved from /opt/airflow/dags/2_python_dag.py
[2024-07-25T18:20:56.920+0000] {logging_mixin.py:188} INFO - [2024-07-25T18:20:56.920+0000] {dag.py:3089} INFO - Sync 1 DAGs
[2024-07-25T18:20:56.930+0000] {logging_mixin.py:188} INFO - [2024-07-25T18:20:56.930+0000] {dag.py:3947} INFO - Setting next_dagrun for python_dag to 2024-07-24 00:00:00+00:00, run_after=2024-07-25 00:00:00+00:00
[2024-07-25T18:20:56.941+0000] {processor.py:183} INFO - Processing /opt/airflow/dags/2_python_dag.py took 0.048 seconds
[2024-07-25T18:21:27.596+0000] {processor.py:161} INFO - Started process (PID=2114) to work on /opt/airflow/dags/2_python_dag.py
[2024-07-25T18:21:27.597+0000] {processor.py:830} INFO - Processing file /opt/airflow/dags/2_python_dag.py for tasks to queue
[2024-07-25T18:21:27.597+0000] {logging_mixin.py:188} INFO - [2024-07-25T18:21:27.597+0000] {dagbag.py:545} INFO - Filling up the DagBag from /opt/airflow/dags/2_python_dag.py
[2024-07-25T18:21:27.607+0000] {processor.py:840} INFO - DAG(s) 'python_dag' retrieved from /opt/airflow/dags/2_python_dag.py
[2024-07-25T18:21:27.623+0000] {logging_mixin.py:188} INFO - [2024-07-25T18:21:27.623+0000] {dag.py:3089} INFO - Sync 1 DAGs
[2024-07-25T18:21:27.632+0000] {logging_mixin.py:188} INFO - [2024-07-25T18:21:27.632+0000] {dag.py:3947} INFO - Setting next_dagrun for python_dag to 2024-07-24 00:00:00+00:00, run_after=2024-07-25 00:00:00+00:00
[2024-07-25T18:21:27.641+0000] {processor.py:183} INFO - Processing /opt/airflow/dags/2_python_dag.py took 0.047 seconds
[2024-07-25T18:21:58.046+0000] {processor.py:161} INFO - Started process (PID=2126) to work on /opt/airflow/dags/2_python_dag.py
[2024-07-25T18:21:58.046+0000] {processor.py:830} INFO - Processing file /opt/airflow/dags/2_python_dag.py for tasks to queue
[2024-07-25T18:21:58.047+0000] {logging_mixin.py:188} INFO - [2024-07-25T18:21:58.047+0000] {dagbag.py:545} INFO - Filling up the DagBag from /opt/airflow/dags/2_python_dag.py
[2024-07-25T18:21:58.058+0000] {processor.py:840} INFO - DAG(s) 'python_dag' retrieved from /opt/airflow/dags/2_python_dag.py
[2024-07-25T18:21:58.068+0000] {logging_mixin.py:188} INFO - [2024-07-25T18:21:58.068+0000] {dag.py:3089} INFO - Sync 1 DAGs
[2024-07-25T18:21:58.078+0000] {logging_mixin.py:188} INFO - [2024-07-25T18:21:58.078+0000] {dag.py:3947} INFO - Setting next_dagrun for python_dag to 2024-07-24 00:00:00+00:00, run_after=2024-07-25 00:00:00+00:00
[2024-07-25T18:21:58.086+0000] {processor.py:183} INFO - Processing /opt/airflow/dags/2_python_dag.py took 0.042 seconds
[2024-07-25T18:22:28.502+0000] {processor.py:161} INFO - Started process (PID=2138) to work on /opt/airflow/dags/2_python_dag.py
[2024-07-25T18:22:28.503+0000] {processor.py:830} INFO - Processing file /opt/airflow/dags/2_python_dag.py for tasks to queue
[2024-07-25T18:22:28.503+0000] {logging_mixin.py:188} INFO - [2024-07-25T18:22:28.503+0000] {dagbag.py:545} INFO - Filling up the DagBag from /opt/airflow/dags/2_python_dag.py
[2024-07-25T18:22:28.513+0000] {processor.py:840} INFO - DAG(s) 'python_dag' retrieved from /opt/airflow/dags/2_python_dag.py
[2024-07-25T18:22:28.526+0000] {logging_mixin.py:188} INFO - [2024-07-25T18:22:28.526+0000] {dag.py:3089} INFO - Sync 1 DAGs
[2024-07-25T18:22:28.534+0000] {logging_mixin.py:188} INFO - [2024-07-25T18:22:28.534+0000] {dag.py:3947} INFO - Setting next_dagrun for python_dag to 2024-07-24 00:00:00+00:00, run_after=2024-07-25 00:00:00+00:00
[2024-07-25T18:22:28.542+0000] {processor.py:183} INFO - Processing /opt/airflow/dags/2_python_dag.py took 0.043 seconds
[2024-07-25T18:22:59.025+0000] {processor.py:161} INFO - Started process (PID=2150) to work on /opt/airflow/dags/2_python_dag.py
[2024-07-25T18:22:59.025+0000] {processor.py:830} INFO - Processing file /opt/airflow/dags/2_python_dag.py for tasks to queue
[2024-07-25T18:22:59.026+0000] {logging_mixin.py:188} INFO - [2024-07-25T18:22:59.026+0000] {dagbag.py:545} INFO - Filling up the DagBag from /opt/airflow/dags/2_python_dag.py
[2024-07-25T18:22:59.032+0000] {processor.py:840} INFO - DAG(s) 'python_dag' retrieved from /opt/airflow/dags/2_python_dag.py
[2024-07-25T18:22:59.052+0000] {logging_mixin.py:188} INFO - [2024-07-25T18:22:59.052+0000] {dag.py:3089} INFO - Sync 1 DAGs
[2024-07-25T18:22:59.064+0000] {logging_mixin.py:188} INFO - [2024-07-25T18:22:59.064+0000] {dag.py:3947} INFO - Setting next_dagrun for python_dag to 2024-07-24 00:00:00+00:00, run_after=2024-07-25 00:00:00+00:00
[2024-07-25T18:22:59.073+0000] {processor.py:183} INFO - Processing /opt/airflow/dags/2_python_dag.py took 0.051 seconds
[2024-07-25T18:23:29.626+0000] {processor.py:161} INFO - Started process (PID=2162) to work on /opt/airflow/dags/2_python_dag.py
[2024-07-25T18:23:29.628+0000] {processor.py:830} INFO - Processing file /opt/airflow/dags/2_python_dag.py for tasks to queue
[2024-07-25T18:23:29.628+0000] {logging_mixin.py:188} INFO - [2024-07-25T18:23:29.628+0000] {dagbag.py:545} INFO - Filling up the DagBag from /opt/airflow/dags/2_python_dag.py
[2024-07-25T18:23:29.632+0000] {processor.py:840} INFO - DAG(s) 'python_dag' retrieved from /opt/airflow/dags/2_python_dag.py
[2024-07-25T18:23:29.646+0000] {logging_mixin.py:188} INFO - [2024-07-25T18:23:29.646+0000] {dag.py:3089} INFO - Sync 1 DAGs
[2024-07-25T18:23:29.658+0000] {logging_mixin.py:188} INFO - [2024-07-25T18:23:29.658+0000] {dag.py:3947} INFO - Setting next_dagrun for python_dag to 2024-07-24 00:00:00+00:00, run_after=2024-07-25 00:00:00+00:00
[2024-07-25T18:23:29.666+0000] {processor.py:183} INFO - Processing /opt/airflow/dags/2_python_dag.py took 0.043 seconds
[2024-07-25T18:24:00.151+0000] {processor.py:161} INFO - Started process (PID=2174) to work on /opt/airflow/dags/2_python_dag.py
[2024-07-25T18:24:00.152+0000] {processor.py:830} INFO - Processing file /opt/airflow/dags/2_python_dag.py for tasks to queue
[2024-07-25T18:24:00.152+0000] {logging_mixin.py:188} INFO - [2024-07-25T18:24:00.152+0000] {dagbag.py:545} INFO - Filling up the DagBag from /opt/airflow/dags/2_python_dag.py
[2024-07-25T18:24:00.161+0000] {processor.py:840} INFO - DAG(s) 'python_dag' retrieved from /opt/airflow/dags/2_python_dag.py
[2024-07-25T18:24:00.175+0000] {logging_mixin.py:188} INFO - [2024-07-25T18:24:00.175+0000] {dag.py:3089} INFO - Sync 1 DAGs
[2024-07-25T18:24:00.184+0000] {logging_mixin.py:188} INFO - [2024-07-25T18:24:00.184+0000] {dag.py:3947} INFO - Setting next_dagrun for python_dag to 2024-07-24 00:00:00+00:00, run_after=2024-07-25 00:00:00+00:00
[2024-07-25T18:24:00.194+0000] {processor.py:183} INFO - Processing /opt/airflow/dags/2_python_dag.py took 0.045 seconds
[2024-07-25T18:24:30.686+0000] {processor.py:161} INFO - Started process (PID=2186) to work on /opt/airflow/dags/2_python_dag.py
[2024-07-25T18:24:30.687+0000] {processor.py:830} INFO - Processing file /opt/airflow/dags/2_python_dag.py for tasks to queue
[2024-07-25T18:24:30.688+0000] {logging_mixin.py:188} INFO - [2024-07-25T18:24:30.688+0000] {dagbag.py:545} INFO - Filling up the DagBag from /opt/airflow/dags/2_python_dag.py
[2024-07-25T18:24:30.693+0000] {processor.py:840} INFO - DAG(s) 'python_dag' retrieved from /opt/airflow/dags/2_python_dag.py
[2024-07-25T18:24:30.708+0000] {logging_mixin.py:188} INFO - [2024-07-25T18:24:30.708+0000] {dag.py:3089} INFO - Sync 1 DAGs
[2024-07-25T18:24:30.718+0000] {logging_mixin.py:188} INFO - [2024-07-25T18:24:30.718+0000] {dag.py:3947} INFO - Setting next_dagrun for python_dag to 2024-07-24 00:00:00+00:00, run_after=2024-07-25 00:00:00+00:00
[2024-07-25T18:24:30.728+0000] {processor.py:183} INFO - Processing /opt/airflow/dags/2_python_dag.py took 0.043 seconds
[2024-07-25T18:25:01.170+0000] {processor.py:161} INFO - Started process (PID=2198) to work on /opt/airflow/dags/2_python_dag.py
[2024-07-25T18:25:01.170+0000] {processor.py:830} INFO - Processing file /opt/airflow/dags/2_python_dag.py for tasks to queue
[2024-07-25T18:25:01.171+0000] {logging_mixin.py:188} INFO - [2024-07-25T18:25:01.171+0000] {dagbag.py:545} INFO - Filling up the DagBag from /opt/airflow/dags/2_python_dag.py
[2024-07-25T18:25:01.180+0000] {processor.py:840} INFO - DAG(s) 'python_dag' retrieved from /opt/airflow/dags/2_python_dag.py
[2024-07-25T18:25:01.191+0000] {logging_mixin.py:188} INFO - [2024-07-25T18:25:01.191+0000] {dag.py:3089} INFO - Sync 1 DAGs
[2024-07-25T18:25:01.200+0000] {logging_mixin.py:188} INFO - [2024-07-25T18:25:01.200+0000] {dag.py:3947} INFO - Setting next_dagrun for python_dag to 2024-07-24 00:00:00+00:00, run_after=2024-07-25 00:00:00+00:00
[2024-07-25T18:25:01.211+0000] {processor.py:183} INFO - Processing /opt/airflow/dags/2_python_dag.py took 0.043 seconds
[2024-07-25T18:25:31.798+0000] {processor.py:161} INFO - Started process (PID=2210) to work on /opt/airflow/dags/2_python_dag.py
[2024-07-25T18:25:31.798+0000] {processor.py:830} INFO - Processing file /opt/airflow/dags/2_python_dag.py for tasks to queue
[2024-07-25T18:25:31.799+0000] {logging_mixin.py:188} INFO - [2024-07-25T18:25:31.799+0000] {dagbag.py:545} INFO - Filling up the DagBag from /opt/airflow/dags/2_python_dag.py
[2024-07-25T18:25:31.809+0000] {processor.py:840} INFO - DAG(s) 'python_dag' retrieved from /opt/airflow/dags/2_python_dag.py
[2024-07-25T18:25:31.824+0000] {logging_mixin.py:188} INFO - [2024-07-25T18:25:31.824+0000] {dag.py:3089} INFO - Sync 1 DAGs
[2024-07-25T18:25:31.833+0000] {logging_mixin.py:188} INFO - [2024-07-25T18:25:31.833+0000] {dag.py:3947} INFO - Setting next_dagrun for python_dag to 2024-07-24 00:00:00+00:00, run_after=2024-07-25 00:00:00+00:00
[2024-07-25T18:25:31.841+0000] {processor.py:183} INFO - Processing /opt/airflow/dags/2_python_dag.py took 0.045 seconds
[2024-07-25T18:26:02.333+0000] {processor.py:161} INFO - Started process (PID=2222) to work on /opt/airflow/dags/2_python_dag.py
[2024-07-25T18:26:02.334+0000] {processor.py:830} INFO - Processing file /opt/airflow/dags/2_python_dag.py for tasks to queue
[2024-07-25T18:26:02.335+0000] {logging_mixin.py:188} INFO - [2024-07-25T18:26:02.335+0000] {dagbag.py:545} INFO - Filling up the DagBag from /opt/airflow/dags/2_python_dag.py
[2024-07-25T18:26:02.344+0000] {processor.py:840} INFO - DAG(s) 'python_dag' retrieved from /opt/airflow/dags/2_python_dag.py
[2024-07-25T18:26:02.361+0000] {logging_mixin.py:188} INFO - [2024-07-25T18:26:02.361+0000] {dag.py:3089} INFO - Sync 1 DAGs
[2024-07-25T18:26:02.372+0000] {logging_mixin.py:188} INFO - [2024-07-25T18:26:02.372+0000] {dag.py:3947} INFO - Setting next_dagrun for python_dag to 2024-07-24 00:00:00+00:00, run_after=2024-07-25 00:00:00+00:00
[2024-07-25T18:26:02.377+0000] {processor.py:183} INFO - Processing /opt/airflow/dags/2_python_dag.py took 0.046 seconds
[2024-07-25T18:26:32.927+0000] {processor.py:161} INFO - Started process (PID=2234) to work on /opt/airflow/dags/2_python_dag.py
[2024-07-25T18:26:32.928+0000] {processor.py:830} INFO - Processing file /opt/airflow/dags/2_python_dag.py for tasks to queue
[2024-07-25T18:26:32.928+0000] {logging_mixin.py:188} INFO - [2024-07-25T18:26:32.928+0000] {dagbag.py:545} INFO - Filling up the DagBag from /opt/airflow/dags/2_python_dag.py
[2024-07-25T18:26:32.936+0000] {processor.py:840} INFO - DAG(s) 'python_dag' retrieved from /opt/airflow/dags/2_python_dag.py
[2024-07-25T18:26:32.948+0000] {logging_mixin.py:188} INFO - [2024-07-25T18:26:32.948+0000] {dag.py:3089} INFO - Sync 1 DAGs
[2024-07-25T18:26:32.957+0000] {logging_mixin.py:188} INFO - [2024-07-25T18:26:32.957+0000] {dag.py:3947} INFO - Setting next_dagrun for python_dag to 2024-07-24 00:00:00+00:00, run_after=2024-07-25 00:00:00+00:00
[2024-07-25T18:26:32.966+0000] {processor.py:183} INFO - Processing /opt/airflow/dags/2_python_dag.py took 0.042 seconds
[2024-07-25T18:27:03.534+0000] {processor.py:161} INFO - Started process (PID=2246) to work on /opt/airflow/dags/2_python_dag.py
[2024-07-25T18:27:03.535+0000] {processor.py:830} INFO - Processing file /opt/airflow/dags/2_python_dag.py for tasks to queue
[2024-07-25T18:27:03.535+0000] {logging_mixin.py:188} INFO - [2024-07-25T18:27:03.535+0000] {dagbag.py:545} INFO - Filling up the DagBag from /opt/airflow/dags/2_python_dag.py
[2024-07-25T18:27:03.541+0000] {processor.py:840} INFO - DAG(s) 'python_dag' retrieved from /opt/airflow/dags/2_python_dag.py
[2024-07-25T18:27:03.556+0000] {logging_mixin.py:188} INFO - [2024-07-25T18:27:03.556+0000] {dag.py:3089} INFO - Sync 1 DAGs
[2024-07-25T18:27:03.566+0000] {logging_mixin.py:188} INFO - [2024-07-25T18:27:03.566+0000] {dag.py:3947} INFO - Setting next_dagrun for python_dag to 2024-07-24 00:00:00+00:00, run_after=2024-07-25 00:00:00+00:00
[2024-07-25T18:27:03.575+0000] {processor.py:183} INFO - Processing /opt/airflow/dags/2_python_dag.py took 0.043 seconds
[2024-07-25T18:27:34.077+0000] {processor.py:161} INFO - Started process (PID=2258) to work on /opt/airflow/dags/2_python_dag.py
[2024-07-25T18:27:34.077+0000] {processor.py:830} INFO - Processing file /opt/airflow/dags/2_python_dag.py for tasks to queue
[2024-07-25T18:27:34.078+0000] {logging_mixin.py:188} INFO - [2024-07-25T18:27:34.078+0000] {dagbag.py:545} INFO - Filling up the DagBag from /opt/airflow/dags/2_python_dag.py
[2024-07-25T18:27:34.087+0000] {processor.py:840} INFO - DAG(s) 'python_dag' retrieved from /opt/airflow/dags/2_python_dag.py
[2024-07-25T18:27:34.098+0000] {logging_mixin.py:188} INFO - [2024-07-25T18:27:34.098+0000] {dag.py:3089} INFO - Sync 1 DAGs
[2024-07-25T18:27:34.105+0000] {logging_mixin.py:188} INFO - [2024-07-25T18:27:34.105+0000] {dag.py:3947} INFO - Setting next_dagrun for python_dag to 2024-07-24 00:00:00+00:00, run_after=2024-07-25 00:00:00+00:00
[2024-07-25T18:27:34.113+0000] {processor.py:183} INFO - Processing /opt/airflow/dags/2_python_dag.py took 0.038 seconds
[2024-07-25T18:28:04.580+0000] {processor.py:161} INFO - Started process (PID=2270) to work on /opt/airflow/dags/2_python_dag.py
[2024-07-25T18:28:04.581+0000] {processor.py:830} INFO - Processing file /opt/airflow/dags/2_python_dag.py for tasks to queue
[2024-07-25T18:28:04.581+0000] {logging_mixin.py:188} INFO - [2024-07-25T18:28:04.581+0000] {dagbag.py:545} INFO - Filling up the DagBag from /opt/airflow/dags/2_python_dag.py
[2024-07-25T18:28:04.594+0000] {processor.py:840} INFO - DAG(s) 'python_dag' retrieved from /opt/airflow/dags/2_python_dag.py
[2024-07-25T18:28:04.611+0000] {logging_mixin.py:188} INFO - [2024-07-25T18:28:04.611+0000] {dag.py:3089} INFO - Sync 1 DAGs
[2024-07-25T18:28:04.619+0000] {logging_mixin.py:188} INFO - [2024-07-25T18:28:04.619+0000] {dag.py:3947} INFO - Setting next_dagrun for python_dag to 2024-07-24 00:00:00+00:00, run_after=2024-07-25 00:00:00+00:00
[2024-07-25T18:28:04.626+0000] {processor.py:183} INFO - Processing /opt/airflow/dags/2_python_dag.py took 0.050 seconds
[2024-07-25T18:28:35.089+0000] {processor.py:161} INFO - Started process (PID=2282) to work on /opt/airflow/dags/2_python_dag.py
[2024-07-25T18:28:35.090+0000] {processor.py:830} INFO - Processing file /opt/airflow/dags/2_python_dag.py for tasks to queue
[2024-07-25T18:28:35.090+0000] {logging_mixin.py:188} INFO - [2024-07-25T18:28:35.090+0000] {dagbag.py:545} INFO - Filling up the DagBag from /opt/airflow/dags/2_python_dag.py
[2024-07-25T18:28:35.096+0000] {processor.py:840} INFO - DAG(s) 'python_dag' retrieved from /opt/airflow/dags/2_python_dag.py
[2024-07-25T18:28:35.112+0000] {logging_mixin.py:188} INFO - [2024-07-25T18:28:35.112+0000] {dag.py:3089} INFO - Sync 1 DAGs
[2024-07-25T18:28:35.123+0000] {logging_mixin.py:188} INFO - [2024-07-25T18:28:35.123+0000] {dag.py:3947} INFO - Setting next_dagrun for python_dag to 2024-07-24 00:00:00+00:00, run_after=2024-07-25 00:00:00+00:00
[2024-07-25T18:28:35.131+0000] {processor.py:183} INFO - Processing /opt/airflow/dags/2_python_dag.py took 0.044 seconds
[2024-07-25T18:29:05.706+0000] {processor.py:161} INFO - Started process (PID=2294) to work on /opt/airflow/dags/2_python_dag.py
[2024-07-25T18:29:05.708+0000] {processor.py:830} INFO - Processing file /opt/airflow/dags/2_python_dag.py for tasks to queue
[2024-07-25T18:29:05.709+0000] {logging_mixin.py:188} INFO - [2024-07-25T18:29:05.708+0000] {dagbag.py:545} INFO - Filling up the DagBag from /opt/airflow/dags/2_python_dag.py
[2024-07-25T18:29:05.716+0000] {processor.py:840} INFO - DAG(s) 'python_dag' retrieved from /opt/airflow/dags/2_python_dag.py
[2024-07-25T18:29:05.730+0000] {logging_mixin.py:188} INFO - [2024-07-25T18:29:05.730+0000] {dag.py:3089} INFO - Sync 1 DAGs
[2024-07-25T18:29:05.745+0000] {logging_mixin.py:188} INFO - [2024-07-25T18:29:05.745+0000] {dag.py:3947} INFO - Setting next_dagrun for python_dag to 2024-07-24 00:00:00+00:00, run_after=2024-07-25 00:00:00+00:00
[2024-07-25T18:29:05.756+0000] {processor.py:183} INFO - Processing /opt/airflow/dags/2_python_dag.py took 0.052 seconds
[2024-07-25T18:29:36.392+0000] {processor.py:161} INFO - Started process (PID=2306) to work on /opt/airflow/dags/2_python_dag.py
[2024-07-25T18:29:36.392+0000] {processor.py:830} INFO - Processing file /opt/airflow/dags/2_python_dag.py for tasks to queue
[2024-07-25T18:29:36.393+0000] {logging_mixin.py:188} INFO - [2024-07-25T18:29:36.392+0000] {dagbag.py:545} INFO - Filling up the DagBag from /opt/airflow/dags/2_python_dag.py
[2024-07-25T18:29:36.400+0000] {processor.py:840} INFO - DAG(s) 'python_dag' retrieved from /opt/airflow/dags/2_python_dag.py
[2024-07-25T18:29:36.415+0000] {logging_mixin.py:188} INFO - [2024-07-25T18:29:36.415+0000] {dag.py:3089} INFO - Sync 1 DAGs
[2024-07-25T18:29:36.422+0000] {logging_mixin.py:188} INFO - [2024-07-25T18:29:36.422+0000] {dag.py:3947} INFO - Setting next_dagrun for python_dag to 2024-07-24 00:00:00+00:00, run_after=2024-07-25 00:00:00+00:00
[2024-07-25T18:29:36.430+0000] {processor.py:183} INFO - Processing /opt/airflow/dags/2_python_dag.py took 0.040 seconds
[2024-07-25T18:30:07.087+0000] {processor.py:161} INFO - Started process (PID=2318) to work on /opt/airflow/dags/2_python_dag.py
[2024-07-25T18:30:07.088+0000] {processor.py:830} INFO - Processing file /opt/airflow/dags/2_python_dag.py for tasks to queue
[2024-07-25T18:30:07.089+0000] {logging_mixin.py:188} INFO - [2024-07-25T18:30:07.089+0000] {dagbag.py:545} INFO - Filling up the DagBag from /opt/airflow/dags/2_python_dag.py
[2024-07-25T18:30:07.111+0000] {processor.py:840} INFO - DAG(s) 'python_dag' retrieved from /opt/airflow/dags/2_python_dag.py
[2024-07-25T18:30:07.145+0000] {logging_mixin.py:188} INFO - [2024-07-25T18:30:07.145+0000] {dag.py:3089} INFO - Sync 1 DAGs
[2024-07-25T18:30:07.159+0000] {logging_mixin.py:188} INFO - [2024-07-25T18:30:07.159+0000] {dag.py:3947} INFO - Setting next_dagrun for python_dag to 2024-07-24 00:00:00+00:00, run_after=2024-07-25 00:00:00+00:00
[2024-07-25T18:30:07.171+0000] {processor.py:183} INFO - Processing /opt/airflow/dags/2_python_dag.py took 0.090 seconds
[2024-07-25T18:30:37.732+0000] {processor.py:161} INFO - Started process (PID=2330) to work on /opt/airflow/dags/2_python_dag.py
[2024-07-25T18:30:37.732+0000] {processor.py:830} INFO - Processing file /opt/airflow/dags/2_python_dag.py for tasks to queue
[2024-07-25T18:30:37.733+0000] {logging_mixin.py:188} INFO - [2024-07-25T18:30:37.733+0000] {dagbag.py:545} INFO - Filling up the DagBag from /opt/airflow/dags/2_python_dag.py
[2024-07-25T18:30:37.743+0000] {processor.py:840} INFO - DAG(s) 'python_dag' retrieved from /opt/airflow/dags/2_python_dag.py
[2024-07-25T18:30:37.758+0000] {logging_mixin.py:188} INFO - [2024-07-25T18:30:37.758+0000] {dag.py:3089} INFO - Sync 1 DAGs
[2024-07-25T18:30:37.768+0000] {logging_mixin.py:188} INFO - [2024-07-25T18:30:37.768+0000] {dag.py:3947} INFO - Setting next_dagrun for python_dag to 2024-07-24 00:00:00+00:00, run_after=2024-07-25 00:00:00+00:00
[2024-07-25T18:30:37.779+0000] {processor.py:183} INFO - Processing /opt/airflow/dags/2_python_dag.py took 0.049 seconds
[2024-07-25T18:31:08.292+0000] {processor.py:161} INFO - Started process (PID=2342) to work on /opt/airflow/dags/2_python_dag.py
[2024-07-25T18:31:08.292+0000] {processor.py:830} INFO - Processing file /opt/airflow/dags/2_python_dag.py for tasks to queue
[2024-07-25T18:31:08.293+0000] {logging_mixin.py:188} INFO - [2024-07-25T18:31:08.293+0000] {dagbag.py:545} INFO - Filling up the DagBag from /opt/airflow/dags/2_python_dag.py
[2024-07-25T18:31:08.299+0000] {processor.py:840} INFO - DAG(s) 'python_dag' retrieved from /opt/airflow/dags/2_python_dag.py
[2024-07-25T18:31:08.320+0000] {logging_mixin.py:188} INFO - [2024-07-25T18:31:08.319+0000] {dag.py:3089} INFO - Sync 1 DAGs
[2024-07-25T18:31:08.330+0000] {logging_mixin.py:188} INFO - [2024-07-25T18:31:08.330+0000] {dag.py:3947} INFO - Setting next_dagrun for python_dag to 2024-07-24 00:00:00+00:00, run_after=2024-07-25 00:00:00+00:00
[2024-07-25T18:31:08.338+0000] {processor.py:183} INFO - Processing /opt/airflow/dags/2_python_dag.py took 0.048 seconds
[2024-07-25T18:31:38.865+0000] {processor.py:161} INFO - Started process (PID=2354) to work on /opt/airflow/dags/2_python_dag.py
[2024-07-25T18:31:38.865+0000] {processor.py:830} INFO - Processing file /opt/airflow/dags/2_python_dag.py for tasks to queue
[2024-07-25T18:31:38.866+0000] {logging_mixin.py:188} INFO - [2024-07-25T18:31:38.866+0000] {dagbag.py:545} INFO - Filling up the DagBag from /opt/airflow/dags/2_python_dag.py
[2024-07-25T18:31:38.876+0000] {processor.py:840} INFO - DAG(s) 'python_dag' retrieved from /opt/airflow/dags/2_python_dag.py
[2024-07-25T18:31:38.889+0000] {logging_mixin.py:188} INFO - [2024-07-25T18:31:38.889+0000] {dag.py:3089} INFO - Sync 1 DAGs
[2024-07-25T18:31:38.895+0000] {logging_mixin.py:188} INFO - [2024-07-25T18:31:38.895+0000] {dag.py:3947} INFO - Setting next_dagrun for python_dag to 2024-07-24 00:00:00+00:00, run_after=2024-07-25 00:00:00+00:00
[2024-07-25T18:31:38.903+0000] {processor.py:183} INFO - Processing /opt/airflow/dags/2_python_dag.py took 0.041 seconds
[2024-07-25T18:32:09.370+0000] {processor.py:161} INFO - Started process (PID=2366) to work on /opt/airflow/dags/2_python_dag.py
[2024-07-25T18:32:09.371+0000] {processor.py:830} INFO - Processing file /opt/airflow/dags/2_python_dag.py for tasks to queue
[2024-07-25T18:32:09.371+0000] {logging_mixin.py:188} INFO - [2024-07-25T18:32:09.371+0000] {dagbag.py:545} INFO - Filling up the DagBag from /opt/airflow/dags/2_python_dag.py
[2024-07-25T18:32:09.383+0000] {processor.py:840} INFO - DAG(s) 'python_dag' retrieved from /opt/airflow/dags/2_python_dag.py
[2024-07-25T18:32:09.396+0000] {logging_mixin.py:188} INFO - [2024-07-25T18:32:09.396+0000] {dag.py:3089} INFO - Sync 1 DAGs
[2024-07-25T18:32:09.407+0000] {logging_mixin.py:188} INFO - [2024-07-25T18:32:09.407+0000] {dag.py:3947} INFO - Setting next_dagrun for python_dag to 2024-07-24 00:00:00+00:00, run_after=2024-07-25 00:00:00+00:00
[2024-07-25T18:32:09.415+0000] {processor.py:183} INFO - Processing /opt/airflow/dags/2_python_dag.py took 0.047 seconds
[2024-07-25T18:32:39.875+0000] {processor.py:161} INFO - Started process (PID=2378) to work on /opt/airflow/dags/2_python_dag.py
[2024-07-25T18:32:39.875+0000] {processor.py:830} INFO - Processing file /opt/airflow/dags/2_python_dag.py for tasks to queue
[2024-07-25T18:32:39.876+0000] {logging_mixin.py:188} INFO - [2024-07-25T18:32:39.876+0000] {dagbag.py:545} INFO - Filling up the DagBag from /opt/airflow/dags/2_python_dag.py
[2024-07-25T18:32:39.882+0000] {processor.py:840} INFO - DAG(s) 'python_dag' retrieved from /opt/airflow/dags/2_python_dag.py
[2024-07-25T18:32:39.896+0000] {logging_mixin.py:188} INFO - [2024-07-25T18:32:39.896+0000] {dag.py:3089} INFO - Sync 1 DAGs
[2024-07-25T18:32:39.907+0000] {logging_mixin.py:188} INFO - [2024-07-25T18:32:39.906+0000] {dag.py:3947} INFO - Setting next_dagrun for python_dag to 2024-07-24 00:00:00+00:00, run_after=2024-07-25 00:00:00+00:00
[2024-07-25T18:32:39.916+0000] {processor.py:183} INFO - Processing /opt/airflow/dags/2_python_dag.py took 0.043 seconds
[2024-07-25T18:33:10.382+0000] {processor.py:161} INFO - Started process (PID=2390) to work on /opt/airflow/dags/2_python_dag.py
[2024-07-25T18:33:10.382+0000] {processor.py:830} INFO - Processing file /opt/airflow/dags/2_python_dag.py for tasks to queue
[2024-07-25T18:33:10.383+0000] {logging_mixin.py:188} INFO - [2024-07-25T18:33:10.383+0000] {dagbag.py:545} INFO - Filling up the DagBag from /opt/airflow/dags/2_python_dag.py
[2024-07-25T18:33:10.388+0000] {processor.py:840} INFO - DAG(s) 'python_dag' retrieved from /opt/airflow/dags/2_python_dag.py
[2024-07-25T18:33:10.404+0000] {logging_mixin.py:188} INFO - [2024-07-25T18:33:10.404+0000] {dag.py:3089} INFO - Sync 1 DAGs
[2024-07-25T18:33:10.412+0000] {logging_mixin.py:188} INFO - [2024-07-25T18:33:10.412+0000] {dag.py:3947} INFO - Setting next_dagrun for python_dag to 2024-07-24 00:00:00+00:00, run_after=2024-07-25 00:00:00+00:00
[2024-07-25T18:33:10.422+0000] {processor.py:183} INFO - Processing /opt/airflow/dags/2_python_dag.py took 0.042 seconds
[2024-07-25T18:33:41.152+0000] {processor.py:161} INFO - Started process (PID=2402) to work on /opt/airflow/dags/2_python_dag.py
[2024-07-25T18:33:41.154+0000] {processor.py:830} INFO - Processing file /opt/airflow/dags/2_python_dag.py for tasks to queue
[2024-07-25T18:33:41.157+0000] {logging_mixin.py:188} INFO - [2024-07-25T18:33:41.157+0000] {dagbag.py:545} INFO - Filling up the DagBag from /opt/airflow/dags/2_python_dag.py
[2024-07-25T18:33:41.181+0000] {processor.py:840} INFO - DAG(s) 'python_dag' retrieved from /opt/airflow/dags/2_python_dag.py
[2024-07-25T18:33:41.210+0000] {logging_mixin.py:188} INFO - [2024-07-25T18:33:41.210+0000] {dag.py:3089} INFO - Sync 1 DAGs
[2024-07-25T18:33:41.222+0000] {logging_mixin.py:188} INFO - [2024-07-25T18:33:41.222+0000] {dag.py:3947} INFO - Setting next_dagrun for python_dag to 2024-07-24 00:00:00+00:00, run_after=2024-07-25 00:00:00+00:00
[2024-07-25T18:33:41.235+0000] {processor.py:183} INFO - Processing /opt/airflow/dags/2_python_dag.py took 0.089 seconds
[2024-07-25T18:34:11.965+0000] {processor.py:161} INFO - Started process (PID=2414) to work on /opt/airflow/dags/2_python_dag.py
[2024-07-25T18:34:11.968+0000] {processor.py:830} INFO - Processing file /opt/airflow/dags/2_python_dag.py for tasks to queue
[2024-07-25T18:34:11.970+0000] {logging_mixin.py:188} INFO - [2024-07-25T18:34:11.970+0000] {dagbag.py:545} INFO - Filling up the DagBag from /opt/airflow/dags/2_python_dag.py
[2024-07-25T18:34:12.008+0000] {processor.py:840} INFO - DAG(s) 'python_dag' retrieved from /opt/airflow/dags/2_python_dag.py
[2024-07-25T18:34:12.033+0000] {logging_mixin.py:188} INFO - [2024-07-25T18:34:12.033+0000] {dag.py:3089} INFO - Sync 1 DAGs
[2024-07-25T18:34:12.050+0000] {logging_mixin.py:188} INFO - [2024-07-25T18:34:12.050+0000] {dag.py:3947} INFO - Setting next_dagrun for python_dag to 2024-07-24 00:00:00+00:00, run_after=2024-07-25 00:00:00+00:00
[2024-07-25T18:34:12.063+0000] {processor.py:183} INFO - Processing /opt/airflow/dags/2_python_dag.py took 0.115 seconds
[2024-07-25T18:34:42.583+0000] {processor.py:161} INFO - Started process (PID=2426) to work on /opt/airflow/dags/2_python_dag.py
[2024-07-25T18:34:42.583+0000] {processor.py:830} INFO - Processing file /opt/airflow/dags/2_python_dag.py for tasks to queue
[2024-07-25T18:34:42.584+0000] {logging_mixin.py:188} INFO - [2024-07-25T18:34:42.584+0000] {dagbag.py:545} INFO - Filling up the DagBag from /opt/airflow/dags/2_python_dag.py
[2024-07-25T18:34:42.588+0000] {processor.py:840} INFO - DAG(s) 'python_dag' retrieved from /opt/airflow/dags/2_python_dag.py
[2024-07-25T18:34:42.601+0000] {logging_mixin.py:188} INFO - [2024-07-25T18:34:42.601+0000] {dag.py:3089} INFO - Sync 1 DAGs
[2024-07-25T18:34:42.609+0000] {logging_mixin.py:188} INFO - [2024-07-25T18:34:42.609+0000] {dag.py:3947} INFO - Setting next_dagrun for python_dag to 2024-07-24 00:00:00+00:00, run_after=2024-07-25 00:00:00+00:00
[2024-07-25T18:34:42.615+0000] {processor.py:183} INFO - Processing /opt/airflow/dags/2_python_dag.py took 0.034 seconds
[2024-07-25T18:35:13.120+0000] {processor.py:161} INFO - Started process (PID=2438) to work on /opt/airflow/dags/2_python_dag.py
[2024-07-25T18:35:13.121+0000] {processor.py:830} INFO - Processing file /opt/airflow/dags/2_python_dag.py for tasks to queue
[2024-07-25T18:35:13.122+0000] {logging_mixin.py:188} INFO - [2024-07-25T18:35:13.122+0000] {dagbag.py:545} INFO - Filling up the DagBag from /opt/airflow/dags/2_python_dag.py
[2024-07-25T18:35:13.132+0000] {processor.py:840} INFO - DAG(s) 'python_dag' retrieved from /opt/airflow/dags/2_python_dag.py
[2024-07-25T18:35:13.158+0000] {logging_mixin.py:188} INFO - [2024-07-25T18:35:13.157+0000] {dag.py:3089} INFO - Sync 1 DAGs
[2024-07-25T18:35:13.170+0000] {logging_mixin.py:188} INFO - [2024-07-25T18:35:13.169+0000] {dag.py:3947} INFO - Setting next_dagrun for python_dag to 2024-07-24 00:00:00+00:00, run_after=2024-07-25 00:00:00+00:00
[2024-07-25T18:35:13.176+0000] {processor.py:183} INFO - Processing /opt/airflow/dags/2_python_dag.py took 0.058 seconds
[2024-07-25T18:35:43.694+0000] {processor.py:161} INFO - Started process (PID=2450) to work on /opt/airflow/dags/2_python_dag.py
[2024-07-25T18:35:43.694+0000] {processor.py:830} INFO - Processing file /opt/airflow/dags/2_python_dag.py for tasks to queue
[2024-07-25T18:35:43.695+0000] {logging_mixin.py:188} INFO - [2024-07-25T18:35:43.695+0000] {dagbag.py:545} INFO - Filling up the DagBag from /opt/airflow/dags/2_python_dag.py
[2024-07-25T18:35:43.704+0000] {processor.py:840} INFO - DAG(s) 'python_dag' retrieved from /opt/airflow/dags/2_python_dag.py
[2024-07-25T18:35:43.719+0000] {logging_mixin.py:188} INFO - [2024-07-25T18:35:43.719+0000] {dag.py:3089} INFO - Sync 1 DAGs
[2024-07-25T18:35:43.729+0000] {logging_mixin.py:188} INFO - [2024-07-25T18:35:43.729+0000] {dag.py:3947} INFO - Setting next_dagrun for python_dag to 2024-07-24 00:00:00+00:00, run_after=2024-07-25 00:00:00+00:00
[2024-07-25T18:35:43.739+0000] {processor.py:183} INFO - Processing /opt/airflow/dags/2_python_dag.py took 0.048 seconds
[2024-07-25T18:36:14.265+0000] {processor.py:161} INFO - Started process (PID=2462) to work on /opt/airflow/dags/2_python_dag.py
[2024-07-25T18:36:14.266+0000] {processor.py:830} INFO - Processing file /opt/airflow/dags/2_python_dag.py for tasks to queue
[2024-07-25T18:36:14.266+0000] {logging_mixin.py:188} INFO - [2024-07-25T18:36:14.266+0000] {dagbag.py:545} INFO - Filling up the DagBag from /opt/airflow/dags/2_python_dag.py
[2024-07-25T18:36:14.276+0000] {processor.py:840} INFO - DAG(s) 'python_dag' retrieved from /opt/airflow/dags/2_python_dag.py
[2024-07-25T18:36:14.297+0000] {logging_mixin.py:188} INFO - [2024-07-25T18:36:14.297+0000] {dag.py:3089} INFO - Sync 1 DAGs
[2024-07-25T18:36:14.309+0000] {logging_mixin.py:188} INFO - [2024-07-25T18:36:14.308+0000] {dag.py:3947} INFO - Setting next_dagrun for python_dag to 2024-07-24 00:00:00+00:00, run_after=2024-07-25 00:00:00+00:00
[2024-07-25T18:36:14.314+0000] {processor.py:183} INFO - Processing /opt/airflow/dags/2_python_dag.py took 0.050 seconds
[2024-07-25T18:36:45.019+0000] {processor.py:161} INFO - Started process (PID=2474) to work on /opt/airflow/dags/2_python_dag.py
[2024-07-25T18:36:45.020+0000] {processor.py:830} INFO - Processing file /opt/airflow/dags/2_python_dag.py for tasks to queue
[2024-07-25T18:36:45.021+0000] {logging_mixin.py:188} INFO - [2024-07-25T18:36:45.021+0000] {dagbag.py:545} INFO - Filling up the DagBag from /opt/airflow/dags/2_python_dag.py
[2024-07-25T18:36:45.030+0000] {processor.py:840} INFO - DAG(s) 'python_dag' retrieved from /opt/airflow/dags/2_python_dag.py
[2024-07-25T18:36:45.050+0000] {logging_mixin.py:188} INFO - [2024-07-25T18:36:45.050+0000] {dag.py:3089} INFO - Sync 1 DAGs
[2024-07-25T18:36:45.062+0000] {logging_mixin.py:188} INFO - [2024-07-25T18:36:45.062+0000] {dag.py:3947} INFO - Setting next_dagrun for python_dag to 2024-07-24 00:00:00+00:00, run_after=2024-07-25 00:00:00+00:00
[2024-07-25T18:36:45.076+0000] {processor.py:183} INFO - Processing /opt/airflow/dags/2_python_dag.py took 0.059 seconds
