[2024-07-25T18:03:37.106+0000] {processor.py:161} INFO - Started process (PID=1685) to work on /opt/airflow/dags/4_catchup_backfill_dag.py
[2024-07-25T18:03:37.107+0000] {processor.py:830} INFO - Processing file /opt/airflow/dags/4_catchup_backfill_dag.py for tasks to queue
[2024-07-25T18:03:37.107+0000] {logging_mixin.py:188} INFO - [2024-07-25T18:03:37.107+0000] {dagbag.py:545} INFO - Filling up the DagBag from /opt/airflow/dags/4_catchup_backfill_dag.py
[2024-07-25T18:03:37.111+0000] {processor.py:840} INFO - DAG(s) 'catchup_backfill_dag' retrieved from /opt/airflow/dags/4_catchup_backfill_dag.py
[2024-07-25T18:03:37.147+0000] {logging_mixin.py:188} INFO - [2024-07-25T18:03:37.147+0000] {dag.py:3089} INFO - Sync 1 DAGs
[2024-07-25T18:03:37.153+0000] {logging_mixin.py:188} INFO - [2024-07-25T18:03:37.153+0000] {dag.py:3947} INFO - Setting next_dagrun for catchup_backfill_dag to 2024-07-24 00:00:00+00:00, run_after=2024-07-25 00:00:00+00:00
[2024-07-25T18:03:37.159+0000] {processor.py:183} INFO - Processing /opt/airflow/dags/4_catchup_backfill_dag.py took 0.055 seconds
[2024-07-25T18:04:07.606+0000] {processor.py:161} INFO - Started process (PID=1697) to work on /opt/airflow/dags/4_catchup_backfill_dag.py
[2024-07-25T18:04:07.607+0000] {processor.py:830} INFO - Processing file /opt/airflow/dags/4_catchup_backfill_dag.py for tasks to queue
[2024-07-25T18:04:07.607+0000] {logging_mixin.py:188} INFO - [2024-07-25T18:04:07.607+0000] {dagbag.py:545} INFO - Filling up the DagBag from /opt/airflow/dags/4_catchup_backfill_dag.py
[2024-07-25T18:04:07.611+0000] {processor.py:840} INFO - DAG(s) 'catchup_backfill_dag' retrieved from /opt/airflow/dags/4_catchup_backfill_dag.py
[2024-07-25T18:04:07.622+0000] {logging_mixin.py:188} INFO - [2024-07-25T18:04:07.622+0000] {dag.py:3089} INFO - Sync 1 DAGs
[2024-07-25T18:04:07.629+0000] {logging_mixin.py:188} INFO - [2024-07-25T18:04:07.629+0000] {dag.py:3947} INFO - Setting next_dagrun for catchup_backfill_dag to 2024-07-24 00:00:00+00:00, run_after=2024-07-25 00:00:00+00:00
[2024-07-25T18:04:07.634+0000] {processor.py:183} INFO - Processing /opt/airflow/dags/4_catchup_backfill_dag.py took 0.030 seconds
[2024-07-25T18:04:38.109+0000] {processor.py:161} INFO - Started process (PID=1709) to work on /opt/airflow/dags/4_catchup_backfill_dag.py
[2024-07-25T18:04:38.109+0000] {processor.py:830} INFO - Processing file /opt/airflow/dags/4_catchup_backfill_dag.py for tasks to queue
[2024-07-25T18:04:38.109+0000] {logging_mixin.py:188} INFO - [2024-07-25T18:04:38.109+0000] {dagbag.py:545} INFO - Filling up the DagBag from /opt/airflow/dags/4_catchup_backfill_dag.py
[2024-07-25T18:04:38.114+0000] {processor.py:840} INFO - DAG(s) 'catchup_backfill_dag' retrieved from /opt/airflow/dags/4_catchup_backfill_dag.py
[2024-07-25T18:04:38.127+0000] {logging_mixin.py:188} INFO - [2024-07-25T18:04:38.126+0000] {dag.py:3089} INFO - Sync 1 DAGs
[2024-07-25T18:04:38.134+0000] {logging_mixin.py:188} INFO - [2024-07-25T18:04:38.134+0000] {dag.py:3947} INFO - Setting next_dagrun for catchup_backfill_dag to 2024-07-24 00:00:00+00:00, run_after=2024-07-25 00:00:00+00:00
[2024-07-25T18:04:38.139+0000] {processor.py:183} INFO - Processing /opt/airflow/dags/4_catchup_backfill_dag.py took 0.033 seconds
[2024-07-25T18:05:08.577+0000] {processor.py:161} INFO - Started process (PID=1721) to work on /opt/airflow/dags/4_catchup_backfill_dag.py
[2024-07-25T18:05:08.577+0000] {processor.py:830} INFO - Processing file /opt/airflow/dags/4_catchup_backfill_dag.py for tasks to queue
[2024-07-25T18:05:08.577+0000] {logging_mixin.py:188} INFO - [2024-07-25T18:05:08.577+0000] {dagbag.py:545} INFO - Filling up the DagBag from /opt/airflow/dags/4_catchup_backfill_dag.py
[2024-07-25T18:05:08.582+0000] {processor.py:840} INFO - DAG(s) 'catchup_backfill_dag' retrieved from /opt/airflow/dags/4_catchup_backfill_dag.py
[2024-07-25T18:05:08.593+0000] {logging_mixin.py:188} INFO - [2024-07-25T18:05:08.592+0000] {dag.py:3089} INFO - Sync 1 DAGs
[2024-07-25T18:05:08.605+0000] {logging_mixin.py:188} INFO - [2024-07-25T18:05:08.605+0000] {dag.py:3947} INFO - Setting next_dagrun for catchup_backfill_dag to 2024-07-24 00:00:00+00:00, run_after=2024-07-25 00:00:00+00:00
[2024-07-25T18:05:08.612+0000] {processor.py:183} INFO - Processing /opt/airflow/dags/4_catchup_backfill_dag.py took 0.037 seconds
[2024-07-25T18:05:39.023+0000] {processor.py:161} INFO - Started process (PID=1733) to work on /opt/airflow/dags/4_catchup_backfill_dag.py
[2024-07-25T18:05:39.023+0000] {processor.py:830} INFO - Processing file /opt/airflow/dags/4_catchup_backfill_dag.py for tasks to queue
[2024-07-25T18:05:39.023+0000] {logging_mixin.py:188} INFO - [2024-07-25T18:05:39.023+0000] {dagbag.py:545} INFO - Filling up the DagBag from /opt/airflow/dags/4_catchup_backfill_dag.py
[2024-07-25T18:05:39.027+0000] {processor.py:840} INFO - DAG(s) 'catchup_backfill_dag' retrieved from /opt/airflow/dags/4_catchup_backfill_dag.py
[2024-07-25T18:05:39.037+0000] {logging_mixin.py:188} INFO - [2024-07-25T18:05:39.037+0000] {dag.py:3089} INFO - Sync 1 DAGs
[2024-07-25T18:05:39.045+0000] {logging_mixin.py:188} INFO - [2024-07-25T18:05:39.045+0000] {dag.py:3947} INFO - Setting next_dagrun for catchup_backfill_dag to 2024-07-24 00:00:00+00:00, run_after=2024-07-25 00:00:00+00:00
[2024-07-25T18:05:39.050+0000] {processor.py:183} INFO - Processing /opt/airflow/dags/4_catchup_backfill_dag.py took 0.029 seconds
[2024-07-25T18:06:09.526+0000] {processor.py:161} INFO - Started process (PID=1746) to work on /opt/airflow/dags/4_catchup_backfill_dag.py
[2024-07-25T18:06:09.527+0000] {processor.py:830} INFO - Processing file /opt/airflow/dags/4_catchup_backfill_dag.py for tasks to queue
[2024-07-25T18:06:09.527+0000] {logging_mixin.py:188} INFO - [2024-07-25T18:06:09.527+0000] {dagbag.py:545} INFO - Filling up the DagBag from /opt/airflow/dags/4_catchup_backfill_dag.py
[2024-07-25T18:06:09.532+0000] {processor.py:840} INFO - DAG(s) 'catchup_backfill_dag' retrieved from /opt/airflow/dags/4_catchup_backfill_dag.py
[2024-07-25T18:06:09.547+0000] {logging_mixin.py:188} INFO - [2024-07-25T18:06:09.547+0000] {dag.py:3089} INFO - Sync 1 DAGs
[2024-07-25T18:06:09.604+0000] {logging_mixin.py:188} INFO - [2024-07-25T18:06:09.604+0000] {dag.py:3947} INFO - Setting next_dagrun for catchup_backfill_dag to 2024-07-24 00:00:00+00:00, run_after=2024-07-25 00:00:00+00:00
[2024-07-25T18:06:09.614+0000] {processor.py:183} INFO - Processing /opt/airflow/dags/4_catchup_backfill_dag.py took 0.092 seconds
[2024-07-25T18:06:40.301+0000] {processor.py:161} INFO - Started process (PID=1758) to work on /opt/airflow/dags/4_catchup_backfill_dag.py
[2024-07-25T18:06:40.302+0000] {processor.py:830} INFO - Processing file /opt/airflow/dags/4_catchup_backfill_dag.py for tasks to queue
[2024-07-25T18:06:40.302+0000] {logging_mixin.py:188} INFO - [2024-07-25T18:06:40.302+0000] {dagbag.py:545} INFO - Filling up the DagBag from /opt/airflow/dags/4_catchup_backfill_dag.py
[2024-07-25T18:06:40.307+0000] {processor.py:840} INFO - DAG(s) 'catchup_backfill_dag' retrieved from /opt/airflow/dags/4_catchup_backfill_dag.py
[2024-07-25T18:06:40.317+0000] {logging_mixin.py:188} INFO - [2024-07-25T18:06:40.317+0000] {dag.py:3089} INFO - Sync 1 DAGs
[2024-07-25T18:06:40.324+0000] {logging_mixin.py:188} INFO - [2024-07-25T18:06:40.324+0000] {dag.py:3947} INFO - Setting next_dagrun for catchup_backfill_dag to 2024-07-24 00:00:00+00:00, run_after=2024-07-25 00:00:00+00:00
[2024-07-25T18:06:40.329+0000] {processor.py:183} INFO - Processing /opt/airflow/dags/4_catchup_backfill_dag.py took 0.031 seconds
[2024-07-25T18:07:10.901+0000] {processor.py:161} INFO - Started process (PID=1770) to work on /opt/airflow/dags/4_catchup_backfill_dag.py
[2024-07-25T18:07:10.902+0000] {processor.py:830} INFO - Processing file /opt/airflow/dags/4_catchup_backfill_dag.py for tasks to queue
[2024-07-25T18:07:10.903+0000] {logging_mixin.py:188} INFO - [2024-07-25T18:07:10.902+0000] {dagbag.py:545} INFO - Filling up the DagBag from /opt/airflow/dags/4_catchup_backfill_dag.py
[2024-07-25T18:07:10.907+0000] {processor.py:840} INFO - DAG(s) 'catchup_backfill_dag' retrieved from /opt/airflow/dags/4_catchup_backfill_dag.py
[2024-07-25T18:07:10.920+0000] {logging_mixin.py:188} INFO - [2024-07-25T18:07:10.920+0000] {dag.py:3089} INFO - Sync 1 DAGs
[2024-07-25T18:07:10.927+0000] {logging_mixin.py:188} INFO - [2024-07-25T18:07:10.927+0000] {dag.py:3947} INFO - Setting next_dagrun for catchup_backfill_dag to 2024-07-24 00:00:00+00:00, run_after=2024-07-25 00:00:00+00:00
[2024-07-25T18:07:10.932+0000] {processor.py:183} INFO - Processing /opt/airflow/dags/4_catchup_backfill_dag.py took 0.034 seconds
[2024-07-25T18:07:41.453+0000] {processor.py:161} INFO - Started process (PID=1782) to work on /opt/airflow/dags/4_catchup_backfill_dag.py
[2024-07-25T18:07:41.454+0000] {processor.py:830} INFO - Processing file /opt/airflow/dags/4_catchup_backfill_dag.py for tasks to queue
[2024-07-25T18:07:41.454+0000] {logging_mixin.py:188} INFO - [2024-07-25T18:07:41.454+0000] {dagbag.py:545} INFO - Filling up the DagBag from /opt/airflow/dags/4_catchup_backfill_dag.py
[2024-07-25T18:07:41.459+0000] {processor.py:840} INFO - DAG(s) 'catchup_backfill_dag' retrieved from /opt/airflow/dags/4_catchup_backfill_dag.py
[2024-07-25T18:07:41.474+0000] {logging_mixin.py:188} INFO - [2024-07-25T18:07:41.474+0000] {dag.py:3089} INFO - Sync 1 DAGs
[2024-07-25T18:07:41.483+0000] {logging_mixin.py:188} INFO - [2024-07-25T18:07:41.483+0000] {dag.py:3947} INFO - Setting next_dagrun for catchup_backfill_dag to 2024-07-24 00:00:00+00:00, run_after=2024-07-25 00:00:00+00:00
[2024-07-25T18:07:41.489+0000] {processor.py:183} INFO - Processing /opt/airflow/dags/4_catchup_backfill_dag.py took 0.039 seconds
[2024-07-25T18:08:11.992+0000] {processor.py:161} INFO - Started process (PID=1794) to work on /opt/airflow/dags/4_catchup_backfill_dag.py
[2024-07-25T18:08:11.993+0000] {processor.py:830} INFO - Processing file /opt/airflow/dags/4_catchup_backfill_dag.py for tasks to queue
[2024-07-25T18:08:11.993+0000] {logging_mixin.py:188} INFO - [2024-07-25T18:08:11.993+0000] {dagbag.py:545} INFO - Filling up the DagBag from /opt/airflow/dags/4_catchup_backfill_dag.py
[2024-07-25T18:08:11.997+0000] {processor.py:840} INFO - DAG(s) 'catchup_backfill_dag' retrieved from /opt/airflow/dags/4_catchup_backfill_dag.py
[2024-07-25T18:08:12.008+0000] {logging_mixin.py:188} INFO - [2024-07-25T18:08:12.008+0000] {dag.py:3089} INFO - Sync 1 DAGs
[2024-07-25T18:08:12.016+0000] {logging_mixin.py:188} INFO - [2024-07-25T18:08:12.016+0000] {dag.py:3947} INFO - Setting next_dagrun for catchup_backfill_dag to 2024-07-24 00:00:00+00:00, run_after=2024-07-25 00:00:00+00:00
[2024-07-25T18:08:12.021+0000] {processor.py:183} INFO - Processing /opt/airflow/dags/4_catchup_backfill_dag.py took 0.032 seconds
[2024-07-25T18:08:42.477+0000] {processor.py:161} INFO - Started process (PID=1812) to work on /opt/airflow/dags/4_catchup_backfill_dag.py
[2024-07-25T18:08:42.478+0000] {processor.py:830} INFO - Processing file /opt/airflow/dags/4_catchup_backfill_dag.py for tasks to queue
[2024-07-25T18:08:42.478+0000] {logging_mixin.py:188} INFO - [2024-07-25T18:08:42.478+0000] {dagbag.py:545} INFO - Filling up the DagBag from /opt/airflow/dags/4_catchup_backfill_dag.py
[2024-07-25T18:08:42.482+0000] {processor.py:840} INFO - DAG(s) 'catchup_backfill_dag' retrieved from /opt/airflow/dags/4_catchup_backfill_dag.py
[2024-07-25T18:08:42.497+0000] {logging_mixin.py:188} INFO - [2024-07-25T18:08:42.497+0000] {dag.py:3089} INFO - Sync 1 DAGs
[2024-07-25T18:08:42.505+0000] {logging_mixin.py:188} INFO - [2024-07-25T18:08:42.505+0000] {dag.py:3947} INFO - Setting next_dagrun for catchup_backfill_dag to 2024-07-24 00:00:00+00:00, run_after=2024-07-25 00:00:00+00:00
[2024-07-25T18:08:42.510+0000] {processor.py:183} INFO - Processing /opt/airflow/dags/4_catchup_backfill_dag.py took 0.035 seconds
[2024-07-25T18:09:12.977+0000] {processor.py:161} INFO - Started process (PID=1824) to work on /opt/airflow/dags/4_catchup_backfill_dag.py
[2024-07-25T18:09:12.978+0000] {processor.py:830} INFO - Processing file /opt/airflow/dags/4_catchup_backfill_dag.py for tasks to queue
[2024-07-25T18:09:12.978+0000] {logging_mixin.py:188} INFO - [2024-07-25T18:09:12.978+0000] {dagbag.py:545} INFO - Filling up the DagBag from /opt/airflow/dags/4_catchup_backfill_dag.py
[2024-07-25T18:09:12.983+0000] {processor.py:840} INFO - DAG(s) 'catchup_backfill_dag' retrieved from /opt/airflow/dags/4_catchup_backfill_dag.py
[2024-07-25T18:09:12.999+0000] {logging_mixin.py:188} INFO - [2024-07-25T18:09:12.998+0000] {dag.py:3089} INFO - Sync 1 DAGs
[2024-07-25T18:09:13.010+0000] {logging_mixin.py:188} INFO - [2024-07-25T18:09:13.009+0000] {dag.py:3947} INFO - Setting next_dagrun for catchup_backfill_dag to 2024-07-24 00:00:00+00:00, run_after=2024-07-25 00:00:00+00:00
[2024-07-25T18:09:13.016+0000] {processor.py:183} INFO - Processing /opt/airflow/dags/4_catchup_backfill_dag.py took 0.041 seconds
[2024-07-25T18:09:43.542+0000] {processor.py:161} INFO - Started process (PID=1836) to work on /opt/airflow/dags/4_catchup_backfill_dag.py
[2024-07-25T18:09:43.543+0000] {processor.py:830} INFO - Processing file /opt/airflow/dags/4_catchup_backfill_dag.py for tasks to queue
[2024-07-25T18:09:43.543+0000] {logging_mixin.py:188} INFO - [2024-07-25T18:09:43.543+0000] {dagbag.py:545} INFO - Filling up the DagBag from /opt/airflow/dags/4_catchup_backfill_dag.py
[2024-07-25T18:09:43.548+0000] {processor.py:840} INFO - DAG(s) 'catchup_backfill_dag' retrieved from /opt/airflow/dags/4_catchup_backfill_dag.py
[2024-07-25T18:09:43.561+0000] {logging_mixin.py:188} INFO - [2024-07-25T18:09:43.561+0000] {dag.py:3089} INFO - Sync 1 DAGs
[2024-07-25T18:09:43.571+0000] {logging_mixin.py:188} INFO - [2024-07-25T18:09:43.571+0000] {dag.py:3947} INFO - Setting next_dagrun for catchup_backfill_dag to 2024-07-24 00:00:00+00:00, run_after=2024-07-25 00:00:00+00:00
[2024-07-25T18:09:43.578+0000] {processor.py:183} INFO - Processing /opt/airflow/dags/4_catchup_backfill_dag.py took 0.038 seconds
[2024-07-25T18:10:14.134+0000] {processor.py:161} INFO - Started process (PID=1848) to work on /opt/airflow/dags/4_catchup_backfill_dag.py
[2024-07-25T18:10:14.138+0000] {processor.py:830} INFO - Processing file /opt/airflow/dags/4_catchup_backfill_dag.py for tasks to queue
[2024-07-25T18:10:14.139+0000] {logging_mixin.py:188} INFO - [2024-07-25T18:10:14.139+0000] {dagbag.py:545} INFO - Filling up the DagBag from /opt/airflow/dags/4_catchup_backfill_dag.py
[2024-07-25T18:10:14.150+0000] {processor.py:840} INFO - DAG(s) 'catchup_backfill_dag' retrieved from /opt/airflow/dags/4_catchup_backfill_dag.py
[2024-07-25T18:10:14.164+0000] {logging_mixin.py:188} INFO - [2024-07-25T18:10:14.164+0000] {dag.py:3089} INFO - Sync 1 DAGs
[2024-07-25T18:10:14.172+0000] {logging_mixin.py:188} INFO - [2024-07-25T18:10:14.172+0000] {dag.py:3947} INFO - Setting next_dagrun for catchup_backfill_dag to 2024-07-24 00:00:00+00:00, run_after=2024-07-25 00:00:00+00:00
[2024-07-25T18:10:14.178+0000] {processor.py:183} INFO - Processing /opt/airflow/dags/4_catchup_backfill_dag.py took 0.048 seconds
[2024-07-25T18:10:44.727+0000] {processor.py:161} INFO - Started process (PID=1860) to work on /opt/airflow/dags/4_catchup_backfill_dag.py
[2024-07-25T18:10:44.728+0000] {processor.py:830} INFO - Processing file /opt/airflow/dags/4_catchup_backfill_dag.py for tasks to queue
[2024-07-25T18:10:44.728+0000] {logging_mixin.py:188} INFO - [2024-07-25T18:10:44.728+0000] {dagbag.py:545} INFO - Filling up the DagBag from /opt/airflow/dags/4_catchup_backfill_dag.py
[2024-07-25T18:10:44.733+0000] {processor.py:840} INFO - DAG(s) 'catchup_backfill_dag' retrieved from /opt/airflow/dags/4_catchup_backfill_dag.py
[2024-07-25T18:10:44.744+0000] {logging_mixin.py:188} INFO - [2024-07-25T18:10:44.744+0000] {dag.py:3089} INFO - Sync 1 DAGs
[2024-07-25T18:10:44.752+0000] {logging_mixin.py:188} INFO - [2024-07-25T18:10:44.752+0000] {dag.py:3947} INFO - Setting next_dagrun for catchup_backfill_dag to 2024-07-24 00:00:00+00:00, run_after=2024-07-25 00:00:00+00:00
[2024-07-25T18:10:44.758+0000] {processor.py:183} INFO - Processing /opt/airflow/dags/4_catchup_backfill_dag.py took 0.034 seconds
[2024-07-25T18:11:15.224+0000] {processor.py:161} INFO - Started process (PID=1872) to work on /opt/airflow/dags/4_catchup_backfill_dag.py
[2024-07-25T18:11:15.224+0000] {processor.py:830} INFO - Processing file /opt/airflow/dags/4_catchup_backfill_dag.py for tasks to queue
[2024-07-25T18:11:15.225+0000] {logging_mixin.py:188} INFO - [2024-07-25T18:11:15.225+0000] {dagbag.py:545} INFO - Filling up the DagBag from /opt/airflow/dags/4_catchup_backfill_dag.py
[2024-07-25T18:11:15.229+0000] {processor.py:840} INFO - DAG(s) 'catchup_backfill_dag' retrieved from /opt/airflow/dags/4_catchup_backfill_dag.py
[2024-07-25T18:11:15.243+0000] {logging_mixin.py:188} INFO - [2024-07-25T18:11:15.243+0000] {dag.py:3089} INFO - Sync 1 DAGs
[2024-07-25T18:11:15.253+0000] {logging_mixin.py:188} INFO - [2024-07-25T18:11:15.253+0000] {dag.py:3947} INFO - Setting next_dagrun for catchup_backfill_dag to 2024-07-24 00:00:00+00:00, run_after=2024-07-25 00:00:00+00:00
[2024-07-25T18:11:15.258+0000] {processor.py:183} INFO - Processing /opt/airflow/dags/4_catchup_backfill_dag.py took 0.037 seconds
[2024-07-25T18:11:45.899+0000] {processor.py:161} INFO - Started process (PID=1884) to work on /opt/airflow/dags/4_catchup_backfill_dag.py
[2024-07-25T18:11:45.900+0000] {processor.py:830} INFO - Processing file /opt/airflow/dags/4_catchup_backfill_dag.py for tasks to queue
[2024-07-25T18:11:45.900+0000] {logging_mixin.py:188} INFO - [2024-07-25T18:11:45.900+0000] {dagbag.py:545} INFO - Filling up the DagBag from /opt/airflow/dags/4_catchup_backfill_dag.py
[2024-07-25T18:11:45.905+0000] {processor.py:840} INFO - DAG(s) 'catchup_backfill_dag' retrieved from /opt/airflow/dags/4_catchup_backfill_dag.py
[2024-07-25T18:11:45.918+0000] {logging_mixin.py:188} INFO - [2024-07-25T18:11:45.917+0000] {dag.py:3089} INFO - Sync 1 DAGs
[2024-07-25T18:11:45.926+0000] {logging_mixin.py:188} INFO - [2024-07-25T18:11:45.926+0000] {dag.py:3947} INFO - Setting next_dagrun for catchup_backfill_dag to 2024-07-24 00:00:00+00:00, run_after=2024-07-25 00:00:00+00:00
[2024-07-25T18:11:45.931+0000] {processor.py:183} INFO - Processing /opt/airflow/dags/4_catchup_backfill_dag.py took 0.036 seconds
[2024-07-25T18:12:16.384+0000] {processor.py:161} INFO - Started process (PID=1896) to work on /opt/airflow/dags/4_catchup_backfill_dag.py
[2024-07-25T18:12:16.385+0000] {processor.py:830} INFO - Processing file /opt/airflow/dags/4_catchup_backfill_dag.py for tasks to queue
[2024-07-25T18:12:16.385+0000] {logging_mixin.py:188} INFO - [2024-07-25T18:12:16.385+0000] {dagbag.py:545} INFO - Filling up the DagBag from /opt/airflow/dags/4_catchup_backfill_dag.py
[2024-07-25T18:12:16.390+0000] {processor.py:840} INFO - DAG(s) 'catchup_backfill_dag' retrieved from /opt/airflow/dags/4_catchup_backfill_dag.py
[2024-07-25T18:12:16.401+0000] {logging_mixin.py:188} INFO - [2024-07-25T18:12:16.401+0000] {dag.py:3089} INFO - Sync 1 DAGs
[2024-07-25T18:12:16.409+0000] {logging_mixin.py:188} INFO - [2024-07-25T18:12:16.409+0000] {dag.py:3947} INFO - Setting next_dagrun for catchup_backfill_dag to 2024-07-24 00:00:00+00:00, run_after=2024-07-25 00:00:00+00:00
[2024-07-25T18:12:16.415+0000] {processor.py:183} INFO - Processing /opt/airflow/dags/4_catchup_backfill_dag.py took 0.033 seconds
[2024-07-25T18:12:46.954+0000] {processor.py:161} INFO - Started process (PID=1908) to work on /opt/airflow/dags/4_catchup_backfill_dag.py
[2024-07-25T18:12:46.955+0000] {processor.py:830} INFO - Processing file /opt/airflow/dags/4_catchup_backfill_dag.py for tasks to queue
[2024-07-25T18:12:46.955+0000] {logging_mixin.py:188} INFO - [2024-07-25T18:12:46.955+0000] {dagbag.py:545} INFO - Filling up the DagBag from /opt/airflow/dags/4_catchup_backfill_dag.py
[2024-07-25T18:12:46.963+0000] {processor.py:840} INFO - DAG(s) 'catchup_backfill_dag' retrieved from /opt/airflow/dags/4_catchup_backfill_dag.py
[2024-07-25T18:12:46.981+0000] {logging_mixin.py:188} INFO - [2024-07-25T18:12:46.980+0000] {dag.py:3089} INFO - Sync 1 DAGs
[2024-07-25T18:12:46.991+0000] {logging_mixin.py:188} INFO - [2024-07-25T18:12:46.991+0000] {dag.py:3947} INFO - Setting next_dagrun for catchup_backfill_dag to 2024-07-24 00:00:00+00:00, run_after=2024-07-25 00:00:00+00:00
[2024-07-25T18:12:46.998+0000] {processor.py:183} INFO - Processing /opt/airflow/dags/4_catchup_backfill_dag.py took 0.048 seconds
[2024-07-25T18:13:17.593+0000] {processor.py:161} INFO - Started process (PID=1920) to work on /opt/airflow/dags/4_catchup_backfill_dag.py
[2024-07-25T18:13:17.594+0000] {processor.py:830} INFO - Processing file /opt/airflow/dags/4_catchup_backfill_dag.py for tasks to queue
[2024-07-25T18:13:17.595+0000] {logging_mixin.py:188} INFO - [2024-07-25T18:13:17.595+0000] {dagbag.py:545} INFO - Filling up the DagBag from /opt/airflow/dags/4_catchup_backfill_dag.py
[2024-07-25T18:13:17.601+0000] {processor.py:840} INFO - DAG(s) 'catchup_backfill_dag' retrieved from /opt/airflow/dags/4_catchup_backfill_dag.py
[2024-07-25T18:13:17.618+0000] {logging_mixin.py:188} INFO - [2024-07-25T18:13:17.618+0000] {dag.py:3089} INFO - Sync 1 DAGs
[2024-07-25T18:13:17.628+0000] {logging_mixin.py:188} INFO - [2024-07-25T18:13:17.628+0000] {dag.py:3947} INFO - Setting next_dagrun for catchup_backfill_dag to 2024-07-24 00:00:00+00:00, run_after=2024-07-25 00:00:00+00:00
[2024-07-25T18:13:17.637+0000] {processor.py:183} INFO - Processing /opt/airflow/dags/4_catchup_backfill_dag.py took 0.048 seconds
[2024-07-25T18:13:48.269+0000] {processor.py:161} INFO - Started process (PID=1932) to work on /opt/airflow/dags/4_catchup_backfill_dag.py
[2024-07-25T18:13:48.269+0000] {processor.py:830} INFO - Processing file /opt/airflow/dags/4_catchup_backfill_dag.py for tasks to queue
[2024-07-25T18:13:48.270+0000] {logging_mixin.py:188} INFO - [2024-07-25T18:13:48.270+0000] {dagbag.py:545} INFO - Filling up the DagBag from /opt/airflow/dags/4_catchup_backfill_dag.py
[2024-07-25T18:13:48.274+0000] {processor.py:840} INFO - DAG(s) 'catchup_backfill_dag' retrieved from /opt/airflow/dags/4_catchup_backfill_dag.py
[2024-07-25T18:13:48.289+0000] {logging_mixin.py:188} INFO - [2024-07-25T18:13:48.289+0000] {dag.py:3089} INFO - Sync 1 DAGs
[2024-07-25T18:13:48.298+0000] {logging_mixin.py:188} INFO - [2024-07-25T18:13:48.298+0000] {dag.py:3947} INFO - Setting next_dagrun for catchup_backfill_dag to 2024-07-24 00:00:00+00:00, run_after=2024-07-25 00:00:00+00:00
[2024-07-25T18:13:48.304+0000] {processor.py:183} INFO - Processing /opt/airflow/dags/4_catchup_backfill_dag.py took 0.037 seconds
[2024-07-25T18:14:18.914+0000] {processor.py:161} INFO - Started process (PID=1944) to work on /opt/airflow/dags/4_catchup_backfill_dag.py
[2024-07-25T18:14:18.915+0000] {processor.py:830} INFO - Processing file /opt/airflow/dags/4_catchup_backfill_dag.py for tasks to queue
[2024-07-25T18:14:18.916+0000] {logging_mixin.py:188} INFO - [2024-07-25T18:14:18.916+0000] {dagbag.py:545} INFO - Filling up the DagBag from /opt/airflow/dags/4_catchup_backfill_dag.py
[2024-07-25T18:14:18.921+0000] {processor.py:840} INFO - DAG(s) 'catchup_backfill_dag' retrieved from /opt/airflow/dags/4_catchup_backfill_dag.py
[2024-07-25T18:14:18.941+0000] {logging_mixin.py:188} INFO - [2024-07-25T18:14:18.941+0000] {dag.py:3089} INFO - Sync 1 DAGs
[2024-07-25T18:14:18.954+0000] {logging_mixin.py:188} INFO - [2024-07-25T18:14:18.954+0000] {dag.py:3947} INFO - Setting next_dagrun for catchup_backfill_dag to 2024-07-24 00:00:00+00:00, run_after=2024-07-25 00:00:00+00:00
[2024-07-25T18:14:18.966+0000] {processor.py:183} INFO - Processing /opt/airflow/dags/4_catchup_backfill_dag.py took 0.055 seconds
[2024-07-25T18:14:49.398+0000] {processor.py:161} INFO - Started process (PID=1956) to work on /opt/airflow/dags/4_catchup_backfill_dag.py
[2024-07-25T18:14:49.398+0000] {processor.py:830} INFO - Processing file /opt/airflow/dags/4_catchup_backfill_dag.py for tasks to queue
[2024-07-25T18:14:49.399+0000] {logging_mixin.py:188} INFO - [2024-07-25T18:14:49.398+0000] {dagbag.py:545} INFO - Filling up the DagBag from /opt/airflow/dags/4_catchup_backfill_dag.py
[2024-07-25T18:14:49.402+0000] {processor.py:840} INFO - DAG(s) 'catchup_backfill_dag' retrieved from /opt/airflow/dags/4_catchup_backfill_dag.py
[2024-07-25T18:14:49.416+0000] {logging_mixin.py:188} INFO - [2024-07-25T18:14:49.416+0000] {dag.py:3089} INFO - Sync 1 DAGs
[2024-07-25T18:14:49.424+0000] {logging_mixin.py:188} INFO - [2024-07-25T18:14:49.424+0000] {dag.py:3947} INFO - Setting next_dagrun for catchup_backfill_dag to 2024-07-24 00:00:00+00:00, run_after=2024-07-25 00:00:00+00:00
[2024-07-25T18:14:49.429+0000] {processor.py:183} INFO - Processing /opt/airflow/dags/4_catchup_backfill_dag.py took 0.033 seconds
[2024-07-25T18:15:19.971+0000] {processor.py:161} INFO - Started process (PID=1968) to work on /opt/airflow/dags/4_catchup_backfill_dag.py
[2024-07-25T18:15:19.971+0000] {processor.py:830} INFO - Processing file /opt/airflow/dags/4_catchup_backfill_dag.py for tasks to queue
[2024-07-25T18:15:19.972+0000] {logging_mixin.py:188} INFO - [2024-07-25T18:15:19.972+0000] {dagbag.py:545} INFO - Filling up the DagBag from /opt/airflow/dags/4_catchup_backfill_dag.py
[2024-07-25T18:15:19.977+0000] {processor.py:840} INFO - DAG(s) 'catchup_backfill_dag' retrieved from /opt/airflow/dags/4_catchup_backfill_dag.py
[2024-07-25T18:15:19.991+0000] {logging_mixin.py:188} INFO - [2024-07-25T18:15:19.991+0000] {dag.py:3089} INFO - Sync 1 DAGs
[2024-07-25T18:15:20.000+0000] {logging_mixin.py:188} INFO - [2024-07-25T18:15:19.999+0000] {dag.py:3947} INFO - Setting next_dagrun for catchup_backfill_dag to 2024-07-24 00:00:00+00:00, run_after=2024-07-25 00:00:00+00:00
[2024-07-25T18:15:20.005+0000] {processor.py:183} INFO - Processing /opt/airflow/dags/4_catchup_backfill_dag.py took 0.037 seconds
[2024-07-25T18:15:50.627+0000] {processor.py:161} INFO - Started process (PID=1980) to work on /opt/airflow/dags/4_catchup_backfill_dag.py
[2024-07-25T18:15:50.628+0000] {processor.py:830} INFO - Processing file /opt/airflow/dags/4_catchup_backfill_dag.py for tasks to queue
[2024-07-25T18:15:50.628+0000] {logging_mixin.py:188} INFO - [2024-07-25T18:15:50.628+0000] {dagbag.py:545} INFO - Filling up the DagBag from /opt/airflow/dags/4_catchup_backfill_dag.py
[2024-07-25T18:15:50.633+0000] {processor.py:840} INFO - DAG(s) 'catchup_backfill_dag' retrieved from /opt/airflow/dags/4_catchup_backfill_dag.py
[2024-07-25T18:15:50.651+0000] {logging_mixin.py:188} INFO - [2024-07-25T18:15:50.651+0000] {dag.py:3089} INFO - Sync 1 DAGs
[2024-07-25T18:15:50.660+0000] {logging_mixin.py:188} INFO - [2024-07-25T18:15:50.660+0000] {dag.py:3947} INFO - Setting next_dagrun for catchup_backfill_dag to 2024-07-24 00:00:00+00:00, run_after=2024-07-25 00:00:00+00:00
[2024-07-25T18:15:50.665+0000] {processor.py:183} INFO - Processing /opt/airflow/dags/4_catchup_backfill_dag.py took 0.041 seconds
[2024-07-25T18:16:21.521+0000] {processor.py:161} INFO - Started process (PID=1992) to work on /opt/airflow/dags/4_catchup_backfill_dag.py
[2024-07-25T18:16:21.522+0000] {processor.py:830} INFO - Processing file /opt/airflow/dags/4_catchup_backfill_dag.py for tasks to queue
[2024-07-25T18:16:21.524+0000] {logging_mixin.py:188} INFO - [2024-07-25T18:16:21.524+0000] {dagbag.py:545} INFO - Filling up the DagBag from /opt/airflow/dags/4_catchup_backfill_dag.py
[2024-07-25T18:16:21.547+0000] {processor.py:840} INFO - DAG(s) 'catchup_backfill_dag' retrieved from /opt/airflow/dags/4_catchup_backfill_dag.py
[2024-07-25T18:16:21.565+0000] {logging_mixin.py:188} INFO - [2024-07-25T18:16:21.565+0000] {dag.py:3089} INFO - Sync 1 DAGs
[2024-07-25T18:16:21.579+0000] {logging_mixin.py:188} INFO - [2024-07-25T18:16:21.578+0000] {dag.py:3947} INFO - Setting next_dagrun for catchup_backfill_dag to 2024-07-24 00:00:00+00:00, run_after=2024-07-25 00:00:00+00:00
[2024-07-25T18:16:21.586+0000] {processor.py:183} INFO - Processing /opt/airflow/dags/4_catchup_backfill_dag.py took 0.069 seconds
[2024-07-25T18:16:52.143+0000] {processor.py:161} INFO - Started process (PID=2004) to work on /opt/airflow/dags/4_catchup_backfill_dag.py
[2024-07-25T18:16:52.144+0000] {processor.py:830} INFO - Processing file /opt/airflow/dags/4_catchup_backfill_dag.py for tasks to queue
[2024-07-25T18:16:52.144+0000] {logging_mixin.py:188} INFO - [2024-07-25T18:16:52.144+0000] {dagbag.py:545} INFO - Filling up the DagBag from /opt/airflow/dags/4_catchup_backfill_dag.py
[2024-07-25T18:16:52.148+0000] {processor.py:840} INFO - DAG(s) 'catchup_backfill_dag' retrieved from /opt/airflow/dags/4_catchup_backfill_dag.py
[2024-07-25T18:16:52.158+0000] {logging_mixin.py:188} INFO - [2024-07-25T18:16:52.158+0000] {dag.py:3089} INFO - Sync 1 DAGs
[2024-07-25T18:16:52.166+0000] {logging_mixin.py:188} INFO - [2024-07-25T18:16:52.166+0000] {dag.py:3947} INFO - Setting next_dagrun for catchup_backfill_dag to 2024-07-24 00:00:00+00:00, run_after=2024-07-25 00:00:00+00:00
[2024-07-25T18:16:52.171+0000] {processor.py:183} INFO - Processing /opt/airflow/dags/4_catchup_backfill_dag.py took 0.030 seconds
[2024-07-25T18:17:22.820+0000] {processor.py:161} INFO - Started process (PID=2016) to work on /opt/airflow/dags/4_catchup_backfill_dag.py
[2024-07-25T18:17:22.821+0000] {processor.py:830} INFO - Processing file /opt/airflow/dags/4_catchup_backfill_dag.py for tasks to queue
[2024-07-25T18:17:22.821+0000] {logging_mixin.py:188} INFO - [2024-07-25T18:17:22.821+0000] {dagbag.py:545} INFO - Filling up the DagBag from /opt/airflow/dags/4_catchup_backfill_dag.py
[2024-07-25T18:17:22.825+0000] {processor.py:840} INFO - DAG(s) 'catchup_backfill_dag' retrieved from /opt/airflow/dags/4_catchup_backfill_dag.py
[2024-07-25T18:17:22.836+0000] {logging_mixin.py:188} INFO - [2024-07-25T18:17:22.836+0000] {dag.py:3089} INFO - Sync 1 DAGs
[2024-07-25T18:17:22.845+0000] {logging_mixin.py:188} INFO - [2024-07-25T18:17:22.845+0000] {dag.py:3947} INFO - Setting next_dagrun for catchup_backfill_dag to 2024-07-24 00:00:00+00:00, run_after=2024-07-25 00:00:00+00:00
[2024-07-25T18:17:22.850+0000] {processor.py:183} INFO - Processing /opt/airflow/dags/4_catchup_backfill_dag.py took 0.032 seconds
[2024-07-25T18:17:53.272+0000] {processor.py:161} INFO - Started process (PID=2028) to work on /opt/airflow/dags/4_catchup_backfill_dag.py
[2024-07-25T18:17:53.273+0000] {processor.py:830} INFO - Processing file /opt/airflow/dags/4_catchup_backfill_dag.py for tasks to queue
[2024-07-25T18:17:53.273+0000] {logging_mixin.py:188} INFO - [2024-07-25T18:17:53.273+0000] {dagbag.py:545} INFO - Filling up the DagBag from /opt/airflow/dags/4_catchup_backfill_dag.py
[2024-07-25T18:17:53.277+0000] {processor.py:840} INFO - DAG(s) 'catchup_backfill_dag' retrieved from /opt/airflow/dags/4_catchup_backfill_dag.py
[2024-07-25T18:17:53.287+0000] {logging_mixin.py:188} INFO - [2024-07-25T18:17:53.287+0000] {dag.py:3089} INFO - Sync 1 DAGs
[2024-07-25T18:17:53.295+0000] {logging_mixin.py:188} INFO - [2024-07-25T18:17:53.295+0000] {dag.py:3947} INFO - Setting next_dagrun for catchup_backfill_dag to 2024-07-24 00:00:00+00:00, run_after=2024-07-25 00:00:00+00:00
[2024-07-25T18:17:53.300+0000] {processor.py:183} INFO - Processing /opt/airflow/dags/4_catchup_backfill_dag.py took 0.030 seconds
[2024-07-25T18:18:23.757+0000] {processor.py:161} INFO - Started process (PID=2040) to work on /opt/airflow/dags/4_catchup_backfill_dag.py
[2024-07-25T18:18:23.757+0000] {processor.py:830} INFO - Processing file /opt/airflow/dags/4_catchup_backfill_dag.py for tasks to queue
[2024-07-25T18:18:23.758+0000] {logging_mixin.py:188} INFO - [2024-07-25T18:18:23.758+0000] {dagbag.py:545} INFO - Filling up the DagBag from /opt/airflow/dags/4_catchup_backfill_dag.py
[2024-07-25T18:18:23.761+0000] {processor.py:840} INFO - DAG(s) 'catchup_backfill_dag' retrieved from /opt/airflow/dags/4_catchup_backfill_dag.py
[2024-07-25T18:18:23.772+0000] {logging_mixin.py:188} INFO - [2024-07-25T18:18:23.772+0000] {dag.py:3089} INFO - Sync 1 DAGs
[2024-07-25T18:18:23.779+0000] {logging_mixin.py:188} INFO - [2024-07-25T18:18:23.779+0000] {dag.py:3947} INFO - Setting next_dagrun for catchup_backfill_dag to 2024-07-24 00:00:00+00:00, run_after=2024-07-25 00:00:00+00:00
[2024-07-25T18:18:23.784+0000] {processor.py:183} INFO - Processing /opt/airflow/dags/4_catchup_backfill_dag.py took 0.029 seconds
[2024-07-25T18:18:54.395+0000] {processor.py:161} INFO - Started process (PID=2052) to work on /opt/airflow/dags/4_catchup_backfill_dag.py
[2024-07-25T18:18:54.395+0000] {processor.py:830} INFO - Processing file /opt/airflow/dags/4_catchup_backfill_dag.py for tasks to queue
[2024-07-25T18:18:54.396+0000] {logging_mixin.py:188} INFO - [2024-07-25T18:18:54.396+0000] {dagbag.py:545} INFO - Filling up the DagBag from /opt/airflow/dags/4_catchup_backfill_dag.py
[2024-07-25T18:18:54.402+0000] {processor.py:840} INFO - DAG(s) 'catchup_backfill_dag' retrieved from /opt/airflow/dags/4_catchup_backfill_dag.py
[2024-07-25T18:18:54.419+0000] {logging_mixin.py:188} INFO - [2024-07-25T18:18:54.419+0000] {dag.py:3089} INFO - Sync 1 DAGs
[2024-07-25T18:18:54.429+0000] {logging_mixin.py:188} INFO - [2024-07-25T18:18:54.428+0000] {dag.py:3947} INFO - Setting next_dagrun for catchup_backfill_dag to 2024-07-24 00:00:00+00:00, run_after=2024-07-25 00:00:00+00:00
[2024-07-25T18:18:54.437+0000] {processor.py:183} INFO - Processing /opt/airflow/dags/4_catchup_backfill_dag.py took 0.046 seconds
[2024-07-25T18:19:25.060+0000] {processor.py:161} INFO - Started process (PID=2064) to work on /opt/airflow/dags/4_catchup_backfill_dag.py
[2024-07-25T18:19:25.060+0000] {processor.py:830} INFO - Processing file /opt/airflow/dags/4_catchup_backfill_dag.py for tasks to queue
[2024-07-25T18:19:25.061+0000] {logging_mixin.py:188} INFO - [2024-07-25T18:19:25.060+0000] {dagbag.py:545} INFO - Filling up the DagBag from /opt/airflow/dags/4_catchup_backfill_dag.py
[2024-07-25T18:19:25.064+0000] {processor.py:840} INFO - DAG(s) 'catchup_backfill_dag' retrieved from /opt/airflow/dags/4_catchup_backfill_dag.py
[2024-07-25T18:19:25.075+0000] {logging_mixin.py:188} INFO - [2024-07-25T18:19:25.075+0000] {dag.py:3089} INFO - Sync 1 DAGs
[2024-07-25T18:19:25.083+0000] {logging_mixin.py:188} INFO - [2024-07-25T18:19:25.083+0000] {dag.py:3947} INFO - Setting next_dagrun for catchup_backfill_dag to 2024-07-24 00:00:00+00:00, run_after=2024-07-25 00:00:00+00:00
[2024-07-25T18:19:25.087+0000] {processor.py:183} INFO - Processing /opt/airflow/dags/4_catchup_backfill_dag.py took 0.030 seconds
[2024-07-25T18:19:55.668+0000] {processor.py:161} INFO - Started process (PID=2076) to work on /opt/airflow/dags/4_catchup_backfill_dag.py
[2024-07-25T18:19:55.668+0000] {processor.py:830} INFO - Processing file /opt/airflow/dags/4_catchup_backfill_dag.py for tasks to queue
[2024-07-25T18:19:55.669+0000] {logging_mixin.py:188} INFO - [2024-07-25T18:19:55.669+0000] {dagbag.py:545} INFO - Filling up the DagBag from /opt/airflow/dags/4_catchup_backfill_dag.py
[2024-07-25T18:19:55.674+0000] {processor.py:840} INFO - DAG(s) 'catchup_backfill_dag' retrieved from /opt/airflow/dags/4_catchup_backfill_dag.py
[2024-07-25T18:19:55.690+0000] {logging_mixin.py:188} INFO - [2024-07-25T18:19:55.689+0000] {dag.py:3089} INFO - Sync 1 DAGs
[2024-07-25T18:19:55.698+0000] {logging_mixin.py:188} INFO - [2024-07-25T18:19:55.698+0000] {dag.py:3947} INFO - Setting next_dagrun for catchup_backfill_dag to 2024-07-24 00:00:00+00:00, run_after=2024-07-25 00:00:00+00:00
[2024-07-25T18:19:55.704+0000] {processor.py:183} INFO - Processing /opt/airflow/dags/4_catchup_backfill_dag.py took 0.040 seconds
[2024-07-25T18:20:26.251+0000] {processor.py:161} INFO - Started process (PID=2088) to work on /opt/airflow/dags/4_catchup_backfill_dag.py
[2024-07-25T18:20:26.252+0000] {processor.py:830} INFO - Processing file /opt/airflow/dags/4_catchup_backfill_dag.py for tasks to queue
[2024-07-25T18:20:26.252+0000] {logging_mixin.py:188} INFO - [2024-07-25T18:20:26.252+0000] {dagbag.py:545} INFO - Filling up the DagBag from /opt/airflow/dags/4_catchup_backfill_dag.py
[2024-07-25T18:20:26.256+0000] {processor.py:840} INFO - DAG(s) 'catchup_backfill_dag' retrieved from /opt/airflow/dags/4_catchup_backfill_dag.py
[2024-07-25T18:20:26.268+0000] {logging_mixin.py:188} INFO - [2024-07-25T18:20:26.268+0000] {dag.py:3089} INFO - Sync 1 DAGs
[2024-07-25T18:20:26.275+0000] {logging_mixin.py:188} INFO - [2024-07-25T18:20:26.275+0000] {dag.py:3947} INFO - Setting next_dagrun for catchup_backfill_dag to 2024-07-24 00:00:00+00:00, run_after=2024-07-25 00:00:00+00:00
[2024-07-25T18:20:26.280+0000] {processor.py:183} INFO - Processing /opt/airflow/dags/4_catchup_backfill_dag.py took 0.031 seconds
[2024-07-25T18:20:56.835+0000] {processor.py:161} INFO - Started process (PID=2100) to work on /opt/airflow/dags/4_catchup_backfill_dag.py
[2024-07-25T18:20:56.835+0000] {processor.py:830} INFO - Processing file /opt/airflow/dags/4_catchup_backfill_dag.py for tasks to queue
[2024-07-25T18:20:56.836+0000] {logging_mixin.py:188} INFO - [2024-07-25T18:20:56.836+0000] {dagbag.py:545} INFO - Filling up the DagBag from /opt/airflow/dags/4_catchup_backfill_dag.py
[2024-07-25T18:20:56.841+0000] {processor.py:840} INFO - DAG(s) 'catchup_backfill_dag' retrieved from /opt/airflow/dags/4_catchup_backfill_dag.py
[2024-07-25T18:20:56.859+0000] {logging_mixin.py:188} INFO - [2024-07-25T18:20:56.859+0000] {dag.py:3089} INFO - Sync 1 DAGs
[2024-07-25T18:20:56.875+0000] {logging_mixin.py:188} INFO - [2024-07-25T18:20:56.875+0000] {dag.py:3947} INFO - Setting next_dagrun for catchup_backfill_dag to 2024-07-24 00:00:00+00:00, run_after=2024-07-25 00:00:00+00:00
[2024-07-25T18:20:56.882+0000] {processor.py:183} INFO - Processing /opt/airflow/dags/4_catchup_backfill_dag.py took 0.050 seconds
[2024-07-25T18:21:27.556+0000] {processor.py:161} INFO - Started process (PID=2112) to work on /opt/airflow/dags/4_catchup_backfill_dag.py
[2024-07-25T18:21:27.556+0000] {processor.py:830} INFO - Processing file /opt/airflow/dags/4_catchup_backfill_dag.py for tasks to queue
[2024-07-25T18:21:27.557+0000] {logging_mixin.py:188} INFO - [2024-07-25T18:21:27.557+0000] {dagbag.py:545} INFO - Filling up the DagBag from /opt/airflow/dags/4_catchup_backfill_dag.py
[2024-07-25T18:21:27.561+0000] {processor.py:840} INFO - DAG(s) 'catchup_backfill_dag' retrieved from /opt/airflow/dags/4_catchup_backfill_dag.py
[2024-07-25T18:21:27.573+0000] {logging_mixin.py:188} INFO - [2024-07-25T18:21:27.573+0000] {dag.py:3089} INFO - Sync 1 DAGs
[2024-07-25T18:21:27.581+0000] {logging_mixin.py:188} INFO - [2024-07-25T18:21:27.581+0000] {dag.py:3947} INFO - Setting next_dagrun for catchup_backfill_dag to 2024-07-24 00:00:00+00:00, run_after=2024-07-25 00:00:00+00:00
[2024-07-25T18:21:27.586+0000] {processor.py:183} INFO - Processing /opt/airflow/dags/4_catchup_backfill_dag.py took 0.032 seconds
[2024-07-25T18:21:58.008+0000] {processor.py:161} INFO - Started process (PID=2124) to work on /opt/airflow/dags/4_catchup_backfill_dag.py
[2024-07-25T18:21:58.008+0000] {processor.py:830} INFO - Processing file /opt/airflow/dags/4_catchup_backfill_dag.py for tasks to queue
[2024-07-25T18:21:58.008+0000] {logging_mixin.py:188} INFO - [2024-07-25T18:21:58.008+0000] {dagbag.py:545} INFO - Filling up the DagBag from /opt/airflow/dags/4_catchup_backfill_dag.py
[2024-07-25T18:21:58.013+0000] {processor.py:840} INFO - DAG(s) 'catchup_backfill_dag' retrieved from /opt/airflow/dags/4_catchup_backfill_dag.py
[2024-07-25T18:21:58.023+0000] {logging_mixin.py:188} INFO - [2024-07-25T18:21:58.023+0000] {dag.py:3089} INFO - Sync 1 DAGs
[2024-07-25T18:21:58.031+0000] {logging_mixin.py:188} INFO - [2024-07-25T18:21:58.031+0000] {dag.py:3947} INFO - Setting next_dagrun for catchup_backfill_dag to 2024-07-24 00:00:00+00:00, run_after=2024-07-25 00:00:00+00:00
[2024-07-25T18:21:58.036+0000] {processor.py:183} INFO - Processing /opt/airflow/dags/4_catchup_backfill_dag.py took 0.030 seconds
[2024-07-25T18:22:28.457+0000] {processor.py:161} INFO - Started process (PID=2136) to work on /opt/airflow/dags/4_catchup_backfill_dag.py
[2024-07-25T18:22:28.458+0000] {processor.py:830} INFO - Processing file /opt/airflow/dags/4_catchup_backfill_dag.py for tasks to queue
[2024-07-25T18:22:28.458+0000] {logging_mixin.py:188} INFO - [2024-07-25T18:22:28.458+0000] {dagbag.py:545} INFO - Filling up the DagBag from /opt/airflow/dags/4_catchup_backfill_dag.py
[2024-07-25T18:22:28.463+0000] {processor.py:840} INFO - DAG(s) 'catchup_backfill_dag' retrieved from /opt/airflow/dags/4_catchup_backfill_dag.py
[2024-07-25T18:22:28.478+0000] {logging_mixin.py:188} INFO - [2024-07-25T18:22:28.478+0000] {dag.py:3089} INFO - Sync 1 DAGs
[2024-07-25T18:22:28.486+0000] {logging_mixin.py:188} INFO - [2024-07-25T18:22:28.486+0000] {dag.py:3947} INFO - Setting next_dagrun for catchup_backfill_dag to 2024-07-24 00:00:00+00:00, run_after=2024-07-25 00:00:00+00:00
[2024-07-25T18:22:28.491+0000] {processor.py:183} INFO - Processing /opt/airflow/dags/4_catchup_backfill_dag.py took 0.036 seconds
[2024-07-25T18:22:58.972+0000] {processor.py:161} INFO - Started process (PID=2148) to work on /opt/airflow/dags/4_catchup_backfill_dag.py
[2024-07-25T18:22:58.972+0000] {processor.py:830} INFO - Processing file /opt/airflow/dags/4_catchup_backfill_dag.py for tasks to queue
[2024-07-25T18:22:58.973+0000] {logging_mixin.py:188} INFO - [2024-07-25T18:22:58.973+0000] {dagbag.py:545} INFO - Filling up the DagBag from /opt/airflow/dags/4_catchup_backfill_dag.py
[2024-07-25T18:22:58.977+0000] {processor.py:840} INFO - DAG(s) 'catchup_backfill_dag' retrieved from /opt/airflow/dags/4_catchup_backfill_dag.py
[2024-07-25T18:22:58.990+0000] {logging_mixin.py:188} INFO - [2024-07-25T18:22:58.990+0000] {dag.py:3089} INFO - Sync 1 DAGs
[2024-07-25T18:22:59.000+0000] {logging_mixin.py:188} INFO - [2024-07-25T18:22:59.000+0000] {dag.py:3947} INFO - Setting next_dagrun for catchup_backfill_dag to 2024-07-24 00:00:00+00:00, run_after=2024-07-25 00:00:00+00:00
[2024-07-25T18:22:59.006+0000] {processor.py:183} INFO - Processing /opt/airflow/dags/4_catchup_backfill_dag.py took 0.037 seconds
[2024-07-25T18:23:29.575+0000] {processor.py:161} INFO - Started process (PID=2160) to work on /opt/airflow/dags/4_catchup_backfill_dag.py
[2024-07-25T18:23:29.575+0000] {processor.py:830} INFO - Processing file /opt/airflow/dags/4_catchup_backfill_dag.py for tasks to queue
[2024-07-25T18:23:29.576+0000] {logging_mixin.py:188} INFO - [2024-07-25T18:23:29.576+0000] {dagbag.py:545} INFO - Filling up the DagBag from /opt/airflow/dags/4_catchup_backfill_dag.py
[2024-07-25T18:23:29.580+0000] {processor.py:840} INFO - DAG(s) 'catchup_backfill_dag' retrieved from /opt/airflow/dags/4_catchup_backfill_dag.py
[2024-07-25T18:23:29.595+0000] {logging_mixin.py:188} INFO - [2024-07-25T18:23:29.595+0000] {dag.py:3089} INFO - Sync 1 DAGs
[2024-07-25T18:23:29.603+0000] {logging_mixin.py:188} INFO - [2024-07-25T18:23:29.603+0000] {dag.py:3947} INFO - Setting next_dagrun for catchup_backfill_dag to 2024-07-24 00:00:00+00:00, run_after=2024-07-25 00:00:00+00:00
[2024-07-25T18:23:29.612+0000] {processor.py:183} INFO - Processing /opt/airflow/dags/4_catchup_backfill_dag.py took 0.040 seconds
[2024-07-25T18:24:00.103+0000] {processor.py:161} INFO - Started process (PID=2172) to work on /opt/airflow/dags/4_catchup_backfill_dag.py
[2024-07-25T18:24:00.104+0000] {processor.py:830} INFO - Processing file /opt/airflow/dags/4_catchup_backfill_dag.py for tasks to queue
[2024-07-25T18:24:00.104+0000] {logging_mixin.py:188} INFO - [2024-07-25T18:24:00.104+0000] {dagbag.py:545} INFO - Filling up the DagBag from /opt/airflow/dags/4_catchup_backfill_dag.py
[2024-07-25T18:24:00.109+0000] {processor.py:840} INFO - DAG(s) 'catchup_backfill_dag' retrieved from /opt/airflow/dags/4_catchup_backfill_dag.py
[2024-07-25T18:24:00.125+0000] {logging_mixin.py:188} INFO - [2024-07-25T18:24:00.125+0000] {dag.py:3089} INFO - Sync 1 DAGs
[2024-07-25T18:24:00.133+0000] {logging_mixin.py:188} INFO - [2024-07-25T18:24:00.133+0000] {dag.py:3947} INFO - Setting next_dagrun for catchup_backfill_dag to 2024-07-24 00:00:00+00:00, run_after=2024-07-25 00:00:00+00:00
[2024-07-25T18:24:00.139+0000] {processor.py:183} INFO - Processing /opt/airflow/dags/4_catchup_backfill_dag.py took 0.038 seconds
[2024-07-25T18:24:30.644+0000] {processor.py:161} INFO - Started process (PID=2184) to work on /opt/airflow/dags/4_catchup_backfill_dag.py
[2024-07-25T18:24:30.645+0000] {processor.py:830} INFO - Processing file /opt/airflow/dags/4_catchup_backfill_dag.py for tasks to queue
[2024-07-25T18:24:30.645+0000] {logging_mixin.py:188} INFO - [2024-07-25T18:24:30.645+0000] {dagbag.py:545} INFO - Filling up the DagBag from /opt/airflow/dags/4_catchup_backfill_dag.py
[2024-07-25T18:24:30.650+0000] {processor.py:840} INFO - DAG(s) 'catchup_backfill_dag' retrieved from /opt/airflow/dags/4_catchup_backfill_dag.py
[2024-07-25T18:24:30.662+0000] {logging_mixin.py:188} INFO - [2024-07-25T18:24:30.662+0000] {dag.py:3089} INFO - Sync 1 DAGs
[2024-07-25T18:24:30.670+0000] {logging_mixin.py:188} INFO - [2024-07-25T18:24:30.670+0000] {dag.py:3947} INFO - Setting next_dagrun for catchup_backfill_dag to 2024-07-24 00:00:00+00:00, run_after=2024-07-25 00:00:00+00:00
[2024-07-25T18:24:30.676+0000] {processor.py:183} INFO - Processing /opt/airflow/dags/4_catchup_backfill_dag.py took 0.034 seconds
[2024-07-25T18:25:01.132+0000] {processor.py:161} INFO - Started process (PID=2196) to work on /opt/airflow/dags/4_catchup_backfill_dag.py
[2024-07-25T18:25:01.132+0000] {processor.py:830} INFO - Processing file /opt/airflow/dags/4_catchup_backfill_dag.py for tasks to queue
[2024-07-25T18:25:01.133+0000] {logging_mixin.py:188} INFO - [2024-07-25T18:25:01.133+0000] {dagbag.py:545} INFO - Filling up the DagBag from /opt/airflow/dags/4_catchup_backfill_dag.py
[2024-07-25T18:25:01.137+0000] {processor.py:840} INFO - DAG(s) 'catchup_backfill_dag' retrieved from /opt/airflow/dags/4_catchup_backfill_dag.py
[2024-07-25T18:25:01.147+0000] {logging_mixin.py:188} INFO - [2024-07-25T18:25:01.147+0000] {dag.py:3089} INFO - Sync 1 DAGs
[2024-07-25T18:25:01.155+0000] {logging_mixin.py:188} INFO - [2024-07-25T18:25:01.155+0000] {dag.py:3947} INFO - Setting next_dagrun for catchup_backfill_dag to 2024-07-24 00:00:00+00:00, run_after=2024-07-25 00:00:00+00:00
[2024-07-25T18:25:01.160+0000] {processor.py:183} INFO - Processing /opt/airflow/dags/4_catchup_backfill_dag.py took 0.030 seconds
[2024-07-25T18:25:31.751+0000] {processor.py:161} INFO - Started process (PID=2208) to work on /opt/airflow/dags/4_catchup_backfill_dag.py
[2024-07-25T18:25:31.752+0000] {processor.py:830} INFO - Processing file /opt/airflow/dags/4_catchup_backfill_dag.py for tasks to queue
[2024-07-25T18:25:31.752+0000] {logging_mixin.py:188} INFO - [2024-07-25T18:25:31.752+0000] {dagbag.py:545} INFO - Filling up the DagBag from /opt/airflow/dags/4_catchup_backfill_dag.py
[2024-07-25T18:25:31.757+0000] {processor.py:840} INFO - DAG(s) 'catchup_backfill_dag' retrieved from /opt/airflow/dags/4_catchup_backfill_dag.py
[2024-07-25T18:25:31.771+0000] {logging_mixin.py:188} INFO - [2024-07-25T18:25:31.771+0000] {dag.py:3089} INFO - Sync 1 DAGs
[2024-07-25T18:25:31.781+0000] {logging_mixin.py:188} INFO - [2024-07-25T18:25:31.781+0000] {dag.py:3947} INFO - Setting next_dagrun for catchup_backfill_dag to 2024-07-24 00:00:00+00:00, run_after=2024-07-25 00:00:00+00:00
[2024-07-25T18:25:31.786+0000] {processor.py:183} INFO - Processing /opt/airflow/dags/4_catchup_backfill_dag.py took 0.038 seconds
[2024-07-25T18:26:02.297+0000] {processor.py:161} INFO - Started process (PID=2220) to work on /opt/airflow/dags/4_catchup_backfill_dag.py
[2024-07-25T18:26:02.298+0000] {processor.py:830} INFO - Processing file /opt/airflow/dags/4_catchup_backfill_dag.py for tasks to queue
[2024-07-25T18:26:02.298+0000] {logging_mixin.py:188} INFO - [2024-07-25T18:26:02.298+0000] {dagbag.py:545} INFO - Filling up the DagBag from /opt/airflow/dags/4_catchup_backfill_dag.py
[2024-07-25T18:26:02.302+0000] {processor.py:840} INFO - DAG(s) 'catchup_backfill_dag' retrieved from /opt/airflow/dags/4_catchup_backfill_dag.py
[2024-07-25T18:26:02.312+0000] {logging_mixin.py:188} INFO - [2024-07-25T18:26:02.312+0000] {dag.py:3089} INFO - Sync 1 DAGs
[2024-07-25T18:26:02.320+0000] {logging_mixin.py:188} INFO - [2024-07-25T18:26:02.319+0000] {dag.py:3947} INFO - Setting next_dagrun for catchup_backfill_dag to 2024-07-24 00:00:00+00:00, run_after=2024-07-25 00:00:00+00:00
[2024-07-25T18:26:02.324+0000] {processor.py:183} INFO - Processing /opt/airflow/dags/4_catchup_backfill_dag.py took 0.029 seconds
[2024-07-25T18:26:32.885+0000] {processor.py:161} INFO - Started process (PID=2232) to work on /opt/airflow/dags/4_catchup_backfill_dag.py
[2024-07-25T18:26:32.885+0000] {processor.py:830} INFO - Processing file /opt/airflow/dags/4_catchup_backfill_dag.py for tasks to queue
[2024-07-25T18:26:32.886+0000] {logging_mixin.py:188} INFO - [2024-07-25T18:26:32.886+0000] {dagbag.py:545} INFO - Filling up the DagBag from /opt/airflow/dags/4_catchup_backfill_dag.py
[2024-07-25T18:26:32.890+0000] {processor.py:840} INFO - DAG(s) 'catchup_backfill_dag' retrieved from /opt/airflow/dags/4_catchup_backfill_dag.py
[2024-07-25T18:26:32.902+0000] {logging_mixin.py:188} INFO - [2024-07-25T18:26:32.902+0000] {dag.py:3089} INFO - Sync 1 DAGs
[2024-07-25T18:26:32.910+0000] {logging_mixin.py:188} INFO - [2024-07-25T18:26:32.910+0000] {dag.py:3947} INFO - Setting next_dagrun for catchup_backfill_dag to 2024-07-24 00:00:00+00:00, run_after=2024-07-25 00:00:00+00:00
[2024-07-25T18:26:32.915+0000] {processor.py:183} INFO - Processing /opt/airflow/dags/4_catchup_backfill_dag.py took 0.033 seconds
[2024-07-25T18:27:03.481+0000] {processor.py:161} INFO - Started process (PID=2244) to work on /opt/airflow/dags/4_catchup_backfill_dag.py
[2024-07-25T18:27:03.481+0000] {processor.py:830} INFO - Processing file /opt/airflow/dags/4_catchup_backfill_dag.py for tasks to queue
[2024-07-25T18:27:03.482+0000] {logging_mixin.py:188} INFO - [2024-07-25T18:27:03.482+0000] {dagbag.py:545} INFO - Filling up the DagBag from /opt/airflow/dags/4_catchup_backfill_dag.py
[2024-07-25T18:27:03.489+0000] {processor.py:840} INFO - DAG(s) 'catchup_backfill_dag' retrieved from /opt/airflow/dags/4_catchup_backfill_dag.py
[2024-07-25T18:27:03.508+0000] {logging_mixin.py:188} INFO - [2024-07-25T18:27:03.508+0000] {dag.py:3089} INFO - Sync 1 DAGs
[2024-07-25T18:27:03.516+0000] {logging_mixin.py:188} INFO - [2024-07-25T18:27:03.516+0000] {dag.py:3947} INFO - Setting next_dagrun for catchup_backfill_dag to 2024-07-24 00:00:00+00:00, run_after=2024-07-25 00:00:00+00:00
[2024-07-25T18:27:03.522+0000] {processor.py:183} INFO - Processing /opt/airflow/dags/4_catchup_backfill_dag.py took 0.044 seconds
[2024-07-25T18:27:34.040+0000] {processor.py:161} INFO - Started process (PID=2256) to work on /opt/airflow/dags/4_catchup_backfill_dag.py
[2024-07-25T18:27:34.041+0000] {processor.py:830} INFO - Processing file /opt/airflow/dags/4_catchup_backfill_dag.py for tasks to queue
[2024-07-25T18:27:34.041+0000] {logging_mixin.py:188} INFO - [2024-07-25T18:27:34.041+0000] {dagbag.py:545} INFO - Filling up the DagBag from /opt/airflow/dags/4_catchup_backfill_dag.py
[2024-07-25T18:27:34.045+0000] {processor.py:840} INFO - DAG(s) 'catchup_backfill_dag' retrieved from /opt/airflow/dags/4_catchup_backfill_dag.py
[2024-07-25T18:27:34.055+0000] {logging_mixin.py:188} INFO - [2024-07-25T18:27:34.055+0000] {dag.py:3089} INFO - Sync 1 DAGs
[2024-07-25T18:27:34.063+0000] {logging_mixin.py:188} INFO - [2024-07-25T18:27:34.063+0000] {dag.py:3947} INFO - Setting next_dagrun for catchup_backfill_dag to 2024-07-24 00:00:00+00:00, run_after=2024-07-25 00:00:00+00:00
[2024-07-25T18:27:34.067+0000] {processor.py:183} INFO - Processing /opt/airflow/dags/4_catchup_backfill_dag.py took 0.029 seconds
[2024-07-25T18:28:04.525+0000] {processor.py:161} INFO - Started process (PID=2268) to work on /opt/airflow/dags/4_catchup_backfill_dag.py
[2024-07-25T18:28:04.526+0000] {processor.py:830} INFO - Processing file /opt/airflow/dags/4_catchup_backfill_dag.py for tasks to queue
[2024-07-25T18:28:04.526+0000] {logging_mixin.py:188} INFO - [2024-07-25T18:28:04.526+0000] {dagbag.py:545} INFO - Filling up the DagBag from /opt/airflow/dags/4_catchup_backfill_dag.py
[2024-07-25T18:28:04.531+0000] {processor.py:840} INFO - DAG(s) 'catchup_backfill_dag' retrieved from /opt/airflow/dags/4_catchup_backfill_dag.py
[2024-07-25T18:28:04.554+0000] {logging_mixin.py:188} INFO - [2024-07-25T18:28:04.554+0000] {dag.py:3089} INFO - Sync 1 DAGs
[2024-07-25T18:28:04.563+0000] {logging_mixin.py:188} INFO - [2024-07-25T18:28:04.563+0000] {dag.py:3947} INFO - Setting next_dagrun for catchup_backfill_dag to 2024-07-24 00:00:00+00:00, run_after=2024-07-25 00:00:00+00:00
[2024-07-25T18:28:04.568+0000] {processor.py:183} INFO - Processing /opt/airflow/dags/4_catchup_backfill_dag.py took 0.046 seconds
[2024-07-25T18:28:35.042+0000] {processor.py:161} INFO - Started process (PID=2280) to work on /opt/airflow/dags/4_catchup_backfill_dag.py
[2024-07-25T18:28:35.042+0000] {processor.py:830} INFO - Processing file /opt/airflow/dags/4_catchup_backfill_dag.py for tasks to queue
[2024-07-25T18:28:35.043+0000] {logging_mixin.py:188} INFO - [2024-07-25T18:28:35.042+0000] {dagbag.py:545} INFO - Filling up the DagBag from /opt/airflow/dags/4_catchup_backfill_dag.py
[2024-07-25T18:28:35.047+0000] {processor.py:840} INFO - DAG(s) 'catchup_backfill_dag' retrieved from /opt/airflow/dags/4_catchup_backfill_dag.py
[2024-07-25T18:28:35.063+0000] {logging_mixin.py:188} INFO - [2024-07-25T18:28:35.063+0000] {dag.py:3089} INFO - Sync 1 DAGs
[2024-07-25T18:28:35.074+0000] {logging_mixin.py:188} INFO - [2024-07-25T18:28:35.074+0000] {dag.py:3947} INFO - Setting next_dagrun for catchup_backfill_dag to 2024-07-24 00:00:00+00:00, run_after=2024-07-25 00:00:00+00:00
[2024-07-25T18:28:35.080+0000] {processor.py:183} INFO - Processing /opt/airflow/dags/4_catchup_backfill_dag.py took 0.040 seconds
[2024-07-25T18:29:05.645+0000] {processor.py:161} INFO - Started process (PID=2292) to work on /opt/airflow/dags/4_catchup_backfill_dag.py
[2024-07-25T18:29:05.646+0000] {processor.py:830} INFO - Processing file /opt/airflow/dags/4_catchup_backfill_dag.py for tasks to queue
[2024-07-25T18:29:05.647+0000] {logging_mixin.py:188} INFO - [2024-07-25T18:29:05.647+0000] {dagbag.py:545} INFO - Filling up the DagBag from /opt/airflow/dags/4_catchup_backfill_dag.py
[2024-07-25T18:29:05.651+0000] {processor.py:840} INFO - DAG(s) 'catchup_backfill_dag' retrieved from /opt/airflow/dags/4_catchup_backfill_dag.py
[2024-07-25T18:29:05.670+0000] {logging_mixin.py:188} INFO - [2024-07-25T18:29:05.669+0000] {dag.py:3089} INFO - Sync 1 DAGs
[2024-07-25T18:29:05.678+0000] {logging_mixin.py:188} INFO - [2024-07-25T18:29:05.678+0000] {dag.py:3947} INFO - Setting next_dagrun for catchup_backfill_dag to 2024-07-24 00:00:00+00:00, run_after=2024-07-25 00:00:00+00:00
[2024-07-25T18:29:05.690+0000] {processor.py:183} INFO - Processing /opt/airflow/dags/4_catchup_backfill_dag.py took 0.047 seconds
[2024-07-25T18:29:36.351+0000] {processor.py:161} INFO - Started process (PID=2304) to work on /opt/airflow/dags/4_catchup_backfill_dag.py
[2024-07-25T18:29:36.352+0000] {processor.py:830} INFO - Processing file /opt/airflow/dags/4_catchup_backfill_dag.py for tasks to queue
[2024-07-25T18:29:36.352+0000] {logging_mixin.py:188} INFO - [2024-07-25T18:29:36.352+0000] {dagbag.py:545} INFO - Filling up the DagBag from /opt/airflow/dags/4_catchup_backfill_dag.py
[2024-07-25T18:29:36.358+0000] {processor.py:840} INFO - DAG(s) 'catchup_backfill_dag' retrieved from /opt/airflow/dags/4_catchup_backfill_dag.py
[2024-07-25T18:29:36.369+0000] {logging_mixin.py:188} INFO - [2024-07-25T18:29:36.369+0000] {dag.py:3089} INFO - Sync 1 DAGs
[2024-07-25T18:29:36.376+0000] {logging_mixin.py:188} INFO - [2024-07-25T18:29:36.376+0000] {dag.py:3947} INFO - Setting next_dagrun for catchup_backfill_dag to 2024-07-24 00:00:00+00:00, run_after=2024-07-25 00:00:00+00:00
[2024-07-25T18:29:36.381+0000] {processor.py:183} INFO - Processing /opt/airflow/dags/4_catchup_backfill_dag.py took 0.033 seconds
[2024-07-25T18:30:07.015+0000] {processor.py:161} INFO - Started process (PID=2316) to work on /opt/airflow/dags/4_catchup_backfill_dag.py
[2024-07-25T18:30:07.016+0000] {processor.py:830} INFO - Processing file /opt/airflow/dags/4_catchup_backfill_dag.py for tasks to queue
[2024-07-25T18:30:07.016+0000] {logging_mixin.py:188} INFO - [2024-07-25T18:30:07.016+0000] {dagbag.py:545} INFO - Filling up the DagBag from /opt/airflow/dags/4_catchup_backfill_dag.py
[2024-07-25T18:30:07.025+0000] {processor.py:840} INFO - DAG(s) 'catchup_backfill_dag' retrieved from /opt/airflow/dags/4_catchup_backfill_dag.py
[2024-07-25T18:30:07.045+0000] {logging_mixin.py:188} INFO - [2024-07-25T18:30:07.045+0000] {dag.py:3089} INFO - Sync 1 DAGs
[2024-07-25T18:30:07.057+0000] {logging_mixin.py:188} INFO - [2024-07-25T18:30:07.057+0000] {dag.py:3947} INFO - Setting next_dagrun for catchup_backfill_dag to 2024-07-24 00:00:00+00:00, run_after=2024-07-25 00:00:00+00:00
[2024-07-25T18:30:07.065+0000] {processor.py:183} INFO - Processing /opt/airflow/dags/4_catchup_backfill_dag.py took 0.059 seconds
[2024-07-25T18:30:37.688+0000] {processor.py:161} INFO - Started process (PID=2328) to work on /opt/airflow/dags/4_catchup_backfill_dag.py
[2024-07-25T18:30:37.689+0000] {processor.py:830} INFO - Processing file /opt/airflow/dags/4_catchup_backfill_dag.py for tasks to queue
[2024-07-25T18:30:37.689+0000] {logging_mixin.py:188} INFO - [2024-07-25T18:30:37.689+0000] {dagbag.py:545} INFO - Filling up the DagBag from /opt/airflow/dags/4_catchup_backfill_dag.py
[2024-07-25T18:30:37.694+0000] {processor.py:840} INFO - DAG(s) 'catchup_backfill_dag' retrieved from /opt/airflow/dags/4_catchup_backfill_dag.py
[2024-07-25T18:30:37.706+0000] {logging_mixin.py:188} INFO - [2024-07-25T18:30:37.706+0000] {dag.py:3089} INFO - Sync 1 DAGs
[2024-07-25T18:30:37.715+0000] {logging_mixin.py:188} INFO - [2024-07-25T18:30:37.715+0000] {dag.py:3947} INFO - Setting next_dagrun for catchup_backfill_dag to 2024-07-24 00:00:00+00:00, run_after=2024-07-25 00:00:00+00:00
[2024-07-25T18:30:37.720+0000] {processor.py:183} INFO - Processing /opt/airflow/dags/4_catchup_backfill_dag.py took 0.035 seconds
[2024-07-25T18:31:08.247+0000] {processor.py:161} INFO - Started process (PID=2340) to work on /opt/airflow/dags/4_catchup_backfill_dag.py
[2024-07-25T18:31:08.247+0000] {processor.py:830} INFO - Processing file /opt/airflow/dags/4_catchup_backfill_dag.py for tasks to queue
[2024-07-25T18:31:08.248+0000] {logging_mixin.py:188} INFO - [2024-07-25T18:31:08.248+0000] {dagbag.py:545} INFO - Filling up the DagBag from /opt/airflow/dags/4_catchup_backfill_dag.py
[2024-07-25T18:31:08.253+0000] {processor.py:840} INFO - DAG(s) 'catchup_backfill_dag' retrieved from /opt/airflow/dags/4_catchup_backfill_dag.py
[2024-07-25T18:31:08.266+0000] {logging_mixin.py:188} INFO - [2024-07-25T18:31:08.266+0000] {dag.py:3089} INFO - Sync 1 DAGs
[2024-07-25T18:31:08.274+0000] {logging_mixin.py:188} INFO - [2024-07-25T18:31:08.274+0000] {dag.py:3947} INFO - Setting next_dagrun for catchup_backfill_dag to 2024-07-24 00:00:00+00:00, run_after=2024-07-25 00:00:00+00:00
[2024-07-25T18:31:08.280+0000] {processor.py:183} INFO - Processing /opt/airflow/dags/4_catchup_backfill_dag.py took 0.036 seconds
[2024-07-25T18:31:38.826+0000] {processor.py:161} INFO - Started process (PID=2352) to work on /opt/airflow/dags/4_catchup_backfill_dag.py
[2024-07-25T18:31:38.827+0000] {processor.py:830} INFO - Processing file /opt/airflow/dags/4_catchup_backfill_dag.py for tasks to queue
[2024-07-25T18:31:38.827+0000] {logging_mixin.py:188} INFO - [2024-07-25T18:31:38.827+0000] {dagbag.py:545} INFO - Filling up the DagBag from /opt/airflow/dags/4_catchup_backfill_dag.py
[2024-07-25T18:31:38.831+0000] {processor.py:840} INFO - DAG(s) 'catchup_backfill_dag' retrieved from /opt/airflow/dags/4_catchup_backfill_dag.py
[2024-07-25T18:31:38.841+0000] {logging_mixin.py:188} INFO - [2024-07-25T18:31:38.841+0000] {dag.py:3089} INFO - Sync 1 DAGs
[2024-07-25T18:31:38.849+0000] {logging_mixin.py:188} INFO - [2024-07-25T18:31:38.849+0000] {dag.py:3947} INFO - Setting next_dagrun for catchup_backfill_dag to 2024-07-24 00:00:00+00:00, run_after=2024-07-25 00:00:00+00:00
[2024-07-25T18:31:38.854+0000] {processor.py:183} INFO - Processing /opt/airflow/dags/4_catchup_backfill_dag.py took 0.031 seconds
[2024-07-25T18:32:09.327+0000] {processor.py:161} INFO - Started process (PID=2364) to work on /opt/airflow/dags/4_catchup_backfill_dag.py
[2024-07-25T18:32:09.328+0000] {processor.py:830} INFO - Processing file /opt/airflow/dags/4_catchup_backfill_dag.py for tasks to queue
[2024-07-25T18:32:09.328+0000] {logging_mixin.py:188} INFO - [2024-07-25T18:32:09.328+0000] {dagbag.py:545} INFO - Filling up the DagBag from /opt/airflow/dags/4_catchup_backfill_dag.py
[2024-07-25T18:32:09.332+0000] {processor.py:840} INFO - DAG(s) 'catchup_backfill_dag' retrieved from /opt/airflow/dags/4_catchup_backfill_dag.py
[2024-07-25T18:32:09.344+0000] {logging_mixin.py:188} INFO - [2024-07-25T18:32:09.344+0000] {dag.py:3089} INFO - Sync 1 DAGs
[2024-07-25T18:32:09.353+0000] {logging_mixin.py:188} INFO - [2024-07-25T18:32:09.353+0000] {dag.py:3947} INFO - Setting next_dagrun for catchup_backfill_dag to 2024-07-24 00:00:00+00:00, run_after=2024-07-25 00:00:00+00:00
[2024-07-25T18:32:09.358+0000] {processor.py:183} INFO - Processing /opt/airflow/dags/4_catchup_backfill_dag.py took 0.033 seconds
[2024-07-25T18:32:39.835+0000] {processor.py:161} INFO - Started process (PID=2376) to work on /opt/airflow/dags/4_catchup_backfill_dag.py
[2024-07-25T18:32:39.836+0000] {processor.py:830} INFO - Processing file /opt/airflow/dags/4_catchup_backfill_dag.py for tasks to queue
[2024-07-25T18:32:39.836+0000] {logging_mixin.py:188} INFO - [2024-07-25T18:32:39.836+0000] {dagbag.py:545} INFO - Filling up the DagBag from /opt/airflow/dags/4_catchup_backfill_dag.py
[2024-07-25T18:32:39.841+0000] {processor.py:840} INFO - DAG(s) 'catchup_backfill_dag' retrieved from /opt/airflow/dags/4_catchup_backfill_dag.py
[2024-07-25T18:32:39.852+0000] {logging_mixin.py:188} INFO - [2024-07-25T18:32:39.852+0000] {dag.py:3089} INFO - Sync 1 DAGs
[2024-07-25T18:32:39.860+0000] {logging_mixin.py:188} INFO - [2024-07-25T18:32:39.860+0000] {dag.py:3947} INFO - Setting next_dagrun for catchup_backfill_dag to 2024-07-24 00:00:00+00:00, run_after=2024-07-25 00:00:00+00:00
[2024-07-25T18:32:39.865+0000] {processor.py:183} INFO - Processing /opt/airflow/dags/4_catchup_backfill_dag.py took 0.032 seconds
[2024-07-25T18:33:10.340+0000] {processor.py:161} INFO - Started process (PID=2388) to work on /opt/airflow/dags/4_catchup_backfill_dag.py
[2024-07-25T18:33:10.341+0000] {processor.py:830} INFO - Processing file /opt/airflow/dags/4_catchup_backfill_dag.py for tasks to queue
[2024-07-25T18:33:10.341+0000] {logging_mixin.py:188} INFO - [2024-07-25T18:33:10.341+0000] {dagbag.py:545} INFO - Filling up the DagBag from /opt/airflow/dags/4_catchup_backfill_dag.py
[2024-07-25T18:33:10.345+0000] {processor.py:840} INFO - DAG(s) 'catchup_backfill_dag' retrieved from /opt/airflow/dags/4_catchup_backfill_dag.py
[2024-07-25T18:33:10.357+0000] {logging_mixin.py:188} INFO - [2024-07-25T18:33:10.357+0000] {dag.py:3089} INFO - Sync 1 DAGs
[2024-07-25T18:33:10.366+0000] {logging_mixin.py:188} INFO - [2024-07-25T18:33:10.365+0000] {dag.py:3947} INFO - Setting next_dagrun for catchup_backfill_dag to 2024-07-24 00:00:00+00:00, run_after=2024-07-25 00:00:00+00:00
[2024-07-25T18:33:10.371+0000] {processor.py:183} INFO - Processing /opt/airflow/dags/4_catchup_backfill_dag.py took 0.033 seconds
[2024-07-25T18:33:40.967+0000] {processor.py:161} INFO - Started process (PID=2400) to work on /opt/airflow/dags/4_catchup_backfill_dag.py
[2024-07-25T18:33:40.969+0000] {processor.py:830} INFO - Processing file /opt/airflow/dags/4_catchup_backfill_dag.py for tasks to queue
[2024-07-25T18:33:40.969+0000] {logging_mixin.py:188} INFO - [2024-07-25T18:33:40.969+0000] {dagbag.py:545} INFO - Filling up the DagBag from /opt/airflow/dags/4_catchup_backfill_dag.py
[2024-07-25T18:33:40.975+0000] {processor.py:840} INFO - DAG(s) 'catchup_backfill_dag' retrieved from /opt/airflow/dags/4_catchup_backfill_dag.py
[2024-07-25T18:33:40.992+0000] {logging_mixin.py:188} INFO - [2024-07-25T18:33:40.992+0000] {dag.py:3089} INFO - Sync 1 DAGs
[2024-07-25T18:33:41.003+0000] {logging_mixin.py:188} INFO - [2024-07-25T18:33:41.003+0000] {dag.py:3947} INFO - Setting next_dagrun for catchup_backfill_dag to 2024-07-24 00:00:00+00:00, run_after=2024-07-25 00:00:00+00:00
[2024-07-25T18:33:41.022+0000] {processor.py:183} INFO - Processing /opt/airflow/dags/4_catchup_backfill_dag.py took 0.057 seconds
[2024-07-25T18:34:11.851+0000] {processor.py:161} INFO - Started process (PID=2412) to work on /opt/airflow/dags/4_catchup_backfill_dag.py
[2024-07-25T18:34:11.853+0000] {processor.py:830} INFO - Processing file /opt/airflow/dags/4_catchup_backfill_dag.py for tasks to queue
[2024-07-25T18:34:11.854+0000] {logging_mixin.py:188} INFO - [2024-07-25T18:34:11.854+0000] {dagbag.py:545} INFO - Filling up the DagBag from /opt/airflow/dags/4_catchup_backfill_dag.py
[2024-07-25T18:34:11.864+0000] {processor.py:840} INFO - DAG(s) 'catchup_backfill_dag' retrieved from /opt/airflow/dags/4_catchup_backfill_dag.py
[2024-07-25T18:34:11.890+0000] {logging_mixin.py:188} INFO - [2024-07-25T18:34:11.890+0000] {dag.py:3089} INFO - Sync 1 DAGs
[2024-07-25T18:34:11.910+0000] {logging_mixin.py:188} INFO - [2024-07-25T18:34:11.908+0000] {dag.py:3947} INFO - Setting next_dagrun for catchup_backfill_dag to 2024-07-24 00:00:00+00:00, run_after=2024-07-25 00:00:00+00:00
[2024-07-25T18:34:11.926+0000] {processor.py:183} INFO - Processing /opt/airflow/dags/4_catchup_backfill_dag.py took 0.098 seconds
[2024-07-25T18:34:42.509+0000] {processor.py:161} INFO - Started process (PID=2424) to work on /opt/airflow/dags/4_catchup_backfill_dag.py
[2024-07-25T18:34:42.511+0000] {processor.py:830} INFO - Processing file /opt/airflow/dags/4_catchup_backfill_dag.py for tasks to queue
[2024-07-25T18:34:42.512+0000] {logging_mixin.py:188} INFO - [2024-07-25T18:34:42.512+0000] {dagbag.py:545} INFO - Filling up the DagBag from /opt/airflow/dags/4_catchup_backfill_dag.py
[2024-07-25T18:34:42.519+0000] {processor.py:840} INFO - DAG(s) 'catchup_backfill_dag' retrieved from /opt/airflow/dags/4_catchup_backfill_dag.py
[2024-07-25T18:34:42.542+0000] {logging_mixin.py:188} INFO - [2024-07-25T18:34:42.542+0000] {dag.py:3089} INFO - Sync 1 DAGs
[2024-07-25T18:34:42.557+0000] {logging_mixin.py:188} INFO - [2024-07-25T18:34:42.557+0000] {dag.py:3947} INFO - Setting next_dagrun for catchup_backfill_dag to 2024-07-24 00:00:00+00:00, run_after=2024-07-25 00:00:00+00:00
[2024-07-25T18:34:42.572+0000] {processor.py:183} INFO - Processing /opt/airflow/dags/4_catchup_backfill_dag.py took 0.067 seconds
[2024-07-25T18:35:13.081+0000] {processor.py:161} INFO - Started process (PID=2436) to work on /opt/airflow/dags/4_catchup_backfill_dag.py
[2024-07-25T18:35:13.082+0000] {processor.py:830} INFO - Processing file /opt/airflow/dags/4_catchup_backfill_dag.py for tasks to queue
[2024-07-25T18:35:13.082+0000] {logging_mixin.py:188} INFO - [2024-07-25T18:35:13.082+0000] {dagbag.py:545} INFO - Filling up the DagBag from /opt/airflow/dags/4_catchup_backfill_dag.py
[2024-07-25T18:35:13.086+0000] {processor.py:840} INFO - DAG(s) 'catchup_backfill_dag' retrieved from /opt/airflow/dags/4_catchup_backfill_dag.py
[2024-07-25T18:35:13.096+0000] {logging_mixin.py:188} INFO - [2024-07-25T18:35:13.096+0000] {dag.py:3089} INFO - Sync 1 DAGs
[2024-07-25T18:35:13.104+0000] {logging_mixin.py:188} INFO - [2024-07-25T18:35:13.104+0000] {dag.py:3947} INFO - Setting next_dagrun for catchup_backfill_dag to 2024-07-24 00:00:00+00:00, run_after=2024-07-25 00:00:00+00:00
[2024-07-25T18:35:13.109+0000] {processor.py:183} INFO - Processing /opt/airflow/dags/4_catchup_backfill_dag.py took 0.031 seconds
[2024-07-25T18:35:43.646+0000] {processor.py:161} INFO - Started process (PID=2448) to work on /opt/airflow/dags/4_catchup_backfill_dag.py
[2024-07-25T18:35:43.647+0000] {processor.py:830} INFO - Processing file /opt/airflow/dags/4_catchup_backfill_dag.py for tasks to queue
[2024-07-25T18:35:43.647+0000] {logging_mixin.py:188} INFO - [2024-07-25T18:35:43.647+0000] {dagbag.py:545} INFO - Filling up the DagBag from /opt/airflow/dags/4_catchup_backfill_dag.py
[2024-07-25T18:35:43.653+0000] {processor.py:840} INFO - DAG(s) 'catchup_backfill_dag' retrieved from /opt/airflow/dags/4_catchup_backfill_dag.py
[2024-07-25T18:35:43.667+0000] {logging_mixin.py:188} INFO - [2024-07-25T18:35:43.667+0000] {dag.py:3089} INFO - Sync 1 DAGs
[2024-07-25T18:35:43.676+0000] {logging_mixin.py:188} INFO - [2024-07-25T18:35:43.676+0000] {dag.py:3947} INFO - Setting next_dagrun for catchup_backfill_dag to 2024-07-24 00:00:00+00:00, run_after=2024-07-25 00:00:00+00:00
[2024-07-25T18:35:43.682+0000] {processor.py:183} INFO - Processing /opt/airflow/dags/4_catchup_backfill_dag.py took 0.038 seconds
[2024-07-25T18:36:14.226+0000] {processor.py:161} INFO - Started process (PID=2460) to work on /opt/airflow/dags/4_catchup_backfill_dag.py
[2024-07-25T18:36:14.227+0000] {processor.py:830} INFO - Processing file /opt/airflow/dags/4_catchup_backfill_dag.py for tasks to queue
[2024-07-25T18:36:14.227+0000] {logging_mixin.py:188} INFO - [2024-07-25T18:36:14.227+0000] {dagbag.py:545} INFO - Filling up the DagBag from /opt/airflow/dags/4_catchup_backfill_dag.py
[2024-07-25T18:36:14.231+0000] {processor.py:840} INFO - DAG(s) 'catchup_backfill_dag' retrieved from /opt/airflow/dags/4_catchup_backfill_dag.py
[2024-07-25T18:36:14.242+0000] {logging_mixin.py:188} INFO - [2024-07-25T18:36:14.242+0000] {dag.py:3089} INFO - Sync 1 DAGs
[2024-07-25T18:36:14.250+0000] {logging_mixin.py:188} INFO - [2024-07-25T18:36:14.250+0000] {dag.py:3947} INFO - Setting next_dagrun for catchup_backfill_dag to 2024-07-24 00:00:00+00:00, run_after=2024-07-25 00:00:00+00:00
[2024-07-25T18:36:14.255+0000] {processor.py:183} INFO - Processing /opt/airflow/dags/4_catchup_backfill_dag.py took 0.031 seconds
[2024-07-25T18:36:44.960+0000] {processor.py:161} INFO - Started process (PID=2472) to work on /opt/airflow/dags/4_catchup_backfill_dag.py
[2024-07-25T18:36:44.961+0000] {processor.py:830} INFO - Processing file /opt/airflow/dags/4_catchup_backfill_dag.py for tasks to queue
[2024-07-25T18:36:44.961+0000] {logging_mixin.py:188} INFO - [2024-07-25T18:36:44.961+0000] {dagbag.py:545} INFO - Filling up the DagBag from /opt/airflow/dags/4_catchup_backfill_dag.py
[2024-07-25T18:36:44.968+0000] {processor.py:840} INFO - DAG(s) 'catchup_backfill_dag' retrieved from /opt/airflow/dags/4_catchup_backfill_dag.py
[2024-07-25T18:36:44.988+0000] {logging_mixin.py:188} INFO - [2024-07-25T18:36:44.987+0000] {dag.py:3089} INFO - Sync 1 DAGs
[2024-07-25T18:36:44.999+0000] {logging_mixin.py:188} INFO - [2024-07-25T18:36:44.999+0000] {dag.py:3947} INFO - Setting next_dagrun for catchup_backfill_dag to 2024-07-24 00:00:00+00:00, run_after=2024-07-25 00:00:00+00:00
[2024-07-25T18:36:45.006+0000] {processor.py:183} INFO - Processing /opt/airflow/dags/4_catchup_backfill_dag.py took 0.049 seconds
