[2024-07-25T18:03:36.932+0000] {processor.py:161} INFO - Started process (PID=1683) to work on /opt/airflow/dags/6_postgres_dag.py
[2024-07-25T18:03:36.932+0000] {processor.py:830} INFO - Processing file /opt/airflow/dags/6_postgres_dag.py for tasks to queue
[2024-07-25T18:03:36.933+0000] {logging_mixin.py:188} INFO - [2024-07-25T18:03:36.933+0000] {dagbag.py:545} INFO - Filling up the DagBag from /opt/airflow/dags/6_postgres_dag.py
[2024-07-25T18:03:36.951+0000] {processor.py:840} INFO - DAG(s) 'postgres_dag' retrieved from /opt/airflow/dags/6_postgres_dag.py
[2024-07-25T18:03:37.076+0000] {logging_mixin.py:188} INFO - [2024-07-25T18:03:37.076+0000] {dag.py:3089} INFO - Sync 1 DAGs
[2024-07-25T18:03:37.086+0000] {logging_mixin.py:188} INFO - [2024-07-25T18:03:37.086+0000] {dag.py:3947} INFO - Setting next_dagrun for postgres_dag to 2024-07-25 00:00:00+00:00, run_after=2024-07-26 00:00:00+00:00
[2024-07-25T18:03:37.097+0000] {processor.py:183} INFO - Processing /opt/airflow/dags/6_postgres_dag.py took 0.170 seconds
[2024-07-25T18:04:07.538+0000] {processor.py:161} INFO - Started process (PID=1695) to work on /opt/airflow/dags/6_postgres_dag.py
[2024-07-25T18:04:07.539+0000] {processor.py:830} INFO - Processing file /opt/airflow/dags/6_postgres_dag.py for tasks to queue
[2024-07-25T18:04:07.540+0000] {logging_mixin.py:188} INFO - [2024-07-25T18:04:07.540+0000] {dagbag.py:545} INFO - Filling up the DagBag from /opt/airflow/dags/6_postgres_dag.py
[2024-07-25T18:04:07.560+0000] {processor.py:840} INFO - DAG(s) 'postgres_dag' retrieved from /opt/airflow/dags/6_postgres_dag.py
[2024-07-25T18:04:07.576+0000] {logging_mixin.py:188} INFO - [2024-07-25T18:04:07.575+0000] {dag.py:3089} INFO - Sync 1 DAGs
[2024-07-25T18:04:07.589+0000] {logging_mixin.py:188} INFO - [2024-07-25T18:04:07.589+0000] {dag.py:3947} INFO - Setting next_dagrun for postgres_dag to 2024-07-25 00:00:00+00:00, run_after=2024-07-26 00:00:00+00:00
[2024-07-25T18:04:07.599+0000] {processor.py:183} INFO - Processing /opt/airflow/dags/6_postgres_dag.py took 0.070 seconds
[2024-07-25T18:04:38.024+0000] {processor.py:161} INFO - Started process (PID=1707) to work on /opt/airflow/dags/6_postgres_dag.py
[2024-07-25T18:04:38.026+0000] {processor.py:830} INFO - Processing file /opt/airflow/dags/6_postgres_dag.py for tasks to queue
[2024-07-25T18:04:38.028+0000] {logging_mixin.py:188} INFO - [2024-07-25T18:04:38.027+0000] {dagbag.py:545} INFO - Filling up the DagBag from /opt/airflow/dags/6_postgres_dag.py
[2024-07-25T18:04:38.044+0000] {processor.py:840} INFO - DAG(s) 'postgres_dag' retrieved from /opt/airflow/dags/6_postgres_dag.py
[2024-07-25T18:04:38.071+0000] {logging_mixin.py:188} INFO - [2024-07-25T18:04:38.071+0000] {dag.py:3089} INFO - Sync 1 DAGs
[2024-07-25T18:04:38.087+0000] {logging_mixin.py:188} INFO - [2024-07-25T18:04:38.087+0000] {dag.py:3947} INFO - Setting next_dagrun for postgres_dag to 2024-07-25 00:00:00+00:00, run_after=2024-07-26 00:00:00+00:00
[2024-07-25T18:04:38.098+0000] {processor.py:183} INFO - Processing /opt/airflow/dags/6_postgres_dag.py took 0.083 seconds
[2024-07-25T18:05:08.500+0000] {processor.py:161} INFO - Started process (PID=1719) to work on /opt/airflow/dags/6_postgres_dag.py
[2024-07-25T18:05:08.502+0000] {processor.py:830} INFO - Processing file /opt/airflow/dags/6_postgres_dag.py for tasks to queue
[2024-07-25T18:05:08.504+0000] {logging_mixin.py:188} INFO - [2024-07-25T18:05:08.503+0000] {dagbag.py:545} INFO - Filling up the DagBag from /opt/airflow/dags/6_postgres_dag.py
[2024-07-25T18:05:08.522+0000] {processor.py:840} INFO - DAG(s) 'postgres_dag' retrieved from /opt/airflow/dags/6_postgres_dag.py
[2024-07-25T18:05:08.544+0000] {logging_mixin.py:188} INFO - [2024-07-25T18:05:08.544+0000] {dag.py:3089} INFO - Sync 1 DAGs
[2024-07-25T18:05:08.558+0000] {logging_mixin.py:188} INFO - [2024-07-25T18:05:08.558+0000] {dag.py:3947} INFO - Setting next_dagrun for postgres_dag to 2024-07-25 00:00:00+00:00, run_after=2024-07-26 00:00:00+00:00
[2024-07-25T18:05:08.568+0000] {processor.py:183} INFO - Processing /opt/airflow/dags/6_postgres_dag.py took 0.075 seconds
[2024-07-25T18:05:38.958+0000] {processor.py:161} INFO - Started process (PID=1731) to work on /opt/airflow/dags/6_postgres_dag.py
[2024-07-25T18:05:38.961+0000] {processor.py:830} INFO - Processing file /opt/airflow/dags/6_postgres_dag.py for tasks to queue
[2024-07-25T18:05:38.962+0000] {logging_mixin.py:188} INFO - [2024-07-25T18:05:38.961+0000] {dagbag.py:545} INFO - Filling up the DagBag from /opt/airflow/dags/6_postgres_dag.py
[2024-07-25T18:05:38.973+0000] {processor.py:840} INFO - DAG(s) 'postgres_dag' retrieved from /opt/airflow/dags/6_postgres_dag.py
[2024-07-25T18:05:38.992+0000] {logging_mixin.py:188} INFO - [2024-07-25T18:05:38.992+0000] {dag.py:3089} INFO - Sync 1 DAGs
[2024-07-25T18:05:39.003+0000] {logging_mixin.py:188} INFO - [2024-07-25T18:05:39.003+0000] {dag.py:3947} INFO - Setting next_dagrun for postgres_dag to 2024-07-25 00:00:00+00:00, run_after=2024-07-26 00:00:00+00:00
[2024-07-25T18:05:39.012+0000] {processor.py:183} INFO - Processing /opt/airflow/dags/6_postgres_dag.py took 0.060 seconds
[2024-07-25T18:06:09.425+0000] {processor.py:161} INFO - Started process (PID=1744) to work on /opt/airflow/dags/6_postgres_dag.py
[2024-07-25T18:06:09.427+0000] {processor.py:830} INFO - Processing file /opt/airflow/dags/6_postgres_dag.py for tasks to queue
[2024-07-25T18:06:09.428+0000] {logging_mixin.py:188} INFO - [2024-07-25T18:06:09.428+0000] {dagbag.py:545} INFO - Filling up the DagBag from /opt/airflow/dags/6_postgres_dag.py
[2024-07-25T18:06:09.458+0000] {processor.py:840} INFO - DAG(s) 'postgres_dag' retrieved from /opt/airflow/dags/6_postgres_dag.py
[2024-07-25T18:06:09.487+0000] {logging_mixin.py:188} INFO - [2024-07-25T18:06:09.487+0000] {dag.py:3089} INFO - Sync 1 DAGs
[2024-07-25T18:06:09.501+0000] {logging_mixin.py:188} INFO - [2024-07-25T18:06:09.501+0000] {dag.py:3947} INFO - Setting next_dagrun for postgres_dag to 2024-07-25 00:00:00+00:00, run_after=2024-07-26 00:00:00+00:00
[2024-07-25T18:06:09.511+0000] {processor.py:183} INFO - Processing /opt/airflow/dags/6_postgres_dag.py took 0.095 seconds
[2024-07-25T18:06:40.213+0000] {processor.py:161} INFO - Started process (PID=1756) to work on /opt/airflow/dags/6_postgres_dag.py
[2024-07-25T18:06:40.215+0000] {processor.py:830} INFO - Processing file /opt/airflow/dags/6_postgres_dag.py for tasks to queue
[2024-07-25T18:06:40.216+0000] {logging_mixin.py:188} INFO - [2024-07-25T18:06:40.216+0000] {dagbag.py:545} INFO - Filling up the DagBag from /opt/airflow/dags/6_postgres_dag.py
[2024-07-25T18:06:40.231+0000] {processor.py:840} INFO - DAG(s) 'postgres_dag' retrieved from /opt/airflow/dags/6_postgres_dag.py
[2024-07-25T18:06:40.269+0000] {logging_mixin.py:188} INFO - [2024-07-25T18:06:40.268+0000] {dag.py:3089} INFO - Sync 1 DAGs
[2024-07-25T18:06:40.283+0000] {logging_mixin.py:188} INFO - [2024-07-25T18:06:40.283+0000] {dag.py:3947} INFO - Setting next_dagrun for postgres_dag to 2024-07-25 00:00:00+00:00, run_after=2024-07-26 00:00:00+00:00
[2024-07-25T18:06:40.291+0000] {processor.py:183} INFO - Processing /opt/airflow/dags/6_postgres_dag.py took 0.086 seconds
[2024-07-25T18:07:10.804+0000] {processor.py:161} INFO - Started process (PID=1768) to work on /opt/airflow/dags/6_postgres_dag.py
[2024-07-25T18:07:10.806+0000] {processor.py:830} INFO - Processing file /opt/airflow/dags/6_postgres_dag.py for tasks to queue
[2024-07-25T18:07:10.807+0000] {logging_mixin.py:188} INFO - [2024-07-25T18:07:10.807+0000] {dagbag.py:545} INFO - Filling up the DagBag from /opt/airflow/dags/6_postgres_dag.py
[2024-07-25T18:07:10.831+0000] {processor.py:840} INFO - DAG(s) 'postgres_dag' retrieved from /opt/airflow/dags/6_postgres_dag.py
[2024-07-25T18:07:10.864+0000] {logging_mixin.py:188} INFO - [2024-07-25T18:07:10.864+0000] {dag.py:3089} INFO - Sync 1 DAGs
[2024-07-25T18:07:10.879+0000] {logging_mixin.py:188} INFO - [2024-07-25T18:07:10.879+0000] {dag.py:3947} INFO - Setting next_dagrun for postgres_dag to 2024-07-25 00:00:00+00:00, run_after=2024-07-26 00:00:00+00:00
[2024-07-25T18:07:10.892+0000] {processor.py:183} INFO - Processing /opt/airflow/dags/6_postgres_dag.py took 0.098 seconds
[2024-07-25T18:07:41.321+0000] {processor.py:161} INFO - Started process (PID=1780) to work on /opt/airflow/dags/6_postgres_dag.py
[2024-07-25T18:07:41.323+0000] {processor.py:830} INFO - Processing file /opt/airflow/dags/6_postgres_dag.py for tasks to queue
[2024-07-25T18:07:41.325+0000] {logging_mixin.py:188} INFO - [2024-07-25T18:07:41.324+0000] {dagbag.py:545} INFO - Filling up the DagBag from /opt/airflow/dags/6_postgres_dag.py
[2024-07-25T18:07:41.362+0000] {processor.py:840} INFO - DAG(s) 'postgres_dag' retrieved from /opt/airflow/dags/6_postgres_dag.py
[2024-07-25T18:07:41.393+0000] {logging_mixin.py:188} INFO - [2024-07-25T18:07:41.392+0000] {dag.py:3089} INFO - Sync 1 DAGs
[2024-07-25T18:07:41.428+0000] {logging_mixin.py:188} INFO - [2024-07-25T18:07:41.427+0000] {dag.py:3947} INFO - Setting next_dagrun for postgres_dag to 2024-07-25 00:00:00+00:00, run_after=2024-07-26 00:00:00+00:00
[2024-07-25T18:07:41.440+0000] {processor.py:183} INFO - Processing /opt/airflow/dags/6_postgres_dag.py took 0.129 seconds
[2024-07-25T18:08:11.903+0000] {processor.py:161} INFO - Started process (PID=1792) to work on /opt/airflow/dags/6_postgres_dag.py
[2024-07-25T18:08:11.904+0000] {processor.py:830} INFO - Processing file /opt/airflow/dags/6_postgres_dag.py for tasks to queue
[2024-07-25T18:08:11.906+0000] {logging_mixin.py:188} INFO - [2024-07-25T18:08:11.905+0000] {dagbag.py:545} INFO - Filling up the DagBag from /opt/airflow/dags/6_postgres_dag.py
[2024-07-25T18:08:11.930+0000] {processor.py:840} INFO - DAG(s) 'postgres_dag' retrieved from /opt/airflow/dags/6_postgres_dag.py
[2024-07-25T18:08:11.959+0000] {logging_mixin.py:188} INFO - [2024-07-25T18:08:11.959+0000] {dag.py:3089} INFO - Sync 1 DAGs
[2024-07-25T18:08:11.972+0000] {logging_mixin.py:188} INFO - [2024-07-25T18:08:11.972+0000] {dag.py:3947} INFO - Setting next_dagrun for postgres_dag to 2024-07-25 00:00:00+00:00, run_after=2024-07-26 00:00:00+00:00
[2024-07-25T18:08:11.982+0000] {processor.py:183} INFO - Processing /opt/airflow/dags/6_postgres_dag.py took 0.088 seconds
[2024-07-25T18:08:42.414+0000] {processor.py:161} INFO - Started process (PID=1804) to work on /opt/airflow/dags/6_postgres_dag.py
[2024-07-25T18:08:42.415+0000] {processor.py:830} INFO - Processing file /opt/airflow/dags/6_postgres_dag.py for tasks to queue
[2024-07-25T18:08:42.416+0000] {logging_mixin.py:188} INFO - [2024-07-25T18:08:42.416+0000] {dagbag.py:545} INFO - Filling up the DagBag from /opt/airflow/dags/6_postgres_dag.py
[2024-07-25T18:08:42.427+0000] {processor.py:840} INFO - DAG(s) 'postgres_dag' retrieved from /opt/airflow/dags/6_postgres_dag.py
[2024-07-25T18:08:42.450+0000] {logging_mixin.py:188} INFO - [2024-07-25T18:08:42.450+0000] {dag.py:3089} INFO - Sync 1 DAGs
[2024-07-25T18:08:42.461+0000] {logging_mixin.py:188} INFO - [2024-07-25T18:08:42.461+0000] {dag.py:3947} INFO - Setting next_dagrun for postgres_dag to 2024-07-25 00:00:00+00:00, run_after=2024-07-26 00:00:00+00:00
[2024-07-25T18:08:42.470+0000] {processor.py:183} INFO - Processing /opt/airflow/dags/6_postgres_dag.py took 0.062 seconds
[2024-07-25T18:09:12.900+0000] {processor.py:161} INFO - Started process (PID=1822) to work on /opt/airflow/dags/6_postgres_dag.py
[2024-07-25T18:09:12.902+0000] {processor.py:830} INFO - Processing file /opt/airflow/dags/6_postgres_dag.py for tasks to queue
[2024-07-25T18:09:12.903+0000] {logging_mixin.py:188} INFO - [2024-07-25T18:09:12.902+0000] {dagbag.py:545} INFO - Filling up the DagBag from /opt/airflow/dags/6_postgres_dag.py
[2024-07-25T18:09:12.919+0000] {processor.py:840} INFO - DAG(s) 'postgres_dag' retrieved from /opt/airflow/dags/6_postgres_dag.py
[2024-07-25T18:09:12.940+0000] {logging_mixin.py:188} INFO - [2024-07-25T18:09:12.940+0000] {dag.py:3089} INFO - Sync 1 DAGs
[2024-07-25T18:09:12.954+0000] {logging_mixin.py:188} INFO - [2024-07-25T18:09:12.954+0000] {dag.py:3947} INFO - Setting next_dagrun for postgres_dag to 2024-07-25 00:00:00+00:00, run_after=2024-07-26 00:00:00+00:00
[2024-07-25T18:09:12.966+0000] {processor.py:183} INFO - Processing /opt/airflow/dags/6_postgres_dag.py took 0.071 seconds
[2024-07-25T18:09:43.462+0000] {processor.py:161} INFO - Started process (PID=1834) to work on /opt/airflow/dags/6_postgres_dag.py
[2024-07-25T18:09:43.463+0000] {processor.py:830} INFO - Processing file /opt/airflow/dags/6_postgres_dag.py for tasks to queue
[2024-07-25T18:09:43.464+0000] {logging_mixin.py:188} INFO - [2024-07-25T18:09:43.464+0000] {dagbag.py:545} INFO - Filling up the DagBag from /opt/airflow/dags/6_postgres_dag.py
[2024-07-25T18:09:43.487+0000] {processor.py:840} INFO - DAG(s) 'postgres_dag' retrieved from /opt/airflow/dags/6_postgres_dag.py
[2024-07-25T18:09:43.510+0000] {logging_mixin.py:188} INFO - [2024-07-25T18:09:43.510+0000] {dag.py:3089} INFO - Sync 1 DAGs
[2024-07-25T18:09:43.524+0000] {logging_mixin.py:188} INFO - [2024-07-25T18:09:43.524+0000] {dag.py:3947} INFO - Setting next_dagrun for postgres_dag to 2024-07-25 00:00:00+00:00, run_after=2024-07-26 00:00:00+00:00
[2024-07-25T18:09:43.533+0000] {processor.py:183} INFO - Processing /opt/airflow/dags/6_postgres_dag.py took 0.076 seconds
[2024-07-25T18:10:14.009+0000] {processor.py:161} INFO - Started process (PID=1846) to work on /opt/airflow/dags/6_postgres_dag.py
[2024-07-25T18:10:14.010+0000] {processor.py:830} INFO - Processing file /opt/airflow/dags/6_postgres_dag.py for tasks to queue
[2024-07-25T18:10:14.012+0000] {logging_mixin.py:188} INFO - [2024-07-25T18:10:14.011+0000] {dagbag.py:545} INFO - Filling up the DagBag from /opt/airflow/dags/6_postgres_dag.py
[2024-07-25T18:10:14.028+0000] {processor.py:840} INFO - DAG(s) 'postgres_dag' retrieved from /opt/airflow/dags/6_postgres_dag.py
[2024-07-25T18:10:14.077+0000] {logging_mixin.py:188} INFO - [2024-07-25T18:10:14.077+0000] {dag.py:3089} INFO - Sync 1 DAGs
[2024-07-25T18:10:14.099+0000] {logging_mixin.py:188} INFO - [2024-07-25T18:10:14.099+0000] {dag.py:3947} INFO - Setting next_dagrun for postgres_dag to 2024-07-25 00:00:00+00:00, run_after=2024-07-26 00:00:00+00:00
[2024-07-25T18:10:14.113+0000] {processor.py:183} INFO - Processing /opt/airflow/dags/6_postgres_dag.py took 0.114 seconds
[2024-07-25T18:10:44.655+0000] {processor.py:161} INFO - Started process (PID=1858) to work on /opt/airflow/dags/6_postgres_dag.py
[2024-07-25T18:10:44.657+0000] {processor.py:830} INFO - Processing file /opt/airflow/dags/6_postgres_dag.py for tasks to queue
[2024-07-25T18:10:44.659+0000] {logging_mixin.py:188} INFO - [2024-07-25T18:10:44.658+0000] {dagbag.py:545} INFO - Filling up the DagBag from /opt/airflow/dags/6_postgres_dag.py
[2024-07-25T18:10:44.670+0000] {processor.py:840} INFO - DAG(s) 'postgres_dag' retrieved from /opt/airflow/dags/6_postgres_dag.py
[2024-07-25T18:10:44.692+0000] {logging_mixin.py:188} INFO - [2024-07-25T18:10:44.692+0000] {dag.py:3089} INFO - Sync 1 DAGs
[2024-07-25T18:10:44.703+0000] {logging_mixin.py:188} INFO - [2024-07-25T18:10:44.703+0000] {dag.py:3947} INFO - Setting next_dagrun for postgres_dag to 2024-07-25 00:00:00+00:00, run_after=2024-07-26 00:00:00+00:00
[2024-07-25T18:10:44.711+0000] {processor.py:183} INFO - Processing /opt/airflow/dags/6_postgres_dag.py took 0.063 seconds
[2024-07-25T18:11:15.154+0000] {processor.py:161} INFO - Started process (PID=1870) to work on /opt/airflow/dags/6_postgres_dag.py
[2024-07-25T18:11:15.156+0000] {processor.py:830} INFO - Processing file /opt/airflow/dags/6_postgres_dag.py for tasks to queue
[2024-07-25T18:11:15.157+0000] {logging_mixin.py:188} INFO - [2024-07-25T18:11:15.157+0000] {dagbag.py:545} INFO - Filling up the DagBag from /opt/airflow/dags/6_postgres_dag.py
[2024-07-25T18:11:15.177+0000] {processor.py:840} INFO - DAG(s) 'postgres_dag' retrieved from /opt/airflow/dags/6_postgres_dag.py
[2024-07-25T18:11:15.191+0000] {logging_mixin.py:188} INFO - [2024-07-25T18:11:15.191+0000] {dag.py:3089} INFO - Sync 1 DAGs
[2024-07-25T18:11:15.204+0000] {logging_mixin.py:188} INFO - [2024-07-25T18:11:15.204+0000] {dag.py:3947} INFO - Setting next_dagrun for postgres_dag to 2024-07-25 00:00:00+00:00, run_after=2024-07-26 00:00:00+00:00
[2024-07-25T18:11:15.214+0000] {processor.py:183} INFO - Processing /opt/airflow/dags/6_postgres_dag.py took 0.067 seconds
[2024-07-25T18:11:45.808+0000] {processor.py:161} INFO - Started process (PID=1882) to work on /opt/airflow/dags/6_postgres_dag.py
[2024-07-25T18:11:45.810+0000] {processor.py:830} INFO - Processing file /opt/airflow/dags/6_postgres_dag.py for tasks to queue
[2024-07-25T18:11:45.812+0000] {logging_mixin.py:188} INFO - [2024-07-25T18:11:45.811+0000] {dagbag.py:545} INFO - Filling up the DagBag from /opt/airflow/dags/6_postgres_dag.py
[2024-07-25T18:11:45.836+0000] {processor.py:840} INFO - DAG(s) 'postgres_dag' retrieved from /opt/airflow/dags/6_postgres_dag.py
[2024-07-25T18:11:45.862+0000] {logging_mixin.py:188} INFO - [2024-07-25T18:11:45.862+0000] {dag.py:3089} INFO - Sync 1 DAGs
[2024-07-25T18:11:45.875+0000] {logging_mixin.py:188} INFO - [2024-07-25T18:11:45.875+0000] {dag.py:3947} INFO - Setting next_dagrun for postgres_dag to 2024-07-25 00:00:00+00:00, run_after=2024-07-26 00:00:00+00:00
[2024-07-25T18:11:45.886+0000] {processor.py:183} INFO - Processing /opt/airflow/dags/6_postgres_dag.py took 0.088 seconds
[2024-07-25T18:12:16.316+0000] {processor.py:161} INFO - Started process (PID=1894) to work on /opt/airflow/dags/6_postgres_dag.py
[2024-07-25T18:12:16.317+0000] {processor.py:830} INFO - Processing file /opt/airflow/dags/6_postgres_dag.py for tasks to queue
[2024-07-25T18:12:16.318+0000] {logging_mixin.py:188} INFO - [2024-07-25T18:12:16.318+0000] {dagbag.py:545} INFO - Filling up the DagBag from /opt/airflow/dags/6_postgres_dag.py
[2024-07-25T18:12:16.330+0000] {processor.py:840} INFO - DAG(s) 'postgres_dag' retrieved from /opt/airflow/dags/6_postgres_dag.py
[2024-07-25T18:12:16.354+0000] {logging_mixin.py:188} INFO - [2024-07-25T18:12:16.354+0000] {dag.py:3089} INFO - Sync 1 DAGs
[2024-07-25T18:12:16.364+0000] {logging_mixin.py:188} INFO - [2024-07-25T18:12:16.364+0000] {dag.py:3947} INFO - Setting next_dagrun for postgres_dag to 2024-07-25 00:00:00+00:00, run_after=2024-07-26 00:00:00+00:00
[2024-07-25T18:12:16.374+0000] {processor.py:183} INFO - Processing /opt/airflow/dags/6_postgres_dag.py took 0.064 seconds
[2024-07-25T18:12:46.848+0000] {processor.py:161} INFO - Started process (PID=1906) to work on /opt/airflow/dags/6_postgres_dag.py
[2024-07-25T18:12:46.850+0000] {processor.py:830} INFO - Processing file /opt/airflow/dags/6_postgres_dag.py for tasks to queue
[2024-07-25T18:12:46.851+0000] {logging_mixin.py:188} INFO - [2024-07-25T18:12:46.851+0000] {dagbag.py:545} INFO - Filling up the DagBag from /opt/airflow/dags/6_postgres_dag.py
[2024-07-25T18:12:46.881+0000] {processor.py:840} INFO - DAG(s) 'postgres_dag' retrieved from /opt/airflow/dags/6_postgres_dag.py
[2024-07-25T18:12:46.911+0000] {logging_mixin.py:188} INFO - [2024-07-25T18:12:46.910+0000] {dag.py:3089} INFO - Sync 1 DAGs
[2024-07-25T18:12:46.927+0000] {logging_mixin.py:188} INFO - [2024-07-25T18:12:46.927+0000] {dag.py:3947} INFO - Setting next_dagrun for postgres_dag to 2024-07-25 00:00:00+00:00, run_after=2024-07-26 00:00:00+00:00
[2024-07-25T18:12:46.938+0000] {processor.py:183} INFO - Processing /opt/airflow/dags/6_postgres_dag.py took 0.096 seconds
[2024-07-25T18:13:17.442+0000] {processor.py:161} INFO - Started process (PID=1918) to work on /opt/airflow/dags/6_postgres_dag.py
[2024-07-25T18:13:17.444+0000] {processor.py:830} INFO - Processing file /opt/airflow/dags/6_postgres_dag.py for tasks to queue
[2024-07-25T18:13:17.445+0000] {logging_mixin.py:188} INFO - [2024-07-25T18:13:17.445+0000] {dagbag.py:545} INFO - Filling up the DagBag from /opt/airflow/dags/6_postgres_dag.py
[2024-07-25T18:13:17.473+0000] {processor.py:840} INFO - DAG(s) 'postgres_dag' retrieved from /opt/airflow/dags/6_postgres_dag.py
[2024-07-25T18:13:17.535+0000] {logging_mixin.py:188} INFO - [2024-07-25T18:13:17.535+0000] {dag.py:3089} INFO - Sync 1 DAGs
[2024-07-25T18:13:17.560+0000] {logging_mixin.py:188} INFO - [2024-07-25T18:13:17.560+0000] {dag.py:3947} INFO - Setting next_dagrun for postgres_dag to 2024-07-25 00:00:00+00:00, run_after=2024-07-26 00:00:00+00:00
[2024-07-25T18:13:17.576+0000] {processor.py:183} INFO - Processing /opt/airflow/dags/6_postgres_dag.py took 0.142 seconds
[2024-07-25T18:13:48.164+0000] {processor.py:161} INFO - Started process (PID=1930) to work on /opt/airflow/dags/6_postgres_dag.py
[2024-07-25T18:13:48.165+0000] {processor.py:830} INFO - Processing file /opt/airflow/dags/6_postgres_dag.py for tasks to queue
[2024-07-25T18:13:48.166+0000] {logging_mixin.py:188} INFO - [2024-07-25T18:13:48.166+0000] {dagbag.py:545} INFO - Filling up the DagBag from /opt/airflow/dags/6_postgres_dag.py
[2024-07-25T18:13:48.183+0000] {processor.py:840} INFO - DAG(s) 'postgres_dag' retrieved from /opt/airflow/dags/6_postgres_dag.py
[2024-07-25T18:13:48.231+0000] {logging_mixin.py:188} INFO - [2024-07-25T18:13:48.230+0000] {dag.py:3089} INFO - Sync 1 DAGs
[2024-07-25T18:13:48.248+0000] {logging_mixin.py:188} INFO - [2024-07-25T18:13:48.248+0000] {dag.py:3947} INFO - Setting next_dagrun for postgres_dag to 2024-07-25 00:00:00+00:00, run_after=2024-07-26 00:00:00+00:00
[2024-07-25T18:13:48.259+0000] {processor.py:183} INFO - Processing /opt/airflow/dags/6_postgres_dag.py took 0.102 seconds
[2024-07-25T18:14:18.795+0000] {processor.py:161} INFO - Started process (PID=1942) to work on /opt/airflow/dags/6_postgres_dag.py
[2024-07-25T18:14:18.799+0000] {processor.py:830} INFO - Processing file /opt/airflow/dags/6_postgres_dag.py for tasks to queue
[2024-07-25T18:14:18.800+0000] {logging_mixin.py:188} INFO - [2024-07-25T18:14:18.800+0000] {dagbag.py:545} INFO - Filling up the DagBag from /opt/airflow/dags/6_postgres_dag.py
[2024-07-25T18:14:18.817+0000] {processor.py:840} INFO - DAG(s) 'postgres_dag' retrieved from /opt/airflow/dags/6_postgres_dag.py
[2024-07-25T18:14:18.875+0000] {logging_mixin.py:188} INFO - [2024-07-25T18:14:18.875+0000] {dag.py:3089} INFO - Sync 1 DAGs
[2024-07-25T18:14:18.890+0000] {logging_mixin.py:188} INFO - [2024-07-25T18:14:18.890+0000] {dag.py:3947} INFO - Setting next_dagrun for postgres_dag to 2024-07-25 00:00:00+00:00, run_after=2024-07-26 00:00:00+00:00
[2024-07-25T18:14:18.902+0000] {processor.py:183} INFO - Processing /opt/airflow/dags/6_postgres_dag.py took 0.120 seconds
[2024-07-25T18:14:49.307+0000] {processor.py:161} INFO - Started process (PID=1954) to work on /opt/airflow/dags/6_postgres_dag.py
[2024-07-25T18:14:49.309+0000] {processor.py:830} INFO - Processing file /opt/airflow/dags/6_postgres_dag.py for tasks to queue
[2024-07-25T18:14:49.310+0000] {logging_mixin.py:188} INFO - [2024-07-25T18:14:49.310+0000] {dagbag.py:545} INFO - Filling up the DagBag from /opt/airflow/dags/6_postgres_dag.py
[2024-07-25T18:14:49.333+0000] {processor.py:840} INFO - DAG(s) 'postgres_dag' retrieved from /opt/airflow/dags/6_postgres_dag.py
[2024-07-25T18:14:49.360+0000] {logging_mixin.py:188} INFO - [2024-07-25T18:14:49.360+0000] {dag.py:3089} INFO - Sync 1 DAGs
[2024-07-25T18:14:49.376+0000] {logging_mixin.py:188} INFO - [2024-07-25T18:14:49.376+0000] {dag.py:3947} INFO - Setting next_dagrun for postgres_dag to 2024-07-25 00:00:00+00:00, run_after=2024-07-26 00:00:00+00:00
[2024-07-25T18:14:49.388+0000] {processor.py:183} INFO - Processing /opt/airflow/dags/6_postgres_dag.py took 0.088 seconds
[2024-07-25T18:15:19.857+0000] {processor.py:161} INFO - Started process (PID=1966) to work on /opt/airflow/dags/6_postgres_dag.py
[2024-07-25T18:15:19.859+0000] {processor.py:830} INFO - Processing file /opt/airflow/dags/6_postgres_dag.py for tasks to queue
[2024-07-25T18:15:19.861+0000] {logging_mixin.py:188} INFO - [2024-07-25T18:15:19.861+0000] {dagbag.py:545} INFO - Filling up the DagBag from /opt/airflow/dags/6_postgres_dag.py
[2024-07-25T18:15:19.882+0000] {processor.py:840} INFO - DAG(s) 'postgres_dag' retrieved from /opt/airflow/dags/6_postgres_dag.py
[2024-07-25T18:15:19.926+0000] {logging_mixin.py:188} INFO - [2024-07-25T18:15:19.926+0000] {dag.py:3089} INFO - Sync 1 DAGs
[2024-07-25T18:15:19.944+0000] {logging_mixin.py:188} INFO - [2024-07-25T18:15:19.943+0000] {dag.py:3947} INFO - Setting next_dagrun for postgres_dag to 2024-07-25 00:00:00+00:00, run_after=2024-07-26 00:00:00+00:00
[2024-07-25T18:15:19.955+0000] {processor.py:183} INFO - Processing /opt/airflow/dags/6_postgres_dag.py took 0.109 seconds
[2024-07-25T18:15:50.503+0000] {processor.py:161} INFO - Started process (PID=1978) to work on /opt/airflow/dags/6_postgres_dag.py
[2024-07-25T18:15:50.505+0000] {processor.py:830} INFO - Processing file /opt/airflow/dags/6_postgres_dag.py for tasks to queue
[2024-07-25T18:15:50.509+0000] {logging_mixin.py:188} INFO - [2024-07-25T18:15:50.506+0000] {dagbag.py:545} INFO - Filling up the DagBag from /opt/airflow/dags/6_postgres_dag.py
[2024-07-25T18:15:50.537+0000] {processor.py:840} INFO - DAG(s) 'postgres_dag' retrieved from /opt/airflow/dags/6_postgres_dag.py
[2024-07-25T18:15:50.566+0000] {logging_mixin.py:188} INFO - [2024-07-25T18:15:50.566+0000] {dag.py:3089} INFO - Sync 1 DAGs
[2024-07-25T18:15:50.603+0000] {logging_mixin.py:188} INFO - [2024-07-25T18:15:50.602+0000] {dag.py:3947} INFO - Setting next_dagrun for postgres_dag to 2024-07-25 00:00:00+00:00, run_after=2024-07-26 00:00:00+00:00
[2024-07-25T18:15:50.615+0000] {processor.py:183} INFO - Processing /opt/airflow/dags/6_postgres_dag.py took 0.120 seconds
[2024-07-25T18:16:21.328+0000] {processor.py:161} INFO - Started process (PID=1990) to work on /opt/airflow/dags/6_postgres_dag.py
[2024-07-25T18:16:21.330+0000] {processor.py:830} INFO - Processing file /opt/airflow/dags/6_postgres_dag.py for tasks to queue
[2024-07-25T18:16:21.333+0000] {logging_mixin.py:188} INFO - [2024-07-25T18:16:21.332+0000] {dagbag.py:545} INFO - Filling up the DagBag from /opt/airflow/dags/6_postgres_dag.py
[2024-07-25T18:16:21.362+0000] {processor.py:840} INFO - DAG(s) 'postgres_dag' retrieved from /opt/airflow/dags/6_postgres_dag.py
[2024-07-25T18:16:21.450+0000] {logging_mixin.py:188} INFO - [2024-07-25T18:16:21.449+0000] {dag.py:3089} INFO - Sync 1 DAGs
[2024-07-25T18:16:21.480+0000] {logging_mixin.py:188} INFO - [2024-07-25T18:16:21.480+0000] {dag.py:3947} INFO - Setting next_dagrun for postgres_dag to 2024-07-25 00:00:00+00:00, run_after=2024-07-26 00:00:00+00:00
[2024-07-25T18:16:21.504+0000] {processor.py:183} INFO - Processing /opt/airflow/dags/6_postgres_dag.py took 0.211 seconds
[2024-07-25T18:16:52.049+0000] {processor.py:161} INFO - Started process (PID=2002) to work on /opt/airflow/dags/6_postgres_dag.py
[2024-07-25T18:16:52.051+0000] {processor.py:830} INFO - Processing file /opt/airflow/dags/6_postgres_dag.py for tasks to queue
[2024-07-25T18:16:52.052+0000] {logging_mixin.py:188} INFO - [2024-07-25T18:16:52.052+0000] {dagbag.py:545} INFO - Filling up the DagBag from /opt/airflow/dags/6_postgres_dag.py
[2024-07-25T18:16:52.071+0000] {processor.py:840} INFO - DAG(s) 'postgres_dag' retrieved from /opt/airflow/dags/6_postgres_dag.py
[2024-07-25T18:16:52.103+0000] {logging_mixin.py:188} INFO - [2024-07-25T18:16:52.103+0000] {dag.py:3089} INFO - Sync 1 DAGs
[2024-07-25T18:16:52.120+0000] {logging_mixin.py:188} INFO - [2024-07-25T18:16:52.120+0000] {dag.py:3947} INFO - Setting next_dagrun for postgres_dag to 2024-07-25 00:00:00+00:00, run_after=2024-07-26 00:00:00+00:00
[2024-07-25T18:16:52.134+0000] {processor.py:183} INFO - Processing /opt/airflow/dags/6_postgres_dag.py took 0.094 seconds
[2024-07-25T18:17:22.719+0000] {processor.py:161} INFO - Started process (PID=2014) to work on /opt/airflow/dags/6_postgres_dag.py
[2024-07-25T18:17:22.720+0000] {processor.py:830} INFO - Processing file /opt/airflow/dags/6_postgres_dag.py for tasks to queue
[2024-07-25T18:17:22.721+0000] {logging_mixin.py:188} INFO - [2024-07-25T18:17:22.721+0000] {dagbag.py:545} INFO - Filling up the DagBag from /opt/airflow/dags/6_postgres_dag.py
[2024-07-25T18:17:22.739+0000] {processor.py:840} INFO - DAG(s) 'postgres_dag' retrieved from /opt/airflow/dags/6_postgres_dag.py
[2024-07-25T18:17:22.766+0000] {logging_mixin.py:188} INFO - [2024-07-25T18:17:22.766+0000] {dag.py:3089} INFO - Sync 1 DAGs
[2024-07-25T18:17:22.798+0000] {logging_mixin.py:188} INFO - [2024-07-25T18:17:22.798+0000] {dag.py:3947} INFO - Setting next_dagrun for postgres_dag to 2024-07-25 00:00:00+00:00, run_after=2024-07-26 00:00:00+00:00
[2024-07-25T18:17:22.811+0000] {processor.py:183} INFO - Processing /opt/airflow/dags/6_postgres_dag.py took 0.098 seconds
[2024-07-25T18:17:53.204+0000] {processor.py:161} INFO - Started process (PID=2026) to work on /opt/airflow/dags/6_postgres_dag.py
[2024-07-25T18:17:53.205+0000] {processor.py:830} INFO - Processing file /opt/airflow/dags/6_postgres_dag.py for tasks to queue
[2024-07-25T18:17:53.207+0000] {logging_mixin.py:188} INFO - [2024-07-25T18:17:53.206+0000] {dagbag.py:545} INFO - Filling up the DagBag from /opt/airflow/dags/6_postgres_dag.py
[2024-07-25T18:17:53.223+0000] {processor.py:840} INFO - DAG(s) 'postgres_dag' retrieved from /opt/airflow/dags/6_postgres_dag.py
[2024-07-25T18:17:53.241+0000] {logging_mixin.py:188} INFO - [2024-07-25T18:17:53.241+0000] {dag.py:3089} INFO - Sync 1 DAGs
[2024-07-25T18:17:53.254+0000] {logging_mixin.py:188} INFO - [2024-07-25T18:17:53.254+0000] {dag.py:3947} INFO - Setting next_dagrun for postgres_dag to 2024-07-25 00:00:00+00:00, run_after=2024-07-26 00:00:00+00:00
[2024-07-25T18:17:53.263+0000] {processor.py:183} INFO - Processing /opt/airflow/dags/6_postgres_dag.py took 0.070 seconds
[2024-07-25T18:18:23.669+0000] {processor.py:161} INFO - Started process (PID=2038) to work on /opt/airflow/dags/6_postgres_dag.py
[2024-07-25T18:18:23.671+0000] {processor.py:830} INFO - Processing file /opt/airflow/dags/6_postgres_dag.py for tasks to queue
[2024-07-25T18:18:23.672+0000] {logging_mixin.py:188} INFO - [2024-07-25T18:18:23.672+0000] {dagbag.py:545} INFO - Filling up the DagBag from /opt/airflow/dags/6_postgres_dag.py
[2024-07-25T18:18:23.687+0000] {processor.py:840} INFO - DAG(s) 'postgres_dag' retrieved from /opt/airflow/dags/6_postgres_dag.py
[2024-07-25T18:18:23.710+0000] {logging_mixin.py:188} INFO - [2024-07-25T18:18:23.710+0000] {dag.py:3089} INFO - Sync 1 DAGs
[2024-07-25T18:18:23.723+0000] {logging_mixin.py:188} INFO - [2024-07-25T18:18:23.723+0000] {dag.py:3947} INFO - Setting next_dagrun for postgres_dag to 2024-07-25 00:00:00+00:00, run_after=2024-07-26 00:00:00+00:00
[2024-07-25T18:18:23.747+0000] {processor.py:183} INFO - Processing /opt/airflow/dags/6_postgres_dag.py took 0.086 seconds
[2024-07-25T18:18:54.207+0000] {processor.py:161} INFO - Started process (PID=2050) to work on /opt/airflow/dags/6_postgres_dag.py
[2024-07-25T18:18:54.213+0000] {processor.py:830} INFO - Processing file /opt/airflow/dags/6_postgres_dag.py for tasks to queue
[2024-07-25T18:18:54.217+0000] {logging_mixin.py:188} INFO - [2024-07-25T18:18:54.216+0000] {dagbag.py:545} INFO - Filling up the DagBag from /opt/airflow/dags/6_postgres_dag.py
[2024-07-25T18:18:54.250+0000] {processor.py:840} INFO - DAG(s) 'postgres_dag' retrieved from /opt/airflow/dags/6_postgres_dag.py
[2024-07-25T18:18:54.284+0000] {logging_mixin.py:188} INFO - [2024-07-25T18:18:54.283+0000] {dag.py:3089} INFO - Sync 1 DAGs
[2024-07-25T18:18:54.337+0000] {logging_mixin.py:188} INFO - [2024-07-25T18:18:54.337+0000] {dag.py:3947} INFO - Setting next_dagrun for postgres_dag to 2024-07-25 00:00:00+00:00, run_after=2024-07-26 00:00:00+00:00
[2024-07-25T18:18:54.380+0000] {processor.py:183} INFO - Processing /opt/airflow/dags/6_postgres_dag.py took 0.182 seconds
[2024-07-25T18:19:24.964+0000] {processor.py:161} INFO - Started process (PID=2062) to work on /opt/airflow/dags/6_postgres_dag.py
[2024-07-25T18:19:24.966+0000] {processor.py:830} INFO - Processing file /opt/airflow/dags/6_postgres_dag.py for tasks to queue
[2024-07-25T18:19:24.967+0000] {logging_mixin.py:188} INFO - [2024-07-25T18:19:24.967+0000] {dagbag.py:545} INFO - Filling up the DagBag from /opt/airflow/dags/6_postgres_dag.py
[2024-07-25T18:19:24.984+0000] {processor.py:840} INFO - DAG(s) 'postgres_dag' retrieved from /opt/airflow/dags/6_postgres_dag.py
[2024-07-25T18:19:25.019+0000] {logging_mixin.py:188} INFO - [2024-07-25T18:19:25.019+0000] {dag.py:3089} INFO - Sync 1 DAGs
[2024-07-25T18:19:25.039+0000] {logging_mixin.py:188} INFO - [2024-07-25T18:19:25.038+0000] {dag.py:3947} INFO - Setting next_dagrun for postgres_dag to 2024-07-25 00:00:00+00:00, run_after=2024-07-26 00:00:00+00:00
[2024-07-25T18:19:25.051+0000] {processor.py:183} INFO - Processing /opt/airflow/dags/6_postgres_dag.py took 0.104 seconds
[2024-07-25T18:19:55.523+0000] {processor.py:161} INFO - Started process (PID=2074) to work on /opt/airflow/dags/6_postgres_dag.py
[2024-07-25T18:19:55.525+0000] {processor.py:830} INFO - Processing file /opt/airflow/dags/6_postgres_dag.py for tasks to queue
[2024-07-25T18:19:55.532+0000] {logging_mixin.py:188} INFO - [2024-07-25T18:19:55.528+0000] {dagbag.py:545} INFO - Filling up the DagBag from /opt/airflow/dags/6_postgres_dag.py
[2024-07-25T18:19:55.562+0000] {processor.py:840} INFO - DAG(s) 'postgres_dag' retrieved from /opt/airflow/dags/6_postgres_dag.py
[2024-07-25T18:19:55.612+0000] {logging_mixin.py:188} INFO - [2024-07-25T18:19:55.612+0000] {dag.py:3089} INFO - Sync 1 DAGs
[2024-07-25T18:19:55.638+0000] {logging_mixin.py:188} INFO - [2024-07-25T18:19:55.637+0000] {dag.py:3947} INFO - Setting next_dagrun for postgres_dag to 2024-07-25 00:00:00+00:00, run_after=2024-07-26 00:00:00+00:00
[2024-07-25T18:19:55.653+0000] {processor.py:183} INFO - Processing /opt/airflow/dags/6_postgres_dag.py took 0.141 seconds
[2024-07-25T18:20:26.158+0000] {processor.py:161} INFO - Started process (PID=2086) to work on /opt/airflow/dags/6_postgres_dag.py
[2024-07-25T18:20:26.160+0000] {processor.py:830} INFO - Processing file /opt/airflow/dags/6_postgres_dag.py for tasks to queue
[2024-07-25T18:20:26.161+0000] {logging_mixin.py:188} INFO - [2024-07-25T18:20:26.161+0000] {dagbag.py:545} INFO - Filling up the DagBag from /opt/airflow/dags/6_postgres_dag.py
[2024-07-25T18:20:26.177+0000] {processor.py:840} INFO - DAG(s) 'postgres_dag' retrieved from /opt/airflow/dags/6_postgres_dag.py
[2024-07-25T18:20:26.211+0000] {logging_mixin.py:188} INFO - [2024-07-25T18:20:26.211+0000] {dag.py:3089} INFO - Sync 1 DAGs
[2024-07-25T18:20:26.226+0000] {logging_mixin.py:188} INFO - [2024-07-25T18:20:26.226+0000] {dag.py:3947} INFO - Setting next_dagrun for postgres_dag to 2024-07-25 00:00:00+00:00, run_after=2024-07-26 00:00:00+00:00
[2024-07-25T18:20:26.239+0000] {processor.py:183} INFO - Processing /opt/airflow/dags/6_postgres_dag.py took 0.101 seconds
[2024-07-25T18:20:56.714+0000] {processor.py:161} INFO - Started process (PID=2098) to work on /opt/airflow/dags/6_postgres_dag.py
[2024-07-25T18:20:56.717+0000] {processor.py:830} INFO - Processing file /opt/airflow/dags/6_postgres_dag.py for tasks to queue
[2024-07-25T18:20:56.719+0000] {logging_mixin.py:188} INFO - [2024-07-25T18:20:56.718+0000] {dagbag.py:545} INFO - Filling up the DagBag from /opt/airflow/dags/6_postgres_dag.py
[2024-07-25T18:20:56.733+0000] {processor.py:840} INFO - DAG(s) 'postgres_dag' retrieved from /opt/airflow/dags/6_postgres_dag.py
[2024-07-25T18:20:56.787+0000] {logging_mixin.py:188} INFO - [2024-07-25T18:20:56.787+0000] {dag.py:3089} INFO - Sync 1 DAGs
[2024-07-25T18:20:56.808+0000] {logging_mixin.py:188} INFO - [2024-07-25T18:20:56.808+0000] {dag.py:3947} INFO - Setting next_dagrun for postgres_dag to 2024-07-25 00:00:00+00:00, run_after=2024-07-26 00:00:00+00:00
[2024-07-25T18:20:56.822+0000] {processor.py:183} INFO - Processing /opt/airflow/dags/6_postgres_dag.py took 0.118 seconds
[2024-07-25T18:21:27.420+0000] {processor.py:161} INFO - Started process (PID=2110) to work on /opt/airflow/dags/6_postgres_dag.py
[2024-07-25T18:21:27.424+0000] {processor.py:830} INFO - Processing file /opt/airflow/dags/6_postgres_dag.py for tasks to queue
[2024-07-25T18:21:27.427+0000] {logging_mixin.py:188} INFO - [2024-07-25T18:21:27.426+0000] {dagbag.py:545} INFO - Filling up the DagBag from /opt/airflow/dags/6_postgres_dag.py
[2024-07-25T18:21:27.455+0000] {processor.py:840} INFO - DAG(s) 'postgres_dag' retrieved from /opt/airflow/dags/6_postgres_dag.py
[2024-07-25T18:21:27.491+0000] {logging_mixin.py:188} INFO - [2024-07-25T18:21:27.491+0000] {dag.py:3089} INFO - Sync 1 DAGs
[2024-07-25T18:21:27.528+0000] {logging_mixin.py:188} INFO - [2024-07-25T18:21:27.528+0000] {dag.py:3947} INFO - Setting next_dagrun for postgres_dag to 2024-07-25 00:00:00+00:00, run_after=2024-07-26 00:00:00+00:00
[2024-07-25T18:21:27.542+0000] {processor.py:183} INFO - Processing /opt/airflow/dags/6_postgres_dag.py took 0.139 seconds
[2024-07-25T18:21:57.950+0000] {processor.py:161} INFO - Started process (PID=2122) to work on /opt/airflow/dags/6_postgres_dag.py
[2024-07-25T18:21:57.952+0000] {processor.py:830} INFO - Processing file /opt/airflow/dags/6_postgres_dag.py for tasks to queue
[2024-07-25T18:21:57.953+0000] {logging_mixin.py:188} INFO - [2024-07-25T18:21:57.952+0000] {dagbag.py:545} INFO - Filling up the DagBag from /opt/airflow/dags/6_postgres_dag.py
[2024-07-25T18:21:57.961+0000] {processor.py:840} INFO - DAG(s) 'postgres_dag' retrieved from /opt/airflow/dags/6_postgres_dag.py
[2024-07-25T18:21:57.978+0000] {logging_mixin.py:188} INFO - [2024-07-25T18:21:57.977+0000] {dag.py:3089} INFO - Sync 1 DAGs
[2024-07-25T18:21:57.989+0000] {logging_mixin.py:188} INFO - [2024-07-25T18:21:57.989+0000] {dag.py:3947} INFO - Setting next_dagrun for postgres_dag to 2024-07-25 00:00:00+00:00, run_after=2024-07-26 00:00:00+00:00
[2024-07-25T18:21:57.999+0000] {processor.py:183} INFO - Processing /opt/airflow/dags/6_postgres_dag.py took 0.057 seconds
[2024-07-25T18:22:28.389+0000] {processor.py:161} INFO - Started process (PID=2134) to work on /opt/airflow/dags/6_postgres_dag.py
[2024-07-25T18:22:28.389+0000] {processor.py:830} INFO - Processing file /opt/airflow/dags/6_postgres_dag.py for tasks to queue
[2024-07-25T18:22:28.390+0000] {logging_mixin.py:188} INFO - [2024-07-25T18:22:28.390+0000] {dagbag.py:545} INFO - Filling up the DagBag from /opt/airflow/dags/6_postgres_dag.py
[2024-07-25T18:22:28.405+0000] {processor.py:840} INFO - DAG(s) 'postgres_dag' retrieved from /opt/airflow/dags/6_postgres_dag.py
[2024-07-25T18:22:28.427+0000] {logging_mixin.py:188} INFO - [2024-07-25T18:22:28.427+0000] {dag.py:3089} INFO - Sync 1 DAGs
[2024-07-25T18:22:28.440+0000] {logging_mixin.py:188} INFO - [2024-07-25T18:22:28.440+0000] {dag.py:3947} INFO - Setting next_dagrun for postgres_dag to 2024-07-25 00:00:00+00:00, run_after=2024-07-26 00:00:00+00:00
[2024-07-25T18:22:28.449+0000] {processor.py:183} INFO - Processing /opt/airflow/dags/6_postgres_dag.py took 0.066 seconds
[2024-07-25T18:22:58.895+0000] {processor.py:161} INFO - Started process (PID=2146) to work on /opt/airflow/dags/6_postgres_dag.py
[2024-07-25T18:22:58.897+0000] {processor.py:830} INFO - Processing file /opt/airflow/dags/6_postgres_dag.py for tasks to queue
[2024-07-25T18:22:58.898+0000] {logging_mixin.py:188} INFO - [2024-07-25T18:22:58.898+0000] {dagbag.py:545} INFO - Filling up the DagBag from /opt/airflow/dags/6_postgres_dag.py
[2024-07-25T18:22:58.915+0000] {processor.py:840} INFO - DAG(s) 'postgres_dag' retrieved from /opt/airflow/dags/6_postgres_dag.py
[2024-07-25T18:22:58.938+0000] {logging_mixin.py:188} INFO - [2024-07-25T18:22:58.938+0000] {dag.py:3089} INFO - Sync 1 DAGs
[2024-07-25T18:22:58.952+0000] {logging_mixin.py:188} INFO - [2024-07-25T18:22:58.952+0000] {dag.py:3947} INFO - Setting next_dagrun for postgres_dag to 2024-07-25 00:00:00+00:00, run_after=2024-07-26 00:00:00+00:00
[2024-07-25T18:22:58.962+0000] {processor.py:183} INFO - Processing /opt/airflow/dags/6_postgres_dag.py took 0.076 seconds
[2024-07-25T18:23:29.427+0000] {processor.py:161} INFO - Started process (PID=2158) to work on /opt/airflow/dags/6_postgres_dag.py
[2024-07-25T18:23:29.428+0000] {processor.py:830} INFO - Processing file /opt/airflow/dags/6_postgres_dag.py for tasks to queue
[2024-07-25T18:23:29.431+0000] {logging_mixin.py:188} INFO - [2024-07-25T18:23:29.430+0000] {dagbag.py:545} INFO - Filling up the DagBag from /opt/airflow/dags/6_postgres_dag.py
[2024-07-25T18:23:29.461+0000] {processor.py:840} INFO - DAG(s) 'postgres_dag' retrieved from /opt/airflow/dags/6_postgres_dag.py
[2024-07-25T18:23:29.514+0000] {logging_mixin.py:188} INFO - [2024-07-25T18:23:29.514+0000] {dag.py:3089} INFO - Sync 1 DAGs
[2024-07-25T18:23:29.549+0000] {logging_mixin.py:188} INFO - [2024-07-25T18:23:29.549+0000] {dag.py:3947} INFO - Setting next_dagrun for postgres_dag to 2024-07-25 00:00:00+00:00, run_after=2024-07-26 00:00:00+00:00
[2024-07-25T18:23:29.564+0000] {processor.py:183} INFO - Processing /opt/airflow/dags/6_postgres_dag.py took 0.146 seconds
[2024-07-25T18:23:59.986+0000] {processor.py:161} INFO - Started process (PID=2170) to work on /opt/airflow/dags/6_postgres_dag.py
[2024-07-25T18:23:59.988+0000] {processor.py:830} INFO - Processing file /opt/airflow/dags/6_postgres_dag.py for tasks to queue
[2024-07-25T18:23:59.990+0000] {logging_mixin.py:188} INFO - [2024-07-25T18:23:59.989+0000] {dagbag.py:545} INFO - Filling up the DagBag from /opt/airflow/dags/6_postgres_dag.py
[2024-07-25T18:24:00.008+0000] {processor.py:840} INFO - DAG(s) 'postgres_dag' retrieved from /opt/airflow/dags/6_postgres_dag.py
[2024-07-25T18:24:00.049+0000] {logging_mixin.py:188} INFO - [2024-07-25T18:24:00.049+0000] {dag.py:3089} INFO - Sync 1 DAGs
[2024-07-25T18:24:00.076+0000] {logging_mixin.py:188} INFO - [2024-07-25T18:24:00.076+0000] {dag.py:3947} INFO - Setting next_dagrun for postgres_dag to 2024-07-25 00:00:00+00:00, run_after=2024-07-26 00:00:00+00:00
[2024-07-25T18:24:00.091+0000] {processor.py:183} INFO - Processing /opt/airflow/dags/6_postgres_dag.py took 0.115 seconds
[2024-07-25T18:24:30.549+0000] {processor.py:161} INFO - Started process (PID=2182) to work on /opt/airflow/dags/6_postgres_dag.py
[2024-07-25T18:24:30.551+0000] {processor.py:830} INFO - Processing file /opt/airflow/dags/6_postgres_dag.py for tasks to queue
[2024-07-25T18:24:30.553+0000] {logging_mixin.py:188} INFO - [2024-07-25T18:24:30.552+0000] {dagbag.py:545} INFO - Filling up the DagBag from /opt/airflow/dags/6_postgres_dag.py
[2024-07-25T18:24:30.567+0000] {processor.py:840} INFO - DAG(s) 'postgres_dag' retrieved from /opt/airflow/dags/6_postgres_dag.py
[2024-07-25T18:24:30.594+0000] {logging_mixin.py:188} INFO - [2024-07-25T18:24:30.594+0000] {dag.py:3089} INFO - Sync 1 DAGs
[2024-07-25T18:24:30.614+0000] {logging_mixin.py:188} INFO - [2024-07-25T18:24:30.614+0000] {dag.py:3947} INFO - Setting next_dagrun for postgres_dag to 2024-07-25 00:00:00+00:00, run_after=2024-07-26 00:00:00+00:00
[2024-07-25T18:24:30.635+0000] {processor.py:183} INFO - Processing /opt/airflow/dags/6_postgres_dag.py took 0.094 seconds
[2024-07-25T18:25:01.046+0000] {processor.py:161} INFO - Started process (PID=2194) to work on /opt/airflow/dags/6_postgres_dag.py
[2024-07-25T18:25:01.047+0000] {processor.py:830} INFO - Processing file /opt/airflow/dags/6_postgres_dag.py for tasks to queue
[2024-07-25T18:25:01.048+0000] {logging_mixin.py:188} INFO - [2024-07-25T18:25:01.048+0000] {dagbag.py:545} INFO - Filling up the DagBag from /opt/airflow/dags/6_postgres_dag.py
[2024-07-25T18:25:01.060+0000] {processor.py:840} INFO - DAG(s) 'postgres_dag' retrieved from /opt/airflow/dags/6_postgres_dag.py
[2024-07-25T18:25:01.093+0000] {logging_mixin.py:188} INFO - [2024-07-25T18:25:01.092+0000] {dag.py:3089} INFO - Sync 1 DAGs
[2024-07-25T18:25:01.109+0000] {logging_mixin.py:188} INFO - [2024-07-25T18:25:01.109+0000] {dag.py:3947} INFO - Setting next_dagrun for postgres_dag to 2024-07-25 00:00:00+00:00, run_after=2024-07-26 00:00:00+00:00
[2024-07-25T18:25:01.122+0000] {processor.py:183} INFO - Processing /opt/airflow/dags/6_postgres_dag.py took 0.084 seconds
[2024-07-25T18:25:31.647+0000] {processor.py:161} INFO - Started process (PID=2206) to work on /opt/airflow/dags/6_postgres_dag.py
[2024-07-25T18:25:31.649+0000] {processor.py:830} INFO - Processing file /opt/airflow/dags/6_postgres_dag.py for tasks to queue
[2024-07-25T18:25:31.650+0000] {logging_mixin.py:188} INFO - [2024-07-25T18:25:31.649+0000] {dagbag.py:545} INFO - Filling up the DagBag from /opt/airflow/dags/6_postgres_dag.py
[2024-07-25T18:25:31.676+0000] {processor.py:840} INFO - DAG(s) 'postgres_dag' retrieved from /opt/airflow/dags/6_postgres_dag.py
[2024-07-25T18:25:31.705+0000] {logging_mixin.py:188} INFO - [2024-07-25T18:25:31.705+0000] {dag.py:3089} INFO - Sync 1 DAGs
[2024-07-25T18:25:31.722+0000] {logging_mixin.py:188} INFO - [2024-07-25T18:25:31.722+0000] {dag.py:3947} INFO - Setting next_dagrun for postgres_dag to 2024-07-25 00:00:00+00:00, run_after=2024-07-26 00:00:00+00:00
[2024-07-25T18:25:31.735+0000] {processor.py:183} INFO - Processing /opt/airflow/dags/6_postgres_dag.py took 0.097 seconds
[2024-07-25T18:26:02.208+0000] {processor.py:161} INFO - Started process (PID=2218) to work on /opt/airflow/dags/6_postgres_dag.py
[2024-07-25T18:26:02.210+0000] {processor.py:830} INFO - Processing file /opt/airflow/dags/6_postgres_dag.py for tasks to queue
[2024-07-25T18:26:02.212+0000] {logging_mixin.py:188} INFO - [2024-07-25T18:26:02.211+0000] {dagbag.py:545} INFO - Filling up the DagBag from /opt/airflow/dags/6_postgres_dag.py
[2024-07-25T18:26:02.225+0000] {processor.py:840} INFO - DAG(s) 'postgres_dag' retrieved from /opt/airflow/dags/6_postgres_dag.py
[2024-07-25T18:26:02.259+0000] {logging_mixin.py:188} INFO - [2024-07-25T18:26:02.258+0000] {dag.py:3089} INFO - Sync 1 DAGs
[2024-07-25T18:26:02.277+0000] {logging_mixin.py:188} INFO - [2024-07-25T18:26:02.277+0000] {dag.py:3947} INFO - Setting next_dagrun for postgres_dag to 2024-07-25 00:00:00+00:00, run_after=2024-07-26 00:00:00+00:00
[2024-07-25T18:26:02.290+0000] {processor.py:183} INFO - Processing /opt/airflow/dags/6_postgres_dag.py took 0.093 seconds
[2024-07-25T18:26:32.780+0000] {processor.py:161} INFO - Started process (PID=2230) to work on /opt/airflow/dags/6_postgres_dag.py
[2024-07-25T18:26:32.782+0000] {processor.py:830} INFO - Processing file /opt/airflow/dags/6_postgres_dag.py for tasks to queue
[2024-07-25T18:26:32.784+0000] {logging_mixin.py:188} INFO - [2024-07-25T18:26:32.784+0000] {dagbag.py:545} INFO - Filling up the DagBag from /opt/airflow/dags/6_postgres_dag.py
[2024-07-25T18:26:32.796+0000] {processor.py:840} INFO - DAG(s) 'postgres_dag' retrieved from /opt/airflow/dags/6_postgres_dag.py
[2024-07-25T18:26:32.833+0000] {logging_mixin.py:188} INFO - [2024-07-25T18:26:32.833+0000] {dag.py:3089} INFO - Sync 1 DAGs
[2024-07-25T18:26:32.858+0000] {logging_mixin.py:188} INFO - [2024-07-25T18:26:32.858+0000] {dag.py:3947} INFO - Setting next_dagrun for postgres_dag to 2024-07-25 00:00:00+00:00, run_after=2024-07-26 00:00:00+00:00
[2024-07-25T18:26:32.874+0000] {processor.py:183} INFO - Processing /opt/airflow/dags/6_postgres_dag.py took 0.101 seconds
[2024-07-25T18:27:03.374+0000] {processor.py:161} INFO - Started process (PID=2242) to work on /opt/airflow/dags/6_postgres_dag.py
[2024-07-25T18:27:03.376+0000] {processor.py:830} INFO - Processing file /opt/airflow/dags/6_postgres_dag.py for tasks to queue
[2024-07-25T18:27:03.377+0000] {logging_mixin.py:188} INFO - [2024-07-25T18:27:03.376+0000] {dagbag.py:545} INFO - Filling up the DagBag from /opt/airflow/dags/6_postgres_dag.py
[2024-07-25T18:27:03.402+0000] {processor.py:840} INFO - DAG(s) 'postgres_dag' retrieved from /opt/airflow/dags/6_postgres_dag.py
[2024-07-25T18:27:03.435+0000] {logging_mixin.py:188} INFO - [2024-07-25T18:27:03.434+0000] {dag.py:3089} INFO - Sync 1 DAGs
[2024-07-25T18:27:03.453+0000] {logging_mixin.py:188} INFO - [2024-07-25T18:27:03.453+0000] {dag.py:3947} INFO - Setting next_dagrun for postgres_dag to 2024-07-25 00:00:00+00:00, run_after=2024-07-26 00:00:00+00:00
[2024-07-25T18:27:03.470+0000] {processor.py:183} INFO - Processing /opt/airflow/dags/6_postgres_dag.py took 0.106 seconds
[2024-07-25T18:27:33.975+0000] {processor.py:161} INFO - Started process (PID=2254) to work on /opt/airflow/dags/6_postgres_dag.py
[2024-07-25T18:27:33.977+0000] {processor.py:830} INFO - Processing file /opt/airflow/dags/6_postgres_dag.py for tasks to queue
[2024-07-25T18:27:33.979+0000] {logging_mixin.py:188} INFO - [2024-07-25T18:27:33.978+0000] {dagbag.py:545} INFO - Filling up the DagBag from /opt/airflow/dags/6_postgres_dag.py
[2024-07-25T18:27:33.992+0000] {processor.py:840} INFO - DAG(s) 'postgres_dag' retrieved from /opt/airflow/dags/6_postgres_dag.py
[2024-07-25T18:27:34.011+0000] {logging_mixin.py:188} INFO - [2024-07-25T18:27:34.011+0000] {dag.py:3089} INFO - Sync 1 DAGs
[2024-07-25T18:27:34.022+0000] {logging_mixin.py:188} INFO - [2024-07-25T18:27:34.022+0000] {dag.py:3947} INFO - Setting next_dagrun for postgres_dag to 2024-07-25 00:00:00+00:00, run_after=2024-07-26 00:00:00+00:00
[2024-07-25T18:27:34.031+0000] {processor.py:183} INFO - Processing /opt/airflow/dags/6_postgres_dag.py took 0.064 seconds
[2024-07-25T18:28:04.440+0000] {processor.py:161} INFO - Started process (PID=2266) to work on /opt/airflow/dags/6_postgres_dag.py
[2024-07-25T18:28:04.441+0000] {processor.py:830} INFO - Processing file /opt/airflow/dags/6_postgres_dag.py for tasks to queue
[2024-07-25T18:28:04.443+0000] {logging_mixin.py:188} INFO - [2024-07-25T18:28:04.443+0000] {dagbag.py:545} INFO - Filling up the DagBag from /opt/airflow/dags/6_postgres_dag.py
[2024-07-25T18:28:04.458+0000] {processor.py:840} INFO - DAG(s) 'postgres_dag' retrieved from /opt/airflow/dags/6_postgres_dag.py
[2024-07-25T18:28:04.482+0000] {logging_mixin.py:188} INFO - [2024-07-25T18:28:04.482+0000] {dag.py:3089} INFO - Sync 1 DAGs
[2024-07-25T18:28:04.501+0000] {logging_mixin.py:188} INFO - [2024-07-25T18:28:04.501+0000] {dag.py:3947} INFO - Setting next_dagrun for postgres_dag to 2024-07-25 00:00:00+00:00, run_after=2024-07-26 00:00:00+00:00
[2024-07-25T18:28:04.515+0000] {processor.py:183} INFO - Processing /opt/airflow/dags/6_postgres_dag.py took 0.096 seconds
[2024-07-25T18:28:34.974+0000] {processor.py:161} INFO - Started process (PID=2278) to work on /opt/airflow/dags/6_postgres_dag.py
[2024-07-25T18:28:34.976+0000] {processor.py:830} INFO - Processing file /opt/airflow/dags/6_postgres_dag.py for tasks to queue
[2024-07-25T18:28:34.977+0000] {logging_mixin.py:188} INFO - [2024-07-25T18:28:34.977+0000] {dagbag.py:545} INFO - Filling up the DagBag from /opt/airflow/dags/6_postgres_dag.py
[2024-07-25T18:28:34.989+0000] {processor.py:840} INFO - DAG(s) 'postgres_dag' retrieved from /opt/airflow/dags/6_postgres_dag.py
[2024-07-25T18:28:35.008+0000] {logging_mixin.py:188} INFO - [2024-07-25T18:28:35.008+0000] {dag.py:3089} INFO - Sync 1 DAGs
[2024-07-25T18:28:35.024+0000] {logging_mixin.py:188} INFO - [2024-07-25T18:28:35.024+0000] {dag.py:3947} INFO - Setting next_dagrun for postgres_dag to 2024-07-25 00:00:00+00:00, run_after=2024-07-26 00:00:00+00:00
[2024-07-25T18:28:35.033+0000] {processor.py:183} INFO - Processing /opt/airflow/dags/6_postgres_dag.py took 0.066 seconds
[2024-07-25T18:29:05.545+0000] {processor.py:161} INFO - Started process (PID=2290) to work on /opt/airflow/dags/6_postgres_dag.py
[2024-07-25T18:29:05.546+0000] {processor.py:830} INFO - Processing file /opt/airflow/dags/6_postgres_dag.py for tasks to queue
[2024-07-25T18:29:05.547+0000] {logging_mixin.py:188} INFO - [2024-07-25T18:29:05.547+0000] {dagbag.py:545} INFO - Filling up the DagBag from /opt/airflow/dags/6_postgres_dag.py
[2024-07-25T18:29:05.560+0000] {processor.py:840} INFO - DAG(s) 'postgres_dag' retrieved from /opt/airflow/dags/6_postgres_dag.py
[2024-07-25T18:29:05.591+0000] {logging_mixin.py:188} INFO - [2024-07-25T18:29:05.591+0000] {dag.py:3089} INFO - Sync 1 DAGs
[2024-07-25T18:29:05.612+0000] {logging_mixin.py:188} INFO - [2024-07-25T18:29:05.611+0000] {dag.py:3947} INFO - Setting next_dagrun for postgres_dag to 2024-07-25 00:00:00+00:00, run_after=2024-07-26 00:00:00+00:00
[2024-07-25T18:29:05.632+0000] {processor.py:183} INFO - Processing /opt/airflow/dags/6_postgres_dag.py took 0.096 seconds
[2024-07-25T18:29:36.254+0000] {processor.py:161} INFO - Started process (PID=2302) to work on /opt/airflow/dags/6_postgres_dag.py
[2024-07-25T18:29:36.256+0000] {processor.py:830} INFO - Processing file /opt/airflow/dags/6_postgres_dag.py for tasks to queue
[2024-07-25T18:29:36.258+0000] {logging_mixin.py:188} INFO - [2024-07-25T18:29:36.257+0000] {dagbag.py:545} INFO - Filling up the DagBag from /opt/airflow/dags/6_postgres_dag.py
[2024-07-25T18:29:36.271+0000] {processor.py:840} INFO - DAG(s) 'postgres_dag' retrieved from /opt/airflow/dags/6_postgres_dag.py
[2024-07-25T18:29:36.307+0000] {logging_mixin.py:188} INFO - [2024-07-25T18:29:36.307+0000] {dag.py:3089} INFO - Sync 1 DAGs
[2024-07-25T18:29:36.323+0000] {logging_mixin.py:188} INFO - [2024-07-25T18:29:36.323+0000] {dag.py:3947} INFO - Setting next_dagrun for postgres_dag to 2024-07-25 00:00:00+00:00, run_after=2024-07-26 00:00:00+00:00
[2024-07-25T18:29:36.339+0000] {processor.py:183} INFO - Processing /opt/airflow/dags/6_postgres_dag.py took 0.098 seconds
[2024-07-25T18:30:06.846+0000] {processor.py:161} INFO - Started process (PID=2314) to work on /opt/airflow/dags/6_postgres_dag.py
[2024-07-25T18:30:06.850+0000] {processor.py:830} INFO - Processing file /opt/airflow/dags/6_postgres_dag.py for tasks to queue
[2024-07-25T18:30:06.852+0000] {logging_mixin.py:188} INFO - [2024-07-25T18:30:06.851+0000] {dagbag.py:545} INFO - Filling up the DagBag from /opt/airflow/dags/6_postgres_dag.py
[2024-07-25T18:30:06.873+0000] {processor.py:840} INFO - DAG(s) 'postgres_dag' retrieved from /opt/airflow/dags/6_postgres_dag.py
[2024-07-25T18:30:06.900+0000] {logging_mixin.py:188} INFO - [2024-07-25T18:30:06.900+0000] {dag.py:3089} INFO - Sync 1 DAGs
[2024-07-25T18:30:06.925+0000] {logging_mixin.py:188} INFO - [2024-07-25T18:30:06.924+0000] {dag.py:3947} INFO - Setting next_dagrun for postgres_dag to 2024-07-25 00:00:00+00:00, run_after=2024-07-26 00:00:00+00:00
[2024-07-25T18:30:06.957+0000] {processor.py:183} INFO - Processing /opt/airflow/dags/6_postgres_dag.py took 0.135 seconds
[2024-07-25T18:30:37.584+0000] {processor.py:161} INFO - Started process (PID=2326) to work on /opt/airflow/dags/6_postgres_dag.py
[2024-07-25T18:30:37.585+0000] {processor.py:830} INFO - Processing file /opt/airflow/dags/6_postgres_dag.py for tasks to queue
[2024-07-25T18:30:37.587+0000] {logging_mixin.py:188} INFO - [2024-07-25T18:30:37.587+0000] {dagbag.py:545} INFO - Filling up the DagBag from /opt/airflow/dags/6_postgres_dag.py
[2024-07-25T18:30:37.602+0000] {processor.py:840} INFO - DAG(s) 'postgres_dag' retrieved from /opt/airflow/dags/6_postgres_dag.py
[2024-07-25T18:30:37.629+0000] {logging_mixin.py:188} INFO - [2024-07-25T18:30:37.628+0000] {dag.py:3089} INFO - Sync 1 DAGs
[2024-07-25T18:30:37.658+0000] {logging_mixin.py:188} INFO - [2024-07-25T18:30:37.658+0000] {dag.py:3947} INFO - Setting next_dagrun for postgres_dag to 2024-07-25 00:00:00+00:00, run_after=2024-07-26 00:00:00+00:00
[2024-07-25T18:30:37.677+0000] {processor.py:183} INFO - Processing /opt/airflow/dags/6_postgres_dag.py took 0.102 seconds
[2024-07-25T18:31:08.151+0000] {processor.py:161} INFO - Started process (PID=2338) to work on /opt/airflow/dags/6_postgres_dag.py
[2024-07-25T18:31:08.152+0000] {processor.py:830} INFO - Processing file /opt/airflow/dags/6_postgres_dag.py for tasks to queue
[2024-07-25T18:31:08.153+0000] {logging_mixin.py:188} INFO - [2024-07-25T18:31:08.153+0000] {dagbag.py:545} INFO - Filling up the DagBag from /opt/airflow/dags/6_postgres_dag.py
[2024-07-25T18:31:08.174+0000] {processor.py:840} INFO - DAG(s) 'postgres_dag' retrieved from /opt/airflow/dags/6_postgres_dag.py
[2024-07-25T18:31:08.205+0000] {logging_mixin.py:188} INFO - [2024-07-25T18:31:08.204+0000] {dag.py:3089} INFO - Sync 1 DAGs
[2024-07-25T18:31:08.221+0000] {logging_mixin.py:188} INFO - [2024-07-25T18:31:08.221+0000] {dag.py:3947} INFO - Setting next_dagrun for postgres_dag to 2024-07-25 00:00:00+00:00, run_after=2024-07-26 00:00:00+00:00
[2024-07-25T18:31:08.235+0000] {processor.py:183} INFO - Processing /opt/airflow/dags/6_postgres_dag.py took 0.095 seconds
[2024-07-25T18:31:38.757+0000] {processor.py:161} INFO - Started process (PID=2350) to work on /opt/airflow/dags/6_postgres_dag.py
[2024-07-25T18:31:38.759+0000] {processor.py:830} INFO - Processing file /opt/airflow/dags/6_postgres_dag.py for tasks to queue
[2024-07-25T18:31:38.760+0000] {logging_mixin.py:188} INFO - [2024-07-25T18:31:38.759+0000] {dagbag.py:545} INFO - Filling up the DagBag from /opt/airflow/dags/6_postgres_dag.py
[2024-07-25T18:31:38.776+0000] {processor.py:840} INFO - DAG(s) 'postgres_dag' retrieved from /opt/airflow/dags/6_postgres_dag.py
[2024-07-25T18:31:38.792+0000] {logging_mixin.py:188} INFO - [2024-07-25T18:31:38.792+0000] {dag.py:3089} INFO - Sync 1 DAGs
[2024-07-25T18:31:38.806+0000] {logging_mixin.py:188} INFO - [2024-07-25T18:31:38.806+0000] {dag.py:3947} INFO - Setting next_dagrun for postgres_dag to 2024-07-25 00:00:00+00:00, run_after=2024-07-26 00:00:00+00:00
[2024-07-25T18:31:38.817+0000] {processor.py:183} INFO - Processing /opt/airflow/dags/6_postgres_dag.py took 0.068 seconds
[2024-07-25T18:32:09.244+0000] {processor.py:161} INFO - Started process (PID=2362) to work on /opt/airflow/dags/6_postgres_dag.py
[2024-07-25T18:32:09.246+0000] {processor.py:830} INFO - Processing file /opt/airflow/dags/6_postgres_dag.py for tasks to queue
[2024-07-25T18:32:09.247+0000] {logging_mixin.py:188} INFO - [2024-07-25T18:32:09.247+0000] {dagbag.py:545} INFO - Filling up the DagBag from /opt/airflow/dags/6_postgres_dag.py
[2024-07-25T18:32:09.262+0000] {processor.py:840} INFO - DAG(s) 'postgres_dag' retrieved from /opt/airflow/dags/6_postgres_dag.py
[2024-07-25T18:32:09.289+0000] {logging_mixin.py:188} INFO - [2024-07-25T18:32:09.288+0000] {dag.py:3089} INFO - Sync 1 DAGs
[2024-07-25T18:32:09.307+0000] {logging_mixin.py:188} INFO - [2024-07-25T18:32:09.307+0000] {dag.py:3947} INFO - Setting next_dagrun for postgres_dag to 2024-07-25 00:00:00+00:00, run_after=2024-07-26 00:00:00+00:00
[2024-07-25T18:32:09.317+0000] {processor.py:183} INFO - Processing /opt/airflow/dags/6_postgres_dag.py took 0.083 seconds
[2024-07-25T18:32:39.767+0000] {processor.py:161} INFO - Started process (PID=2374) to work on /opt/airflow/dags/6_postgres_dag.py
[2024-07-25T18:32:39.768+0000] {processor.py:830} INFO - Processing file /opt/airflow/dags/6_postgres_dag.py for tasks to queue
[2024-07-25T18:32:39.769+0000] {logging_mixin.py:188} INFO - [2024-07-25T18:32:39.769+0000] {dagbag.py:545} INFO - Filling up the DagBag from /opt/airflow/dags/6_postgres_dag.py
[2024-07-25T18:32:39.786+0000] {processor.py:840} INFO - DAG(s) 'postgres_dag' retrieved from /opt/airflow/dags/6_postgres_dag.py
[2024-07-25T18:32:39.802+0000] {logging_mixin.py:188} INFO - [2024-07-25T18:32:39.802+0000] {dag.py:3089} INFO - Sync 1 DAGs
[2024-07-25T18:32:39.814+0000] {logging_mixin.py:188} INFO - [2024-07-25T18:32:39.814+0000] {dag.py:3947} INFO - Setting next_dagrun for postgres_dag to 2024-07-25 00:00:00+00:00, run_after=2024-07-26 00:00:00+00:00
[2024-07-25T18:32:39.826+0000] {processor.py:183} INFO - Processing /opt/airflow/dags/6_postgres_dag.py took 0.066 seconds
