[2024-07-25T16:37:09.974+0000] {local_task_job_runner.py:120} INFO - ::group::Pre task execution logs
[2024-07-25T16:37:09.996+0000] {taskinstance.py:2076} INFO - Dependencies all met for dep_context=non-requeueable deps ti=<TaskInstance: cron_format_dag_v3.task1 scheduled__2024-07-10T03:00:00+00:00 [queued]>
[2024-07-25T16:37:10.002+0000] {taskinstance.py:2076} INFO - Dependencies all met for dep_context=requeueable deps ti=<TaskInstance: cron_format_dag_v3.task1 scheduled__2024-07-10T03:00:00+00:00 [queued]>
[2024-07-25T16:37:10.003+0000] {taskinstance.py:2306} INFO - Starting attempt 1 of 6
[2024-07-25T16:37:10.022+0000] {taskinstance.py:2330} INFO - Executing <Task(BashOperator): task1> on 2024-07-10 03:00:00+00:00
[2024-07-25T16:37:10.027+0000] {warnings.py:112} WARNING - /home/***/.local/lib/python3.12/site-packages/***/task/task_runner/standard_task_runner.py:62: DeprecationWarning: This process (pid=140) is multi-threaded, use of fork() may lead to deadlocks in the child.
  pid = os.fork()

[2024-07-25T16:37:10.028+0000] {standard_task_runner.py:64} INFO - Started process 146 to run task
[2024-07-25T16:37:10.029+0000] {standard_task_runner.py:90} INFO - Running: ['***', 'tasks', 'run', 'cron_format_dag_v3', 'task1', 'scheduled__2024-07-10T03:00:00+00:00', '--job-id', '10', '--raw', '--subdir', 'DAGS_FOLDER/cron_dag.py', '--cfg-path', '/tmp/tmpgur1skab']
[2024-07-25T16:37:10.031+0000] {standard_task_runner.py:91} INFO - Job 10: Subtask task1
[2024-07-25T16:37:10.075+0000] {task_command.py:426} INFO - Running <TaskInstance: cron_format_dag_v3.task1 scheduled__2024-07-10T03:00:00+00:00 [running]> on host 7c5f22b81ce4
[2024-07-25T16:37:10.234+0000] {taskinstance.py:2648} INFO - Exporting env vars: AIRFLOW_CTX_DAG_OWNER='Pattakit' AIRFLOW_CTX_DAG_ID='cron_format_dag_v3' AIRFLOW_CTX_TASK_ID='task1' AIRFLOW_CTX_EXECUTION_DATE='2024-07-10T03:00:00+00:00' AIRFLOW_CTX_TRY_NUMBER='1' AIRFLOW_CTX_DAG_RUN_ID='scheduled__2024-07-10T03:00:00+00:00'
[2024-07-25T16:37:10.236+0000] {taskinstance.py:430} INFO - ::endgroup::
[2024-07-25T16:37:10.308+0000] {subprocess.py:63} INFO - Tmp dir root location: /tmp
[2024-07-25T16:37:10.318+0000] {subprocess.py:75} INFO - Running command: ['/usr/bin/bash', '-c', 'echo dag with cron expression']
[2024-07-25T16:37:10.329+0000] {subprocess.py:86} INFO - Output:
[2024-07-25T16:37:10.330+0000] {subprocess.py:93} INFO - dag with cron expression
[2024-07-25T16:37:10.330+0000] {subprocess.py:97} INFO - Command exited with return code 0
[2024-07-25T16:37:10.334+0000] {taskinstance.py:441} INFO - ::group::Post task execution logs
[2024-07-25T16:37:10.384+0000] {taskinstance.py:1206} INFO - Marking task as SUCCESS. dag_id=cron_format_dag_v3, task_id=task1, run_id=scheduled__2024-07-10T03:00:00+00:00, execution_date=20240710T030000, start_date=20240725T163709, end_date=20240725T163710
[2024-07-25T16:37:10.418+0000] {local_task_job_runner.py:243} INFO - Task exited with return code 0
[2024-07-25T16:37:10.432+0000] {taskinstance.py:3503} INFO - 0 downstream tasks scheduled from follow-on schedule check
[2024-07-25T16:37:10.433+0000] {local_task_job_runner.py:222} INFO - ::endgroup::
