[2024-07-25T16:09:19.431+0000] {local_task_job_runner.py:120} INFO - ::group::Pre task execution logs
[2024-07-25T16:09:19.450+0000] {taskinstance.py:2076} INFO - Dependencies all met for dep_context=non-requeueable deps ti=<TaskInstance: catchup_backfill_dag.py.task1 scheduled__2024-07-21T00:00:00+00:00 [queued]>
[2024-07-25T16:09:19.455+0000] {taskinstance.py:2076} INFO - Dependencies all met for dep_context=requeueable deps ti=<TaskInstance: catchup_backfill_dag.py.task1 scheduled__2024-07-21T00:00:00+00:00 [queued]>
[2024-07-25T16:09:19.456+0000] {taskinstance.py:2306} INFO - Starting attempt 1 of 6
[2024-07-25T16:09:19.469+0000] {taskinstance.py:2330} INFO - Executing <Task(BashOperator): task1> on 2024-07-21 00:00:00+00:00
[2024-07-25T16:09:19.474+0000] {warnings.py:112} WARNING - /home/***/.local/lib/python3.12/site-packages/***/task/task_runner/standard_task_runner.py:62: DeprecationWarning: This process (pid=843) is multi-threaded, use of fork() may lead to deadlocks in the child.
  pid = os.fork()

[2024-07-25T16:09:19.476+0000] {standard_task_runner.py:90} INFO - Running: ['***', 'tasks', 'run', 'catchup_backfill_dag.py', 'task1', 'scheduled__2024-07-21T00:00:00+00:00', '--job-id', '15', '--raw', '--subdir', 'DAGS_FOLDER/catchup_backfill_dag.py', '--cfg-path', '/tmp/tmp6qgy5pcj']
[2024-07-25T16:09:19.477+0000] {standard_task_runner.py:91} INFO - Job 15: Subtask task1
[2024-07-25T16:09:19.477+0000] {standard_task_runner.py:64} INFO - Started process 845 to run task
[2024-07-25T16:09:19.504+0000] {task_command.py:426} INFO - Running <TaskInstance: catchup_backfill_dag.py.task1 scheduled__2024-07-21T00:00:00+00:00 [running]> on host 31e8b1faccd6
[2024-07-25T16:09:19.544+0000] {taskinstance.py:2648} INFO - Exporting env vars: AIRFLOW_CTX_DAG_OWNER='Pattakit' AIRFLOW_CTX_DAG_ID='catchup_backfill_dag.py' AIRFLOW_CTX_TASK_ID='task1' AIRFLOW_CTX_EXECUTION_DATE='2024-07-21T00:00:00+00:00' AIRFLOW_CTX_TRY_NUMBER='1' AIRFLOW_CTX_DAG_RUN_ID='scheduled__2024-07-21T00:00:00+00:00'
[2024-07-25T16:09:19.544+0000] {taskinstance.py:430} INFO - ::endgroup::
[2024-07-25T16:09:19.553+0000] {subprocess.py:63} INFO - Tmp dir root location: /tmp
[2024-07-25T16:09:19.554+0000] {subprocess.py:75} INFO - Running command: ['/usr/bin/bash', '-c', 'echo This is a simple bash command']
[2024-07-25T16:09:19.559+0000] {subprocess.py:86} INFO - Output:
[2024-07-25T16:09:19.564+0000] {subprocess.py:93} INFO - This is a simple bash command
[2024-07-25T16:09:19.564+0000] {subprocess.py:97} INFO - Command exited with return code 0
[2024-07-25T16:09:19.565+0000] {taskinstance.py:441} INFO - ::group::Post task execution logs
[2024-07-25T16:09:19.578+0000] {taskinstance.py:1206} INFO - Marking task as SUCCESS. dag_id=catchup_backfill_dag.py, task_id=task1, run_id=scheduled__2024-07-21T00:00:00+00:00, execution_date=20240721T000000, start_date=20240725T160919, end_date=20240725T160919
[2024-07-25T16:09:19.619+0000] {local_task_job_runner.py:243} INFO - Task exited with return code 0
[2024-07-25T16:09:19.627+0000] {taskinstance.py:3503} INFO - 0 downstream tasks scheduled from follow-on schedule check
[2024-07-25T16:09:19.628+0000] {local_task_job_runner.py:222} INFO - ::endgroup::
