[2024-07-24T10:46:47.958+0000] {local_task_job_runner.py:120} INFO - ::group::Pre task execution logs
[2024-07-24T10:46:47.972+0000] {taskinstance.py:2076} INFO - Dependencies all met for dep_context=non-requeueable deps ti=<TaskInstance: first_dag.first_task manual__2024-07-24T10:46:46.845763+00:00 [queued]>
[2024-07-24T10:46:47.975+0000] {taskinstance.py:2076} INFO - Dependencies all met for dep_context=requeueable deps ti=<TaskInstance: first_dag.first_task manual__2024-07-24T10:46:46.845763+00:00 [queued]>
[2024-07-24T10:46:47.975+0000] {taskinstance.py:2306} INFO - Starting attempt 1 of 6
[2024-07-24T10:46:47.979+0000] {taskinstance.py:2330} INFO - Executing <Task(BashOperator): first_task> on 2024-07-24 10:46:46.845763+00:00
[2024-07-24T10:46:47.989+0000] {warnings.py:112} WARNING - /home/***/.local/lib/python3.12/site-packages/***/task/task_runner/standard_task_runner.py:62: DeprecationWarning: This process (pid=175) is multi-threaded, use of fork() may lead to deadlocks in the child.
  pid = os.fork()

[2024-07-24T10:46:47.989+0000] {standard_task_runner.py:90} INFO - Running: ['***', 'tasks', 'run', 'first_dag', 'first_task', 'manual__2024-07-24T10:46:46.845763+00:00', '--job-id', '3', '--raw', '--subdir', 'DAGS_FOLDER/first_dag.py', '--cfg-path', '/tmp/tmpty5w7w99']
[2024-07-24T10:46:47.990+0000] {standard_task_runner.py:64} INFO - Started process 176 to run task
[2024-07-24T10:46:47.990+0000] {standard_task_runner.py:91} INFO - Job 3: Subtask first_task
[2024-07-24T10:46:48.014+0000] {task_command.py:426} INFO - Running <TaskInstance: first_dag.first_task manual__2024-07-24T10:46:46.845763+00:00 [running]> on host 312fcc3259a2
[2024-07-24T10:46:48.046+0000] {taskinstance.py:2648} INFO - Exporting env vars: AIRFLOW_CTX_DAG_OWNER='Pattakit' AIRFLOW_CTX_DAG_ID='first_dag' AIRFLOW_CTX_TASK_ID='first_task' AIRFLOW_CTX_EXECUTION_DATE='2024-07-24T10:46:46.845763+00:00' AIRFLOW_CTX_TRY_NUMBER='1' AIRFLOW_CTX_DAG_RUN_ID='manual__2024-07-24T10:46:46.845763+00:00'
[2024-07-24T10:46:48.047+0000] {taskinstance.py:430} INFO - ::endgroup::
[2024-07-24T10:46:48.066+0000] {subprocess.py:63} INFO - Tmp dir root location: /tmp
[2024-07-24T10:46:48.066+0000] {subprocess.py:75} INFO - Running command: ['/usr/bin/bash', '-c', 'echo hello world']
[2024-07-24T10:46:48.070+0000] {subprocess.py:86} INFO - Output:
[2024-07-24T10:46:48.073+0000] {subprocess.py:93} INFO - hello world
[2024-07-24T10:46:48.074+0000] {subprocess.py:97} INFO - Command exited with return code 0
[2024-07-24T10:46:48.074+0000] {taskinstance.py:441} INFO - ::group::Post task execution logs
[2024-07-24T10:46:48.091+0000] {taskinstance.py:1206} INFO - Marking task as SUCCESS. dag_id=first_dag, task_id=first_task, run_id=manual__2024-07-24T10:46:46.845763+00:00, execution_date=20240724T104646, start_date=20240724T104647, end_date=20240724T104648
[2024-07-24T10:46:48.136+0000] {local_task_job_runner.py:243} INFO - Task exited with return code 0
[2024-07-24T10:46:48.143+0000] {taskinstance.py:3503} INFO - 0 downstream tasks scheduled from follow-on schedule check
[2024-07-24T10:46:48.144+0000] {local_task_job_runner.py:222} INFO - ::endgroup::
