[2024-07-25T17:10:22.220+0000] {local_task_job_runner.py:120} INFO - ::group::Pre task execution logs
[2024-07-25T17:10:22.230+0000] {taskinstance.py:2076} INFO - Dependencies all met for dep_context=non-requeueable deps ti=<TaskInstance: postgres_dag.delete_dag_run manual__2024-07-25T17:10:02.840749+00:00 [queued]>
[2024-07-25T17:10:22.232+0000] {taskinstance.py:2076} INFO - Dependencies all met for dep_context=requeueable deps ti=<TaskInstance: postgres_dag.delete_dag_run manual__2024-07-25T17:10:02.840749+00:00 [queued]>
[2024-07-25T17:10:22.232+0000] {taskinstance.py:2306} INFO - Starting attempt 1 of 6
[2024-07-25T17:10:22.237+0000] {taskinstance.py:2330} INFO - Executing <Task(PostgresOperator): delete_dag_run> on 2024-07-25 17:10:02.840749+00:00
[2024-07-25T17:10:22.240+0000] {warnings.py:112} WARNING - /home/***/.local/lib/python3.12/site-packages/***/task/task_runner/standard_task_runner.py:62: DeprecationWarning: This process (pid=295) is multi-threaded, use of fork() may lead to deadlocks in the child.
  pid = os.fork()

[2024-07-25T17:10:22.240+0000] {standard_task_runner.py:64} INFO - Started process 296 to run task
[2024-07-25T17:10:22.240+0000] {standard_task_runner.py:90} INFO - Running: ['***', 'tasks', 'run', 'postgres_dag', 'delete_dag_run', 'manual__2024-07-25T17:10:02.840749+00:00', '--job-id', '8', '--raw', '--subdir', 'DAGS_FOLDER/postgres_dag.py', '--cfg-path', '/tmp/tmpt0vz_pft']
[2024-07-25T17:10:22.241+0000] {standard_task_runner.py:91} INFO - Job 8: Subtask delete_dag_run
[2024-07-25T17:10:22.257+0000] {task_command.py:426} INFO - Running <TaskInstance: postgres_dag.delete_dag_run manual__2024-07-25T17:10:02.840749+00:00 [running]> on host 199ee4d55a47
[2024-07-25T17:10:22.285+0000] {taskinstance.py:2648} INFO - Exporting env vars: AIRFLOW_CTX_DAG_OWNER='Pattakit' AIRFLOW_CTX_DAG_ID='postgres_dag' AIRFLOW_CTX_TASK_ID='delete_dag_run' AIRFLOW_CTX_EXECUTION_DATE='2024-07-25T17:10:02.840749+00:00' AIRFLOW_CTX_TRY_NUMBER='1' AIRFLOW_CTX_DAG_RUN_ID='manual__2024-07-25T17:10:02.840749+00:00'
[2024-07-25T17:10:22.286+0000] {taskinstance.py:430} INFO - ::endgroup::
[2024-07-25T17:10:22.291+0000] {sql.py:282} INFO - Executing: 
            delete from dag_runs where ds = '2024-07-25' and dag_id = 'postgres_dag';
        
[2024-07-25T17:10:22.294+0000] {base.py:84} INFO - Using connection ID 'postgres_localhost' for task execution.
[2024-07-25T17:10:22.300+0000] {base.py:84} INFO - Using connection ID 'postgres_localhost' for task execution.
[2024-07-25T17:10:22.310+0000] {sql.py:495} INFO - Running statement: 
            delete from dag_runs where ds = '2024-07-25' and dag_id = 'postgres_dag';
        , parameters: None
[2024-07-25T17:10:22.312+0000] {sql.py:504} INFO - Rows affected: 1
[2024-07-25T17:10:22.313+0000] {taskinstance.py:441} INFO - ::group::Post task execution logs
[2024-07-25T17:10:22.316+0000] {taskinstance.py:1206} INFO - Marking task as SUCCESS. dag_id=postgres_dag, task_id=delete_dag_run, run_id=manual__2024-07-25T17:10:02.840749+00:00, execution_date=20240725T171002, start_date=20240725T171022, end_date=20240725T171022
[2024-07-25T17:10:22.337+0000] {local_task_job_runner.py:243} INFO - Task exited with return code 0
[2024-07-25T17:10:22.341+0000] {warnings.py:112} WARNING - /home/***/.local/lib/python3.12/site-packages/***/models/baseoperator.py:1297: AirflowProviderDeprecationWarning: Call to deprecated class PostgresOperator. (Please use `***.providers.common.sql.operators.sql.SQLExecuteQueryOperator`.Also, you can provide `hook_params={'schema': <database>}`.)
  result = cls.__new__(cls)

[2024-07-25T17:10:22.346+0000] {taskinstance.py:3503} INFO - 0 downstream tasks scheduled from follow-on schedule check
[2024-07-25T17:10:22.346+0000] {local_task_job_runner.py:222} INFO - ::endgroup::
