[2024-07-25T17:10:27.837+0000] {local_task_job_runner.py:120} INFO - ::group::Pre task execution logs
[2024-07-25T17:10:27.847+0000] {taskinstance.py:2076} INFO - Dependencies all met for dep_context=non-requeueable deps ti=<TaskInstance: postgres_dag.delete_dag_run manual__2024-07-25T17:10:26.295811+00:00 [queued]>
[2024-07-25T17:10:27.850+0000] {taskinstance.py:2076} INFO - Dependencies all met for dep_context=requeueable deps ti=<TaskInstance: postgres_dag.delete_dag_run manual__2024-07-25T17:10:26.295811+00:00 [queued]>
[2024-07-25T17:10:27.851+0000] {taskinstance.py:2306} INFO - Starting attempt 1 of 6
[2024-07-25T17:10:27.856+0000] {taskinstance.py:2330} INFO - Executing <Task(PostgresOperator): delete_dag_run> on 2024-07-25 17:10:26.295811+00:00
[2024-07-25T17:10:27.860+0000] {warnings.py:112} WARNING - /home/***/.local/lib/python3.12/site-packages/***/task/task_runner/standard_task_runner.py:62: DeprecationWarning: This process (pid=299) is multi-threaded, use of fork() may lead to deadlocks in the child.
  pid = os.fork()

[2024-07-25T17:10:27.861+0000] {standard_task_runner.py:64} INFO - Started process 300 to run task
[2024-07-25T17:10:27.861+0000] {standard_task_runner.py:90} INFO - Running: ['***', 'tasks', 'run', 'postgres_dag', 'delete_dag_run', 'manual__2024-07-25T17:10:26.295811+00:00', '--job-id', '10', '--raw', '--subdir', 'DAGS_FOLDER/postgres_dag.py', '--cfg-path', '/tmp/tmppp8ae8y4']
[2024-07-25T17:10:27.862+0000] {standard_task_runner.py:91} INFO - Job 10: Subtask delete_dag_run
[2024-07-25T17:10:27.879+0000] {task_command.py:426} INFO - Running <TaskInstance: postgres_dag.delete_dag_run manual__2024-07-25T17:10:26.295811+00:00 [running]> on host 199ee4d55a47
[2024-07-25T17:10:27.917+0000] {taskinstance.py:2648} INFO - Exporting env vars: AIRFLOW_CTX_DAG_OWNER='Pattakit' AIRFLOW_CTX_DAG_ID='postgres_dag' AIRFLOW_CTX_TASK_ID='delete_dag_run' AIRFLOW_CTX_EXECUTION_DATE='2024-07-25T17:10:26.295811+00:00' AIRFLOW_CTX_TRY_NUMBER='1' AIRFLOW_CTX_DAG_RUN_ID='manual__2024-07-25T17:10:26.295811+00:00'
[2024-07-25T17:10:27.918+0000] {taskinstance.py:430} INFO - ::endgroup::
[2024-07-25T17:10:27.924+0000] {sql.py:282} INFO - Executing: 
            delete from dag_runs where ds = '2024-07-25' and dag_id = 'postgres_dag';
        
[2024-07-25T17:10:27.931+0000] {base.py:84} INFO - Using connection ID 'postgres_localhost' for task execution.
[2024-07-25T17:10:27.940+0000] {base.py:84} INFO - Using connection ID 'postgres_localhost' for task execution.
[2024-07-25T17:10:27.958+0000] {sql.py:495} INFO - Running statement: 
            delete from dag_runs where ds = '2024-07-25' and dag_id = 'postgres_dag';
        , parameters: None
[2024-07-25T17:10:27.971+0000] {sql.py:504} INFO - Rows affected: 0
[2024-07-25T17:10:27.976+0000] {taskinstance.py:441} INFO - ::group::Post task execution logs
[2024-07-25T17:10:27.985+0000] {taskinstance.py:1206} INFO - Marking task as SUCCESS. dag_id=postgres_dag, task_id=delete_dag_run, run_id=manual__2024-07-25T17:10:26.295811+00:00, execution_date=20240725T171026, start_date=20240725T171027, end_date=20240725T171027
[2024-07-25T17:10:28.006+0000] {local_task_job_runner.py:243} INFO - Task exited with return code 0
[2024-07-25T17:10:28.014+0000] {warnings.py:112} WARNING - /home/***/.local/lib/python3.12/site-packages/***/models/baseoperator.py:1297: AirflowProviderDeprecationWarning: Call to deprecated class PostgresOperator. (Please use `***.providers.common.sql.operators.sql.SQLExecuteQueryOperator`.Also, you can provide `hook_params={'schema': <database>}`.)
  result = cls.__new__(cls)

[2024-07-25T17:10:28.018+0000] {taskinstance.py:3503} INFO - 1 downstream tasks scheduled from follow-on schedule check
[2024-07-25T17:10:28.019+0000] {local_task_job_runner.py:222} INFO - ::endgroup::
